[576] <colors> <D:\projects\pytypes2\new100\compose\compose\cli\colors.py#1:0-0>
[857] <__future__> <D:\software\python\Lib\__future__.py#1:0-0>
[579] <all_feature_names> <D:\software\python\Lib\__future__.py#50:1747-1764>
[592] <__all__> <D:\software\python\Lib\__future__.py#63:1994-2001>
[598] <CO_NESTED> <D:\software\python\Lib\__future__.py#69:2296-2305>
[601] <CO_GENERATOR_ALLOWED> <D:\software\python\Lib\__future__.py#70:2353-2373>
[604] <CO_FUTURE_DIVISION> <D:\software\python\Lib\__future__.py#71:2430-2448>
[607] <CO_FUTURE_ABSOLUTE_IMPORT> <D:\software\python\Lib\__future__.py#72:2482-2507>
[610] <CO_FUTURE_WITH_STATEMENT> <D:\software\python\Lib\__future__.py#73:2561-2585>
[613] <CO_FUTURE_PRINT_FUNCTION> <D:\software\python\Lib\__future__.py#74:2619-2643>
[616] <CO_FUTURE_UNICODE_LITERALS> <D:\software\python\Lib\__future__.py#75:2677-2703>
[619] <CO_FUTURE_BARRY_AS_BDFL> <D:\software\python\Lib\__future__.py#76:2744-2767>
[622] <CO_FUTURE_GENERATOR_STOP> <D:\software\python\Lib\__future__.py#77:2780-2804>
[625] <CO_FUTURE_ANNOTATIONS> <D:\software\python\Lib\__future__.py#78:2872-2893>
[628] <_Feature> <D:\software\python\Lib\__future__.py#81:2963-2971>
[629] <__init__> <D:\software\python\Lib\__future__.py#83:2984-2992>
[651] <getOptionalRelease> <D:\software\python\Lib\__future__.py#88:3189-3207>
[661] <getMandatoryRelease> <D:\software\python\Lib\__future__.py#95:3408-3427>
[671] <__repr__> <D:\software\python\Lib\__future__.py#103:3717-3725>
[630] <self> <D:\software\python\Lib\__future__.py#83:2993-2996>
[631] <optionalRelease> <D:\software\python\Lib\__future__.py#83:2999-3002>
[632] <mandatoryRelease> <D:\software\python\Lib\__future__.py#83:3016-3019>
[633] <compiler_flag> <D:\software\python\Lib\__future__.py#83:3034-3037>
[635] <optional> <D:\software\python\Lib\__future__.py#84:3064-3072>
[640] <mandatory> <D:\software\python\Lib\__future__.py#85:3105-3114>
[645] <compiler_flag> <D:\software\python\Lib\__future__.py#86:3148-3161>
[692] <nested_scopes> <D:\software\python\Lib\__future__.py#109:3895-3908>
[709] <generators> <D:\software\python\Lib\__future__.py#113:4032-4042>
[726] <division> <D:\software\python\Lib\__future__.py#117:4171-4179>
[743] <absolute_import> <D:\software\python\Lib\__future__.py#121:4302-4317>
[760] <with_statement> <D:\software\python\Lib\__future__.py#125:4461-4475>
[777] <print_function> <D:\software\python\Lib\__future__.py#129:4616-4630>
[794] <unicode_literals> <D:\software\python\Lib\__future__.py#133:4771-4787>
[811] <barry_as_FLUFL> <D:\software\python\Lib\__future__.py#137:4934-4948>
[828] <generator_stop> <D:\software\python\Lib\__future__.py#141:5088-5102>
[845] <annotations> <D:\software\python\Lib\__future__.py#145:5242-5253>
[445] <__future__> <D:\projects\pytypes2\new100\compose\compose\cli\colors.py#1:5-15>
[449] <NAMES> <D:\projects\pytypes2\new100\compose\compose\cli\colors.py#2:41-46>
[460] <get_pairs> <D:\projects\pytypes2\new100\compose\compose\cli\colors.py#14:172-181>
[493] <ansi> <D:\projects\pytypes2\new100\compose\compose\cli\colors.py#20:320-324>
[503] <ansi_color> <D:\projects\pytypes2\new100\compose\compose\cli\colors.py#24:378-388>
[520] <make_color_fn> <D:\projects\pytypes2\new100\compose\compose\cli\colors.py#28:463-476>
[461] <i> <D:\projects\pytypes2\new100\compose\compose\cli\colors.py#15:194-195>
[462] <name> <D:\projects\pytypes2\new100\compose\compose\cli\colors.py#15:197-201>
[532] <name> <D:\projects\pytypes2\new100\compose\compose\cli\colors.py#32:536-540>
[533] <code> <D:\projects\pytypes2\new100\compose\compose\cli\colors.py#32:542-546>
[521] <code> <D:\projects\pytypes2\new100\compose\compose\cli\colors.py#28:477-480>
[547] <rainbow> <D:\projects\pytypes2\new100\compose\compose\cli\colors.py#36:616-623>
[1374] <docker_client> <D:\projects\pytypes2\new100\compose\compose\cli\docker_client.py#1:0-0>
[1314] <log> <D:\projects\pytypes2\new100\compose\compose\cli\docker_client.py#9:136-139>
[1321] <DEFAULT_API_VERSION> <D:\projects\pytypes2\new100\compose\compose\cli\docker_client.py#12:175-194>
[1324] <docker_client> <D:\projects\pytypes2\new100\compose\compose\cli\docker_client.py#15:213-226>
[2060] <errors> <D:\projects\pytypes2\new100\compose\compose\cli\errors.py#1:0-0>
[1933] <__future__> <D:\projects\pytypes2\new100\compose\compose\cli\errors.py#1:5-15>
[1941] <UserError> <D:\projects\pytypes2\new100\compose\compose\cli\errors.py#6:81-90>
[1943] <__init__> <D:\projects\pytypes2\new100\compose\compose\cli\errors.py#7:112-120>
[1958] <__unicode__> <D:\projects\pytypes2\new100\compose\compose\cli\errors.py#10:184-195>
[1966] <__str__> <D:\projects\pytypes2\new100\compose\compose\cli\errors.py#13:235-242>
[1971] <DockerNotFoundMac> <D:\projects\pytypes2\new100\compose\compose\cli\errors.py#16:268-285>
[1973] <__init__> <D:\projects\pytypes2\new100\compose\compose\cli\errors.py#17:307-315>
[1988] <DockerNotFoundUbuntu> <D:\projects\pytypes2\new100\compose\compose\cli\errors.py#25:531-551>
[1990] <__init__> <D:\projects\pytypes2\new100\compose\compose\cli\errors.py#26:573-581>
[2005] <DockerNotFoundGeneric> <D:\projects\pytypes2\new100\compose\compose\cli\errors.py#34:817-838>
[2007] <__init__> <D:\projects\pytypes2\new100\compose\compose\cli\errors.py#35:860-868>
[2022] <ConnectionErrorDockerMachine> <D:\projects\pytypes2\new100\compose\compose\cli\errors.py#43:1093-1121>
[2024] <__init__> <D:\projects\pytypes2\new100\compose\compose\cli\errors.py#44:1143-1151>
[2039] <ConnectionErrorGeneric> <D:\projects\pytypes2\new100\compose\compose\cli\errors.py#50:1347-1369>
[2041] <__init__> <D:\projects\pytypes2\new100\compose\compose\cli\errors.py#51:1391-1399>
[2653] <formatter> <D:\projects\pytypes2\new100\compose\compose\cli\formatter.py#1:0-0>
[2542] <__future__> <D:\projects\pytypes2\new100\compose\compose\cli\formatter.py#1:5-15>
[2546] <__future__> <D:\projects\pytypes2\new100\compose\compose\cli\formatter.py#2:45-55>
[2556] <get_tty_width> <D:\projects\pytypes2\new100\compose\compose\cli\formatter.py#9:122-135>
[2591] <Formatter> <D:\projects\pytypes2\new100\compose\compose\cli\formatter.py#17:302-311>
[2593] <table> <D:\projects\pytypes2\new100\compose\compose\cli\formatter.py#18:330-335>
[2966] <log_printer> <D:\projects\pytypes2\new100\compose\compose\cli\log_printer.py#1:0-0>
[2660] <__future__> <D:\projects\pytypes2\new100\compose\compose\cli\log_printer.py#1:5-15>
[2664] <__future__> <D:\projects\pytypes2\new100\compose\compose\cli\log_printer.py#2:45-55>
[3238] <multiplexer> <D:\projects\pytypes2\new100\compose\compose\cli\multiplexer.py#1:0-0>
[3053] <__future__> <D:\projects\pytypes2\new100\compose\compose\cli\multiplexer.py#1:5-15>
[3083] <STOP> <D:\projects\pytypes2\new100\compose\compose\cli\multiplexer.py#13:234-238>
[3087] <Multiplexer> <D:\projects\pytypes2\new100\compose\compose\cli\multiplexer.py#16:261-272>
[3091] <__init__> <D:\projects\pytypes2\new100\compose\compose\cli\multiplexer.py#22:442-450>
[3114] <loop> <D:\projects\pytypes2\new100\compose\compose\cli\multiplexer.py#27:590-594>
[3169] <_init_readers> <D:\projects\pytypes2\new100\compose\compose\cli\multiplexer.py#47:1159-1172>
[3203] <_enqueue_output> <D:\projects\pytypes2\new100\compose\compose\cli\multiplexer.py#54:1359-1374>
[2678] <multiplexer> <D:\projects\pytypes2\new100\compose\compose\cli\log_printer.py#8:154-165>
[3721] <compose> <D:\projects\pytypes2\new100\compose\compose\__init__.py#1:0-0>
[3713] <__future__> <D:\projects\pytypes2\new100\compose\compose\__init__.py#1:5-15>
[3717] <__version__> <D:\projects\pytypes2\new100\compose\compose\__init__.py#3:43-54>
[2682] <compose> <D:\projects\pytypes2\new100\compose\compose\cli\log_printer.py#9:191-198>
[4346] <utils> <D:\projects\pytypes2\new100\compose\compose\utils.py#1:0-0>
[3765] <log> <D:\projects\pytypes2\new100\compose\compose\utils.py#15:247-250>
[3772] <json_decoder> <D:\projects\pytypes2\new100\compose\compose\utils.py#17:284-296>
[3778] <parallel_execute> <D:\projects\pytypes2\new100\compose\compose\utils.py#20:327-343>
[3999] <get_output_stream> <D:\projects\pytypes2\new100\compose\compose\utils.py#83:2137-2154>
[4018] <stream_as_text> <D:\projects\pytypes2\new100\compose\compose\utils.py#89:2259-2273>
[4047] <line_splitter> <D:\projects\pytypes2\new100\compose\compose\utils.py#102:2650-2663>
[4086] <split_buffer> <D:\projects\pytypes2\new100\compose\compose\utils.py#109:2849-2861>
[4149] <json_splitter> <D:\projects\pytypes2\new100\compose\compose\utils.py#134:3585-3598>
[4192] <json_stream> <D:\projects\pytypes2\new100\compose\compose\utils.py#146:3996-4007>
[4208] <write_out_msg> <D:\projects\pytypes2\new100\compose\compose\utils.py#154:4311-4324>
[4307] <json_hash> <D:\projects\pytypes2\new100\compose\compose\utils.py#178:5070-5079>
[2683] <utils> <D:\projects\pytypes2\new100\compose\compose\cli\log_printer.py#9:206-211>
[2686] <compose> <D:\projects\pytypes2\new100\compose\compose\cli\log_printer.py#10:218-225>
[2687] <utils> <D:\projects\pytypes2\new100\compose\compose\cli\log_printer.py#10:226-231>
[2691] <LogPrinter> <D:\projects\pytypes2\new100\compose\compose\cli\log_printer.py#13:263-273>
[2695] <__init__> <D:\projects\pytypes2\new100\compose\compose\cli\log_printer.py#16:364-372>
[2725] <run> <D:\projects\pytypes2\new100\compose\compose\cli\log_printer.py#21:571-574>
[2772] <_make_log_generators> <D:\projects\pytypes2\new100\compose\compose\cli\log_printer.py#30:879-899>
[2835] <build_log_prefix> <D:\projects\pytypes2\new100\compose\compose\cli\log_printer.py#45:1408-1424>
[2850] <max_name_width> <D:\projects\pytypes2\new100\compose\compose\cli\log_printer.py#49:1531-1545>
[2868] <get_log_generator> <D:\projects\pytypes2\new100\compose\compose\cli\log_printer.py#59:1815-1832>
[2881] <build_no_log_generator> <D:\projects\pytypes2\new100\compose\compose\cli\log_printer.py#65:1957-1979>
[2906] <build_log_generator> <D:\projects\pytypes2\new100\compose\compose\cli\log_printer.py#75:2305-2324>
[2947] <wait_on_exit> <D:\projects\pytypes2\new100\compose\compose\cli\log_printer.py#85:2663-2675>
[6342] <main> <D:\projects\pytypes2\new100\compose\compose\cli\main.py#1:0-0>
[4658] <__future__> <D:\projects\pytypes2\new100\compose\compose\cli\main.py#1:5-15>
[4662] <__future__> <D:\projects\pytypes2\new100\compose\compose\cli\main.py#2:44-54>
[4758] <errors> <D:\projects\pytypes2\new100\compose\compose\cli\main.py#30:909-915>
[4762] <formatter> <D:\projects\pytypes2\new100\compose\compose\cli\main.py#31:940-949>
[4766] <log_printer> <D:\projects\pytypes2\new100\compose\compose\cli\main.py#32:974-985>
[7890] <utils> <D:\projects\pytypes2\new100\compose\compose\cli\utils.py#1:0-0>
[7686] <__future__> <D:\projects\pytypes2\new100\compose\compose\cli\utils.py#1:5-15>
[7690] <__future__> <D:\projects\pytypes2\new100\compose\compose\cli\utils.py#2:45-55>
[7694] <__future__> <D:\projects\pytypes2\new100\compose\compose\cli\utils.py#3:78-88>
[7723] <yesno> <D:\projects\pytypes2\new100\compose\compose\cli\utils.py#16:293-298>
[7774] <call_silently> <D:\projects\pytypes2\new100\compose\compose\cli\utils.py#38:844-857>
[7810] <is_mac> <D:\projects\pytypes2\new100\compose\compose\cli\utils.py#51:1322-1328>
[7820] <is_ubuntu> <D:\projects\pytypes2\new100\compose\compose\cli\utils.py#55:1383-1392>
[7839] <get_version_info> <D:\projects\pytypes2\new100\compose\compose\cli\utils.py#59:1495-1511>
[4770] <utils> <D:\projects\pytypes2\new100\compose\compose\cli\main.py#33:1011-1016>
[4774] <utils> <D:\projects\pytypes2\new100\compose\compose\cli\main.py#34:1048-1053>
[4785] <log> <D:\projects\pytypes2\new100\compose\compose\cli\main.py#40:1125-1128>
[4792] <console_handler> <D:\projects\pytypes2\new100\compose\compose\cli\main.py#41:1160-1175>
[4801] <INSECURE_SSL_WARNING> <D:\projects\pytypes2\new100\compose\compose\cli\main.py#43:1215-1235>
[4804] <main> <D:\projects\pytypes2\new100\compose\compose\cli\main.py#49:1372-1376>
[4975] <setup_logging> <D:\projects\pytypes2\new100\compose\compose\cli\main.py#85:2738-2751>
[5007] <setup_console_handler> <D:\projects\pytypes2\new100\compose\compose\cli\main.py#94:2976-2997>
[5050] <parse_doc_section> <D:\projects\pytypes2\new100\compose\compose\cli\main.py#104:3325-3342>
[5086] <TopLevelCommand> <D:\projects\pytypes2\new100\compose\compose\cli\main.py#110:3563-3578>
[5090] <base_dir> <D:\projects\pytypes2\new100\compose\compose\cli\main.py#148:5335-5343>
[5093] <docopt_options> <D:\projects\pytypes2\new100\compose\compose\cli\main.py#150:5361-5375>
[5115] <perform_command> <D:\projects\pytypes2\new100\compose\compose\cli\main.py#155:5541-5556>
[5162] <build> <D:\projects\pytypes2\new100\compose\compose\cli\main.py#167:5990-5995>
[5203] <help> <D:\projects\pytypes2\new100\compose\compose\cli\main.py#185:6746-6750>
[5221] <kill> <D:\projects\pytypes2\new100\compose\compose\cli\main.py#194:6975-6979>
[5248] <logs> <D:\projects\pytypes2\new100\compose\compose\cli\main.py#208:7390-7394>
[5289] <pause> <D:\projects\pytypes2\new100\compose\compose\cli\main.py#223:7869-7874>
[5306] <port> <D:\projects\pytypes2\new100\compose\compose\cli\main.py#231:8056-8060>
[5365] <ps> <D:\projects\pytypes2\new100\compose\compose\cli\main.py#252:8841-8843>
[5478] <pull> <D:\projects\pytypes2\new100\compose\compose\cli\main.py#289:10026-10030>
[5512] <rm> <D:\projects\pytypes2\new100\compose\compose\cli\main.py#307:10593-10595>
[5591] <run> <D:\projects\pytypes2\new100\compose\compose\cli\main.py#331:11512-11515>
[5912] <scale> <D:\projects\pytypes2\new100\compose\compose\cli\main.py#453:15959-15964>
[5975] <start> <D:\projects\pytypes2\new100\compose\compose\cli\main.py#481:17009-17014>
[5992] <stop> <D:\projects\pytypes2\new100\compose\compose\cli\main.py#489:17207-17211>
[6022] <restart> <D:\projects\pytypes2\new100\compose\compose\cli\main.py#504:17732-17739>
[6052] <unpause> <D:\projects\pytypes2\new100\compose\compose\cli\main.py#517:18181-18188>
[6069] <up> <D:\projects\pytypes2\new100\compose\compose\cli\main.py#525:18376-18378>
[6156] <migrate_to_labels> <D:\projects\pytypes2\new100\compose\compose\cli\main.py#581:21140-21157>
[6170] <version> <D:\projects\pytypes2\new100\compose\compose\cli\main.py#607:22247-22254>
[6196] <convergence_strategy_from_opts> <D:\projects\pytypes2\new100\compose\compose\cli\main.py#622:22592-22622>
[6234] <build_log_printer> <D:\projects\pytypes2\new100\compose\compose\cli\main.py#637:23035-23052>
[6261] <attach_to_logs> <D:\projects\pytypes2\new100\compose\compose\cli\main.py#643:23259-23273>
[6325] <list_containers> <D:\projects\pytypes2\new100\compose\compose\cli\main.py#657:23754-23769>
[9793] <verbose_proxy> <D:\projects\pytypes2\new100\compose\compose\cli\verbose_proxy.py#1:0-0>
[9556] <format_call> <D:\projects\pytypes2\new100\compose\compose\cli\verbose_proxy.py#9:100-111>
[9599] <format_return> <D:\projects\pytypes2\new100\compose\compose\cli\verbose_proxy.py#15:309-322>
[9663] <VerboseProxy> <D:\projects\pytypes2\new100\compose\compose\cli\verbose_proxy.py#27:687-699>
[9667] <__init__> <D:\projects\pytypes2\new100\compose\compose\cli\verbose_proxy.py#32:848-856>
[9702] <__getattr__> <D:\projects\pytypes2\new100\compose\compose\cli\verbose_proxy.py#38:1073-1084>
[9734] <proxy_callable> <D:\projects\pytypes2\new100\compose\compose\cli\verbose_proxy.py#46:1275-1289>
[11063] <cli> <D:\projects\pytypes2\new100\compose\compose\cli\__init__.py#-1:0-0>
[11725] <errors> <D:\projects\pytypes2\new100\compose\compose\config\errors.py#1:0-0>
[11634] <ConfigurationError> <D:\projects\pytypes2\new100\compose\compose\config\errors.py#1:6-24>
[11636] <__init__> <D:\projects\pytypes2\new100\compose\compose\config\errors.py#2:46-54>
[11646] <__str__> <D:\projects\pytypes2\new100\compose\compose\config\errors.py#5:102-109>
[11656] <CircularReference> <D:\projects\pytypes2\new100\compose\compose\config\errors.py#9:153-170>
[11658] <__init__> <D:\projects\pytypes2\new100\compose\compose\config\errors.py#10:201-209>
[11668] <msg> <D:\projects\pytypes2\new100\compose\compose\config\errors.py#14:278-281>
[11700] <ComposeFileNotFound> <D:\projects\pytypes2\new100\compose\compose\config\errors.py#22:520-539>
[11702] <__init__> <D:\projects\pytypes2\new100\compose\compose\config\errors.py#23:570-578>
[12013] <interpolation> <D:\projects\pytypes2\new100\compose\compose\config\interpolation.py#1:0-0>
[11754] <errors> <D:\projects\pytypes2\new100\compose\compose\config\interpolation.py#7:78-84>
[11758] <log> <D:\projects\pytypes2\new100\compose\compose\config\interpolation.py#8:112-115>
[11765] <interpolate_environment_variables> <D:\projects\pytypes2\new100\compose\compose\config\interpolation.py#11:155-188>
[11795] <process_service> <D:\projects\pytypes2\new100\compose\compose\config\interpolation.py#20:416-431>
[11829] <interpolate_value> <D:\projects\pytypes2\new100\compose\compose\config\interpolation.py#34:924-941>
[11846] <recursive_interpolate> <D:\projects\pytypes2\new100\compose\compose\config\interpolation.py#49:1424-1445>
[11908] <interpolate> <D:\projects\pytypes2\new100\compose\compose\config\interpolation.py#63:1853-1864>
[11926] <BlankDefaultDict> <D:\projects\pytypes2\new100\compose\compose\config\interpolation.py#70:2025-2041>
[11928] <__init__> <D:\projects\pytypes2\new100\compose\compose\config\interpolation.py#71:2058-2066>
[11951] <__getitem__> <D:\projects\pytypes2\new100\compose\compose\config\interpolation.py#75:2199-2210>
[11998] <InvalidInterpolation> <D:\projects\pytypes2\new100\compose\compose\config\interpolation.py#89:2619-2639>
[12000] <__init__> <D:\projects\pytypes2\new100\compose\compose\config\interpolation.py#90:2661-2669>
[12504] <config> <D:\projects\pytypes2\new100\compose\compose\config\__init__.py#1:0-0>
[12559] <const> <D:\projects\pytypes2\new100\compose\compose\const.py#1:0-0>
[12511] <DEFAULT_TIMEOUT> <D:\projects\pytypes2\new100\compose\compose\const.py#4:25-40>
[12514] <HTTP_TIMEOUT> <D:\projects\pytypes2\new100\compose\compose\const.py#5:47-59>
[12533] <IS_WINDOWS_PLATFORM> <D:\projects\pytypes2\new100\compose\compose\const.py#6:152-171>
[12540] <LABEL_CONTAINER_NUMBER> <D:\projects\pytypes2\new100\compose\compose\const.py#7:201-223>
[12543] <LABEL_ONE_OFF> <D:\projects\pytypes2\new100\compose\compose\const.py#8:265-278>
[12546] <LABEL_PROJECT> <D:\projects\pytypes2\new100\compose\compose\const.py#9:310-323>
[12549] <LABEL_SERVICE> <D:\projects\pytypes2\new100\compose\compose\const.py#10:356-369>
[12552] <LABEL_VERSION> <D:\projects\pytypes2\new100\compose\compose\const.py#11:402-415>
[12555] <LABEL_CONFIG_HASH> <D:\projects\pytypes2\new100\compose\compose\const.py#12:448-465>
[13401] <progress_stream> <D:\projects\pytypes2\new100\compose\compose\progress_stream.py#1:0-0>
[13050] <compose> <D:\projects\pytypes2\new100\compose\compose\progress_stream.py#1:5-12>
[13054] <StreamOutputError> <D:\projects\pytypes2\new100\compose\compose\progress_stream.py#4:37-54>
[13059] <stream_output> <D:\projects\pytypes2\new100\compose\compose\progress_stream.py#8:86-99>
[13200] <print_output_event> <D:\projects\pytypes2\new100\compose\compose\progress_stream.py#45:1116-1134>
[16574] <state> <D:\projects\pytypes2\new100\compose\compose\state.py#-1:0-0>
[16966] <versions> <D:\projects\pytypes2\new100\compose\script\versions.py#1:0-0>
[16577] <__future__> <D:\projects\pytypes2\new100\compose\script\versions.py#24:560-570>
[16597] <GITHUB_API> <D:\projects\pytypes2\new100\compose\script\versions.py#34:707-717>
[16600] <Version> <D:\projects\pytypes2\new100\compose\script\versions.py#37:762-769>
[16605] <parse> <D:\projects\pytypes2\new100\compose\script\versions.py#40:848-853>
[16651] <major_minor> <D:\projects\pytypes2\new100\compose\script\versions.py#47:1096-1107>
[16663] <order> <D:\projects\pytypes2\new100\compose\script\versions.py#51:1180-1185>
[16695] <__str__> <D:\projects\pytypes2\new100\compose\script\versions.py#59:1507-1514>
[16729] <group_versions> <D:\projects\pytypes2\new100\compose\script\versions.py#64:1636-1650>
[16756] <get_latest_versions> <D:\projects\pytypes2\new100\compose\script\versions.py#89:2239-2258>
[16781] <get_default> <D:\projects\pytypes2\new100\compose\script\versions.py#97:2484-2495>
[16799] <get_github_releases> <D:\projects\pytypes2\new100\compose\script\versions.py#104:2670-2689>
[16853] <parse_args> <D:\projects\pytypes2\new100\compose\script\versions.py#117:3140-3150>
[16902] <main> <D:\projects\pytypes2\new100\compose\script\versions.py#126:3550-3554>
[16903] <argv> <D:\projects\pytypes2\new100\compose\script\versions.py#126:3555-3558>
[16854] <argv> <D:\projects\pytypes2\new100\compose\script\versions.py#117:3151-3154>
[16855] <parser> <D:\projects\pytypes2\new100\compose\script\versions.py#118:3163-3169>
[16904] <args> <D:\projects\pytypes2\new100\compose\script\versions.py#127:3572-3576>
[16800] <project> <D:\projects\pytypes2\new100\compose\script\versions.py#104:2690-2693>
[16803] <url> <D:\projects\pytypes2\new100\compose\script\versions.py#110:2868-2871>
[16811] <response> <D:\projects\pytypes2\new100\compose\script\versions.py#111:2920-2928>
[16831] <tag> <D:\projects\pytypes2\new100\compose\script\versions.py#113:3030-3033>
[16606] <cls> <D:\projects\pytypes2\new100\compose\script\versions.py#40:854-857>
[16607] <version> <D:\projects\pytypes2\new100\compose\script\versions.py#40:859-862>
[16608] <version> <D:\projects\pytypes2\new100\compose\script\versions.py#41:878-885>
[16615] <version> <D:\projects\pytypes2\new100\compose\script\versions.py#42:917-924>
[16616] <_> <D:\projects\pytypes2\new100\compose\script\versions.py#42:926-927>
[16617] <rc> <D:\projects\pytypes2\new100\compose\script\versions.py#42:929-931>
[16625] <major> <D:\projects\pytypes2\new100\compose\script\versions.py#43:966-971>
[16626] <minor> <D:\projects\pytypes2\new100\compose\script\versions.py#43:973-978>
[16627] <patch> <D:\projects\pytypes2\new100\compose\script\versions.py#43:980-985>
[16823] <versions> <D:\projects\pytypes2\new100\compose\script\versions.py#113:2987-2995>
[16909] <versions> <D:\projects\pytypes2\new100\compose\script\versions.py#128:3601-3609>
[16757] <versions> <D:\projects\pytypes2\new100\compose\script\versions.py#89:2259-2262>
[16758] <num> <D:\projects\pytypes2\new100\compose\script\versions.py#89:2269-2272>
[16730] <versions> <D:\projects\pytypes2\new100\compose\script\versions.py#64:1651-1654>
[16737] <_> <D:\projects\pytypes2\new100\compose\script\versions.py#84:2135-2136>
[16738] <releases> <D:\projects\pytypes2\new100\compose\script\versions.py#84:2138-2146>
[16762] <versions> <D:\projects\pytypes2\new100\compose\script\versions.py#93:2382-2390>
[16772] <index> <D:\projects\pytypes2\new100\compose\script\versions.py#94:2454-2459>
[16782] <versions> <D:\projects\pytypes2\new100\compose\script\versions.py#97:2496-2499>
[16785] <version> <D:\projects\pytypes2\new100\compose\script\versions.py#99:2584-2591>
[17390] <setup> <D:\projects\pytypes2\new100\compose\setup.py#1:0-0>
[17214] <__future__> <D:\projects\pytypes2\new100\compose\setup.py#3:78-88>
[17218] <__future__> <D:\projects\pytypes2\new100\compose\setup.py#4:118-128>
[17242] <read> <D:\projects\pytypes2\new100\compose\setup.py#16:283-287>
[17279] <find_version> <D:\projects\pytypes2\new100\compose\setup.py#21:449-461>
[17310] <install_requires> <D:\projects\pytypes2\new100\compose\setup.py#31:760-776>
[17322] <tests_require> <D:\projects\pytypes2\new100\compose\setup.py#44:1082-1095>
[17308] <file_paths> <D:\projects\pytypes2\new100\compose\setup.py#22:463-473>
[17277] <parts> <D:\projects\pytypes2\new100\compose\setup.py#16:289-294>
[17243] <path> <D:\projects\pytypes2\new100\compose\setup.py#16:302-306>
[17273] <fobj> <D:\projects\pytypes2\new100\compose\setup.py#18:406-410>
[17280] <version_file> <D:\projects\pytypes2\new100\compose\setup.py#22:481-493>
[17286] <version_match> <D:\projects\pytypes2\new100\compose\setup.py#23:519-532>
[22047] <legacy_test> <D:\projects\pytypes2\new100\compose\tests\integration\legacy_test.py#1:0-0>
[22217] <unittest> <D:\software\python\Lib\unittest\__init__.py#1:0-0>
[22050] <__all__> <D:\software\python\Lib\unittest\__init__.py#47:1795-1802>
[22084] <__unittest> <D:\software\python\Lib\unittest\__init__.py#58:2433-2443>
[22155] <_TextTestResult> <D:\software\python\Lib\unittest\__init__.py#73:3082-3097>
[22158] <load_tests> <D:\software\python\Lib\unittest\__init__.py#79:3309-3319>
[22186] <__dir__> <D:\software\python\Lib\unittest\__init__.py#90:3679-3686>
[22198] <__getattr__> <D:\software\python\Lib\unittest\__init__.py#93:3756-3767>
[21241] <unittest> <D:\projects\pytypes2\new100\compose\tests\integration\legacy_test.py#1:7-15>
[24685] <testcases> <D:\projects\pytypes2\new100\compose\tests\integration\testcases.py#1:0-0>
[24327] <__future__> <D:\projects\pytypes2\new100\compose\tests\integration\testcases.py#1:5-15>
[24331] <__future__> <D:\projects\pytypes2\new100\compose\tests\integration\testcases.py#2:45-55>
[24351] <compose> <D:\projects\pytypes2\new100\compose\tests\integration\testcases.py#9:204-211>
[24352] <cli> <D:\projects\pytypes2\new100\compose\tests\integration\testcases.py#9:212-215>
[24353] <docker_client> <D:\projects\pytypes2\new100\compose\tests\integration\testcases.py#9:216-229>
[24357] <compose> <D:\projects\pytypes2\new100\compose\tests\integration\testcases.py#10:257-264>
[24358] <config> <D:\projects\pytypes2\new100\compose\tests\integration\testcases.py#10:265-271>
[24363] <compose> <D:\projects\pytypes2\new100\compose\tests\integration\testcases.py#11:306-313>
[24364] <const> <D:\projects\pytypes2\new100\compose\tests\integration\testcases.py#11:314-319>
[24368] <compose> <D:\projects\pytypes2\new100\compose\tests\integration\testcases.py#12:347-354>
[24369] <progress_stream> <D:\projects\pytypes2\new100\compose\tests\integration\testcases.py#12:355-370>
[24373] <compose> <D:\projects\pytypes2\new100\compose\tests\integration\testcases.py#13:398-405>
[24378] <pull_busybox> <D:\projects\pytypes2\new100\compose\tests\integration\testcases.py#16:438-450>
[24400] <DockerClientTestCase> <D:\projects\pytypes2\new100\compose\tests\integration\testcases.py#23:611-631>
[24404] <setUpClass> <D:\projects\pytypes2\new100\compose\tests\integration\testcases.py#25:679-689>
[24414] <tearDown> <D:\projects\pytypes2\new100\compose\tests\integration\testcases.py#28:745-753>
[24476] <create_service> <D:\projects\pytypes2\new100\compose\tests\integration\testcases.py#38:1151-1165>
[24612] <check_build> <D:\projects\pytypes2\new100\compose\tests\integration\testcases.py#74:2296-2307>
[24645] <require_engine_version> <D:\projects\pytypes2\new100\compose\tests\integration\testcases.py#79:2502-2524>
[21252] <testcases> <D:\projects\pytypes2\new100\compose\tests\integration\legacy_test.py#6:84-93>
[21256] <compose> <D:\projects\pytypes2\new100\compose\tests\integration\legacy_test.py#7:128-135>
[21260] <compose> <D:\projects\pytypes2\new100\compose\tests\integration\legacy_test.py#8:156-163>
[21265] <UtilitiesTestCase> <D:\projects\pytypes2\new100\compose\tests\integration\legacy_test.py#11:198-215>
[21269] <test_has_container> <D:\projects\pytypes2\new100\compose\tests\integration\legacy_test.py#12:245-263>
[21301] <test_has_container_one_off> <D:\projects\pytypes2\new100\compose\tests\integration\legacy_test.py#20:547-573>
[21333] <test_has_container_different_project> <D:\projects\pytypes2\new100\compose\tests\integration\legacy_test.py#28:855-891>
[21365] <test_has_container_different_service> <D:\projects\pytypes2\new100\compose\tests\integration\legacy_test.py#36:1169-1205>
[21397] <test_is_valid_name> <D:\projects\pytypes2\new100\compose\tests\integration\legacy_test.py#44:1487-1505>
[21425] <test_is_valid_name_one_off> <D:\projects\pytypes2\new100\compose\tests\integration\legacy_test.py#52:1745-1771>
[21453] <test_is_valid_name_invalid> <D:\projects\pytypes2\new100\compose\tests\integration\legacy_test.py#60:2009-2035>
[21479] <test_get_legacy_containers> <D:\projects\pytypes2\new100\compose\tests\integration\legacy_test.py#68:2246-2272>
[21549] <LegacyTestCase> <D:\projects\pytypes2\new100\compose\tests\integration\legacy_test.py#96:3039-3053>
[21551] <setUp> <D:\projects\pytypes2\new100\compose\tests\integration\legacy_test.py#98:3088-3093>
[21706] <tearDown> <D:\projects\pytypes2\new100\compose\tests\integration\legacy_test.py#125:4119-4127>
[21750] <get_legacy_containers> <D:\projects\pytypes2\new100\compose\tests\integration\legacy_test.py#137:4479-4500>
[21779] <test_get_legacy_container_names> <D:\projects\pytypes2\new100\compose\tests\integration\legacy_test.py#145:4712-4743>
[21799] <test_get_legacy_container_names_one_off> <D:\projects\pytypes2\new100\compose\tests\integration\legacy_test.py#148:4843-4882>
[21817] <test_migration_to_labels> <D:\projects\pytypes2\new100\compose\tests\integration\legacy_test.py#151:4977-5001>
[21906] <test_migration_one_off> <D:\projects\pytypes2\new100\compose\tests\integration\legacy_test.py#176:5777-5799>
[26965] <project_test> <D:\projects\pytypes2\new100\compose\tests\integration\project_test.py#1:0-0>
[24701] <__future__> <D:\projects\pytypes2\new100\compose\tests\integration\project_test.py#1:5-15>
[24705] <testcases> <D:\projects\pytypes2\new100\compose\tests\integration\project_test.py#3:49-58>
[24709] <compose> <D:\projects\pytypes2\new100\compose\tests\integration\project_test.py#4:93-100>
[24710] <config> <D:\projects\pytypes2\new100\compose\tests\integration\project_test.py#4:101-107>
[24714] <compose> <D:\projects\pytypes2\new100\compose\tests\integration\project_test.py#5:128-135>
[24715] <const> <D:\projects\pytypes2\new100\compose\tests\integration\project_test.py#5:136-141>
[24719] <compose> <D:\projects\pytypes2\new100\compose\tests\integration\project_test.py#6:169-176>
[24724] <compose> <D:\projects\pytypes2\new100\compose\tests\integration\project_test.py#7:210-217>
[24729] <compose> <D:\projects\pytypes2\new100\compose\tests\integration\project_test.py#8:247-254>
[24734] <compose> <D:\projects\pytypes2\new100\compose\tests\integration\project_test.py#9:296-303>
[24739] <build_service_dicts> <D:\projects\pytypes2\new100\compose\tests\integration\project_test.py#12:343-362>
[24759] <ProjectTest> <D:\projects\pytypes2\new100\compose\tests\integration\project_test.py#19:532-543>
[24761] <test_containers> <D:\projects\pytypes2\new100\compose\tests\integration\project_test.py#21:578-593>
[24810] <test_containers_with_service_names> <D:\projects\pytypes2\new100\compose\tests\integration\project_test.py#31:875-909>
[24866] <test_containers_with_extra_service> <D:\projects\pytypes2\new100\compose\tests\integration\project_test.py#43:1258-1292>
[24934] <test_volumes_from_service> <D:\projects\pytypes2\new100\compose\tests\integration\project_test.py#58:1723-1748>
[24998] <test_volumes_from_container> <D:\projects\pytypes2\new100\compose\tests\integration\project_test.py#78:2391-2418>
[25067] <test_net_from_service> <D:\projects\pytypes2\new100\compose\tests\integration\project_test.py#99:3154-3175>
[25142] <test_net_from_container> <D:\projects\pytypes2\new100\compose\tests\integration\project_test.py#122:3878-3901>
[25219] <test_start_pause_unpause_stop_kill_remove> <D:\projects\pytypes2\new100\compose\tests\integration\project_test.py#148:4680-4721>
[25600] <test_project_up> <D:\projects\pytypes2\new100\compose\tests\integration\project_test.py#196:6756-6771>
[25692] <test_project_up_starts_uncreated_services> <D:\projects\pytypes2\new100\compose\tests\integration\project_test.py#208:7229-7270>
[25786] <test_recreate_preserves_volumes> <D:\projects\pytypes2\new100\compose\tests\integration\project_test.py#220:7724-7755>
[25934] <test_project_up_with_no_recreate_running> <D:\projects\pytypes2\new100\compose\tests\integration\project_test.py#239:8554-8594>
[26088] <test_project_up_with_no_recreate_stopped> <D:\projects\pytypes2\new100\compose\tests\integration\project_test.py#259:9442-9482>
[26263] <test_project_up_without_all_services> <D:\projects\pytypes2\new100\compose\tests\integration\project_test.py#286:10528-10564>
[26350] <test_project_up_starts_links> <D:\projects\pytypes2\new100\compose\tests\integration\project_test.py#298:11011-11039>
[26467] <test_project_up_starts_depends> <D:\projects\pytypes2\new100\compose\tests\integration\project_test.py#313:11635-11665>
[26621] <test_project_up_with_no_deps> <D:\projects\pytypes2\new100\compose\tests\integration\project_test.py#348:12966-12994>
[26797] <test_unscale_after_restart> <D:\projects\pytypes2\new100\compose\tests\integration\project_test.py#384:14412-14438>
[27239] <resilience_test> <D:\projects\pytypes2\new100\compose\tests\integration\resilience_test.py#1:0-0>
[26971] <__future__> <D:\projects\pytypes2\new100\compose\tests\integration\resilience_test.py#1:5-15>
[26975] <__future__> <D:\projects\pytypes2\new100\compose\tests\integration\resilience_test.py#2:45-55>
[26982] <testcases> <D:\projects\pytypes2\new100\compose\tests\integration\resilience_test.py#5:110-119>
[26986] <compose> <D:\projects\pytypes2\new100\compose\tests\integration\resilience_test.py#6:154-161>
[26991] <compose> <D:\projects\pytypes2\new100\compose\tests\integration\resilience_test.py#7:191-198>
[26996] <ResilienceTest> <D:\projects\pytypes2\new100\compose\tests\integration\resilience_test.py#10:245-259>
[26998] <setUp> <D:\projects\pytypes2\new100\compose\tests\integration\resilience_test.py#11:292-297>
[27057] <test_successful_recreate> <D:\projects\pytypes2\new100\compose\tests\integration\resilience_test.py#19:624-648>
[27097] <test_create_failure> <D:\projects\pytypes2\new100\compose\tests\integration\resilience_test.py#24:853-872>
[27161] <test_start_failure> <D:\projects\pytypes2\new100\compose\tests\integration\resilience_test.py#33:1235-1253>
[27227] <Crash> <D:\projects\pytypes2\new100\compose\tests\integration\resilience_test.py#43:1615-1620>
[27232] <crash> <D:\projects\pytypes2\new100\compose\tests\integration\resilience_test.py#47:1652-1657>
[32011] <service_test> <D:\projects\pytypes2\new100\compose\tests\integration\service_test.py#1:0-0>
[27250] <__future__> <D:\projects\pytypes2\new100\compose\tests\integration\service_test.py#1:5-15>
[27254] <__future__> <D:\projects\pytypes2\new100\compose\tests\integration\service_test.py#2:45-55>
[27287] <testcases> <D:\projects\pytypes2\new100\compose\tests\integration\service_test.py#14:267-276>
[27291] <testcases> <D:\projects\pytypes2\new100\compose\tests\integration\service_test.py#15:312-321>
[27295] <compose> <D:\projects\pytypes2\new100\compose\tests\integration\service_test.py#16:348-355>
[27299] <compose> <D:\projects\pytypes2\new100\compose\tests\integration\service_test.py#17:381-388>
[27300] <const> <D:\projects\pytypes2\new100\compose\tests\integration\service_test.py#17:389-394>
[27304] <compose> <D:\projects\pytypes2\new100\compose\tests\integration\service_test.py#18:431-438>
[27305] <const> <D:\projects\pytypes2\new100\compose\tests\integration\service_test.py#18:439-444>
[27309] <compose> <D:\projects\pytypes2\new100\compose\tests\integration\service_test.py#19:472-479>
[27310] <const> <D:\projects\pytypes2\new100\compose\tests\integration\service_test.py#19:480-485>
[27314] <compose> <D:\projects\pytypes2\new100\compose\tests\integration\service_test.py#20:513-520>
[27315] <const> <D:\projects\pytypes2\new100\compose\tests\integration\service_test.py#20:521-526>
[27319] <compose> <D:\projects\pytypes2\new100\compose\tests\integration\service_test.py#21:554-561>
[27320] <const> <D:\projects\pytypes2\new100\compose\tests\integration\service_test.py#21:562-567>
[27324] <compose> <D:\projects\pytypes2\new100\compose\tests\integration\service_test.py#22:595-602>
[27329] <compose> <D:\projects\pytypes2\new100\compose\tests\integration\service_test.py#23:636-643>
[27334] <compose> <D:\projects\pytypes2\new100\compose\tests\integration\service_test.py#24:683-690>
[27339] <compose> <D:\projects\pytypes2\new100\compose\tests\integration\service_test.py#25:724-731>
[27344] <compose> <D:\projects\pytypes2\new100\compose\tests\integration\service_test.py#26:769-776>
[27349] <compose> <D:\projects\pytypes2\new100\compose\tests\integration\service_test.py#27:802-809>
[27354] <compose> <D:\projects\pytypes2\new100\compose\tests\integration\service_test.py#28:839-846>
[27359] <create_and_start_container> <D:\projects\pytypes2\new100\compose\tests\integration\service_test.py#31:886-912>
[27378] <ServiceTest> <D:\projects\pytypes2\new100\compose\tests\integration\service_test.py#36:1063-1074>
[27380] <test_containers> <D:\projects\pytypes2\new100\compose\tests\integration\service_test.py#37:1107-1122>
[27498] <test_containers_one_off> <D:\projects\pytypes2\new100\compose\tests\integration\service_test.py#57:1793-1816>
[27544] <test_project_is_added_to_container_name> <D:\projects\pytypes2\new100\compose\tests\integration\service_test.py#63:2071-2110>
[27573] <test_start_stop> <D:\projects\pytypes2\new100\compose\tests\integration\service_test.py#68:2297-2312>
[27726] <test_kill_remove> <D:\projects\pytypes2\new100\compose\tests\integration\service_test.py#88:3084-3100>
[27820] <test_create_container_with_one_off> <D:\projects\pytypes2\new100\compose\tests\integration\service_test.py#104:3622-3656>
[27848] <test_create_container_with_one_off_when_existing_container_is_running> <D:\projects\pytypes2\new100\compose\tests\integration\service_test.py#109:3836-3905>
[27881] <test_create_container_with_unspecified_volume> <D:\projects\pytypes2\new100\compose\tests\integration\service_test.py#115:4105-4150>
[27918] <test_create_container_with_volume_driver> <D:\projects\pytypes2\new100\compose\tests\integration\service_test.py#121:4387-4427>
[27954] <test_create_container_with_cpu_shares> <D:\projects\pytypes2\new100\compose\tests\integration\service_test.py#127:4687-4724>
[27990] <test_build_extra_hosts> <D:\projects\pytypes2\new100\compose\tests\integration\service_test.py#133:4964-4986>
[28081] <test_create_container_with_extra_hosts_list> <D:\projects\pytypes2\new100\compose\tests\integration\service_test.py#164:6255-6298>
[28126] <test_create_container_with_extra_hosts_dicts> <D:\projects\pytypes2\new100\compose\tests\integration\service_test.py#171:6646-6690>
[28178] <test_create_container_with_cpu_set> <D:\projects\pytypes2\new100\compose\tests\integration\service_test.py#179:7132-7166>
[28214] <test_create_container_with_read_only_root_fs> <D:\projects\pytypes2\new100\compose\tests\integration\service_test.py#185:7405-7449>
[28258] <test_create_container_with_security_opt> <D:\projects\pytypes2\new100\compose\tests\integration\service_test.py#192:7762-7801>
[28302] <test_create_container_with_mac_address> <D:\projects\pytypes2\new100\compose\tests\integration\service_test.py#199:8117-8155>
[28341] <test_create_container_with_specified_volume> <D:\projects\pytypes2\new100\compose\tests\integration\service_test.py#205:8436-8479>
[28419] <test_recreate_preserves_volume_with_trailing_slash> <D:\projects\pytypes2\new100\compose\tests\integration\service_test.py#221:9190-9240>
[28469] <test_duplicate_volume_trailing_slash> <D:\projects\pytypes2\new100\compose\tests\integration\service_test.py#233:9762-9798>
[28592] <test_create_container_with_volumes_from> <D:\projects\pytypes2\new100\compose\tests\integration\service_test.py#267:11019-11058>
[28686] <test_execute_convergence_plan_recreate> <D:\projects\pytypes2\new100\compose\tests\integration\service_test.py#290:11990-12028>
[28929] <test_execute_convergence_plan_when_containers_are_stopped> <D:\projects\pytypes2\new100\compose\tests\integration\service_test.py#328:13773-13830>
[29035] <test_execute_convergence_plan_with_image_declared_volume> <D:\projects\pytypes2\new100\compose\tests\integration\service_test.py#351:14580-14636>
[29123] <test_start_container_passes_through_options> <D:\projects\pytypes2\new100\compose\tests\integration\service_test.py#368:15323-15366>
[29158] <test_start_container_inherits_options_from_constructor> <D:\projects\pytypes2\new100\compose\tests\integration\service_test.py#373:15565-15619>
[29193] <test_start_container_creates_links> <D:\projects\pytypes2\new100\compose\tests\integration\service_test.py#378:15818-15852>
[29251] <test_start_container_creates_links_with_names> <D:\projects\pytypes2\new100\compose\tests\integration\service_test.py#394:16316-16361>
[29310] <test_start_container_with_external_links> <D:\projects\pytypes2\new100\compose\tests\integration\service_test.py#410:16853-16893>
[29369] <test_start_normal_container_does_not_create_links_to_its_own_service> <D:\projects\pytypes2\new100\compose\tests\integration\service_test.py#428:17514-17582>
[29407] <test_start_one_off_container_creates_links_to_its_own_service> <D:\projects\pytypes2\new100\compose\tests\integration\service_test.py#437:17820-17881>
[29452] <test_start_container_builds_images> <D:\projects\pytypes2\new100\compose\tests\integration\service_test.py#453:18284-18318>
[29506] <test_start_container_uses_tagged_image_if_it_exists> <D:\projects\pytypes2\new100\compose\tests\integration\service_test.py#465:18741-18792>
[29552] <test_start_container_creates_ports> <D:\projects\pytypes2\new100\compose\tests\integration\service_test.py#477:19230-19264>
[29608] <test_build> <D:\projects\pytypes2\new100\compose\tests\integration\service_test.py#483:19605-19615>
[29675] <test_build_non_ascii_filename> <D:\projects\pytypes2\new100\compose\tests\integration\service_test.py#493:19972-20001>
[29769] <test_start_container_stays_unpriviliged> <D:\projects\pytypes2\new100\compose\tests\integration\service_test.py#506:20493-20532>
[29799] <test_start_container_becomes_priviliged> <D:\projects\pytypes2\new100\compose\tests\integration\service_test.py#511:20736-20775>
[29831] <test_expose_does_not_publish_ports> <D:\projects\pytypes2\new100\compose\tests\integration\service_test.py#516:20995-21029>
[29865] <test_start_container_creates_port_with_explicit_protocol> <D:\projects\pytypes2\new100\compose\tests\integration\service_test.py#521:21263-21319>
[29904] <test_start_container_creates_fixed_external_ports> <D:\projects\pytypes2\new100\compose\tests\integration\service_test.py#526:21563-21612>
[29954] <test_start_container_creates_fixed_external_ports_when_it_is_different_to_internal_port> <D:\projects\pytypes2\new100\compose\tests\integration\service_test.py#532:21939-22026>
[30004] <test_port_with_explicit_interface> <D:\projects\pytypes2\new100\compose\tests\integration\service_test.py#538:22353-22386>
[30052] <test_create_with_image_id> <D:\projects\pytypes2\new100\compose\tests\integration\service_test.py#559:23023-23048>
[30090] <test_scale> <D:\projects\pytypes2\new100\compose\tests\integration\service_test.py#566:23330-23340>
[30213] <test_scale_with_stopped_containers> <D:\projects\pytypes2\new100\compose\tests\integration\service_test.py#585:24045-24079>
[30317] <test_scale_with_stopped_containers_and_needing_creation> <D:\projects\pytypes2\new100\compose\tests\integration\service_test.py#607:25057-25112>
[30424] <test_scale_with_api_returns_errors> <D:\projects\pytypes2\new100\compose\tests\integration\service_test.py#631:26088-26122>
[30521] <test_scale_with_api_returns_unexpected_exception> <D:\projects\pytypes2\new100\compose\tests\integration\service_test.py#651:26940-26988>
[30600] <test_scale_with_desired_number_already_achieved> <D:\projects\pytypes2\new100\compose\tests\integration\service_test.py#671:27703-27750>
[30702] <test_scale_with_custom_container_name_outputs_warning> <D:\projects\pytypes2\new100\compose\tests\integration\service_test.py#694:28604-28657>
[30764] <test_scale_sets_ports> <D:\projects\pytypes2\new100\compose\tests\integration\service_test.py#712:29257-29278>
[30823] <test_network_mode_none> <D:\projects\pytypes2\new100\compose\tests\integration\service_test.py#720:29620-29642>
[30854] <test_network_mode_bridged> <D:\projects\pytypes2\new100\compose\tests\integration\service_test.py#725:29856-29881>
[30885] <test_network_mode_host> <D:\projects\pytypes2\new100\compose\tests\integration\service_test.py#730:30099-30121>
[30916] <test_pid_mode_none_defined> <D:\projects\pytypes2\new100\compose\tests\integration\service_test.py#735:30335-30361>
[30944] <test_pid_mode_host> <D:\projects\pytypes2\new100\compose\tests\integration\service_test.py#740:30560-30578>
[30973] <test_dns_no_value> <D:\projects\pytypes2\new100\compose\tests\integration\service_test.py#745:30783-30800>
[30999] <test_dns_single_value> <D:\projects\pytypes2\new100\compose\tests\integration\service_test.py#750:30982-31003>
[31029] <test_dns_list> <D:\projects\pytypes2\new100\compose\tests\integration\service_test.py#755:31212-31225>
[31062] <test_restart_always_value> <D:\projects\pytypes2\new100\compose\tests\integration\service_test.py#760:31458-31483>
[31091] <test_restart_on_failure_value> <D:\projects\pytypes2\new100\compose\tests\integration\service_test.py#765:31707-31736>
[31131] <test_cap_add_list> <D:\projects\pytypes2\new100\compose\tests\integration\service_test.py#771:32060-32077>
[31164] <test_cap_drop_list> <D:\projects\pytypes2\new100\compose\tests\integration\service_test.py#776:32325-32343>
[31197] <test_dns_search_no_value> <D:\projects\pytypes2\new100\compose\tests\integration\service_test.py#781:32593-32617>
[31223] <test_dns_search_single_value> <D:\projects\pytypes2\new100\compose\tests\integration\service_test.py#786:32805-32833>
[31253] <test_dns_search_list> <D:\projects\pytypes2\new100\compose\tests\integration\service_test.py#791:33063-33083>
[31286] <test_working_dir_param> <D:\projects\pytypes2\new100\compose\tests\integration\service_test.py#796:33361-33383>
[31316] <test_split_env> <D:\projects\pytypes2\new100\compose\tests\integration\service_test.py#801:33622-33636>
[31363] <test_env_from_file_combined_with_env> <D:\projects\pytypes2\new100\compose\tests\integration\service_test.py#807:33971-34007>
[31418] <test_resolve_env> <D:\projects\pytypes2\new100\compose\tests\integration\service_test.py#817:34461-34477>
[31491] <test_with_high_enough_api_version_we_get_default_network_mode> <D:\projects\pytypes2\new100\compose\tests\integration\service_test.py#826:34957-35018>
[31532] <test_labels> <D:\projects\pytypes2\new100\compose\tests\integration\service_test.py#833:35366-35377>
[31653] <test_empty_labels> <D:\projects\pytypes2\new100\compose\tests\integration\service_test.py#864:36461-36478>
[31694] <test_custom_container_name> <D:\projects\pytypes2\new100\compose\tests\integration\service_test.py#872:36753-36779>
[31748] <test_log_drive_invalid> <D:\projects\pytypes2\new100\compose\tests\integration\service_test.py#882:37222-37244>
[31777] <test_log_drive_empty_default_jsonfile> <D:\projects\pytypes2\new100\compose\tests\integration\service_test.py#889:37527-37564>
[31812] <test_log_drive_none> <D:\projects\pytypes2\new100\compose\tests\integration\service_test.py#896:37807-37826>
[31849] <test_devices> <D:\projects\pytypes2\new100\compose\tests\integration\service_test.py#903:38083-38095>
[31899] <test_duplicate_containers> <D:\projects\pytypes2\new100\compose\tests\integration\service_test.py#916:38577-38602>
[34964] <state_test> <D:\projects\pytypes2\new100\compose\tests\integration\state_test.py#1:0-0>
[33541] <__future__> <D:\projects\pytypes2\new100\compose\tests\integration\state_test.py#5:120-130>
[33554] <testcases> <D:\projects\pytypes2\new100\compose\tests\integration\state_test.py#11:209-218>
[33558] <compose> <D:\projects\pytypes2\new100\compose\tests\integration\state_test.py#12:253-260>
[33559] <config> <D:\projects\pytypes2\new100\compose\tests\integration\state_test.py#12:261-267>
[33563] <compose> <D:\projects\pytypes2\new100\compose\tests\integration\state_test.py#13:288-295>
[33564] <const> <D:\projects\pytypes2\new100\compose\tests\integration\state_test.py#13:296-301>
[33568] <compose> <D:\projects\pytypes2\new100\compose\tests\integration\state_test.py#14:333-340>
[33573] <compose> <D:\projects\pytypes2\new100\compose\tests\integration\state_test.py#15:370-377>
[33578] <ProjectTestCase> <D:\projects\pytypes2\new100\compose\tests\integration\state_test.py#18:424-439>
[33580] <run_up> <D:\projects\pytypes2\new100\compose\tests\integration\state_test.py#19:472-478>
[33616] <make_project> <D:\projects\pytypes2\new100\compose\tests\integration\state_test.py#26:681-693>
[33653] <BasicProjectTest> <D:\projects\pytypes2\new100\compose\tests\integration\state_test.py#36:982-998>
[33655] <setUp> <D:\projects\pytypes2\new100\compose\tests\integration\state_test.py#37:1026-1031>
[33680] <test_no_change> <D:\projects\pytypes2\new100\compose\tests\integration\state_test.py#45:1229-1243>
[33727] <test_partial_change> <D:\projects\pytypes2\new100\compose\tests\integration\state_test.py#54:1520-1539>
[33866] <test_all_change> <D:\projects\pytypes2\new100\compose\tests\integration\state_test.py#75:2384-2399>
[33954] <ProjectWithDependenciesTest> <D:\projects\pytypes2\new100\compose\tests\integration\state_test.py#92:2905-2932>
[33956] <setUp> <D:\projects\pytypes2\new100\compose\tests\integration\state_test.py#93:2960-2965>
[33997] <test_up> <D:\projects\pytypes2\new100\compose\tests\integration\state_test.py#113:3540-3547>
[34030] <test_change_leaf> <D:\projects\pytypes2\new100\compose\tests\integration\state_test.py#120:3758-3774>
[34083] <test_change_middle> <D:\projects\pytypes2\new100\compose\tests\integration\state_test.py#131:4106-4124>
[34137] <test_change_root> <D:\projects\pytypes2\new100\compose\tests\integration\state_test.py#142:4463-4479>
[34192] <test_change_root_no_recreate> <D:\projects\pytypes2\new100\compose\tests\integration\state_test.py#153:4825-4853>
[34239] <test_service_removed_while_down> <D:\projects\pytypes2\new100\compose\tests\integration\state_test.py#163:5159-5190>
[34310] <converge> <D:\projects\pytypes2\new100\compose\tests\integration\state_test.py#182:5678-5686>
[34339] <ServiceStateTest> <D:\projects\pytypes2\new100\compose\tests\integration\state_test.py#190:5989-6005>
[34343] <test_trigger_create> <D:\projects\pytypes2\new100\compose\tests\integration\state_test.py#193:6092-6111>
[34366] <test_trigger_noop> <D:\projects\pytypes2\new100\compose\tests\integration\state_test.py#197:6238-6255>
[34408] <test_trigger_start> <D:\projects\pytypes2\new100\compose\tests\integration\state_test.py#205:6498-6516>
[34487] <test_trigger_recreate_with_config_change> <D:\projects\pytypes2\new100\compose\tests\integration\state_test.py#222:6966-7006>
[34532] <test_trigger_recreate_with_nonexistent_image_tag> <D:\projects\pytypes2\new100\compose\tests\integration\state_test.py#229:7277-7325>
[34573] <test_trigger_recreate_with_image_change> <D:\projects\pytypes2\new100\compose\tests\integration\state_test.py#236:7602-7641>
[34697] <test_trigger_recreate_with_build> <D:\projects\pytypes2\new100\compose\tests\integration\state_test.py#259:8440-8472>
[34803] <ConfigHashTest> <D:\projects\pytypes2\new100\compose\tests\integration\state_test.py#282:9219-9233>
[34805] <test_no_config_hash_when_one_off> <D:\projects\pytypes2\new100\compose\tests\integration\state_test.py#283:9266-9298>
[34833] <test_no_config_hash_when_overriding_options> <D:\projects\pytypes2\new100\compose\tests\integration\state_test.py#288:9478-9521>
[34863] <test_config_hash_with_custom_labels> <D:\projects\pytypes2\new100\compose\tests\integration\state_test.py#293:9713-9748>
[34903] <test_config_hash_sticks_around> <D:\projects\pytypes2\new100\compose\tests\integration\state_test.py#299:9976-10006>
[34991] <integration> <D:\projects\pytypes2\new100\compose\tests\integration\__init__.py#-1:0-0>
[35064] <command_test> <D:\projects\pytypes2\new100\compose\tests\unit\cli\command_test.py#1:0-0>
[34992] <__future__> <D:\projects\pytypes2\new100\compose\tests\unit\cli\command_test.py#1:5-15>
[35004] <compose> <D:\projects\pytypes2\new100\compose\tests\unit\cli\command_test.py#6:113-120>
[35005] <cli> <D:\projects\pytypes2\new100\compose\tests\unit\cli\command_test.py#6:121-124>
[35006] <errors> <D:\projects\pytypes2\new100\compose\tests\unit\cli\command_test.py#6:132-138>
[35009] <compose> <D:\projects\pytypes2\new100\compose\tests\unit\cli\command_test.py#7:145-152>
[35010] <cli> <D:\projects\pytypes2\new100\compose\tests\unit\cli\command_test.py#7:153-156>
[35097] <tests> <D:\projects\pytypes2\new100\compose\tests\__init__.py#1:0-0>
[35075] <unittest> <D:\projects\pytypes2\new100\compose\tests\__init__.py#4:57-65>
[35085] <unittest> <D:\projects\pytypes2\new100\compose\tests\__init__.py#9:141-149>
[35015] <tests> <D:\projects\pytypes2\new100\compose\tests\unit\cli\command_test.py#8:201-206>
[35019] <tests> <D:\projects\pytypes2\new100\compose\tests\unit\cli\command_test.py#9:225-230>
[35023] <FriendlyErrorMessageTestCase> <D:\projects\pytypes2\new100\compose\tests\unit\cli\command_test.py#12:258-286>
[35027] <test_dispatch_generic_connection_error> <D:\projects\pytypes2\new100\compose\tests\unit\cli\command_test.py#14:318-356>
[35481] <docker_client_test> <D:\projects\pytypes2\new100\compose\tests\unit\cli\docker_client_test.py#1:0-0>
[35390] <__future__> <D:\projects\pytypes2\new100\compose\tests\unit\cli\docker_client_test.py#1:5-15>
[35394] <__future__> <D:\projects\pytypes2\new100\compose\tests\unit\cli\docker_client_test.py#2:45-55>
[35401] <compose> <D:\projects\pytypes2\new100\compose\tests\unit\cli\docker_client_test.py#6:101-108>
[35402] <cli> <D:\projects\pytypes2\new100\compose\tests\unit\cli\docker_client_test.py#6:109-112>
[35406] <tests> <D:\projects\pytypes2\new100\compose\tests\unit\cli\docker_client_test.py#7:140-145>
[35410] <tests> <D:\projects\pytypes2\new100\compose\tests\unit\cli\docker_client_test.py#8:164-169>
[35414] <DockerClientTestCase> <D:\projects\pytypes2\new100\compose\tests\unit\cli\docker_client_test.py#11:197-217>
[35418] <test_docker_client_no_home> <D:\projects\pytypes2\new100\compose\tests\unit\cli\docker_client_test.py#13:249-275>
[35445] <test_docker_client_with_custom_timeout> <D:\projects\pytypes2\new100\compose\tests\unit\cli\docker_client_test.py#18:416-454>
[35805] <log_printer_test> <D:\projects\pytypes2\new100\compose\tests\unit\cli\log_printer_test.py#1:0-0>
[35488] <__future__> <D:\projects\pytypes2\new100\compose\tests\unit\cli\log_printer_test.py#1:5-15>
[35492] <__future__> <D:\projects\pytypes2\new100\compose\tests\unit\cli\log_printer_test.py#2:45-55>
[35502] <compose> <D:\projects\pytypes2\new100\compose\tests\unit\cli\log_printer_test.py#7:115-122>
[35503] <cli> <D:\projects\pytypes2\new100\compose\tests\unit\cli\log_printer_test.py#7:123-126>
[35504] <log_printer> <D:\projects\pytypes2\new100\compose\tests\unit\cli\log_printer_test.py#7:127-138>
[35508] <compose> <D:\projects\pytypes2\new100\compose\tests\unit\cli\log_printer_test.py#8:163-170>
[35509] <cli> <D:\projects\pytypes2\new100\compose\tests\unit\cli\log_printer_test.py#8:171-174>
[35510] <log_printer> <D:\projects\pytypes2\new100\compose\tests\unit\cli\log_printer_test.py#8:175-186>
[35514] <compose> <D:\projects\pytypes2\new100\compose\tests\unit\cli\log_printer_test.py#9:213-220>
[35519] <tests> <D:\projects\pytypes2\new100\compose\tests\unit\cli\log_printer_test.py#10:254-259>
[35523] <build_mock_container> <D:\projects\pytypes2\new100\compose\tests\unit\cli\log_printer_test.py#13:285-305>
[35549] <LogPrinterTest> <D:\projects\pytypes2\new100\compose\tests\unit\cli\log_printer_test.py#24:542-556>
[35553] <get_default_output> <D:\projects\pytypes2\new100\compose\tests\unit\cli\log_printer_test.py#25:586-604>
[35582] <test_single_container> <D:\projects\pytypes2\new100\compose\tests\unit\cli\log_printer_test.py#32:857-878>
[35606] <test_monochrome> <D:\projects\pytypes2\new100\compose\tests\unit\cli\log_printer_test.py#38:1023-1038>
[35625] <test_polychrome> <D:\projects\pytypes2\new100\compose\tests\unit\cli\log_printer_test.py#42:1159-1174>
[35642] <test_unicode> <D:\projects\pytypes2\new100\compose\tests\unit\cli\log_printer_test.py#46:1277-1289>
[35693] <test_wait_on_exit> <D:\projects\pytypes2\new100\compose\tests\unit\cli\log_printer_test.py#59:1629-1646>
[35736] <test_generator_with_no_logs> <D:\projects\pytypes2\new100\compose\tests\unit\cli\log_printer_test.py#69:1994-2021>
[35776] <run_log_printer> <D:\projects\pytypes2\new100\compose\tests\unit\cli\log_printer_test.py#84:2442-2457>
[36159] <main_test> <D:\projects\pytypes2\new100\compose\tests\unit\cli\main_test.py#1:0-0>
[35811] <__future__> <D:\projects\pytypes2\new100\compose\tests\unit\cli\main_test.py#1:5-15>
[35815] <compose> <D:\projects\pytypes2\new100\compose\tests\unit\cli\main_test.py#3:47-54>
[35819] <compose> <D:\projects\pytypes2\new100\compose\tests\unit\cli\main_test.py#4:78-85>
[35820] <cli> <D:\projects\pytypes2\new100\compose\tests\unit\cli\main_test.py#4:86-89>
[35821] <errors> <D:\projects\pytypes2\new100\compose\tests\unit\cli\main_test.py#4:90-96>
[35825] <compose> <D:\projects\pytypes2\new100\compose\tests\unit\cli\main_test.py#5:120-127>
[35826] <cli> <D:\projects\pytypes2\new100\compose\tests\unit\cli\main_test.py#5:128-131>
[35827] <log_printer> <D:\projects\pytypes2\new100\compose\tests\unit\cli\main_test.py#5:132-143>
[35831] <compose> <D:\projects\pytypes2\new100\compose\tests\unit\cli\main_test.py#6:168-175>
[35832] <cli> <D:\projects\pytypes2\new100\compose\tests\unit\cli\main_test.py#6:176-179>
[35833] <main> <D:\projects\pytypes2\new100\compose\tests\unit\cli\main_test.py#6:180-184>
[35837] <compose> <D:\projects\pytypes2\new100\compose\tests\unit\cli\main_test.py#7:213-220>
[35838] <cli> <D:\projects\pytypes2\new100\compose\tests\unit\cli\main_test.py#7:221-224>
[35839] <main> <D:\projects\pytypes2\new100\compose\tests\unit\cli\main_test.py#7:225-229>
[35843] <compose> <D:\projects\pytypes2\new100\compose\tests\unit\cli\main_test.py#8:261-268>
[35844] <cli> <D:\projects\pytypes2\new100\compose\tests\unit\cli\main_test.py#8:269-272>
[35845] <main> <D:\projects\pytypes2\new100\compose\tests\unit\cli\main_test.py#8:273-277>
[35849] <compose> <D:\projects\pytypes2\new100\compose\tests\unit\cli\main_test.py#9:322-329>
[35854] <compose> <D:\projects\pytypes2\new100\compose\tests\unit\cli\main_test.py#10:359-366>
[35859] <tests> <D:\projects\pytypes2\new100\compose\tests\unit\cli\main_test.py#11:408-413>
[35863] <tests> <D:\projects\pytypes2\new100\compose\tests\unit\cli\main_test.py#12:432-437>
[35867] <mock_container> <D:\projects\pytypes2\new100\compose\tests\unit\cli\main_test.py#15:463-477>
[35891] <CLIMainTestCase> <D:\projects\pytypes2\new100\compose\tests\unit\cli\main_test.py#23:686-701>
[35895] <test_build_log_printer> <D:\projects\pytypes2\new100\compose\tests\unit\cli\main_test.py#25:733-755>
[35946] <test_build_log_printer_all_services> <D:\projects\pytypes2\new100\compose\tests\unit\cli\main_test.py#37:1188-1223>
[35984] <test_attach_to_logs> <D:\projects\pytypes2\new100\compose\tests\unit\cli\main_test.py#47:1559-1578>
[36063] <ConvergeStrategyFromOptsTestCase> <D:\projects\pytypes2\new100\compose\tests\unit\cli\main_test.py#63:2191-2223>
[36067] <test_invalid_opts> <D:\projects\pytypes2\new100\compose\tests\unit\cli\main_test.py#65:2255-2272>
[36090] <test_always> <D:\projects\pytypes2\new100\compose\tests\unit\cli\main_test.py#70:2457-2468>
[36112] <test_never> <D:\projects\pytypes2\new100\compose\tests\unit\cli\main_test.py#77:2689-2699>
[36134] <test_changed> <D:\projects\pytypes2\new100\compose\tests\unit\cli\main_test.py#84:2919-2931>
[36307] <verbose_proxy_test> <D:\projects\pytypes2\new100\compose\tests\unit\cli\verbose_proxy_test.py#1:0-0>
[36170] <__future__> <D:\projects\pytypes2\new100\compose\tests\unit\cli\verbose_proxy_test.py#1:5-15>
[36174] <__future__> <D:\projects\pytypes2\new100\compose\tests\unit\cli\verbose_proxy_test.py#2:45-55>
[36181] <compose> <D:\projects\pytypes2\new100\compose\tests\unit\cli\verbose_proxy_test.py#6:102-109>
[36182] <cli> <D:\projects\pytypes2\new100\compose\tests\unit\cli\verbose_proxy_test.py#6:110-113>
[36183] <verbose_proxy> <D:\projects\pytypes2\new100\compose\tests\unit\cli\verbose_proxy_test.py#6:121-134>
[36186] <tests> <D:\projects\pytypes2\new100\compose\tests\unit\cli\verbose_proxy_test.py#7:141-146>
[36190] <VerboseProxyTestCase> <D:\projects\pytypes2\new100\compose\tests\unit\cli\verbose_proxy_test.py#10:174-194>
[36194] <test_format_call> <D:\projects\pytypes2\new100\compose\tests\unit\cli\verbose_proxy_test.py#12:226-242>
[36233] <test_format_return_sequence> <D:\projects\pytypes2\new100\compose\tests\unit\cli\verbose_proxy_test.py#21:530-557>
[36259] <test_format_return> <D:\projects\pytypes2\new100\compose\tests\unit\cli\verbose_proxy_test.py#26:729-747>
[36287] <test_format_return_no_result> <D:\projects\pytypes2\new100\compose\tests\unit\cli\verbose_proxy_test.py#31:912-940>
[36313] <cli> <D:\projects\pytypes2\new100\compose\tests\unit\cli\__init__.py#-1:0-0>
[37028] <cli_test> <D:\projects\pytypes2\new100\compose\tests\unit\cli_test.py#1:0-0>
[36314] <__future__> <D:\projects\pytypes2\new100\compose\tests\unit\cli_test.py#1:5-15>
[36318] <__future__> <D:\projects\pytypes2\new100\compose\tests\unit\cli_test.py#2:45-55>
[36340] <compose> <D:\projects\pytypes2\new100\compose\tests\unit\cli_test.py#12:190-197>
[36341] <cli> <D:\projects\pytypes2\new100\compose\tests\unit\cli_test.py#12:198-201>
[36346] <compose> <D:\projects\pytypes2\new100\compose\tests\unit\cli_test.py#13:235-242>
[36347] <cli> <D:\projects\pytypes2\new100\compose\tests\unit\cli_test.py#13:243-246>
[36352] <compose> <D:\projects\pytypes2\new100\compose\tests\unit\cli_test.py#14:285-292>
[36353] <cli> <D:\projects\pytypes2\new100\compose\tests\unit\cli_test.py#14:293-296>
[36358] <compose> <D:\projects\pytypes2\new100\compose\tests\unit\cli_test.py#15:339-346>
[36359] <cli> <D:\projects\pytypes2\new100\compose\tests\unit\cli_test.py#15:347-350>
[36360] <errors> <D:\projects\pytypes2\new100\compose\tests\unit\cli_test.py#15:351-357>
[36364] <compose> <D:\projects\pytypes2\new100\compose\tests\unit\cli_test.py#16:381-388>
[36365] <cli> <D:\projects\pytypes2\new100\compose\tests\unit\cli_test.py#16:389-392>
[36366] <main> <D:\projects\pytypes2\new100\compose\tests\unit\cli_test.py#16:393-397>
[36370] <compose> <D:\projects\pytypes2\new100\compose\tests\unit\cli_test.py#17:427-434>
[36371] <const> <D:\projects\pytypes2\new100\compose\tests\unit\cli_test.py#17:435-440>
[36375] <compose> <D:\projects\pytypes2\new100\compose\tests\unit\cli_test.py#18:474-481>
[36380] <CLITestCase> <D:\projects\pytypes2\new100\compose\tests\unit\cli_test.py#21:516-527>
[36384] <test_default_project_name> <D:\projects\pytypes2\new100\compose\tests\unit\cli_test.py#23:559-584>
[36418] <test_project_name_with_explicit_base_dir> <D:\projects\pytypes2\new100\compose\tests\unit\cli_test.py#29:834-874>
[36437] <test_project_name_with_explicit_uppercase_base_dir> <D:\projects\pytypes2\new100\compose\tests\unit\cli_test.py#34:1062-1112>
[36456] <test_project_name_with_explicit_project_name> <D:\projects\pytypes2\new100\compose\tests\unit\cli_test.py#39:1289-1333>
[36476] <test_project_name_from_environment_old_var> <D:\projects\pytypes2\new100\compose\tests\unit\cli_test.py#44:1522-1564>
[36513] <test_project_name_from_environment_new_var> <D:\projects\pytypes2\new100\compose\tests\unit\cli_test.py#51:1805-1847>
[36550] <test_get_project> <D:\projects\pytypes2\new100\compose\tests\unit\cli_test.py#58:2092-2108>
[36587] <test_help> <D:\projects\pytypes2\new100\compose\tests\unit\cli_test.py#65:2386-2395>
[36610] <test_command_help> <D:\projects\pytypes2\new100\compose\tests\unit\cli_test.py#70:2540-2557>
[36643] <test_command_help_dashes> <D:\projects\pytypes2\new100\compose\tests\unit\cli_test.py#76:2748-2772>
[36676] <test_command_help_nonexistent> <D:\projects\pytypes2\new100\compose\tests\unit\cli_test.py#82:2993-3022>
[36697] <test_run_with_environment_merged_with_options_list> <D:\projects\pytypes2\new100\compose\tests\unit\cli_test.py#88:3296-3346>
[36793] <test_run_service_with_restart_always> <D:\projects\pytypes2\new100\compose\tests\unit\cli_test.py#119:4406-4442>
[36951] <test_command_manula_and_service_ports_together> <D:\projects\pytypes2\new100\compose\tests\unit\cli_test.py#177:6285-6331>
[41414] <config_test> <D:\projects\pytypes2\new100\compose\tests\unit\config\config_test.py#1:0-0>
[37035] <__future__> <D:\projects\pytypes2\new100\compose\tests\unit\config\config_test.py#1:5-15>
[37058] <compose> <D:\projects\pytypes2\new100\compose\tests\unit\config\config_test.py#11:152-159>
[37059] <config> <D:\projects\pytypes2\new100\compose\tests\unit\config\config_test.py#11:160-166>
[37063] <compose> <D:\projects\pytypes2\new100\compose\tests\unit\config\config_test.py#12:187-194>
[37064] <config> <D:\projects\pytypes2\new100\compose\tests\unit\config\config_test.py#12:195-201>
[37065] <errors> <D:\projects\pytypes2\new100\compose\tests\unit\config\config_test.py#12:202-208>
[37069] <compose> <D:\projects\pytypes2\new100\compose\tests\unit\config\config_test.py#13:241-248>
[37070] <const> <D:\projects\pytypes2\new100\compose\tests\unit\config\config_test.py#13:249-254>
[37074] <tests> <D:\projects\pytypes2\new100\compose\tests\unit\config\config_test.py#14:288-293>
[37078] <tests> <D:\projects\pytypes2\new100\compose\tests\unit\config\config_test.py#15:312-317>
[37082] <make_service_dict> <D:\projects\pytypes2\new100\compose\tests\unit\config\config_test.py#18:343-360>
[37107] <service_sort> <D:\projects\pytypes2\new100\compose\tests\unit\config\config_test.py#29:672-684>
[37119] <build_config_details> <D:\projects\pytypes2\new100\compose\tests\unit\config\config_test.py#33:758-778>
[37138] <ConfigTest> <D:\projects\pytypes2\new100\compose\tests\unit\config\config_test.py#39:930-940>
[37142] <test_load> <D:\projects\pytypes2\new100\compose\tests\unit\config\config_test.py#40:970-979>
[37193] <test_load_throws_error_when_not_dict> <D:\projects\pytypes2\new100\compose\tests\unit\config\config_test.py#67:1742-1778>
[37217] <test_config_invalid_service_names> <D:\projects\pytypes2\new100\compose\tests\unit\config\config_test.py#77:2069-2102>
[37253] <test_config_integer_service_name_raise_validation_error> <D:\projects\pytypes2\new100\compose\tests\unit\config\config_test.py#88:2510-2565>
[37283] <test_load_with_multiple_files> <D:\projects\pytypes2\new100\compose\tests\unit\config\config_test.py#100:3030-3059>
[37368] <test_load_with_multiple_files_and_empty_override> <D:\projects\pytypes2\new100\compose\tests\unit\config\config_test.py#137:4162-4210>
[37423] <test_load_with_multiple_files_and_empty_base> <D:\projects\pytypes2\new100\compose\tests\unit\config\config_test.py#148:4651-4695>
[37478] <test_load_with_multiple_files_and_extends_in_override_file> <D:\projects\pytypes2\new100\compose\tests\unit\config\config_test.py#159:5136-5194>
[37582] <test_config_valid_service_names> <D:\projects\pytypes2\new100\compose\tests\unit\config\config_test.py#196:6366-6397>
[37610] <test_config_invalid_ports_format_validation> <D:\projects\pytypes2\new100\compose\tests\unit\config\config_test.py#206:6739-6782>
[37656] <test_config_valid_ports_format_validation> <D:\projects\pytypes2\new100\compose\tests\unit\config\config_test.py#218:7345-7386>
[37694] <test_config_hint> <D:\projects\pytypes2\new100\compose\tests\unit\config\config_test.py#229:7781-7797>
[37726] <test_invalid_config_build_and_image_specified> <D:\projects\pytypes2\new100\compose\tests\unit\config\config_test.py#242:8265-8310>
[37758] <test_invalid_config_type_should_be_an_array> <D:\projects\pytypes2\new100\compose\tests\unit\config\config_test.py#255:8795-8838>
[37790] <test_invalid_config_not_a_dictionary> <D:\projects\pytypes2\new100\compose\tests\unit\config\config_test.py#268:9359-9395>
[37818] <test_invalid_config_not_unique_items> <D:\projects\pytypes2\new100\compose\tests\unit\config\config_test.py#279:9787-9823>
[37852] <test_invalid_list_of_strings_format> <D:\projects\pytypes2\new100\compose\tests\unit\config\config_test.py#292:10308-10343>
[37889] <test_config_image_and_dockerfile_raise_validation_error> <D:\projects\pytypes2\new100\compose\tests\unit\config\config_test.py#306:10901-10956>
[37921] <test_config_extra_hosts_string_raises_validation_error> <D:\projects\pytypes2\new100\compose\tests\unit\config\config_test.py#317:11399-11453>
[37953] <test_config_extra_hosts_list_of_dicts_validation_error> <D:\projects\pytypes2\new100\compose\tests\unit\config\config_test.py#332:11994-12048>
[37991] <test_valid_config_which_allows_two_type_definitions> <D:\projects\pytypes2\new100\compose\tests\unit\config\config_test.py#350:12749-12800>
[38034] <test_valid_config_oneof_string_or_list> <D:\projects\pytypes2\new100\compose\tests\unit\config\config_test.py#365:13285-13323>
[38076] <test_logs_warning_for_boolean_in_environment> <D:\projects\pytypes2\new100\compose\tests\unit\config\config_test.py#381:13882-13926>
[38128] <test_config_invalid_environment_dict_key_raises_validation_error> <D:\projects\pytypes2\new100\compose\tests\unit\config\config_test.py#397:14483-14547>
[38162] <test_load_yaml_with_yaml_error> <D:\projects\pytypes2\new100\compose\tests\unit\config\config_test.py#412:15088-15118>
[38214] <InterpolationTest> <D:\projects\pytypes2\new100\compose\tests\unit\config\config_test.py#425:15531-15548>
[38218] <test_config_file_with_environment_variable> <D:\projects\pytypes2\new100\compose\tests\unit\config\config_test.py#427:15612-15654>
[38269] <test_unset_variable_produces_warning> <D:\projects\pytypes2\new100\compose\tests\unit\config\config_test.py#450:16294-16330>
[38364] <test_invalid_interpolation> <D:\projects\pytypes2\new100\compose\tests\unit\config\config_test.py#474:17102-17128>
[38437] <test_empty_environment_key_allowed> <D:\projects\pytypes2\new100\compose\tests\unit\config\config_test.py#489:17658-17692>
[38474] <VolumeConfigTest> <D:\projects\pytypes2\new100\compose\tests\unit\config\config_test.py#507:18193-18209>
[38478] <test_no_binding> <D:\projects\pytypes2\new100\compose\tests\unit\config\config_test.py#508:18239-18254>
[38505] <test_volume_binding_with_environment_variable> <D:\projects\pytypes2\new100\compose\tests\unit\config\config_test.py#513:18451-18496>
[38545] <test_volume_binding_with_home> <D:\projects\pytypes2\new100\compose\tests\unit\config\config_test.py#526:18963-18992>
[38579] <test_name_does_not_expand> <D:\projects\pytypes2\new100\compose\tests\unit\config\config_test.py#531:19231-19256>
[38606] <test_absolute_posix_path_does_not_expand> <D:\projects\pytypes2\new100\compose\tests\unit\config\config_test.py#535:19445-19485>
[38633] <test_absolute_windows_path_does_not_expand> <D:\projects\pytypes2\new100\compose\tests\unit\config\config_test.py#539:19676-19718>
[38660] <test_relative_path_does_expand_posix> <D:\projects\pytypes2\new100\compose\tests\unit\config\config_test.py#544:19967-20003>
[38733] <test_relative_path_does_expand_windows> <D:\projects\pytypes2\new100\compose\tests\unit\config\config_test.py#555:20673-20711>
[38806] <test_home_directory_with_driver_does_not_expand> <D:\projects\pytypes2\new100\compose\tests\unit\config\config_test.py#566:21378-21425>
[38844] <MergePathMappingTest> <D:\projects\pytypes2\new100\compose\tests\unit\config\config_test.py#576:21715-21735>
[38846] <config_name> <D:\projects\pytypes2\new100\compose\tests\unit\config\config_test.py#577:21754-21765>
[38852] <test_empty> <D:\projects\pytypes2\new100\compose\tests\unit\config\config_test.py#580:21803-21813>
[38874] <test_no_override> <D:\projects\pytypes2\new100\compose\tests\unit\config\config_test.py#584:21951-21967>
[38911] <test_no_base> <D:\projects\pytypes2\new100\compose\tests\unit\config\config_test.py#591:22221-22233>
[38946] <test_override_explicit_path> <D:\projects\pytypes2\new100\compose\tests\unit\config\config_test.py#598:22469-22496>
[38989] <test_add_explicit_path> <D:\projects\pytypes2\new100\compose\tests\unit\config\config_test.py#605:22784-22806>
[39033] <test_remove_explicit_path> <D:\projects\pytypes2\new100\compose\tests\unit\config\config_test.py#612:23115-23140>
[39079] <MergeVolumesTest> <D:\projects\pytypes2\new100\compose\tests\unit\config\config_test.py#620:23443-23459>
[39084] <config_name> <D:\projects\pytypes2\new100\compose\tests\unit\config\config_test.py#621:23511-23522>
[39092] <MergeDevicesTest> <D:\projects\pytypes2\new100\compose\tests\unit\config\config_test.py#625:23567-23583>
[39097] <config_name> <D:\projects\pytypes2\new100\compose\tests\unit\config\config_test.py#626:23635-23646>
[39105] <BuildOrImageMergeTest> <D:\projects\pytypes2\new100\compose\tests\unit\config\config_test.py#630:23691-23712>
[39109] <test_merge_build_or_image_no_override> <D:\projects\pytypes2\new100\compose\tests\unit\config\config_test.py#631:23742-23779>
[39145] <test_merge_build_or_image_override_with_same> <D:\projects\pytypes2\new100\compose\tests\unit\config\config_test.py#642:24064-24108>
[39185] <test_merge_build_or_image_override_with_other> <D:\projects\pytypes2\new100\compose\tests\unit\config\config_test.py#653:24435-24480>
[39227] <MergeListsTest> <D:\projects\pytypes2\new100\compose\tests\unit\config\config_test.py#665:24791-24805>
[39231] <test_empty> <D:\projects\pytypes2\new100\compose\tests\unit\config\config_test.py#666:24835-24845>
[39250] <test_no_override> <D:\projects\pytypes2\new100\compose\tests\unit\config\config_test.py#670:24972-24988>
[39281] <test_no_base> <D:\projects\pytypes2\new100\compose\tests\unit\config\config_test.py#677:25212-25224>
[39312] <test_add_item> <D:\projects\pytypes2\new100\compose\tests\unit\config\config_test.py#684:25448-25461>
[39349] <MergeStringsOrListsTest> <D:\projects\pytypes2\new100\compose\tests\unit\config\config_test.py#692:25716-25739>
[39353] <test_no_override> <D:\projects\pytypes2\new100\compose\tests\unit\config\config_test.py#693:25769-25785>
[39381] <test_no_base> <D:\projects\pytypes2\new100\compose\tests\unit\config\config_test.py#700:25987-25999>
[39409] <test_add_string> <D:\projects\pytypes2\new100\compose\tests\unit\config\config_test.py#707:26201-26216>
[39441] <test_add_list> <D:\projects\pytypes2\new100\compose\tests\unit\config\config_test.py#714:26447-26460>
[39475] <MergeLabelsTest> <D:\projects\pytypes2\new100\compose\tests\unit\config\config_test.py#722:26691-26706>
[39479] <test_empty> <D:\projects\pytypes2\new100\compose\tests\unit\config\config_test.py#723:26736-26746>
[39498] <test_no_override> <D:\projects\pytypes2\new100\compose\tests\unit\config\config_test.py#727:26874-26890>
[39539] <test_no_base> <D:\projects\pytypes2\new100\compose\tests\unit\config\config_test.py#734:27205-27217>
[39577] <test_override_explicit_value> <D:\projects\pytypes2\new100\compose\tests\unit\config\config_test.py#741:27514-27542>
[39621] <test_add_explicit_value> <D:\projects\pytypes2\new100\compose\tests\unit\config\config_test.py#748:27878-27901>
[39665] <test_remove_explicit_value> <D:\projects\pytypes2\new100\compose\tests\unit\config\config_test.py#755:28238-28264>
[39711] <MemoryOptionsTest> <D:\projects\pytypes2\new100\compose\tests\unit\config\config_test.py#763:28600-28617>
[39715] <test_validation_fails_with_just_memswap_limit> <D:\projects\pytypes2\new100\compose\tests\unit\config\config_test.py#764:28647-28692>
[39749] <test_validation_with_correct_memswap_values> <D:\projects\pytypes2\new100\compose\tests\unit\config\config_test.py#784:29421-29464>
[39783] <test_memswap_can_be_a_string> <D:\projects\pytypes2\new100\compose\tests\unit\config\config_test.py#794:29819-29847>
[39819] <EnvTest> <D:\projects\pytypes2\new100\compose\tests\unit\config\config_test.py#805:30197-30204>
[39823] <test_parse_environment_as_list> <D:\projects\pytypes2\new100\compose\tests\unit\config\config_test.py#806:30234-30264>
[39850] <test_parse_environment_as_dict> <D:\projects\pytypes2\new100\compose\tests\unit\config\config_test.py#817:30584-30614>
[39873] <test_parse_environment_invalid> <D:\projects\pytypes2\new100\compose\tests\unit\config\config_test.py#825:30853-30883>
[39891] <test_parse_environment_empty> <D:\projects\pytypes2\new100\compose\tests\unit\config\config_test.py#829:31000-31028>
[39905] <test_resolve_environment> <D:\projects\pytypes2\new100\compose\tests\unit\config\config_test.py#833:31143-31167>
[39964] <test_env_from_file> <D:\projects\pytypes2\new100\compose\tests\unit\config\config_test.py#856:31833-31851>
[39996] <test_env_from_multiple_files> <D:\projects\pytypes2\new100\compose\tests\unit\config\config_test.py#867:32178-32206>
[40032] <test_env_nonexistent_file> <D:\projects\pytypes2\new100\compose\tests\unit\config\config_test.py#878:32560-32585>
[40054] <test_resolve_environment_from_file> <D:\projects\pytypes2\new100\compose\tests\unit\config\config_test.py#886:32839-32873>
[40107] <test_resolve_path> <D:\projects\pytypes2\new100\compose\tests\unit\config\config_test.py#902:33450-33467>
[40193] <load_from_filename> <D:\projects\pytypes2\new100\compose\tests\unit\config\config_test.py#925:34248-34266>
[40209] <ExtendsTest> <D:\projects\pytypes2\new100\compose\tests\unit\config\config_test.py#929:34343-34354>
[40213] <test_extends> <D:\projects\pytypes2\new100\compose\tests\unit\config\config_test.py#930:34384-34396>
[40258] <test_nested> <D:\projects\pytypes2\new100\compose\tests\unit\config\config_test.py#952:35053-35064>
[40287] <test_self_referencing_file> <D:\projects\pytypes2\new100\compose\tests\unit\config\config_test.py#967:35484-35510>
[40342] <test_circular> <D:\projects\pytypes2\new100\compose\tests\unit\config\config_test.py#995:36373-36386>
[40387] <test_extends_validation_empty_dictionary> <D:\projects\pytypes2\new100\compose\tests\unit\config\config_test.py#1009:36942-36982>
[40416] <test_extends_validation_missing_service_key> <D:\projects\pytypes2\new100\compose\tests\unit\config\config_test.py#1021:37369-37412>
[40447] <test_extends_validation_invalid_key> <D:\projects\pytypes2\new100\compose\tests\unit\config\config_test.py#1033:37844-37879>
[40485] <test_extends_validation_sub_property_key> <D:\projects\pytypes2\new100\compose\tests\unit\config\config_test.py#1056:38716-38756>
[40521] <test_extends_validation_no_file_key_no_filename_set> <D:\projects\pytypes2\new100\compose\tests\unit\config\config_test.py#1078:39545-39596>
[40550] <test_extends_validation_valid_config> <D:\projects\pytypes2\new100\compose\tests\unit\config\config_test.py#1086:39872-39908>
[40604] <test_extended_service_with_invalid_config> <D:\projects\pytypes2\new100\compose\tests\unit\config\config_test.py#1101:40393-40434>
[40624] <test_extended_service_with_valid_config> <D:\projects\pytypes2\new100\compose\tests\unit\config\config_test.py#1107:40720-40759>
[40644] <test_extends_file_defaults_to_self> <D:\projects\pytypes2\new100\compose\tests\unit\config\config_test.py#1111:40940-40974>
[40686] <test_invalid_links_in_extended_service> <D:\projects\pytypes2\new100\compose\tests\unit\config\config_test.py#1135:41728-41766>
[40706] <test_invalid_volumes_from_in_extended_service> <D:\projects\pytypes2\new100\compose\tests\unit\config\config_test.py#1140:42013-42058>
[40726] <test_invalid_net_in_extended_service> <D:\projects\pytypes2\new100\compose\tests\unit\config\config_test.py#1146:42316-42352>
[40746] <test_valid_interpolation_in_extended_service> <D:\projects\pytypes2\new100\compose\tests\unit\config\config_test.py#1153:42642-42686>
[40780] <test_volume_path> <D:\projects\pytypes2\new100\compose\tests\unit\config\config_test.py#1164:43122-43138>
[40825] <test_parent_build_path_dne> <D:\projects\pytypes2\new100\compose\tests\unit\config\config_test.py#1174:43499-43525>
[40854] <test_load_throws_error_when_base_service_does_not_exist> <D:\projects\pytypes2\new100\compose\tests\unit\config\config_test.py#1189:43948-44003>
[40874] <test_partial_service_config_in_extends_is_still_valid> <D:\projects\pytypes2\new100\compose\tests\unit\config\config_test.py#1194:44251-44304>
[40896] <test_extended_service_with_verbose_and_shorthand_way> <D:\projects\pytypes2\new100\compose\tests\unit\config\config_test.py#1198:44474-44526>
[40949] <ExpandPathTest> <D:\projects\pytypes2\new100\compose\tests\unit\config\config_test.py#1220:45254-45268>
[40953] <working_dir> <D:\projects\pytypes2\new100\compose\tests\unit\config\config_test.py#1221:45294-45305>
[40956] <test_expand_path_normal> <D:\projects\pytypes2\new100\compose\tests\unit\config\config_test.py#1223:45340-45363>
[40983] <test_expand_path_absolute> <D:\projects\pytypes2\new100\compose\tests\unit\config\config_test.py#1227:45516-45541>
[41007] <test_expand_path_with_tilde> <D:\projects\pytypes2\new100\compose\tests\unit\config\config_test.py#1232:45720-45747>
[41057] <VolumePathTest> <D:\projects\pytypes2\new100\compose\tests\unit\config\config_test.py#1241:46051-46065>
[41061] <test_split_path_mapping_with_windows_path> <D:\projects\pytypes2\new100\compose\tests\unit\config\config_test.py#1244:46180-46221>
[41089] <BuildPathTest> <D:\projects\pytypes2\new100\compose\tests\unit\config\config_test.py#1257:46695-46708>
[41093] <setUp> <D:\projects\pytypes2\new100\compose\tests\unit\config\config_test.py#1258:46738-46743>
[41112] <test_nonexistent_path> <D:\projects\pytypes2\new100\compose\tests\unit\config\config_test.py#1261:46849-46870>
[41138] <test_relative_path> <D:\projects\pytypes2\new100\compose\tests\unit\config\config_test.py#1273:47223-47241>
[41166] <test_absolute_path> <D:\projects\pytypes2\new100\compose\tests\unit\config\config_test.py#1282:47556-47574>
[41193] <test_from_file> <D:\projects\pytypes2\new100\compose\tests\unit\config\config_test.py#1290:47844-47858>
[41218] <GetDefaultConfigFilesTestCase> <D:\projects\pytypes2\new100\compose\tests\unit\config\config_test.py#1295:48060-48089>
[41222] <files> <D:\projects\pytypes2\new100\compose\tests\unit\config\config_test.py#1297:48117-48122>
[41229] <test_get_config_path_default_file_in_basedir> <D:\projects\pytypes2\new100\compose\tests\unit\config\config_test.py#1304:48249-48293>
[41271] <test_get_config_path_default_file_in_parent_dir> <D:\projects\pytypes2\new100\compose\tests\unit\config\config_test.py#1312:48601-48648>
[41327] <get_config_filename_for_files> <D:\projects\pytypes2\new100\compose\tests\unit\config\config_test.py#1324:49069-49098>
[41502] <config> <D:\projects\pytypes2\new100\compose\tests\unit\config\__init__.py#-1:0-0>
[42079] <container_test> <D:\projects\pytypes2\new100\compose\tests\unit\container_test.py#1:0-0>
[41503] <__future__> <D:\projects\pytypes2\new100\compose\tests\unit\container_test.py#1:5-15>
[41516] <compose> <D:\projects\pytypes2\new100\compose\tests\unit\container_test.py#7:111-118>
[41521] <compose> <D:\projects\pytypes2\new100\compose\tests\unit\container_test.py#8:152-159>
[41526] <ContainerTest> <D:\projects\pytypes2\new100\compose\tests\unit\container_test.py#11:207-220>
[41530] <setUp> <D:\projects\pytypes2\new100\compose\tests\unit\container_test.py#13:252-257>
[41572] <test_from_ps> <D:\projects\pytypes2\new100\compose\tests\unit\container_test.py#36:1002-1014>
[41602] <test_from_ps_prefixed> <D:\projects\pytypes2\new100\compose\tests\unit\container_test.py#48:1415-1436>
[41649] <test_environment> <D:\projects\pytypes2\new100\compose\tests\unit\container_test.py#60:1896-1912>
[41681] <test_number> <D:\projects\pytypes2\new100\compose\tests\unit\container_test.py#75:2301-2312>
[41703] <test_name> <D:\projects\pytypes2\new100\compose\tests\unit\container_test.py#79:2461-2470>
[41727] <test_name_without_project> <D:\projects\pytypes2\new100\compose\tests\unit\container_test.py#85:2720-2745>
[41756] <test_name_without_project_custom_container_name> <D:\projects\pytypes2\new100\compose\tests\unit\container_test.py#90:2974-3021>
[41785] <test_inspect_if_not_inspected> <D:\projects\pytypes2\new100\compose\tests\unit\container_test.py#95:3276-3305>
[41857] <test_human_readable_ports_none> <D:\projects\pytypes2\new100\compose\tests\unit\container_test.py#108:3859-3889>
[41879] <test_human_readable_ports_public_and_private> <D:\projects\pytypes2\new100\compose\tests\unit\container_test.py#112:4053-4097>
[41925] <test_get_local_port> <D:\projects\pytypes2\new100\compose\tests\unit\container_test.py#122:4507-4526>
[41970] <test_get> <D:\projects\pytypes2\new100\compose\tests\unit\container_test.py#132:4899-4907>
[42023] <GetContainerNameTestCase> <D:\projects\pytypes2\new100\compose\tests\unit\container_test.py#145:5354-5378>
[42027] <test_get_container_name> <D:\projects\pytypes2\new100\compose\tests\unit\container_test.py#147:5410-5433>
[42332] <interpolation_test> <D:\projects\pytypes2\new100\compose\tests\unit\interpolation_test.py#1:0-0>
[42090] <unittest> <D:\projects\pytypes2\new100\compose\tests\unit\interpolation_test.py#1:7-15>
[42093] <compose> <D:\projects\pytypes2\new100\compose\tests\unit\interpolation_test.py#3:24-31>
[42094] <config> <D:\projects\pytypes2\new100\compose\tests\unit\interpolation_test.py#3:32-38>
[42095] <interpolation> <D:\projects\pytypes2\new100\compose\tests\unit\interpolation_test.py#3:39-52>
[42100] <compose> <D:\projects\pytypes2\new100\compose\tests\unit\interpolation_test.py#4:93-100>
[42101] <config> <D:\projects\pytypes2\new100\compose\tests\unit\interpolation_test.py#4:101-107>
[42102] <interpolation> <D:\projects\pytypes2\new100\compose\tests\unit\interpolation_test.py#4:108-121>
[42106] <compose> <D:\projects\pytypes2\new100\compose\tests\unit\interpolation_test.py#5:147-154>
[42107] <config> <D:\projects\pytypes2\new100\compose\tests\unit\interpolation_test.py#5:155-161>
[42108] <interpolation> <D:\projects\pytypes2\new100\compose\tests\unit\interpolation_test.py#5:162-175>
[42112] <InterpolationTest> <D:\projects\pytypes2\new100\compose\tests\unit\interpolation_test.py#8:215-232>
[42116] <test_valid_interpolations> <D:\projects\pytypes2\new100\compose\tests\unit\interpolation_test.py#9:262-287>
[42185] <test_empty_value> <D:\projects\pytypes2\new100\compose\tests\unit\interpolation_test.py#17:735-751>
[42202] <test_unset_value> <D:\projects\pytypes2\new100\compose\tests\unit\interpolation_test.py#20:839-855>
[42217] <test_escaped_interpolation> <D:\projects\pytypes2\new100\compose\tests\unit\interpolation_test.py#23:937-963>
[42234] <test_invalid_strings> <D:\projects\pytypes2\new100\compose\tests\unit\interpolation_test.py#26:1060-1080>
[42500] <multiplexer_test> <D:\projects\pytypes2\new100\compose\tests\unit\multiplexer_test.py#1:0-0>
[42338] <unittest> <D:\projects\pytypes2\new100\compose\tests\unit\multiplexer_test.py#1:7-15>
[42341] <compose> <D:\projects\pytypes2\new100\compose\tests\unit\multiplexer_test.py#3:24-31>
[42342] <cli> <D:\projects\pytypes2\new100\compose\tests\unit\multiplexer_test.py#3:32-35>
[42343] <multiplexer> <D:\projects\pytypes2\new100\compose\tests\unit\multiplexer_test.py#3:36-47>
[42347] <MultiplexerTest> <D:\projects\pytypes2\new100\compose\tests\unit\multiplexer_test.py#6:78-93>
[42351] <test_no_iterators> <D:\projects\pytypes2\new100\compose\tests\unit\multiplexer_test.py#7:123-140>
[42372] <test_empty_iterators> <D:\projects\pytypes2\new100\compose\tests\unit\multiplexer_test.py#11:238-258>
[42403] <test_aggregates_output> <D:\projects\pytypes2\new100\compose\tests\unit\multiplexer_test.py#19:428-450>
[42448] <test_exception> <D:\projects\pytypes2\new100\compose\tests\unit\multiplexer_test.py#30:696-710>
[42611] <progress_stream_test> <D:\projects\pytypes2\new100\compose\tests\unit\progress_stream_test.py#1:0-0>
[42506] <__future__> <D:\projects\pytypes2\new100\compose\tests\unit\progress_stream_test.py#1:5-15>
[42510] <__future__> <D:\projects\pytypes2\new100\compose\tests\unit\progress_stream_test.py#2:45-55>
[42518] <compose> <D:\projects\pytypes2\new100\compose\tests\unit\progress_stream_test.py#6:116-123>
[42522] <tests> <D:\projects\pytypes2\new100\compose\tests\unit\progress_stream_test.py#7:153-158>
[42526] <ProgressStreamTestCase> <D:\projects\pytypes2\new100\compose\tests\unit\progress_stream_test.py#10:186-208>
[42530] <test_stream_output> <D:\projects\pytypes2\new100\compose\tests\unit\progress_stream_test.py#11:238-256>
[42556] <test_stream_output_div_zero> <D:\projects\pytypes2\new100\compose\tests\unit\progress_stream_test.py#20:593-620>
[42582] <test_stream_output_null_total> <D:\projects\pytypes2\new100\compose\tests\unit\progress_stream_test.py#29:943-972>
[43638] <project_test> <D:\projects\pytypes2\new100\compose\tests\unit\project_test.py#1:0-0>
[42617] <__future__> <D:\projects\pytypes2\new100\compose\tests\unit\project_test.py#1:5-15>
[42630] <compose> <D:\projects\pytypes2\new100\compose\tests\unit\project_test.py#7:111-118>
[42631] <const> <D:\projects\pytypes2\new100\compose\tests\unit\project_test.py#7:119-124>
[42635] <compose> <D:\projects\pytypes2\new100\compose\tests\unit\project_test.py#8:152-159>
[42640] <compose> <D:\projects\pytypes2\new100\compose\tests\unit\project_test.py#9:193-200>
[42645] <compose> <D:\projects\pytypes2\new100\compose\tests\unit\project_test.py#10:230-237>
[42650] <ProjectTest> <D:\projects\pytypes2\new100\compose\tests\unit\project_test.py#13:272-283>
[42654] <setUp> <D:\projects\pytypes2\new100\compose\tests\unit\project_test.py#14:313-318>
[42669] <test_from_dict> <D:\projects\pytypes2\new100\compose\tests\unit\project_test.py#17:401-415>
[42758] <test_from_dict_sorts_in_dependency_order> <D:\projects\pytypes2\new100\compose\tests\unit\project_test.py#34:1077-1117>
[42833] <test_from_config> <D:\projects\pytypes2\new100\compose\tests\unit\project_test.py#57:1828-1844>
[42925] <test_get_service> <D:\projects\pytypes2\new100\compose\tests\unit\project_test.py#75:2531-2547>
[42958] <test_get_services_returns_all_services_without_args> <D:\projects\pytypes2\new100\compose\tests\unit\project_test.py#85:2832-2883>
[43002] <test_get_services_returns_listed_services_with_args> <D:\projects\pytypes2\new100\compose\tests\unit\project_test.py#99:3277-3328>
[43047] <test_get_services_with_include_links> <D:\projects\pytypes2\new100\compose\tests\unit\project_test.py#113:3728-3764>
[43128] <test_get_services_removes_duplicates_following_links> <D:\projects\pytypes2\new100\compose\tests\unit\project_test.py#142:4557-4609>
[43182] <test_use_volumes_from_container> <D:\projects\pytypes2\new100\compose\tests\unit\project_test.py#160:5090-5121>
[43242] <test_use_volumes_from_service_no_container> <D:\projects\pytypes2\new100\compose\tests\unit\project_test.py#173:5636-5678>
[43309] <test_use_volumes_from_service_container> <D:\projects\pytypes2\new100\compose\tests\unit\project_test.py#197:6478-6517>
[43375] <test_net_unset> <D:\projects\pytypes2\new100\compose\tests\unit\project_test.py#216:7165-7179>
[43423] <test_use_net_from_container> <D:\projects\pytypes2\new100\compose\tests\unit\project_test.py#227:7559-7586>
[43485] <test_use_net_from_service> <D:\projects\pytypes2\new100\compose\tests\unit\project_test.py#241:8121-8146>
[43554] <test_container_without_name> <D:\projects\pytypes2\new100\compose\tests\unit\project_test.py#266:8921-8948>
[46605] <service_test> <D:\projects\pytypes2\new100\compose\tests\unit\service_test.py#1:0-0>
[43644] <__future__> <D:\projects\pytypes2\new100\compose\tests\unit\service_test.py#1:5-15>
[43648] <__future__> <D:\projects\pytypes2\new100\compose\tests\unit\service_test.py#2:45-55>
[43664] <compose> <D:\projects\pytypes2\new100\compose\tests\unit\service_test.py#9:166-173>
[43665] <const> <D:\projects\pytypes2\new100\compose\tests\unit\service_test.py#9:174-179>
[43669] <compose> <D:\projects\pytypes2\new100\compose\tests\unit\service_test.py#10:213-220>
[43670] <const> <D:\projects\pytypes2\new100\compose\tests\unit\service_test.py#10:221-226>
[43674] <compose> <D:\projects\pytypes2\new100\compose\tests\unit\service_test.py#11:258-265>
[43675] <const> <D:\projects\pytypes2\new100\compose\tests\unit\service_test.py#11:266-271>
[43679] <compose> <D:\projects\pytypes2\new100\compose\tests\unit\service_test.py#12:299-306>
[43680] <const> <D:\projects\pytypes2\new100\compose\tests\unit\service_test.py#12:307-312>
[43684] <compose> <D:\projects\pytypes2\new100\compose\tests\unit\service_test.py#13:340-347>
[43685] <const> <D:\projects\pytypes2\new100\compose\tests\unit\service_test.py#13:348-353>
[43689] <compose> <D:\projects\pytypes2\new100\compose\tests\unit\service_test.py#14:381-388>
[43694] <compose> <D:\projects\pytypes2\new100\compose\tests\unit\service_test.py#15:422-429>
[43699] <compose> <D:\projects\pytypes2\new100\compose\tests\unit\service_test.py#16:472-479>
[43704] <compose> <D:\projects\pytypes2\new100\compose\tests\unit\service_test.py#17:513-520>
[43709] <compose> <D:\projects\pytypes2\new100\compose\tests\unit\service_test.py#18:555-562>
[43714] <compose> <D:\projects\pytypes2\new100\compose\tests\unit\service_test.py#19:611-618>
[43719] <compose> <D:\projects\pytypes2\new100\compose\tests\unit\service_test.py#20:662-669>
[43724] <compose> <D:\projects\pytypes2\new100\compose\tests\unit\service_test.py#21:707-714>
[43729] <compose> <D:\projects\pytypes2\new100\compose\tests\unit\service_test.py#22:740-747>
[43734] <compose> <D:\projects\pytypes2\new100\compose\tests\unit\service_test.py#23:786-793>
[43739] <compose> <D:\projects\pytypes2\new100\compose\tests\unit\service_test.py#24:836-843>
[43744] <compose> <D:\projects\pytypes2\new100\compose\tests\unit\service_test.py#25:883-890>
[43749] <compose> <D:\projects\pytypes2\new100\compose\tests\unit\service_test.py#26:920-927>
[43754] <compose> <D:\projects\pytypes2\new100\compose\tests\unit\service_test.py#27:960-967>
[43759] <ServiceTest> <D:\projects\pytypes2\new100\compose\tests\unit\service_test.py#30:1009-1020>
[43763] <setUp> <D:\projects\pytypes2\new100\compose\tests\unit\service_test.py#32:1052-1057>
[43778] <test_project_validation> <D:\projects\pytypes2\new100\compose\tests\unit\service_test.py#35:1140-1163>
[43807] <test_containers> <D:\projects\pytypes2\new100\compose\tests\unit\service_test.py#40:1342-1357>
[43843] <test_containers_with_containers> <D:\projects\pytypes2\new100\compose\tests\unit\service_test.py#45:1566-1597>
[43935] <test_container_without_name> <D:\projects\pytypes2\new100\compose\tests\unit\service_test.py#62:2230-2257>
[44017] <test_get_volumes_from_container> <D:\projects\pytypes2\new100\compose\tests\unit\service_test.py#74:2767-2798>
[44057] <test_get_volumes_from_container_read_only> <D:\projects\pytypes2\new100\compose\tests\unit\service_test.py#83:3104-3145>
[44097] <test_get_volumes_from_service_container_exists> <D:\projects\pytypes2\new100\compose\tests\unit\service_test.py#92:3451-3497>
[44159] <test_get_volumes_from_service_container_exists_with_flags> <D:\projects\pytypes2\new100\compose\tests\unit\service_test.py#103:3967-4024>
[44238] <test_get_volumes_from_service_no_container> <D:\projects\pytypes2\new100\compose\tests\unit\service_test.py#115:4604-4646>
[44306] <test_split_domainname_none> <D:\projects\pytypes2\new100\compose\tests\unit\service_test.py#127:5174-5200>
[44352] <test_memory_swap_limit> <D:\projects\pytypes2\new100\compose\tests\unit\service_test.py#133:5509-5531>
[44438] <test_cgroup_parent> <D:\projects\pytypes2\new100\compose\tests\unit\service_test.py#149:6181-6199>
[44505] <test_log_opt> <D:\projects\pytypes2\new100\compose\tests\unit\service_test.py#161:6681-6693>
[44585] <test_split_domainname_fqdn> <D:\projects\pytypes2\new100\compose\tests\unit\service_test.py#174:7320-7346>
[44632] <test_split_domainname_both> <D:\projects\pytypes2\new100\compose\tests\unit\service_test.py#184:7731-7757>
[44681] <test_split_domainname_weird> <D:\projects\pytypes2\new100\compose\tests\unit\service_test.py#195:8169-8196>
[44730] <test_no_default_hostname_when_not_using_networking> <D:\projects\pytypes2\new100\compose\tests\unit\service_test.py#206:8616-8666>
[44767] <test_hostname_defaults_to_service_name_when_using_networking> <D:\projects\pytypes2\new100\compose\tests\unit\service_test.py#216:8967-9027>
[44803] <test_get_container_create_options_with_name_option> <D:\projects\pytypes2\new100\compose\tests\unit\service_test.py#226:9329-9379>
[44844] <test_get_container_create_options_does_not_mutate_options> <D:\projects\pytypes2\new100\compose\tests\unit\service_test.py#239:9750-9807>
[44956] <test_get_container_not_found> <D:\projects\pytypes2\new100\compose\tests\unit\service_test.py#273:10902-10930>
[44989] <test_get_container> <D:\projects\pytypes2\new100\compose\tests\unit\service_test.py#280:11201-11219>
[45051] <test_pull_image> <D:\projects\pytypes2\new100\compose\tests\unit\service_test.py#291:11754-11769>
[45094] <test_pull_image_no_tag> <D:\projects\pytypes2\new100\compose\tests\unit\service_test.py#300:12129-12151>
[45128] <test_pull_image_digest> <D:\projects\pytypes2\new100\compose\tests\unit\service_test.py#309:12456-12478>
[45171] <test_recreate_container> <D:\projects\pytypes2\new100\compose\tests\unit\service_test.py#319:12911-12934>
[45254] <test_recreate_container_with_timeout> <D:\projects\pytypes2\new100\compose\tests\unit\service_test.py#334:13613-13649>
[45305] <test_parse_repository_tag> <D:\projects\pytypes2\new100\compose\tests\unit\service_test.py#342:14008-14033>
[45417] <test_create_container_latest_is_used_when_no_tag_specified> <D:\projects\pytypes2\new100\compose\tests\unit\service_test.py#355:14976-15034>
[45498] <test_create_container_with_build> <D:\projects\pytypes2\new100\compose\tests\unit\service_test.py#371:15569-15601>
[45556] <test_create_container_no_build> <D:\projects\pytypes2\new100\compose\tests\unit\service_test.py#381:15943-15973>
[45599] <test_create_container_no_build_but_needs_build> <D:\projects\pytypes2\new100\compose\tests\unit\service_test.py#388:16221-16267>
[45640] <test_build_does_not_pull> <D:\projects\pytypes2\new100\compose\tests\unit\service_test.py#395:16530-16554>
[45699] <test_config_dict> <D:\projects\pytypes2\new100\compose\tests\unit\service_test.py#406:16923-16939>
[45778] <test_config_dict_with_net_from_container> <D:\projects\pytypes2\new100\compose\tests\unit\service_test.py#426:17634-17674>
[45848] <NetTestCase> <D:\projects\pytypes2\new100\compose\tests\unit\service_test.py#448:18332-18343>
[45852] <test_net> <D:\projects\pytypes2\new100\compose\tests\unit\service_test.py#450:18375-18383>
[45887] <test_net_container> <D:\projects\pytypes2\new100\compose\tests\unit\service_test.py#456:18565-18583>
[45931] <test_net_service> <D:\projects\pytypes2\new100\compose\tests\unit\service_test.py#463:18863-18879>
[46006] <test_net_service_no_containers> <D:\projects\pytypes2\new100\compose\tests\unit\service_test.py#478:19428-19458>
[46070] <mock_get_image> <D:\projects\pytypes2\new100\compose\tests\unit\service_test.py#491:19867-19881>
[46083] <ServiceVolumesTest> <D:\projects\pytypes2\new100\compose\tests\unit\service_test.py#498:19989-20007>
[46087] <setUp> <D:\projects\pytypes2\new100\compose\tests\unit\service_test.py#500:20039-20044>
[46102] <test_parse_volume_spec_only_one_path> <D:\projects\pytypes2\new100\compose\tests\unit\service_test.py#503:20127-20163>
[46120] <test_parse_volume_spec_internal_and_external> <D:\projects\pytypes2\new100\compose\tests\unit\service_test.py#507:20292-20336>
[46139] <test_parse_volume_spec_with_mode> <D:\projects\pytypes2\new100\compose\tests\unit\service_test.py#511:20474-20506>
[46173] <test_parse_volume_spec_too_many_parts> <D:\projects\pytypes2\new100\compose\tests\unit\service_test.py#518:20769-20806>
[46189] <test_parse_volume_windows_absolute_path> <D:\projects\pytypes2\new100\compose\tests\unit\service_test.py#523:21007-21046>
[46211] <test_build_volume_binding> <D:\projects\pytypes2\new100\compose\tests\unit\service_test.py#537:21427-21452>
[46231] <test_get_container_data_volumes> <D:\projects\pytypes2\new100\compose\tests\unit\service_test.py#541:21621-21652>
[46298] <test_merge_volume_bindings> <D:\projects\pytypes2\new100\compose\tests\unit\service_test.py#573:22729-22755>
[46361] <test_mount_same_host_path_to_two_volumes> <D:\projects\pytypes2\new100\compose\tests\unit\service_test.py#599:23606-23646>
[46427] <test_different_host_path_in_container_json> <D:\projects\pytypes2\new100\compose\tests\unit\service_test.py#630:24439-24481>
[46515] <test_create_with_special_volume_mode> <D:\projects\pytypes2\new100\compose\tests\unit\service_test.py#666:25489-25525>
[47340] <sort_service_test> <D:\projects\pytypes2\new100\compose\tests\unit\sort_service_test.py#1:0-0>
[46624] <compose> <D:\projects\pytypes2\new100\compose\tests\unit\sort_service_test.py#2:30-37>
[46629] <compose> <D:\projects\pytypes2\new100\compose\tests\unit\sort_service_test.py#3:75-82>
[46634] <SortServiceTest> <D:\projects\pytypes2\new100\compose\tests\unit\sort_service_test.py#6:128-143>
[46638] <test_sort_service_dicts_1> <D:\projects\pytypes2\new100\compose\tests\unit\sort_service_test.py#7:173-198>
[46704] <test_sort_service_dicts_2> <D:\projects\pytypes2\new100\compose\tests\unit\sort_service_test.py#27:772-797>
[46774] <test_sort_service_dicts_3> <D:\projects\pytypes2\new100\compose\tests\unit\sort_service_test.py#48:1426-1451>
[46843] <test_sort_service_dicts_4> <D:\projects\pytypes2\new100\compose\tests\unit\sort_service_test.py#69:2082-2107>
[46912] <test_sort_service_dicts_5> <D:\projects\pytypes2\new100\compose\tests\unit\sort_service_test.py#90:2745-2770>
[46980] <test_sort_service_dicts_6> <D:\projects\pytypes2\new100\compose\tests\unit\sort_service_test.py#111:3406-3431>
[47049] <test_sort_service_dicts_7> <D:\projects\pytypes2\new100\compose\tests\unit\sort_service_test.py#132:4068-4093>
[47134] <test_sort_service_dicts_circular_imports> <D:\projects\pytypes2\new100\compose\tests\unit\sort_service_test.py#158:4871-4911>
[47186] <test_sort_service_dicts_circular_imports_2> <D:\projects\pytypes2\new100\compose\tests\unit\sort_service_test.py#178:5420-5462>
[47242] <test_sort_service_dicts_circular_imports_3> <D:\projects\pytypes2\new100\compose\tests\unit\sort_service_test.py#201:6049-6091>
[47300] <test_sort_service_dicts_self_imports> <D:\projects\pytypes2\new100\compose\tests\unit\sort_service_test.py#225:6674-6710>
[47536] <split_buffer_test> <D:\projects\pytypes2\new100\compose\tests\unit\split_buffer_test.py#1:0-0>
[47346] <__future__> <D:\projects\pytypes2\new100\compose\tests\unit\split_buffer_test.py#1:5-15>
[47350] <__future__> <D:\projects\pytypes2\new100\compose\tests\unit\split_buffer_test.py#2:45-55>
[47357] <compose> <D:\projects\pytypes2\new100\compose\tests\unit\split_buffer_test.py#5:113-120>
[47358] <utils> <D:\projects\pytypes2\new100\compose\tests\unit\split_buffer_test.py#5:121-126>
[47362] <SplitBufferTest> <D:\projects\pytypes2\new100\compose\tests\unit\split_buffer_test.py#8:158-173>
[47366] <test_single_line_chunks> <D:\projects\pytypes2\new100\compose\tests\unit\split_buffer_test.py#9:203-226>
[47392] <test_no_end_separator> <D:\projects\pytypes2\new100\compose\tests\unit\split_buffer_test.py#17:421-442>
[47418] <test_multiple_line_chunk> <D:\projects\pytypes2\new100\compose\tests\unit\split_buffer_test.py#25:633-657>
[47438] <test_chunked_line> <D:\projects\pytypes2\new100\compose\tests\unit\split_buffer_test.py#31:802-819>
[47469] <test_preserves_unicode_sequences_within_lines> <D:\projects\pytypes2\new100\compose\tests\unit\split_buffer_test.py#41:1038-1083>
[47494] <assert_produces> <D:\projects\pytypes2\new100\compose\tests\unit\split_buffer_test.py#49:1251-1266>
[47596] <utils_test> <D:\projects\pytypes2\new100\compose\tests\unit\utils_test.py#1:0-0>
[47545] <compose> <D:\projects\pytypes2\new100\compose\tests\unit\utils_test.py#2:30-37>
[47549] <JsonSplitterTestCase> <D:\projects\pytypes2\new100\compose\tests\unit\utils_test.py#5:62-82>
[47553] <test_json_splitter_no_object> <D:\projects\pytypes2\new100\compose\tests\unit\utils_test.py#7:114-142>
[47571] <test_json_splitter_with_object> <D:\projects\pytypes2\new100\compose\tests\unit\utils_test.py#11:259-289>
[47602] <unit> <D:\projects\pytypes2\new100\compose\tests\unit\__init__.py#-1:0-0>
[662] <self> <D:\software\python\Lib\__future__.py#95:3428-3431>
[652] <self> <D:\software\python\Lib\__future__.py#88:3208-3211>
[672] <self> <D:\software\python\Lib\__future__.py#103:3726-3729>
[11647] <self> <D:\projects\pytypes2\new100\compose\compose\config\errors.py#5:110-113>
[41682] <self> <D:\projects\pytypes2\new100\compose\tests\unit\container_test.py#75:2313-2316>
[41683] <container> <D:\projects\pytypes2\new100\compose\tests\unit\container_test.py#76:2329-2338>
[39750] <self> <D:\projects\pytypes2\new100\compose\tests\unit\config\config_test.py#784:29465-29468>
[37120] <contents> <D:\projects\pytypes2\new100\compose\tests\unit\config\config_test.py#33:779-782>
[37121] <working_dir> <D:\projects\pytypes2\new100\compose\tests\unit\config\config_test.py#33:789-792>
[37122] <filename> <D:\projects\pytypes2\new100\compose\tests\unit\config\config_test.py#33:802-805>
[39751] <service_dict> <D:\projects\pytypes2\new100\compose\tests\unit\config\config_test.py#785:29481-29493>
[42834] <self> <D:\projects\pytypes2\new100\compose\tests\unit\project_test.py#57:1845-1848>
[42835] <dicts> <D:\projects\pytypes2\new100\compose\tests\unit\project_test.py#58:1861-1866>
[42848] <project> <D:\projects\pytypes2\new100\compose\tests\unit\project_test.py#68:2104-2111>
[44957] <self> <D:\projects\pytypes2\new100\compose\tests\unit\service_test.py#273:10931-10934>
[44967] <service> <D:\projects\pytypes2\new100\compose\tests\unit\service_test.py#275:11002-11009>
[36588] <self> <D:\projects\pytypes2\new100\compose\tests\unit\cli_test.py#65:2396-2399>
[36589] <command> <D:\projects\pytypes2\new100\compose\tests\unit\cli_test.py#66:2412-2419>
[38077] <self> <D:\projects\pytypes2\new100\compose\tests\unit\config\config_test.py#381:13927-13930>
[38078] <mock_logging> <D:\projects\pytypes2\new100\compose\tests\unit\config\config_test.py#381:13933-13936>
[38079] <expected_warning_msg> <D:\projects\pytypes2\new100\compose\tests\unit\config\config_test.py#382:13957-13977>
[11637] <self> <D:\projects\pytypes2\new100\compose\compose\config\errors.py#2:55-58>
[11638] <msg> <D:\projects\pytypes2\new100\compose\compose\config\errors.py#2:61-64>
[11640] <msg> <D:\projects\pytypes2\new100\compose\compose\config\errors.py#3:81-84>
[46639] <self> <D:\projects\pytypes2\new100\compose\tests\unit\sort_service_test.py#7:199-202>
[46640] <services> <D:\projects\pytypes2\new100\compose\tests\unit\sort_service_test.py#8:215-223>
[46655] <sorted_services> <D:\projects\pytypes2\new100\compose\tests\unit\sort_service_test.py#21:476-491>
[38129] <self> <D:\projects\pytypes2\new100\compose\tests\unit\config\config_test.py#397:14548-14551>
[38130] <expected_error_msg> <D:\projects\pytypes2\new100\compose\tests\unit\config\config_test.py#398:14564-14582>
[44731] <self> <D:\projects\pytypes2\new100\compose\tests\unit\service_test.py#206:8667-8670>
[44732] <service> <D:\projects\pytypes2\new100\compose\tests\unit\service_test.py#207:8683-8690>
[44745] <opts> <D:\projects\pytypes2\new100\compose\tests\unit\service_test.py#213:8841-8845>
[37083] <name> <D:\projects\pytypes2\new100\compose\tests\unit\config\config_test.py#18:361-364>
[37084] <service_dict> <D:\projects\pytypes2\new100\compose\tests\unit\config\config_test.py#18:367-370>
[37085] <working_dir> <D:\projects\pytypes2\new100\compose\tests\unit\config\config_test.py#18:381-384>
[37086] <filename> <D:\projects\pytypes2\new100\compose\tests\unit\config\config_test.py#18:394-397>
[37218] <self> <D:\projects\pytypes2\new100\compose\tests\unit\config\config_test.py#77:2103-2106>
[37219] <invalid_name> <D:\projects\pytypes2\new100\compose\tests\unit\config\config_test.py#79:2180-2192>
[37695] <self> <D:\projects\pytypes2\new100\compose\tests\unit\config\config_test.py#229:7798-7801>
[37696] <expected_error_msg> <D:\projects\pytypes2\new100\compose\tests\unit\config\config_test.py#230:7814-7832>
[44439] <self> <D:\projects\pytypes2\new100\compose\tests\unit\service_test.py#149:6200-6203>
[44449] <service> <D:\projects\pytypes2\new100\compose\tests\unit\service_test.py#152:6281-6288>
[42235] <self> <D:\projects\pytypes2\new100\compose\tests\unit\interpolation_test.py#26:1081-1084>
[29408] <self> <D:\projects\pytypes2\new100\compose\tests\integration\service_test.py#437:17882-17885>
[24477] <self> <D:\projects\pytypes2\new100\compose\tests\integration\testcases.py#38:1166-1169>
[24478] <name> <D:\projects\pytypes2\new100\compose\tests\integration\testcases.py#38:1172-1175>
[24610] <e> <D:\projects\pytypes2\new100\compose\tests\integration\testcases.py#38:1175-1176>
[24504] <links> <D:\projects\pytypes2\new100\compose\tests\integration\testcases.py#45:1389-1394>
[24511] <volumes_from> <D:\projects\pytypes2\new100\compose\tests\integration\testcases.py#46:1432-1444>
[24518] <net> <D:\projects\pytypes2\new100\compose\tests\integration\testcases.py#47:1489-1492>
[24525] <workaround_options> <D:\projects\pytypes2\new100\compose\tests\integration\testcases.py#49:1530-1548>
[24531] <key> <D:\projects\pytypes2\new100\compose\tests\integration\testcases.py#50:1597-1600>
[4976] <root_logger> <D:\projects\pytypes2\new100\compose\compose\cli\main.py#86:2760-2771>
[21302] <self> <D:\projects\pytypes2\new100\compose\tests\integration\legacy_test.py#20:574-577>
[26798] <self> <D:\projects\pytypes2\new100\compose\tests\integration\project_test.py#384:14439-14442>
[21780] <self> <D:\projects\pytypes2\new100\compose\tests\integration\legacy_test.py#145:4744-4747>
[21751] <self> <D:\projects\pytypes2\new100\compose\tests\integration\legacy_test.py#137:4501-4504>
[21777] <f> <D:\projects\pytypes2\new100\compose\tests\integration\legacy_test.py#137:4504-4505>
[21766] <s> <D:\projects\pytypes2\new100\compose\tests\integration\legacy_test.py#141:4647-4648>
[30855] <self> <D:\projects\pytypes2\new100\compose\tests\integration\service_test.py#725:29882-29885>
[34533] <self> <D:\projects\pytypes2\new100\compose\tests\integration\state_test.py#229:7326-7329>
[38853] <self> <D:\projects\pytypes2\new100\compose\tests\unit\config\config_test.py#580:21814-21817>
[38854] <service_dict> <D:\projects\pytypes2\new100\compose\tests\unit\config\config_test.py#581:21830-21842>
[38847] <self> <D:\projects\pytypes2\new100\compose\tests\unit\config\config_test.py#577:21766-21769>
[28930] <self> <D:\projects\pytypes2\new100\compose\tests\integration\service_test.py#328:13831-13834>
[22159] <loader> <D:\software\python\Lib\unittest\__init__.py#79:3320-3323>
[22160] <tests> <D:\software\python\Lib\unittest\__init__.py#79:3328-3331>
[22161] <pattern> <D:\software\python\Lib\unittest\__init__.py#79:3335-3338>
[22166] <this_dir> <D:\software\python\Lib\unittest\__init__.py#82:3423-3431>
[24740] <service_config> <D:\projects\pytypes2\new100\compose\tests\integration\project_test.py#12:363-366>
[43844] <self> <D:\projects\pytypes2\new100\compose\tests\unit\service_test.py#45:1598-1601>
[43862] <i> <D:\projects\pytypes2\new100\compose\tests\unit\service_test.py#47:1713-1714>
[43869] <service> <D:\projects\pytypes2\new100\compose\tests\unit\service_test.py#49:1747-1754>
[43886] <c> <D:\projects\pytypes2\new100\compose\tests\unit\service_test.py#50:1851-1852>
[43900] <expected_labels> <D:\projects\pytypes2\new100\compose\tests\unit\service_test.py#52:1906-1921>
[36068] <self> <D:\projects\pytypes2\new100\compose\tests\unit\cli\main_test.py#65:2273-2276>
[36069] <options> <D:\projects\pytypes2\new100\compose\tests\unit\cli\main_test.py#66:2289-2296>
[6197] <options> <D:\projects\pytypes2\new100\compose\compose\cli\main.py#622:22623-22626>
[6198] <no_recreate> <D:\projects\pytypes2\new100\compose\compose\cli\main.py#623:22638-22649>
[6203] <force_recreate> <D:\projects\pytypes2\new100\compose\compose\cli\main.py#624:22682-22696>
[36438] <self> <D:\projects\pytypes2\new100\compose\tests\unit\cli_test.py#34:1113-1116>
[36439] <base_dir> <D:\projects\pytypes2\new100\compose\tests\unit\cli_test.py#35:1129-1137>
[36442] <project_name> <D:\projects\pytypes2\new100\compose\tests\unit\cli_test.py#36:1179-1191>
[37791] <self> <D:\projects\pytypes2\new100\compose\tests\unit\config\config_test.py#268:9396-9399>
[37792] <expected_error_msg> <D:\projects\pytypes2\new100\compose\tests\unit\config\config_test.py#269:9412-9430>
[30917] <self> <D:\projects\pytypes2\new100\compose\tests\integration\service_test.py#735:30362-30365>
[37922] <self> <D:\projects\pytypes2\new100\compose\tests\unit\config\config_test.py#317:11454-11457>
[37923] <expected_error_msg> <D:\projects\pytypes2\new100\compose\tests\unit\config\config_test.py#318:11470-11488>
[42759] <self> <D:\projects\pytypes2\new100\compose\tests\unit\project_test.py#34:1118-1121>
[42760] <project> <D:\projects\pytypes2\new100\compose\tests\unit\project_test.py#35:1134-1141>
[31000] <self> <D:\projects\pytypes2\new100\compose\tests\integration\service_test.py#750:31004-31007>
[21800] <self> <D:\projects\pytypes2\new100\compose\tests\integration\legacy_test.py#148:4883-4886>
[41786] <self> <D:\projects\pytypes2\new100\compose\tests\unit\container_test.py#95:3306-3309>
[41787] <mock_client> <D:\projects\pytypes2\new100\compose\tests\unit\container_test.py#96:3322-3333>
[41796] <container> <D:\projects\pytypes2\new100\compose\tests\unit\container_test.py#97:3381-3390>
[31092] <self> <D:\projects\pytypes2\new100\compose\tests\integration\service_test.py#765:31737-31740>
[39784] <self> <D:\projects\pytypes2\new100\compose\tests\unit\config\config_test.py#794:29848-29851>
[39785] <service_dict> <D:\projects\pytypes2\new100\compose\tests\unit\config\config_test.py#795:29864-29876>
[5479] <self> <D:\projects\pytypes2\new100\compose\compose\cli\main.py#289:10031-10034>
[5480] <project> <D:\projects\pytypes2\new100\compose\compose\cli\main.py#289:10037-10040>
[5481] <options> <D:\projects\pytypes2\new100\compose\compose\cli\main.py#289:10046-10049>
[35607] <self> <D:\projects\pytypes2\new100\compose\tests\unit\cli\log_printer_test.py#38:1039-1042>
[35554] <self> <D:\projects\pytypes2\new100\compose\tests\unit\cli\log_printer_test.py#25:605-608>
[35555] <monochrome> <D:\projects\pytypes2\new100\compose\tests\unit\cli\log_printer_test.py#25:611-614>
[35557] <reader> <D:\projects\pytypes2\new100\compose\tests\unit\cli\log_printer_test.py#26:643-649>
[35524] <reader> <D:\projects\pytypes2\new100\compose\tests\unit\cli\log_printer_test.py#13:306-309>
[35565] <container> <D:\projects\pytypes2\new100\compose\tests\unit\cli\log_printer_test.py#28:712-721>
[35777] <containers> <D:\projects\pytypes2\new100\compose\tests\unit\cli\log_printer_test.py#84:2458-2461>
[35778] <monochrome> <D:\projects\pytypes2\new100\compose\tests\unit\cli\log_printer_test.py#84:2470-2473>
[35780] <output> <D:\projects\pytypes2\new100\compose\tests\unit\cli\log_printer_test.py#85:2494-2500>
[2696] <self> <D:\projects\pytypes2\new100\compose\compose\cli\log_printer.py#16:373-376>
[2697] <containers> <D:\projects\pytypes2\new100\compose\compose\cli\log_printer.py#16:379-382>
[2698] <output> <D:\projects\pytypes2\new100\compose\compose\cli\log_printer.py#16:391-394>
[2699] <monochrome> <D:\projects\pytypes2\new100\compose\compose\cli\log_printer.py#16:410-413>
[2705] <containers> <D:\projects\pytypes2\new100\compose\compose\cli\log_printer.py#17:443-453>
[4000] <stream> <D:\projects\pytypes2\new100\compose\compose\utils.py#83:2155-2158>
[2710] <output> <D:\projects\pytypes2\new100\compose\compose\cli\log_printer.py#18:481-487>
[2719] <monochrome> <D:\projects\pytypes2\new100\compose\compose\cli\log_printer.py#19:536-546>
[2726] <self> <D:\projects\pytypes2\new100\compose\compose\cli\log_printer.py#21:575-578>
[2851] <containers> <D:\projects\pytypes2\new100\compose\compose\cli\log_printer.py#49:1546-1549>
[2860] <container> <D:\projects\pytypes2\new100\compose\compose\cli\log_printer.py#56:1781-1790>
[2734] <prefix_width> <D:\projects\pytypes2\new100\compose\compose\cli\log_printer.py#25:646-658>
[2773] <self> <D:\projects\pytypes2\new100\compose\compose\cli\log_printer.py#30:900-903>
[2774] <monochrome> <D:\projects\pytypes2\new100\compose\compose\cli\log_printer.py#30:906-909>
[2775] <prefix_width> <D:\projects\pytypes2\new100\compose\compose\cli\log_printer.py#30:918-921>
[2776] <no_color> <D:\projects\pytypes2\new100\compose\compose\cli\log_printer.py#31:946-954>
[2783] <color_funcs> <D:\projects\pytypes2\new100\compose\compose\cli\log_printer.py#35:1026-1037>
[2790] <color_funcs> <D:\projects\pytypes2\new100\compose\compose\cli\log_printer.py#37:1086-1097>
[2869] <container> <D:\projects\pytypes2\new100\compose\compose\cli\log_printer.py#59:1833-1836>
[2809] <generator_func> <D:\projects\pytypes2\new100\compose\compose\cli\log_printer.py#40:1212-1226>
[2836] <container> <D:\projects\pytypes2\new100\compose\compose\cli\log_printer.py#45:1425-1428>
[2837] <prefix_width> <D:\projects\pytypes2\new100\compose\compose\cli\log_printer.py#45:1436-1439>
[2814] <prefix> <D:\projects\pytypes2\new100\compose\compose\cli\log_printer.py#41:1271-1277>
[2907] <container> <D:\projects\pytypes2\new100\compose\compose\cli\log_printer.py#75:2325-2328>
[2908] <prefix> <D:\projects\pytypes2\new100\compose\compose\cli\log_printer.py#75:2336-2339>
[2909] <color_func> <D:\projects\pytypes2\new100\compose\compose\cli\log_printer.py#75:2344-2347>
[2910] <stream> <D:\projects\pytypes2\new100\compose\compose\cli\log_printer.py#77:2423-2429>
[4087] <stream> <D:\projects\pytypes2\new100\compose\compose\utils.py#109:2862-2865>
[4088] <splitter> <D:\projects\pytypes2\new100\compose\compose\utils.py#109:2870-2873>
[4089] <decoder> <D:\projects\pytypes2\new100\compose\compose\utils.py#109:2885-2888>
[4096] <splitter> <D:\projects\pytypes2\new100\compose\compose\utils.py#117:3213-3221>
[4101] <buffered> <D:\projects\pytypes2\new100\compose\compose\utils.py#118:3255-3263>
[4019] <stream> <D:\projects\pytypes2\new100\compose\compose\utils.py#89:2274-2277>
[4022] <data> <D:\projects\pytypes2\new100\compose\compose\utils.py#96:2515-2519>
[4031] <data> <D:\projects\pytypes2\new100\compose\compose\utils.py#98:2593-2597>
[4108] <data> <D:\projects\pytypes2\new100\compose\compose\utils.py#120:3295-3299>
[4112] <buffered> <D:\projects\pytypes2\new100\compose\compose\utils.py#121:3336-3344>
[4048] <buffer> <D:\projects\pytypes2\new100\compose\compose\utils.py#102:2664-2667>
[4049] <separator> <D:\projects\pytypes2\new100\compose\compose\utils.py#102:2672-2675>
[4051] <index> <D:\projects\pytypes2\new100\compose\compose\utils.py#103:2695-2700>
[4129] <buffered> <D:\projects\pytypes2\new100\compose\compose\utils.py#127:3483-3491>
[4090] <a> <D:\projects\pytypes2\new100\compose\compose\utils.py#109:2900-2903>
[2924] <line_generator> <D:\projects\pytypes2\new100\compose\compose\cli\log_printer.py#78:2505-2519>
[2929] <line> <D:\projects\pytypes2\new100\compose\compose\cli\log_printer.py#80:2554-2558>
[2948] <container> <D:\projects\pytypes2\new100\compose\compose\cli\log_printer.py#85:2676-2679>
[2949] <exit_code> <D:\projects\pytypes2\new100\compose\compose\cli\log_printer.py#86:2693-2702>
[2741] <generators> <D:\projects\pytypes2\new100\compose\compose\cli\log_printer.py#26:702-712>
[3092] <self> <D:\projects\pytypes2\new100\compose\compose\cli\multiplexer.py#22:451-454>
[3093] <iterators> <D:\projects\pytypes2\new100\compose\compose\cli\multiplexer.py#22:457-460>
[3095] <iterators> <D:\projects\pytypes2\new100\compose\compose\cli\multiplexer.py#23:483-492>
[3100] <_num_running> <D:\projects\pytypes2\new100\compose\compose\cli\multiplexer.py#24:519-531>
[3107] <queue> <D:\projects\pytypes2\new100\compose\compose\cli\multiplexer.py#25:563-568>
[3115] <self> <D:\projects\pytypes2\new100\compose\compose\cli\multiplexer.py#27:595-598>
[3170] <self> <D:\projects\pytypes2\new100\compose\compose\cli\multiplexer.py#47:1173-1176>
[3171] <iterator> <D:\projects\pytypes2\new100\compose\compose\cli\multiplexer.py#48:1193-1201>
[3175] <t> <D:\projects\pytypes2\new100\compose\compose\cli\multiplexer.py#49:1234-1235>
[3126] <item> <D:\projects\pytypes2\new100\compose\compose\cli\multiplexer.py#32:707-711>
[3127] <exception> <D:\projects\pytypes2\new100\compose\compose\cli\multiplexer.py#32:713-722>
[3146] <_num_running> <D:\projects\pytypes2\new100\compose\compose\cli\multiplexer.py#38:885-897>
[2753] <line> <D:\projects\pytypes2\new100\compose\compose\cli\log_printer.py#27:791-795>
[35570] <output> <D:\projects\pytypes2\new100\compose\tests\unit\cli\log_printer_test.py#29:762-768>
[35608] <output> <D:\projects\pytypes2\new100\compose\tests\unit\cli\log_printer_test.py#39:1055-1061>
[42218] <self> <D:\projects\pytypes2\new100\compose\tests\unit\interpolation_test.py#23:964-967>
[11929] <self> <D:\projects\pytypes2\new100\compose\compose\config\interpolation.py#71:2067-2070>
[11949] <f> <D:\projects\pytypes2\new100\compose\compose\config\interpolation.py#71:2070-2071>
[11943] <missing_keys> <D:\projects\pytypes2\new100\compose\compose\config\interpolation.py#73:2170-2182>
[11909] <string> <D:\projects\pytypes2\new100\compose\compose\config\interpolation.py#63:1865-1868>
[11910] <mapping> <D:\projects\pytypes2\new100\compose\compose\config\interpolation.py#63:1873-1876>
[40417] <self> <D:\projects\pytypes2\new100\compose\tests\unit\config\config_test.py#1021:37413-37416>
[34834] <self> <D:\projects\pytypes2\new100\compose\tests\integration\state_test.py#288:9522-9525>
[31749] <self> <D:\projects\pytypes2\new100\compose\tests\integration\service_test.py#882:37245-37248>
[31900] <self> <D:\projects\pytypes2\new100\compose\tests\integration\service_test.py#916:38603-38606>
[35737] <self> <D:\projects\pytypes2\new100\compose\tests\unit\cli\log_printer_test.py#69:2022-2025>
[35738] <mock_container> <D:\projects\pytypes2\new100\compose\tests\unit\cli\log_printer_test.py#70:2038-2052>
[35759] <output> <D:\projects\pytypes2\new100\compose\tests\unit\cli\log_printer_test.py#77:2259-2265>
[44990] <self> <D:\projects\pytypes2\new100\compose\tests\unit\service_test.py#280:11220-11223>
[44991] <mock_container_class> <D:\projects\pytypes2\new100\compose\tests\unit\service_test.py#280:11226-11229>
[44992] <container_dict> <D:\projects\pytypes2\new100\compose\tests\unit\service_test.py#281:11258-11272>
[45008] <service> <D:\projects\pytypes2\new100\compose\tests\unit\service_test.py#283:11380-11387>
[45019] <container> <D:\projects\pytypes2\new100\compose\tests\unit\service_test.py#285:11454-11463>
[6262] <project> <D:\projects\pytypes2\new100\compose\compose\cli\main.py#643:23274-23277>
[6263] <log_printer> <D:\projects\pytypes2\new100\compose\compose\cli\main.py#643:23283-23286>
[6264] <service_names> <D:\projects\pytypes2\new100\compose\compose\cli\main.py#643:23296-23299>
[6265] <timeout> <D:\projects\pytypes2\new100\compose\compose\cli\main.py#643:23311-23314>
[6326] <containers> <D:\projects\pytypes2\new100\compose\compose\cli\main.py#657:23770-23773>
[6333] <c> <D:\projects\pytypes2\new100\compose\compose\cli\main.py#658:23816-23817>
[6281] <handler> <D:\projects\pytypes2\new100\compose\compose\cli\main.py#648:23453-23460>
[5249] <self> <D:\projects\pytypes2\new100\compose\compose\cli\main.py#208:7395-7398>
[5250] <project> <D:\projects\pytypes2\new100\compose\compose\cli\main.py#208:7401-7404>
[5251] <options> <D:\projects\pytypes2\new100\compose\compose\cli\main.py#208:7410-7413>
[5254] <containers> <D:\projects\pytypes2\new100\compose\compose\cli\main.py#217:7611-7621>
[5266] <monochrome> <D:\projects\pytypes2\new100\compose\compose\cli\main.py#219:7702-7712>
[3204] <iterator> <D:\projects\pytypes2\new100\compose\compose\cli\multiplexer.py#54:1375-1378>
[3205] <queue> <D:\projects\pytypes2\new100\compose\compose\cli\multiplexer.py#54:1385-1388>
[3206] <item> <D:\projects\pytypes2\new100\compose\compose\cli\multiplexer.py#56:1416-1420>
[44845] <self> <D:\projects\pytypes2\new100\compose\tests\unit\service_test.py#239:9808-9811>
[44846] <labels> <D:\projects\pytypes2\new100\compose\tests\unit\service_test.py#240:9824-9830>
[44851] <environment> <D:\projects\pytypes2\new100\compose\tests\unit\service_test.py#241:9860-9871>
[44856] <service> <D:\projects\pytypes2\new100\compose\tests\unit\service_test.py#242:9900-9907>
[44886] <prev_container> <D:\projects\pytypes2\new100\compose\tests\unit\service_test.py#250:10171-10185>
[44898] <opts> <D:\projects\pytypes2\new100\compose\tests\unit\service_test.py#254:10287-10291>
[39666] <self> <D:\projects\pytypes2\new100\compose\tests\unit\config\config_test.py#755:28265-28268>
[39667] <service_dict> <D:\projects\pytypes2\new100\compose\tests\unit\config\config_test.py#756:28281-28293>
[41167] <self> <D:\projects\pytypes2\new100\compose\tests\unit\config\config_test.py#1282:47575-47578>
[41168] <service_dict> <D:\projects\pytypes2\new100\compose\tests\unit\config\config_test.py#1283:47591-47603>
[25601] <self> <D:\projects\pytypes2\new100\compose\tests\integration\project_test.py#196:6772-6775>
[36234] <self> <D:\projects\pytypes2\new100\compose\tests\unit\cli\verbose_proxy_test.py#21:558-561>
[36235] <expected> <D:\projects\pytypes2\new100\compose\tests\unit\cli\verbose_proxy_test.py#22:574-582>
[9600] <result> <D:\projects\pytypes2\new100\compose\compose\cli\verbose_proxy.py#15:323-326>
[9601] <max_lines> <D:\projects\pytypes2\new100\compose\compose\cli\verbose_proxy.py#15:331-334>
[9625] <lines> <D:\projects\pytypes2\new100\compose\compose\cli\verbose_proxy.py#20:500-505>
[9636] <extra> <D:\projects\pytypes2\new100\compose\compose\cli\verbose_proxy.py#21:552-557>
[36238] <actual> <D:\projects\pytypes2\new100\compose\tests\unit\cli\verbose_proxy_test.py#23:617-623>
[40108] <self> <D:\projects\pytypes2\new100\compose\tests\unit\config\config_test.py#902:33468-33471>
[40123] <service_dict> <D:\projects\pytypes2\new100\compose\tests\unit\config\config_test.py#906:33576-33588>
[40156] <service_dict> <D:\projects\pytypes2\new100\compose\tests\unit\config\config_test.py#915:33903-33915>
[26351] <self> <D:\projects\pytypes2\new100\compose\tests\integration\project_test.py#298:11040-11043>
[5592] <self> <D:\projects\pytypes2\new100\compose\compose\cli\main.py#331:11516-11519>
[5593] <project> <D:\projects\pytypes2\new100\compose\compose\cli\main.py#331:11522-11525>
[5594] <options> <D:\projects\pytypes2\new100\compose\compose\cli\main.py#331:11531-11534>
[5597] <service> <D:\projects\pytypes2\new100\compose\compose\cli\main.py#361:13052-13059>
[5606] <detach> <D:\projects\pytypes2\new100\compose\compose\cli\main.py#363:13113-13119>
[5633] <deps> <D:\projects\pytypes2\new100\compose\compose\cli\main.py#375:13522-13526>
[5661] <tty> <D:\projects\pytypes2\new100\compose\compose\cli\main.py#384:13792-13795>
[5677] <tty> <D:\projects\pytypes2\new100\compose\compose\cli\main.py#386:13879-13882>
[5685] <command> <D:\projects\pytypes2\new100\compose\compose\cli\main.py#389:13938-13945>
[5696] <command> <D:\projects\pytypes2\new100\compose\compose\cli\main.py#391:14015-14022>
[5707] <container_options> <D:\projects\pytypes2\new100\compose\compose\cli\main.py#393:14067-14084>
[30214] <self> <D:\projects\pytypes2\new100\compose\tests\integration\service_test.py#585:24080-24083>
[39997] <self> <D:\projects\pytypes2\new100\compose\tests\unit\config\config_test.py#867:32207-32210>
[39998] <service_dict> <D:\projects\pytypes2\new100\compose\tests\unit\config\config_test.py#868:32223-32235>
[29159] <self> <D:\projects\pytypes2\new100\compose\tests\integration\service_test.py#373:15620-15623>
[34138] <self> <D:\projects\pytypes2\new100\compose\tests\integration\state_test.py#142:4480-4483>
[33581] <self> <D:\projects\pytypes2\new100\compose\tests\integration\state_test.py#19:479-482>
[33582] <cfg> <D:\projects\pytypes2\new100\compose\tests\integration\state_test.py#19:485-488>
[33614] <kwargs> <D:\projects\pytypes2\new100\compose\tests\integration\state_test.py#19:492-498>
[33617] <self> <D:\projects\pytypes2\new100\compose\tests\integration\state_test.py#26:694-697>
[33618] <cfg> <D:\projects\pytypes2\new100\compose\tests\integration\state_test.py#26:700-703>
[33619] <details> <D:\projects\pytypes2\new100\compose\tests\integration\state_test.py#27:715-722>
[33590] <project> <D:\projects\pytypes2\new100\compose\tests\integration\state_test.py#22:553-560>
[34139] <old_containers> <D:\projects\pytypes2\new100\compose\tests\integration\state_test.py#143:4496-4510>
[34159] <new_containers> <D:\projects\pytypes2\new100\compose\tests\integration\state_test.py#146:4604-4618>
[34175] <c> <D:\projects\pytypes2\new100\compose\tests\integration\state_test.py#149:4716-4717>
[6070] <self> <D:\projects\pytypes2\new100\compose\compose\cli\main.py#525:18379-18382>
[6071] <project> <D:\projects\pytypes2\new100\compose\compose\cli\main.py#525:18385-18388>
[6072] <options> <D:\projects\pytypes2\new100\compose\compose\cli\main.py#525:18394-18397>
[6086] <monochrome> <D:\projects\pytypes2\new100\compose\compose\cli\main.py#564:20480-20490>
[6091] <start_deps> <D:\projects\pytypes2\new100\compose\compose\cli\main.py#565:20524-20534>
[6097] <service_names> <D:\projects\pytypes2\new100\compose\compose\cli\main.py#566:20571-20584>
[6102] <timeout> <D:\projects\pytypes2\new100\compose\compose\cli\main.py#567:20615-20622>
[6113] <to_attach> <D:\projects\pytypes2\new100\compose\compose\cli\main.py#569:20685-20694>
[6235] <containers> <D:\projects\pytypes2\new100\compose\compose\cli\main.py#637:23053-23056>
[6236] <service_names> <D:\projects\pytypes2\new100\compose\compose\cli\main.py#637:23065-23068>
[6237] <monochrome> <D:\projects\pytypes2\new100\compose\compose\cli\main.py#637:23080-23083>
[6241] <c> <D:\projects\pytypes2\new100\compose\compose\cli\main.py#639:23145-23146>
[6239] <containers> <D:\projects\pytypes2\new100\compose\compose\cli\main.py#639:23125-23135>
[6138] <log_printer> <D:\projects\pytypes2\new100\compose\compose\cli\main.py#578:20985-20996>
[494] <code> <D:\projects\pytypes2\new100\compose\compose\cli\colors.py#20:325-328>
[35694] <self> <D:\projects\pytypes2\new100\compose\tests\unit\cli\log_printer_test.py#59:1647-1650>
[35695] <exit_status> <D:\projects\pytypes2\new100\compose\tests\unit\cli\log_printer_test.py#60:1663-1674>
[35698] <mock_container> <D:\projects\pytypes2\new100\compose\tests\unit\cli\log_printer_test.py#61:1688-1702>
[35715] <expected> <D:\projects\pytypes2\new100\compose\tests\unit\cli\log_printer_test.py#66:1838-1846>
[26468] <self> <D:\projects\pytypes2\new100\compose\tests\integration\project_test.py#313:11666-11669>
[26469] <project> <D:\projects\pytypes2\new100\compose\tests\integration\project_test.py#314:11682-11689>
[27162] <self> <D:\projects\pytypes2\new100\compose\tests\integration\resilience_test.py#33:1254-1257>
[27198] <container> <D:\projects\pytypes2\new100\compose\tests\integration\resilience_test.py#39:1489-1498>
[35896] <self> <D:\projects\pytypes2\new100\compose\tests\unit\cli\main_test.py#25:756-759>
[35868] <service> <D:\projects\pytypes2\new100\compose\tests\unit\cli\main_test.py#15:478-481>
[35869] <number> <D:\projects\pytypes2\new100\compose\tests\unit\cli\main_test.py#15:487-490>
[35897] <containers> <D:\projects\pytypes2\new100\compose\tests\unit\cli\main_test.py#26:772-782>
[35920] <service_names> <D:\projects\pytypes2\new100\compose\tests\unit\cli\main_test.py#33:1007-1020>
[35925] <log_printer> <D:\projects\pytypes2\new100\compose\tests\unit\cli\main_test.py#34:1046-1057>
[46088] <self> <D:\projects\pytypes2\new100\compose\tests\unit\service_test.py#500:20045-20048>
[46090] <mock_client> <D:\projects\pytypes2\new100\compose\tests\unit\service_test.py#501:20066-20077>
[28687] <self> <D:\projects\pytypes2\new100\compose\tests\integration\service_test.py#290:12029-12032>
[45600] <self> <D:\projects\pytypes2\new100\compose\tests\unit\service_test.py#388:16268-16271>
[45601] <service> <D:\projects\pytypes2\new100\compose\tests\unit\service_test.py#389:16284-16291>
[40957] <self> <D:\projects\pytypes2\new100\compose\tests\unit\config\config_test.py#1223:45364-45367>
[40958] <result> <D:\projects\pytypes2\new100\compose\tests\unit\config\config_test.py#1224:45380-45386>
[39578] <self> <D:\projects\pytypes2\new100\compose\tests\unit\config\config_test.py#741:27543-27546>
[39579] <service_dict> <D:\projects\pytypes2\new100\compose\tests\unit\config\config_test.py#742:27559-27571>
[45306] <self> <D:\projects\pytypes2\new100\compose\tests\unit\service_test.py#342:14034-14037>
[27991] <self> <D:\projects\pytypes2\new100\compose\tests\integration\service_test.py#133:4987-4990>
[35446] <self> <D:\projects\pytypes2\new100\compose\tests\unit\cli\docker_client_test.py#18:455-458>
[35447] <timeout> <D:\projects\pytypes2\new100\compose\tests\unit\cli\docker_client_test.py#19:471-478>
[1325] <version> <D:\projects\pytypes2\new100\compose\compose\cli\docker_client.py#15:227-230>
[1341] <kwargs> <D:\projects\pytypes2\new100\compose\compose\cli\docker_client.py#23:573-579>
[35450] <client> <D:\projects\pytypes2\new100\compose\tests\unit\cli\docker_client_test.py#21:571-577>
[41194] <self> <D:\projects\pytypes2\new100\compose\tests\unit\config\config_test.py#1290:47859-47862>
[40194] <filename> <D:\projects\pytypes2\new100\compose\tests\unit\config\config_test.py#925:34267-34270>
[41195] <service_dict> <D:\projects\pytypes2\new100\compose\tests\unit\config\config_test.py#1291:47875-47887>
[46913] <self> <D:\projects\pytypes2\new100\compose\tests\unit\sort_service_test.py#90:2771-2774>
[46914] <services> <D:\projects\pytypes2\new100\compose\tests\unit\sort_service_test.py#91:2787-2795>
[46931] <sorted_services> <D:\projects\pytypes2\new100\compose\tests\unit\sort_service_test.py#105:3101-3116>
[40875] <self> <D:\projects\pytypes2\new100\compose\tests\unit\config\config_test.py#1194:44305-44308>
[40876] <dicts> <D:\projects\pytypes2\new100\compose\tests\unit\config\config_test.py#1195:44321-44326>
[12001] <self> <D:\projects\pytypes2\new100\compose\compose\config\interpolation.py#90:2670-2673>
[12002] <string> <D:\projects\pytypes2\new100\compose\compose\config\interpolation.py#90:2676-2679>
[12004] <string> <D:\projects\pytypes2\new100\compose\compose\config\interpolation.py#91:2699-2705>
[24613] <self> <D:\projects\pytypes2\new100\compose\tests\integration\testcases.py#74:2308-2311>
[24643] <f> <D:\projects\pytypes2\new100\compose\tests\integration\testcases.py#74:2311-2312>
[24621] <build_output> <D:\projects\pytypes2\new100\compose\tests\integration\testcases.py#76:2380-2392>
[13060] <output> <D:\projects\pytypes2\new100\compose\compose\progress_stream.py#8:100-103>
[13061] <stream> <D:\projects\pytypes2\new100\compose\compose\progress_stream.py#8:108-111>
[13062] <is_terminal> <D:\projects\pytypes2\new100\compose\compose\progress_stream.py#9:122-133>
[13073] <stream> <D:\projects\pytypes2\new100\compose\compose\progress_stream.py#10:187-193>
[13080] <all_events> <D:\projects\pytypes2\new100\compose\compose\progress_stream.py#11:233-243>
[13083] <lines> <D:\projects\pytypes2\new100\compose\compose\progress_stream.py#12:254-259>
[13086] <diff> <D:\projects\pytypes2\new100\compose\compose\progress_stream.py#13:270-274>
[4193] <stream> <D:\projects\pytypes2\new100\compose\compose\utils.py#146:4008-4011>
[4117] <item> <D:\projects\pytypes2\new100\compose\compose\utils.py#123:3387-3391>
[4118] <rest> <D:\projects\pytypes2\new100\compose\compose\utils.py#123:3393-3397>
[13089] <event> <D:\projects\pytypes2\new100\compose\compose\progress_stream.py#15:290-295>
[13108] <image_id> <D:\projects\pytypes2\new100\compose\compose\progress_stream.py#19:437-445>
[13123] <diff> <D:\projects\pytypes2\new100\compose\compose\progress_stream.py#24:574-578>
[13146] <diff> <D:\projects\pytypes2\new100\compose\compose\progress_stream.py#28:728-732>
[13201] <event> <D:\projects\pytypes2\new100\compose\compose\progress_stream.py#45:1135-1138>
[13202] <stream> <D:\projects\pytypes2\new100\compose\compose\progress_stream.py#45:1142-1145>
[13203] <is_terminal> <D:\projects\pytypes2\new100\compose\compose\progress_stream.py#45:1150-1153>
[13210] <terminator> <D:\projects\pytypes2\new100\compose\compose\progress_stream.py#49:1269-1279>
[13226] <terminator> <D:\projects\pytypes2\new100\compose\compose\progress_stream.py#54:1411-1421>
[13283] <status> <D:\projects\pytypes2\new100\compose\compose\progress_stream.py#67:1711-1717>
[13311] <detail> <D:\projects\pytypes2\new100\compose\compose\progress_stream.py#72:1896-1902>
[13316] <total> <D:\projects\pytypes2\new100\compose\compose\progress_stream.py#73:1938-1943>
[13328] <percentage> <D:\projects\pytypes2\new100\compose\compose\progress_stream.py#75:2022-2032>
[34193] <self> <D:\projects\pytypes2\new100\compose\tests\integration\state_test.py#153:4854-4857>
[34194] <old_containers> <D:\projects\pytypes2\new100\compose\tests\integration\state_test.py#154:4870-4884>
[34214] <new_containers> <D:\projects\pytypes2\new100\compose\tests\integration\state_test.py#157:4978-4992>
[36457] <self> <D:\projects\pytypes2\new100\compose\tests\unit\cli_test.py#39:1334-1337>
[36458] <name> <D:\projects\pytypes2\new100\compose\tests\unit\cli_test.py#40:1350-1354>
[36461] <project_name> <D:\projects\pytypes2\new100\compose\tests\unit\cli_test.py#41:1390-1402>
[36288] <self> <D:\projects\pytypes2\new100\compose\tests\unit\cli\verbose_proxy_test.py#31:941-944>
[36289] <actual> <D:\projects\pytypes2\new100\compose\tests\unit\cli\verbose_proxy_test.py#32:957-963>
[27098] <self> <D:\projects\pytypes2\new100\compose\tests\integration\resilience_test.py#24:873-876>
[27134] <container> <D:\projects\pytypes2\new100\compose\tests\integration\resilience_test.py#30:1109-1118>
[31654] <self> <D:\projects\pytypes2\new100\compose\tests\integration\service_test.py#864:36479-36482>
[31655] <labels_list> <D:\projects\pytypes2\new100\compose\tests\integration\service_test.py#865:36495-36506>
[41139] <self> <D:\projects\pytypes2\new100\compose\tests\unit\config\config_test.py#1273:47242-47245>
[41140] <relative_build_path> <D:\projects\pytypes2\new100\compose\tests\unit\config\config_test.py#1274:47258-47277>
[41143] <service_dict> <D:\projects\pytypes2\new100\compose\tests\unit\config\config_test.py#1275:47305-47317>
[30945] <self> <D:\projects\pytypes2\new100\compose\tests\integration\service_test.py#740:30579-30582>
[27821] <self> <D:\projects\pytypes2\new100\compose\tests\integration\service_test.py#104:3657-3660>
[16664] <self> <D:\projects\pytypes2\new100\compose\script\versions.py#51:1186-1189>
[16667] <rc> <D:\projects\pytypes2\new100\compose\script\versions.py#56:1398-1400>
[29194] <self> <D:\projects\pytypes2\new100\compose\tests\integration\service_test.py#378:15853-15856>
[39622] <self> <D:\projects\pytypes2\new100\compose\tests\unit\config\config_test.py#748:27902-27905>
[39623] <service_dict> <D:\projects\pytypes2\new100\compose\tests\unit\config\config_test.py#749:27918-27930>
[47572] <self> <D:\projects\pytypes2\new100\compose\tests\unit\utils_test.py#11:290-293>
[47573] <data> <D:\projects\pytypes2\new100\compose\tests\unit\utils_test.py#12:306-310>
[4150] <buffer> <D:\projects\pytypes2\new100\compose\compose\utils.py#134:3599-3602>
[4153] <obj> <D:\projects\pytypes2\new100\compose\compose\utils.py#139:3789-3792>
[4154] <index> <D:\projects\pytypes2\new100\compose\compose\utils.py#139:3794-3799>
[4162] <rest> <D:\projects\pytypes2\new100\compose\compose\utils.py#140:3843-3847>
[42531] <self> <D:\projects\pytypes2\new100\compose\tests\unit\progress_stream_test.py#11:257-260>
[42532] <output> <D:\projects\pytypes2\new100\compose\tests\unit\progress_stream_test.py#12:273-279>
[42536] <events> <D:\projects\pytypes2\new100\compose\tests\unit\progress_stream_test.py#17:481-487>
[46428] <self> <D:\projects\pytypes2\new100\compose\tests\unit\service_test.py#630:24482-24485>
[46429] <service> <D:\projects\pytypes2\new100\compose\tests\unit\service_test.py#631:24498-24505>
[37657] <self> <D:\projects\pytypes2\new100\compose\tests\unit\config\config_test.py#218:7387-7390>
[37658] <valid_ports> <D:\projects\pytypes2\new100\compose\tests\unit\config\config_test.py#219:7403-7414>
[37672] <ports> <D:\projects\pytypes2\new100\compose\tests\unit\config\config_test.py#220:7509-7514>
[47495] <self> <D:\projects\pytypes2\new100\compose\tests\unit\split_buffer_test.py#49:1267-1270>
[47496] <reader> <D:\projects\pytypes2\new100\compose\tests\unit\split_buffer_test.py#49:1273-1276>
[47497] <expectations> <D:\projects\pytypes2\new100\compose\tests\unit\split_buffer_test.py#49:1281-1284>
[47498] <split> <D:\projects\pytypes2\new100\compose\tests\unit\split_buffer_test.py#50:1305-1310>
[41573] <self> <D:\projects\pytypes2\new100\compose\tests\unit\container_test.py#36:1015-1018>
[41574] <container> <D:\projects\pytypes2\new100\compose\tests\unit\container_test.py#37:1031-1040>
[43129] <self> <D:\projects\pytypes2\new100\compose\tests\unit\project_test.py#142:4610-4613>
[43130] <db> <D:\projects\pytypes2\new100\compose\tests\unit\project_test.py#143:4626-4628>
[43140] <web> <D:\projects\pytypes2\new100\compose\tests\unit\project_test.py#148:4746-4749>
[43155] <project> <D:\projects\pytypes2\new100\compose\tests\unit\project_test.py#154:4906-4913>
[30522] <self> <D:\projects\pytypes2\new100\compose\tests\integration\service_test.py#651:26989-26992>
[21818] <self> <D:\projects\pytypes2\new100\compose\tests\integration\legacy_test.py#151:5002-5005>
[21836] <cm> <D:\projects\pytypes2\new100\compose\tests\integration\legacy_test.py#154:5140-5142>
[21881] <containers> <D:\projects\pytypes2\new100\compose\tests\integration\legacy_test.py#173:5652-5662>
[35947] <self> <D:\projects\pytypes2\new100\compose\tests\unit\cli\main_test.py#37:1224-1227>
[35948] <containers> <D:\projects\pytypes2\new100\compose\tests\unit\cli\main_test.py#38:1240-1250>
[35963] <service_names> <D:\projects\pytypes2\new100\compose\tests\unit\cli\main_test.py#43:1393-1406>
[35966] <log_printer> <D:\projects\pytypes2\new100\compose\tests\unit\cli\main_test.py#44:1421-1432>
[38270] <self> <D:\projects\pytypes2\new100\compose\tests\unit\config\config_test.py#450:16331-16334>
[38287] <config_details> <D:\projects\pytypes2\new100\compose\tests\unit\config\config_test.py#453:16421-16435>
[38359] <log> <D:\projects\pytypes2\new100\compose\tests\unit\config\config_test.py#465:16782-16785>
[38325] <args> <D:\projects\pytypes2\new100\compose\tests\unit\config\config_test.py#469:16930-16934>
[38318] <warnings> <D:\projects\pytypes2\new100\compose\tests\unit\config\config_test.py#469:16897-16905>
[38875] <self> <D:\projects\pytypes2\new100\compose\tests\unit\config\config_test.py#584:21968-21971>
[38876] <service_dict> <D:\projects\pytypes2\new100\compose\tests\unit\config\config_test.py#585:21984-21996>
[40747] <self> <D:\projects\pytypes2\new100\compose\tests\unit\config\config_test.py#1153:42687-42690>
[40757] <expected_interpolated_value> <D:\projects\pytypes2\new100\compose\tests\unit\config\config_test.py#1157:42781-42808>
[40760] <service_dicts> <D:\projects\pytypes2\new100\compose\tests\unit\config\config_test.py#1159:42837-42850>
[40765] <service> <D:\projects\pytypes2\new100\compose\tests\unit\config\config_test.py#1160:42935-42942>
[41704] <self> <D:\projects\pytypes2\new100\compose\tests\unit\container_test.py#79:2471-2474>
[41705] <container> <D:\projects\pytypes2\new100\compose\tests\unit\container_test.py#80:2487-2496>
[5204] <self> <D:\projects\pytypes2\new100\compose\compose\cli\main.py#185:6751-6754>
[5205] <project> <D:\projects\pytypes2\new100\compose\compose\cli\main.py#185:6757-6760>
[5206] <options> <D:\projects\pytypes2\new100\compose\compose\cli\main.py#185:6766-6769>
[5209] <handler> <D:\projects\pytypes2\new100\compose\compose\cli\main.py#191:6874-6881>
[43243] <self> <D:\projects\pytypes2\new100\compose\tests\unit\project_test.py#173:5679-5682>
[43244] <container_name> <D:\projects\pytypes2\new100\compose\tests\unit\project_test.py#174:5695-5709>
[43266] <project> <D:\projects\pytypes2\new100\compose\tests\unit\project_test.py#183:5996-6003>
[47554] <self> <D:\projects\pytypes2\new100\compose\tests\unit\utils_test.py#7:143-146>
[47555] <data> <D:\projects\pytypes2\new100\compose\tests\unit\utils_test.py#8:159-163>
[39354] <self> <D:\projects\pytypes2\new100\compose\tests\unit\config\config_test.py#693:25786-25789>
[39355] <service_dict> <D:\projects\pytypes2\new100\compose\tests\unit\config\config_test.py#694:25802-25814>
[43183] <self> <D:\projects\pytypes2\new100\compose\tests\unit\project_test.py#160:5122-5125>
[43184] <container_id> <D:\projects\pytypes2\new100\compose\tests\unit\project_test.py#161:5138-5150>
[43187] <container_dict> <D:\projects\pytypes2\new100\compose\tests\unit\project_test.py#162:5175-5189>
[43204] <project> <D:\projects\pytypes2\new100\compose\tests\unit\project_test.py#164:5309-5316>
[16696] <self> <D:\projects\pytypes2\new100\compose\script\versions.py#59:1515-1518>
[16697] <rc> <D:\projects\pytypes2\new100\compose\script\versions.py#60:1531-1533>
[30886] <self> <D:\projects\pytypes2\new100\compose\tests\integration\service_test.py#730:30122-30125>
[9703] <self> <D:\projects\pytypes2\new100\compose\compose\cli\verbose_proxy.py#38:1085-1088>
[9704] <name> <D:\projects\pytypes2\new100\compose\compose\cli\verbose_proxy.py#38:1091-1094>
[9705] <attr> <D:\projects\pytypes2\new100\compose\compose\cli\verbose_proxy.py#39:1107-1111>
[11766] <config> <D:\projects\pytypes2\new100\compose\compose\config\interpolation.py#11:189-192>
[11767] <mapping> <D:\projects\pytypes2\new100\compose\compose\config\interpolation.py#12:203-210>
[11782] <service_name> <D:\projects\pytypes2\new100\compose\compose\config\interpolation.py#16:354-366>
[11783] <service_dict> <D:\projects\pytypes2\new100\compose\compose\config\interpolation.py#16:368-380>
[11796] <service_name> <D:\projects\pytypes2\new100\compose\compose\config\interpolation.py#20:432-435>
[11797] <service_dict> <D:\projects\pytypes2\new100\compose\compose\config\interpolation.py#20:446-449>
[11798] <mapping> <D:\projects\pytypes2\new100\compose\compose\config\interpolation.py#20:460-463>
[11816] <key> <D:\projects\pytypes2\new100\compose\compose\config\interpolation.py#30:874-877>
[11817] <val> <D:\projects\pytypes2\new100\compose\compose\config\interpolation.py#30:879-882>
[11830] <service_name> <D:\projects\pytypes2\new100\compose\compose\config\interpolation.py#34:942-945>
[11831] <config_key> <D:\projects\pytypes2\new100\compose\compose\config\interpolation.py#34:956-959>
[11832] <value> <D:\projects\pytypes2\new100\compose\compose\config\interpolation.py#34:968-971>
[11833] <mapping> <D:\projects\pytypes2\new100\compose\compose\config\interpolation.py#34:975-978>
[11847] <obj> <D:\projects\pytypes2\new100\compose\compose\config\interpolation.py#49:1446-1449>
[11848] <mapping> <D:\projects\pytypes2\new100\compose\compose\config\interpolation.py#49:1451-1454>
[11872] <key> <D:\projects\pytypes2\new100\compose\compose\config\interpolation.py#55:1675-1678>
[11873] <val> <D:\projects\pytypes2\new100\compose\compose\config\interpolation.py#55:1680-1683>
[11892] <val> <D:\projects\pytypes2\new100\compose\compose\config\interpolation.py#58:1801-1804>
[34864] <self> <D:\projects\pytypes2\new100\compose\tests\integration\state_test.py#293:9749-9752>
[38219] <self> <D:\projects\pytypes2\new100\compose\tests\unit\config\config_test.py#427:15655-15658>
[38233] <service_dicts> <D:\projects\pytypes2\new100\compose\tests\unit\config\config_test.py#434:15807-15820>
[41328] <filenames> <D:\projects\pytypes2\new100\compose\tests\unit\config\config_test.py#1324:49099-49102>
[41329] <subdir> <D:\projects\pytypes2\new100\compose\tests\unit\config\config_test.py#1324:49110-49113>
[41330] <make_files> <D:\projects\pytypes2\new100\compose\tests\unit\config\config_test.py#1325:49133-49143>
[41360] <project_dir> <D:\projects\pytypes2\new100\compose\tests\unit\config\config_test.py#1330:49298-49309>
[41331] <dirname> <D:\projects\pytypes2\new100\compose\tests\unit\config\config_test.py#1325:49144-49147>
[41332] <filenames> <D:\projects\pytypes2\new100\compose\tests\unit\config\config_test.py#1325:49153-49156>
[41333] <fname> <D:\projects\pytypes2\new100\compose\tests\unit\config\config_test.py#1326:49178-49183>
[41353] <f> <D:\projects\pytypes2\new100\compose\tests\unit\config\config_test.py#1327:49259-49260>
[41372] <base_dir> <D:\projects\pytypes2\new100\compose\tests\unit\config\config_test.py#1334:49418-49426>
[41381] <base_dir> <D:\projects\pytypes2\new100\compose\tests\unit\config\config_test.py#1336:49491-49499>
[41386] <filename> <D:\projects\pytypes2\new100\compose\tests\unit\config\config_test.py#1337:49523-49531>
[39232] <self> <D:\projects\pytypes2\new100\compose\tests\unit\config\config_test.py#666:24846-24849>
[39233] <service_dict> <D:\projects\pytypes2\new100\compose\tests\unit\config\config_test.py#667:24862-24874>
[46071] <images> <D:\projects\pytypes2\new100\compose\tests\unit\service_test.py#491:19882-19885>
[29800] <self> <D:\projects\pytypes2\new100\compose\tests\integration\service_test.py#511:20776-20779>
[30601] <self> <D:\projects\pytypes2\new100\compose\tests\integration\service_test.py#671:27751-27754>
[30602] <mock_log> <D:\projects\pytypes2\new100\compose\tests\integration\service_test.py#671:27757-27760>
[38035] <self> <D:\projects\pytypes2\new100\compose\tests\unit\config\config_test.py#365:13324-13327>
[38036] <entrypoint_values> <D:\projects\pytypes2\new100\compose\tests\unit\config\config_test.py#366:13340-13357>
[38042] <entrypoint> <D:\projects\pytypes2\new100\compose\tests\unit\config\config_test.py#367:13388-13398>
[38044] <service> <D:\projects\pytypes2\new100\compose\tests\unit\config\config_test.py#368:13434-13441>
[36514] <self> <D:\projects\pytypes2\new100\compose\tests\unit\cli_test.py#51:1848-1851>
[36515] <name> <D:\projects\pytypes2\new100\compose\tests\unit\cli_test.py#52:1864-1868>
[36525] <project_name> <D:\projects\pytypes2\new100\compose\tests\unit\cli_test.py#55:1996-2008>
[29036] <self> <D:\projects\pytypes2\new100\compose\tests\integration\service_test.py#351:14637-14640>
[29037] <service> <D:\projects\pytypes2\new100\compose\tests\integration\service_test.py#352:14653-14660>
[27360] <service> <D:\projects\pytypes2\new100\compose\tests\integration\service_test.py#31:913-916>
[27376] <vice> <D:\projects\pytypes2\new100\compose\tests\integration\service_test.py#31:916-920>
[27361] <container> <D:\projects\pytypes2\new100\compose\tests\integration\service_test.py#32:948-957>
[29051] <old_container> <D:\projects\pytypes2\new100\compose\tests\integration\service_test.py#359:14847-14860>
[29073] <volume_path> <D:\projects\pytypes2\new100\compose\tests\integration\service_test.py#361:14988-14999>
[29082] <new_container> <D:\projects\pytypes2\new100\compose\tests\integration\service_test.py#363:15051-15064>
[6171] <self> <D:\projects\pytypes2\new100\compose\compose\cli\main.py#607:22255-22258>
[6172] <project> <D:\projects\pytypes2\new100\compose\compose\cli\main.py#607:22261-22264>
[6173] <options> <D:\projects\pytypes2\new100\compose\compose\cli\main.py#607:22270-22273>
[7840] <scope> <D:\projects\pytypes2\new100\compose\compose\cli\utils.py#59:1512-1515>
[7841] <versioninfo> <D:\projects\pytypes2\new100\compose\compose\cli\utils.py#60:1525-1536>
[25220] <self> <D:\projects\pytypes2\new100\compose\tests\integration\project_test.py#148:4722-4725>
[42028] <self> <D:\projects\pytypes2\new100\compose\tests\unit\container_test.py#147:5434-5437>
[25693] <self> <D:\projects\pytypes2\new100\compose\tests\integration\project_test.py#208:7271-7274>
[24405] <cls> <D:\projects\pytypes2\new100\compose\tests\integration\testcases.py#25:690-693>
[24407] <client> <D:\projects\pytypes2\new100\compose\tests\integration\testcases.py#26:709-715>
[29311] <self> <D:\projects\pytypes2\new100\compose\tests\integration\service_test.py#410:16894-16897>
[44018] <self> <D:\projects\pytypes2\new100\compose\tests\unit\service_test.py#74:2799-2802>
[44019] <container_id> <D:\projects\pytypes2\new100\compose\tests\unit\service_test.py#75:2815-2827>
[44022] <service> <D:\projects\pytypes2\new100\compose\tests\unit\service_test.py#76:2852-2859>
[47439] <self> <D:\projects\pytypes2\new100\compose\tests\unit\split_buffer_test.py#31:820-823>
[47440] <reader> <D:\projects\pytypes2\new100\compose\tests\unit\split_buffer_test.py#32:840-846>
[34904] <self> <D:\projects\pytypes2\new100\compose\tests\integration\state_test.py#299:10007-10010>
[44804] <self> <D:\projects\pytypes2\new100\compose\tests\unit\service_test.py#226:9380-9383>
[44805] <service> <D:\projects\pytypes2\new100\compose\tests\unit\service_test.py#227:9396-9403>
[44818] <name> <D:\projects\pytypes2\new100\compose\tests\unit\service_test.py#232:9544-9548>
[44821] <opts> <D:\projects\pytypes2\new100\compose\tests\unit\service_test.py#233:9575-9579>
[38506] <self> <D:\projects\pytypes2\new100\compose\tests\unit\config\config_test.py#513:18497-18500>
[38514] <d> <D:\projects\pytypes2\new100\compose\tests\unit\config\config_test.py#515:18563-18564>
[47301] <self> <D:\projects\pytypes2\new100\compose\tests\unit\sort_service_test.py#225:6711-6714>
[47302] <services> <D:\projects\pytypes2\new100\compose\tests\unit\sort_service_test.py#226:6727-6735>
[40826] <self> <D:\projects\pytypes2\new100\compose\tests\unit\config\config_test.py#1174:43526-43529>
[40827] <child> <D:\projects\pytypes2\new100\compose\tests\unit\config\config_test.py#1175:43542-43547>
[39282] <self> <D:\projects\pytypes2\new100\compose\tests\unit\config\config_test.py#677:25225-25228>
[39283] <service_dict> <D:\projects\pytypes2\new100\compose\tests\unit\config\config_test.py#678:25241-25253>
[27882] <self> <D:\projects\pytypes2\new100\compose\tests\integration\service_test.py#115:4151-4154>
[42583] <self> <D:\projects\pytypes2\new100\compose\tests\unit\progress_stream_test.py#29:973-976>
[42584] <output> <D:\projects\pytypes2\new100\compose\tests\unit\progress_stream_test.py#30:989-995>
[42588] <events> <D:\projects\pytypes2\new100\compose\tests\unit\progress_stream_test.py#35:1186-1192>
[504] <code> <D:\projects\pytypes2\new100\compose\compose\cli\colors.py#24:389-392>
[505] <s> <D:\projects\pytypes2\new100\compose\compose\cli\colors.py#24:395-398>
[522] <s> <D:\projects\pytypes2\new100\compose\compose\cli\colors.py#29:503-506>
[40551] <self> <D:\projects\pytypes2\new100\compose\tests\unit\config\config_test.py#1086:39909-39912>
[40552] <service> <D:\projects\pytypes2\new100\compose\tests\unit\config\config_test.py#1087:39925-39932>
[39499] <self> <D:\projects\pytypes2\new100\compose\tests\unit\config\config_test.py#727:26891-26894>
[39500] <service_dict> <D:\projects\pytypes2\new100\compose\tests\unit\config\config_test.py#728:26907-26919>
[40486] <self> <D:\projects\pytypes2\new100\compose\tests\unit\config\config_test.py#1056:38757-38760>
[40487] <expected_error_msg> <D:\projects\pytypes2\new100\compose\tests\unit\config\config_test.py#1057:38773-38791>
[36611] <self> <D:\projects\pytypes2\new100\compose\tests\unit\cli_test.py#70:2558-2561>
[36627] <ctx> <D:\projects\pytypes2\new100\compose\tests\unit\cli_test.py#71:2612-2615>
[37853] <self> <D:\projects\pytypes2\new100\compose\tests\unit\config\config_test.py#292:10344-10347>
[37854] <expected_error_msg> <D:\projects\pytypes2\new100\compose\tests\unit\config\config_test.py#293:10360-10378>
[37857] <expected_error_msg> <D:\projects\pytypes2\new100\compose\tests\unit\config\config_test.py#294:10445-10463>
[37954] <self> <D:\projects\pytypes2\new100\compose\tests\unit\config\config_test.py#332:12049-12052>
[37955] <expected_error_msg> <D:\projects\pytypes2\new100\compose\tests\unit\config\config_test.py#333:12065-12083>
[34488] <self> <D:\projects\pytypes2\new100\compose\tests\integration\state_test.py#222:7007-7010>
[38607] <self> <D:\projects\pytypes2\new100\compose\tests\unit\config\config_test.py#535:19486-19489>
[38608] <d> <D:\projects\pytypes2\new100\compose\tests\unit\config\config_test.py#536:19502-19503>
[34311] <service> <D:\projects\pytypes2\new100\compose\tests\integration\state_test.py#182:5687-5690>
[34312] <strategy> <D:\projects\pytypes2\new100\compose\tests\integration\state_test.py#183:5710-5713>
[34313] <do_build> <D:\projects\pytypes2\new100\compose\tests\integration\state_test.py#184:5762-5765>
[34320] <plan> <D:\projects\pytypes2\new100\compose\tests\integration\state_test.py#186:5855-5859>
[5051] <name> <D:\projects\pytypes2\new100\compose\compose\cli\main.py#104:3343-3346>
[5052] <source> <D:\projects\pytypes2\new100\compose\compose\cli\main.py#104:3349-3352>
[5053] <pattern> <D:\projects\pytypes2\new100\compose\compose\cli\main.py#105:3363-3370>
[5075] <s> <D:\projects\pytypes2\new100\compose\compose\cli\main.py#107:3522-3523>
[5976] <self> <D:\projects\pytypes2\new100\compose\compose\cli\main.py#481:17015-17018>
[5977] <project> <D:\projects\pytypes2\new100\compose\compose\cli\main.py#481:17021-17024>
[5978] <options> <D:\projects\pytypes2\new100\compose\compose\cli\main.py#481:17030-17033>
[29676] <self> <D:\projects\pytypes2\new100\compose\tests\integration\service_test.py#493:20002-20005>
[29677] <base_dir> <D:\projects\pytypes2\new100\compose\tests\integration\service_test.py#494:20018-20026>
[29710] <f> <D:\projects\pytypes2\new100\compose\tests\integration\service_test.py#497:20165-20166>
[29735] <f> <D:\projects\pytypes2\new100\compose\tests\integration\service_test.py#500:20290-20291>
[47470] <self> <D:\projects\pytypes2\new100\compose\tests\unit\split_buffer_test.py#41:1084-1087>
[47471] <string> <D:\projects\pytypes2\new100\compose\tests\unit\split_buffer_test.py#42:1100-1106>
[47474] <reader> <D:\projects\pytypes2\new100\compose\tests\unit\split_buffer_test.py#44:1138-1144>
[39824] <self> <D:\projects\pytypes2\new100\compose\tests\unit\config\config_test.py#806:30265-30268>
[39825] <environment> <D:\projects\pytypes2\new100\compose\tests\unit\config\config_test.py#807:30281-30292>
[28215] <self> <D:\projects\pytypes2\new100\compose\tests\integration\service_test.py#185:7450-7453>
[28216] <read_only> <D:\projects\pytypes2\new100\compose\tests\integration\service_test.py#186:7466-7475>
[39410] <self> <D:\projects\pytypes2\new100\compose\tests\unit\config\config_test.py#707:26217-26220>
[39411] <service_dict> <D:\projects\pytypes2\new100\compose\tests\unit\config\config_test.py#708:26233-26245>
[40605] <self> <D:\projects\pytypes2\new100\compose\tests\unit\config\config_test.py#1101:40435-40438>
[40606] <expected_error_msg> <D:\projects\pytypes2\new100\compose\tests\unit\config\config_test.py#1102:40451-40469>
[34574] <self> <D:\projects\pytypes2\new100\compose\tests\integration\state_test.py#236:7642-7645>
[34575] <repo> <D:\projects\pytypes2\new100\compose\tests\integration\state_test.py#237:7658-7662>
[34578] <tag> <D:\projects\pytypes2\new100\compose\tests\integration\state_test.py#238:7696-7699>
[34581] <image> <D:\projects\pytypes2\new100\compose\tests\integration\state_test.py#239:7720-7725>
[34589] <image_id> <D:\projects\pytypes2\new100\compose\tests\integration\state_test.py#241:7765-7773>
[42655] <self> <D:\projects\pytypes2\new100\compose\tests\unit\project_test.py#14:319-322>
[42657] <mock_client> <D:\projects\pytypes2\new100\compose\tests\unit\project_test.py#15:340-351>
[42203] <self> <D:\projects\pytypes2\new100\compose\tests\unit\interpolation_test.py#20:856-859>
[28259] <self> <D:\projects\pytypes2\new100\compose\tests\integration\service_test.py#192:7802-7805>
[28260] <security_opt> <D:\projects\pytypes2\new100\compose\tests\integration\service_test.py#193:7818-7830>
[548] <cs> <D:\projects\pytypes2\new100\compose\compose\cli\colors.py#37:632-634>
[563] <c> <D:\projects\pytypes2\new100\compose\compose\cli\colors.py#41:825-826>
[37194] <self> <D:\projects\pytypes2\new100\compose\tests\unit\config\config_test.py#67:1779-1782>
[39313] <self> <D:\projects\pytypes2\new100\compose\tests\unit\config\config_test.py#684:25462-25465>
[39314] <service_dict> <D:\projects\pytypes2\new100\compose\tests\unit\config\config_test.py#685:25478-25490>
[21270] <self> <D:\projects\pytypes2\new100\compose\tests\integration\legacy_test.py#12:264-267>
[21552] <self> <D:\projects\pytypes2\new100\compose\tests\integration\legacy_test.py#98:3094-3097>
[21562] <containers> <D:\projects\pytypes2\new100\compose\tests\integration\legacy_test.py#100:3160-3170>
[42670] <self> <D:\projects\pytypes2\new100\compose\tests\unit\project_test.py#17:416-419>
[42671] <project> <D:\projects\pytypes2\new100\compose\tests\unit\project_test.py#18:432-439>
[41603] <self> <D:\projects\pytypes2\new100\compose\tests\unit\container_test.py#48:1437-1440>
[41612] <n> <D:\projects\pytypes2\new100\compose\tests\unit\container_test.py#49:1509-1510>
[41621] <container> <D:\projects\pytypes2\new100\compose\tests\unit\container_test.py#51:1555-1564>
[45853] <self> <D:\projects\pytypes2\new100\compose\tests\unit\service_test.py#450:18384-18387>
[45854] <net> <D:\projects\pytypes2\new100\compose\tests\unit\service_test.py#451:18400-18403>
[44633] <self> <D:\projects\pytypes2\new100\compose\tests\unit\service_test.py#184:7758-7761>
[44634] <service> <D:\projects\pytypes2\new100\compose\tests\unit\service_test.py#185:7774-7781>
[44649] <opts> <D:\projects\pytypes2\new100\compose\tests\unit\service_test.py#191:7954-7958>
[34367] <self> <D:\projects\pytypes2\new100\compose\tests\integration\state_test.py#197:6256-6259>
[35028] <self> <D:\projects\pytypes2\new100\compose\tests\unit\cli\command_test.py#14:357-360>
[27499] <self> <D:\projects\pytypes2\new100\compose\tests\integration\service_test.py#57:1817-1820>
[43003] <self> <D:\projects\pytypes2\new100\compose\tests\unit\project_test.py#99:3329-3332>
[43004] <web> <D:\projects\pytypes2\new100\compose\tests\unit\project_test.py#100:3345-3348>
[43014] <console> <D:\projects\pytypes2\new100\compose\tests\unit\project_test.py#105:3467-3474>
[43024] <project> <D:\projects\pytypes2\new100\compose\tests\unit\project_test.py#110:3597-3604>
[43486] <self> <D:\projects\pytypes2\new100\compose\tests\unit\project_test.py#241:8147-8150>
[43487] <container_name> <D:\projects\pytypes2\new100\compose\tests\unit\project_test.py#242:8163-8177>
[43509] <project> <D:\projects\pytypes2\new100\compose\tests\unit\project_test.py#251:8464-8471>
[43532] <service> <D:\projects\pytypes2\new100\compose\tests\unit\project_test.py#263:8797-8804>
[44586] <self> <D:\projects\pytypes2\new100\compose\tests\unit\service_test.py#174:7347-7350>
[44587] <service> <D:\projects\pytypes2\new100\compose\tests\unit\service_test.py#175:7363-7370>
[44600] <opts> <D:\projects\pytypes2\new100\compose\tests\unit\service_test.py#180:7516-7520>
[27955] <self> <D:\projects\pytypes2\new100\compose\tests\integration\service_test.py#127:4725-4728>
[5116] <self> <D:\projects\pytypes2\new100\compose\compose\cli\main.py#155:5557-5560>
[5117] <options> <D:\projects\pytypes2\new100\compose\compose\cli\main.py#155:5563-5566>
[5118] <handler> <D:\projects\pytypes2\new100\compose\compose\cli\main.py#155:5572-5575>
[5119] <command_options> <D:\projects\pytypes2\new100\compose\compose\cli\main.py#155:5581-5584>
[5008] <verbose> <D:\projects\pytypes2\new100\compose\compose\cli\main.py#94:2998-3001>
[5142] <project> <D:\projects\pytypes2\new100\compose\compose\cli\main.py#163:5837-5844>
[5366] <self> <D:\projects\pytypes2\new100\compose\compose\cli\main.py#252:8844-8847>
[5367] <project> <D:\projects\pytypes2\new100\compose\compose\cli\main.py#252:8850-8853>
[5368] <options> <D:\projects\pytypes2\new100\compose\compose\cli\main.py#252:8859-8862>
[5371] <containers> <D:\projects\pytypes2\new100\compose\compose\cli\main.py#261:9030-9040>
[5403] <container> <D:\projects\pytypes2\new100\compose\compose\cli\main.py#267:9297-9306>
[5414] <headers> <D:\projects\pytypes2\new100\compose\compose\cli\main.py#270:9387-9394>
[5421] <rows> <D:\projects\pytypes2\new100\compose\compose\cli\main.py#276:9532-9536>
[5424] <container> <D:\projects\pytypes2\new100\compose\compose\cli\main.py#277:9559-9568>
[5426] <command> <D:\projects\pytypes2\new100\compose\compose\cli\main.py#278:9601-9608>
[5436] <command> <D:\projects\pytypes2\new100\compose\compose\cli\main.py#280:9704-9711>
[2594] <self> <D:\projects\pytypes2\new100\compose\compose\cli\formatter.py#18:336-339>
[2595] <headers> <D:\projects\pytypes2\new100\compose\compose\cli\formatter.py#18:342-345>
[2596] <rows> <D:\projects\pytypes2\new100\compose\compose\cli\formatter.py#18:351-354>
[2557] <tty_size> <D:\projects\pytypes2\new100\compose\compose\cli\formatter.py#10:144-152>
[2580] <_> <D:\projects\pytypes2\new100\compose\compose\cli\formatter.py#13:248-249>
[2581] <width> <D:\projects\pytypes2\new100\compose\compose\cli\formatter.py#13:251-256>
[2597] <table> <D:\projects\pytypes2\new100\compose\compose\cli\formatter.py#19:367-372>
[2610] <h> <D:\projects\pytypes2\new100\compose\compose\cli\formatter.py#20:461-462>
[45418] <self> <D:\projects\pytypes2\new100\compose\tests\unit\service_test.py#355:15035-15038>
[45419] <mock_container> <D:\projects\pytypes2\new100\compose\tests\unit\service_test.py#355:15041-15044>
[45420] <service> <D:\projects\pytypes2\new100\compose\tests\unit\service_test.py#356:15067-15074>
[45431] <images> <D:\projects\pytypes2\new100\compose\tests\unit\service_test.py#357:15145-15151>
[45434] <pull> <D:\projects\pytypes2\new100\compose\tests\unit\service_test.py#359:15172-15176>
[46232] <self> <D:\projects\pytypes2\new100\compose\tests\unit\service_test.py#541:21653-21656>
[46233] <options> <D:\projects\pytypes2\new100\compose\tests\unit\service_test.py#542:21669-21676>
[46254] <container> <D:\projects\pytypes2\new100\compose\tests\unit\service_test.py#555:22019-22028>
[46276] <expected> <D:\projects\pytypes2\new100\compose\tests\unit\service_test.py#565:22425-22433>
[46283] <binds> <D:\projects\pytypes2\new100\compose\tests\unit\service_test.py#570:22620-22625>
[38438] <self> <D:\projects\pytypes2\new100\compose\tests\unit\config\config_test.py#489:17693-17696>
[38439] <service_dict> <D:\projects\pytypes2\new100\compose\tests\unit\config\config_test.py#490:17709-17721>
[38580] <self> <D:\projects\pytypes2\new100\compose\tests\unit\config\config_test.py#531:19257-19260>
[38581] <d> <D:\projects\pytypes2\new100\compose\tests\unit\config\config_test.py#532:19273-19274>
[21480] <self> <D:\projects\pytypes2\new100\compose\tests\integration\legacy_test.py#68:2273-2276>
[21481] <client> <D:\projects\pytypes2\new100\compose\tests\integration\legacy_test.py#69:2289-2295>
[21515] <containers> <D:\projects\pytypes2\new100\compose\tests\integration\legacy_test.py#90:2852-2862>
[26622] <self> <D:\projects\pytypes2\new100\compose\tests\integration\project_test.py#348:12995-12998>
[26623] <project> <D:\projects\pytypes2\new100\compose\tests\integration\project_test.py#349:13011-13018>
[37819] <self> <D:\projects\pytypes2\new100\compose\tests\unit\config\config_test.py#279:9824-9827>
[37820] <expected_error_msg> <D:\projects\pytypes2\new100\compose\tests\unit\config\config_test.py#280:9840-9858>
[21907] <self> <D:\projects\pytypes2\new100\compose\tests\integration\legacy_test.py#176:5800-5803>
[21935] <cm> <D:\projects\pytypes2\new100\compose\tests\integration\legacy_test.py#183:6026-6028>
[21963] <cm> <D:\projects\pytypes2\new100\compose\tests\integration\legacy_test.py#188:6250-6252>
[21982] <c> <D:\projects\pytypes2\new100\compose\tests\integration\legacy_test.py#203:6634-6635>
[38807] <self> <D:\projects\pytypes2\new100\compose\tests\unit\config\config_test.py#566:21426-21429>
[38815] <d> <D:\projects\pytypes2\new100\compose\tests\unit\config\config_test.py#568:21484-21485>
[24811] <self> <D:\projects\pytypes2\new100\compose\tests\integration\project_test.py#31:910-913>
[33867] <self> <D:\projects\pytypes2\new100\compose\tests\integration\state_test.py#75:2400-2403>
[33868] <old_containers> <D:\projects\pytypes2\new100\compose\tests\integration\state_test.py#76:2416-2430>
[33904] <new_containers> <D:\projects\pytypes2\new100\compose\tests\integration\state_test.py#82:2617-2631>
[33922] <unchanged> <D:\projects\pytypes2\new100\compose\tests\integration\state_test.py#85:2717-2726>
[33936] <new> <D:\projects\pytypes2\new100\compose\tests\integration\state_test.py#88:2817-2820>
[36091] <self> <D:\projects\pytypes2\new100\compose\tests\unit\cli\main_test.py#70:2469-2472>
[36092] <options> <D:\projects\pytypes2\new100\compose\tests\unit\cli\main_test.py#71:2485-2492>
[36644] <self> <D:\projects\pytypes2\new100\compose\tests\unit\cli_test.py#76:2773-2776>
[36660] <ctx> <D:\projects\pytypes2\new100\compose\tests\unit\cli_test.py#77:2827-2830>
[41926] <self> <D:\projects\pytypes2\new100\compose\tests\unit\container_test.py#122:4527-4530>
[41946] <container> <D:\projects\pytypes2\new100\compose\tests\unit\container_test.py#126:4693-4702>
[37143] <self> <D:\projects\pytypes2\new100\compose\tests\unit\config\config_test.py#40:980-983>
[37144] <service_dicts> <D:\projects\pytypes2\new100\compose\tests\unit\config\config_test.py#41:996-1009>
[37108] <services> <D:\projects\pytypes2\new100\compose\tests\unit\config\config_test.py#29:685-688>
[38365] <self> <D:\projects\pytypes2\new100\compose\tests\unit\config\config_test.py#474:17129-17132>
[38388] <cm> <D:\projects\pytypes2\new100\compose\tests\unit\config\config_test.py#475:17198-17200>
[40033] <self> <D:\projects\pytypes2\new100\compose\tests\unit\config\config_test.py#878:32586-32589>
[40034] <options> <D:\projects\pytypes2\new100\compose\tests\unit\config\config_test.py#879:32602-32609>
[42404] <self> <D:\projects\pytypes2\new100\compose\tests\unit\multiplexer_test.py#19:451-454>
[42408] <x> <D:\projects\pytypes2\new100\compose\tests\unit\multiplexer_test.py#21:507-508>
[42416] <x> <D:\projects\pytypes2\new100\compose\tests\unit\multiplexer_test.py#22:544-545>
[42405] <mux> <D:\projects\pytypes2\new100\compose\tests\unit\multiplexer_test.py#20:467-470>
[21454] <self> <D:\projects\pytypes2\new100\compose\tests\integration\legacy_test.py#60:2036-2039>
[44307] <self> <D:\projects\pytypes2\new100\compose\tests\unit\service_test.py#127:5201-5204>
[44308] <service> <D:\projects\pytypes2\new100\compose\tests\unit\service_test.py#128:5217-5224>
[44321] <opts> <D:\projects\pytypes2\new100\compose\tests\unit\service_test.py#129:5306-5310>
[28179] <self> <D:\projects\pytypes2\new100\compose\tests\integration\service_test.py#179:7167-7170>
[44239] <self> <D:\projects\pytypes2\new100\compose\tests\unit\service_test.py#115:4647-4650>
[44240] <container_id> <D:\projects\pytypes2\new100\compose\tests\unit\service_test.py#116:4663-4675>
[44243] <from_service> <D:\projects\pytypes2\new100\compose\tests\unit\service_test.py#117:4698-4710>
[44271] <service> <D:\projects\pytypes2\new100\compose\tests\unit\service_test.py#122:4927-4934>
[41858] <self> <D:\projects\pytypes2\new100\compose\tests\unit\container_test.py#108:3890-3893>
[41859] <container> <D:\projects\pytypes2\new100\compose\tests\unit\container_test.py#109:3906-3915>
[24646] <self> <D:\projects\pytypes2\new100\compose\tests\integration\testcases.py#79:2525-2528>
[24647] <minimum> <D:\projects\pytypes2\new100\compose\tests\integration\testcases.py#79:2531-2534>
[24648] <engine> <D:\projects\pytypes2\new100\compose\tests\integration\testcases.py#81:2590-2596>
[4209] <stream> <D:\projects\pytypes2\new100\compose\compose\utils.py#154:4325-4328>
[4210] <lines> <D:\projects\pytypes2\new100\compose\compose\utils.py#154:4333-4336>
[4211] <msg_index> <D:\projects\pytypes2\new100\compose\compose\utils.py#154:4340-4343>
[4212] <msg> <D:\projects\pytypes2\new100\compose\compose\utils.py#154:4351-4354>
[4213] <status> <D:\projects\pytypes2\new100\compose\compose\utils.py#154:4356-4359>
[4217] <obj_index> <D:\projects\pytypes2\new100\compose\compose\utils.py#159:4522-4531>
[4223] <position> <D:\projects\pytypes2\new100\compose\compose\utils.py#161:4581-4589>
[4230] <diff> <D:\projects\pytypes2\new100\compose\compose\utils.py#162:4624-4628>
[4278] <diff> <D:\projects\pytypes2\new100\compose\compose\utils.py#171:4934-4938>
[27574] <self> <D:\projects\pytypes2\new100\compose\tests\integration\service_test.py#68:2313-2316>
[36260] <self> <D:\projects\pytypes2\new100\compose\tests\unit\cli\verbose_proxy_test.py#26:748-751>
[36261] <expected> <D:\projects\pytypes2\new100\compose\tests\unit\cli\verbose_proxy_test.py#27:764-772>
[36268] <actual> <D:\projects\pytypes2\new100\compose\tests\unit\cli\verbose_proxy_test.py#28:803-809>
[44682] <self> <D:\projects\pytypes2\new100\compose\tests\unit\service_test.py#195:8197-8200>
[44683] <service> <D:\projects\pytypes2\new100\compose\tests\unit\service_test.py#196:8213-8220>
[44698] <opts> <D:\projects\pytypes2\new100\compose\tests\unit\service_test.py#202:8397-8401>
[2042] <self> <D:\projects\pytypes2\new100\compose\compose\cli\errors.py#51:1400-1403>
[2043] <url> <D:\projects\pytypes2\new100\compose\compose\cli\errors.py#51:1406-1409>
[24379] <client> <D:\projects\pytypes2\new100\compose\tests\integration\testcases.py#16:451-454>
[34344] <self> <D:\projects\pytypes2\new100\compose\tests\integration\state_test.py#193:6112-6115>
[40727] <self> <D:\projects\pytypes2\new100\compose\tests\unit\config\config_test.py#1146:42353-42356>
[40728] <expected_error_msg> <D:\projects\pytypes2\new100\compose\tests\unit\config\config_test.py#1147:42369-42387>
[46705] <self> <D:\projects\pytypes2\new100\compose\tests\unit\sort_service_test.py#27:798-801>
[46706] <services> <D:\projects\pytypes2\new100\compose\tests\unit\sort_service_test.py#28:814-822>
[46725] <sorted_services> <D:\projects\pytypes2\new100\compose\tests\unit\sort_service_test.py#42:1127-1142>
[30091] <self> <D:\projects\pytypes2\new100\compose\tests\integration\service_test.py#566:23341-23344>
[40687] <self> <D:\projects\pytypes2\new100\compose\tests\unit\config\config_test.py#1135:41767-41770>
[40688] <expected_error_msg> <D:\projects\pytypes2\new100\compose\tests\unit\config\config_test.py#1136:41783-41801>
[39716] <self> <D:\projects\pytypes2\new100\compose\tests\unit\config\config_test.py#764:28693-28696>
[39719] <expected_error_msg> <D:\projects\pytypes2\new100\compose\tests\unit\config\config_test.py#769:28837-28855>
[36698] <self> <D:\projects\pytypes2\new100\compose\tests\unit\cli_test.py#88:3347-3350>
[36699] <mock_dockerpty> <D:\projects\pytypes2\new100\compose\tests\unit\cli_test.py#88:3353-3356>
[36700] <command> <D:\projects\pytypes2\new100\compose\tests\unit\cli_test.py#89:3379-3386>
[36704] <mock_client> <D:\projects\pytypes2\new100\compose\tests\unit\cli_test.py#90:3416-3427>
[36713] <mock_project> <D:\projects\pytypes2\new100\compose\tests\unit\cli_test.py#91:3475-3487>
[46516] <self> <D:\projects\pytypes2\new100\compose\tests\unit\service_test.py#666:25526-25529>
[46528] <create_calls> <D:\projects\pytypes2\new100\compose\tests\unit\service_test.py#669:25617-25629>
[46531] <create_container> <D:\projects\pytypes2\new100\compose\tests\unit\service_test.py#671:25650-25666>
[46555] <volumes> <D:\projects\pytypes2\new100\compose\tests\unit\service_test.py#677:25851-25858>
[39442] <self> <D:\projects\pytypes2\new100\compose\tests\unit\config\config_test.py#714:26461-26464>
[39443] <service_dict> <D:\projects\pytypes2\new100\compose\tests\unit\config\config_test.py#715:26477-26489>
[26089] <self> <D:\projects\pytypes2\new100\compose\tests\integration\project_test.py#259:9483-9486>
[31813] <self> <D:\projects\pytypes2\new100\compose\tests\integration\service_test.py#896:37827-37830>
[42926] <self> <D:\projects\pytypes2\new100\compose\tests\unit\project_test.py#75:2548-2551>
[43808] <self> <D:\projects\pytypes2\new100\compose\tests\unit\service_test.py#40:1358-1361>
[43809] <service> <D:\projects\pytypes2\new100\compose\tests\unit\service_test.py#41:1374-1381>
[33728] <self> <D:\projects\pytypes2\new100\compose\tests\integration\state_test.py#54:1540-1543>
[33729] <old_containers> <D:\projects\pytypes2\new100\compose\tests\integration\state_test.py#55:1556-1570>
[33740] <c> <D:\projects\pytypes2\new100\compose\tests\integration\state_test.py#56:1620-1621>
[33738] <old_db> <D:\projects\pytypes2\new100\compose\tests\integration\state_test.py#56:1604-1610>
[33754] <c> <D:\projects\pytypes2\new100\compose\tests\integration\state_test.py#57:1706-1707>
[33752] <old_web> <D:\projects\pytypes2\new100\compose\tests\integration\state_test.py#57:1689-1696>
[33775] <new_containers> <D:\projects\pytypes2\new100\compose\tests\integration\state_test.py#61:1830-1844>
[33793] <preserved> <D:\projects\pytypes2\new100\compose\tests\integration\state_test.py#64:1930-1939>
[33808] <removed> <D:\projects\pytypes2\new100\compose\tests\integration\state_test.py#67:2038-2045>
[33823] <created> <D:\projects\pytypes2\new100\compose\tests\integration\state_test.py#70:2143-2150>
[30318] <self> <D:\projects\pytypes2\new100\compose\tests\integration\service_test.py#607:25113-25116>
[37424] <self> <D:\projects\pytypes2\new100\compose\tests\unit\config\config_test.py#148:4696-4699>
[37425] <base_file> <D:\projects\pytypes2\new100\compose\tests\unit\config\config_test.py#149:4712-4721>
[37432] <override_file> <D:\projects\pytypes2\new100\compose\tests\unit\config\config_test.py#150:4770-4783>
[37444] <details> <D:\projects\pytypes2\new100\compose\tests\unit\config\config_test.py#153:4892-4899>
[37466] <exc> <D:\projects\pytypes2\new100\compose\tests\unit\config\config_test.py#155:5009-5012>
[29453] <self> <D:\projects\pytypes2\new100\compose\tests\integration\service_test.py#453:18319-18322>
[29454] <service> <D:\projects\pytypes2\new100\compose\tests\integration\service_test.py#454:18335-18342>
[29468] <container> <D:\projects\pytypes2\new100\compose\tests\integration\service_test.py#460:18524-18533>
[30053] <self> <D:\projects\pytypes2\new100\compose\tests\integration\service_test.py#559:23049-23052>
[30060] <image_id> <D:\projects\pytypes2\new100\compose\tests\integration\service_test.py#562:23155-23163>
[31695] <self> <D:\projects\pytypes2\new100\compose\tests\integration\service_test.py#872:36780-36783>
[40897] <self> <D:\projects\pytypes2\new100\compose\tests\unit\config\config_test.py#1198:44527-44530>
[40898] <services> <D:\projects\pytypes2\new100\compose\tests\unit\config\config_test.py#1199:44543-44551>
[47367] <self> <D:\projects\pytypes2\new100\compose\tests\unit\split_buffer_test.py#9:227-230>
[47368] <reader> <D:\projects\pytypes2\new100\compose\tests\unit\split_buffer_test.py#10:247-253>
[25143] <self> <D:\projects\pytypes2\new100\compose\tests\integration\project_test.py#122:3902-3905>
[25144] <net_container> <D:\projects\pytypes2\new100\compose\tests\integration\project_test.py#123:3918-3931>
[25168] <project> <D:\projects\pytypes2\new100\compose\tests\integration\project_test.py#132:4195-4202>
[25195] <web> <D:\projects\pytypes2\new100\compose\tests\integration\project_test.py#145:4563-4566>
[37759] <self> <D:\projects\pytypes2\new100\compose\tests\unit\config\config_test.py#255:8839-8842>
[37760] <expected_error_msg> <D:\projects\pytypes2\new100\compose\tests\unit\config\config_test.py#256:8855-8873>
[7808] <kwargs> <D:\projects\pytypes2\new100\compose\compose\cli\utils.py#38:867-873>
[7807] <args> <D:\projects\pytypes2\new100\compose\compose\cli\utils.py#38:859-863>
[7803] <shutup> <D:\projects\pytypes2\new100\compose\compose\cli\utils.py#42:1004-1010>
[43936] <self> <D:\projects\pytypes2\new100\compose\tests\unit\service_test.py#62:2258-2261>
[43964] <service> <D:\projects\pytypes2\new100\compose\tests\unit\service_test.py#68:2492-2499>
[43981] <c> <D:\projects\pytypes2\new100\compose\tests\unit\service_test.py#70:2598-2599>
[46844] <self> <D:\projects\pytypes2\new100\compose\tests\unit\sort_service_test.py#69:2108-2111>
[46845] <services> <D:\projects\pytypes2\new100\compose\tests\unit\sort_service_test.py#70:2124-2132>
[46863] <sorted_services> <D:\projects\pytypes2\new100\compose\tests\unit\sort_service_test.py#84:2440-2455>
[24935] <self> <D:\projects\pytypes2\new100\compose\tests\integration\project_test.py#58:1749-1752>
[24936] <service_dicts> <D:\projects\pytypes2\new100\compose\tests\integration\project_test.py#59:1765-1778>
[24955] <project> <D:\projects\pytypes2\new100\compose\tests\integration\project_test.py#69:2074-2081>
[24969] <db> <D:\projects\pytypes2\new100\compose\tests\integration\project_test.py#74:2232-2234>
[24976] <data> <D:\projects\pytypes2\new100\compose\tests\integration\project_test.py#75:2272-2276>
[39965] <self> <D:\projects\pytypes2\new100\compose\tests\unit\config\config_test.py#856:31852-31855>
[39966] <service_dict> <D:\projects\pytypes2\new100\compose\tests\unit\config\config_test.py#857:31868-31880>
[45779] <self> <D:\projects\pytypes2\new100\compose\tests\unit\service_test.py#426:17675-17678>
[45791] <container> <D:\projects\pytypes2\new100\compose\tests\unit\service_test.py#428:17761-17770>
[45803] <service> <D:\projects\pytypes2\new100\compose\tests\unit\service_test.py#431:17873-17880>
[45816] <config_dict> <D:\projects\pytypes2\new100\compose\tests\unit\service_test.py#437:18027-18038>
[45822] <expected> <D:\projects\pytypes2\new100\compose\tests\unit\service_test.py#438:18072-18080>
[39480] <self> <D:\projects\pytypes2\new100\compose\tests\unit\config\config_test.py#723:26747-26750>
[39481] <service_dict> <D:\projects\pytypes2\new100\compose\tests\unit\config\config_test.py#724:26763-26775>
[39892] <self> <D:\projects\pytypes2\new100\compose\tests\unit\config\config_test.py#829:31029-31032>
[29124] <self> <D:\projects\pytypes2\new100\compose\tests\integration\service_test.py#368:15367-15370>
[5513] <self> <D:\projects\pytypes2\new100\compose\compose\cli\main.py#307:10596-10599>
[5514] <project> <D:\projects\pytypes2\new100\compose\compose\cli\main.py#307:10602-10605>
[5515] <options> <D:\projects\pytypes2\new100\compose\compose\cli\main.py#307:10611-10614>
[5518] <all_containers> <D:\projects\pytypes2\new100\compose\compose\cli\main.py#317:10889-10903>
[5532] <c> <D:\projects\pytypes2\new100\compose\compose\cli\main.py#318:11010-11011>
[5530] <stopped_containers> <D:\projects\pytypes2\new100\compose\compose\cli\main.py#318:10982-11000>
[7724] <prompt> <D:\projects\pytypes2\new100\compose\compose\cli\utils.py#16:299-302>
[7725] <default> <D:\projects\pytypes2\new100\compose\compose\cli\utils.py#16:307-310>
[7728] <answer> <D:\projects\pytypes2\new100\compose\compose\cli\utils.py#26:586-592>
[35419] <self> <D:\projects\pytypes2\new100\compose\tests\unit\cli\docker_client_test.py#13:276-279>
[43048] <self> <D:\projects\pytypes2\new100\compose\tests\unit\project_test.py#113:3765-3768>
[43049] <db> <D:\projects\pytypes2\new100\compose\tests\unit\project_test.py#114:3781-3783>
[43059] <web> <D:\projects\pytypes2\new100\compose\tests\unit\project_test.py#119:3901-3904>
[43074] <cache> <D:\projects\pytypes2\new100\compose\tests\unit\project_test.py#125:4061-4066>
[43084] <console> <D:\projects\pytypes2\new100\compose\tests\unit\project_test.py#130:4186-4193>
[43099] <project> <D:\projects\pytypes2\new100\compose\tests\unit\project_test.py#136:4350-4357>
[44506] <self> <D:\projects\pytypes2\new100\compose\tests\unit\service_test.py#161:6694-6697>
[44516] <log_opt> <D:\projects\pytypes2\new100\compose\tests\unit\service_test.py#164:6775-6782>
[44521] <service> <D:\projects\pytypes2\new100\compose\tests\unit\service_test.py#165:6839-6846>
[45095] <self> <D:\projects\pytypes2\new100\compose\tests\unit\service_test.py#300:12152-12155>
[45096] <service> <D:\projects\pytypes2\new100\compose\tests\unit\service_test.py#301:12168-12175>
[26264] <self> <D:\projects\pytypes2\new100\compose\tests\integration\project_test.py#286:10565-10568>
[31132] <self> <D:\projects\pytypes2\new100\compose\tests\integration\service_test.py#771:32078-32081>
[37583] <self> <D:\projects\pytypes2\new100\compose\tests\unit\config\config_test.py#196:6398-6401>
[37584] <valid_name> <D:\projects\pytypes2\new100\compose\tests\unit\config\config_test.py#197:6418-6428>
[37890] <self> <D:\projects\pytypes2\new100\compose\tests\unit\config\config_test.py#306:10957-10960>
[37891] <expected_error_msg> <D:\projects\pytypes2\new100\compose\tests\unit\config\config_test.py#307:10973-10991>
[37992] <self> <D:\projects\pytypes2\new100\compose\tests\unit\config\config_test.py#350:12801-12804>
[37993] <expose_values> <D:\projects\pytypes2\new100\compose\tests\unit\config\config_test.py#351:12817-12830>
[38000] <expose> <D:\projects\pytypes2\new100\compose\tests\unit\config\config_test.py#352:12865-12871>
[38002] <service> <D:\projects\pytypes2\new100\compose\tests\unit\config\config_test.py#353:12903-12910>
[25935] <self> <D:\projects\pytypes2\new100\compose\tests\integration\project_test.py#239:8595-8598>
[28082] <self> <D:\projects\pytypes2\new100\compose\tests\integration\service_test.py#164:6299-6302>
[28083] <extra_hosts> <D:\projects\pytypes2\new100\compose\tests\integration\service_test.py#165:6315-6326>
[34240] <self> <D:\projects\pytypes2\new100\compose\tests\integration\state_test.py#163:5191-5194>
[34241] <next_cfg> <D:\projects\pytypes2\new100\compose\tests\integration\state_test.py#164:5207-5215>
[34256] <containers> <D:\projects\pytypes2\new100\compose\tests\integration\state_test.py#172:5414-5424>
[34274] <project> <D:\projects\pytypes2\new100\compose\tests\integration\state_test.py#175:5506-5513>
[34290] <containers> <D:\projects\pytypes2\new100\compose\tests\integration\state_test.py#178:5588-5598>
[45499] <self> <D:\projects\pytypes2\new100\compose\tests\unit\service_test.py#371:15602-15605>
[45500] <service> <D:\projects\pytypes2\new100\compose\tests\unit\service_test.py#372:15618-15625>
[45511] <images> <D:\projects\pytypes2\new100\compose\tests\unit\service_test.py#374:15690-15696>
[9735] <self> <D:\projects\pytypes2\new100\compose\compose\cli\verbose_proxy.py#46:1290-1293>
[9736] <call_name> <D:\projects\pytypes2\new100\compose\compose\cli\verbose_proxy.py#46:1296-1299>
[9788] <l_name> <D:\projects\pytypes2\new100\compose\compose\cli\verbose_proxy.py#46:1299-1305>
[9557] <args> <D:\projects\pytypes2\new100\compose\compose\cli\verbose_proxy.py#9:112-115>
[9558] <kwargs> <D:\projects\pytypes2\new100\compose\compose\cli\verbose_proxy.py#9:118-121>
[9563] <a> <D:\projects\pytypes2\new100\compose\compose\cli\verbose_proxy.py#10:152-153>
[9559] <args> <D:\projects\pytypes2\new100\compose\compose\cli\verbose_proxy.py#10:132-136>
[9575] <item> <D:\projects\pytypes2\new100\compose\compose\cli\verbose_proxy.py#11:210-214>
[9568] <kwargs> <D:\projects\pytypes2\new100\compose\compose\cli\verbose_proxy.py#11:168-174>
[9753] <result> <D:\projects\pytypes2\new100\compose\compose\cli\verbose_proxy.py#52:1496-1502>
[36794] <self> <D:\projects\pytypes2\new100\compose\tests\unit\cli_test.py#119:4443-4446>
[36795] <command> <D:\projects\pytypes2\new100\compose\tests\unit\cli_test.py#120:4459-4466>
[36799] <mock_client> <D:\projects\pytypes2\new100\compose\tests\unit\cli_test.py#121:4496-4507>
[36808] <mock_project> <D:\projects\pytypes2\new100\compose\tests\unit\cli_test.py#122:4555-4567>
[45557] <self> <D:\projects\pytypes2\new100\compose\tests\unit\service_test.py#381:15974-15977>
[45558] <service> <D:\projects\pytypes2\new100\compose\tests\unit\service_test.py#382:15990-15997>
[42557] <self> <D:\projects\pytypes2\new100\compose\tests\unit\progress_stream_test.py#20:621-624>
[42558] <output> <D:\projects\pytypes2\new100\compose\tests\unit\progress_stream_test.py#21:637-643>
[42562] <events> <D:\projects\pytypes2\new100\compose\tests\unit\progress_stream_test.py#26:831-837>
[44768] <self> <D:\projects\pytypes2\new100\compose\tests\unit\service_test.py#216:9028-9031>
[44769] <service> <D:\projects\pytypes2\new100\compose\tests\unit\service_test.py#217:9044-9051>
[44782] <opts> <D:\projects\pytypes2\new100\compose\tests\unit\service_test.py#223:9201-9205>
[36419] <self> <D:\projects\pytypes2\new100\compose\tests\unit\cli_test.py#29:875-878>
[36420] <base_dir> <D:\projects\pytypes2\new100\compose\tests\unit\cli_test.py#30:891-899>
[36423] <project_name> <D:\projects\pytypes2\new100\compose\tests\unit\cli_test.py#31:947-959>
[29507] <self> <D:\projects\pytypes2\new100\compose\tests\integration\service_test.py#465:18793-18796>
[29516] <service> <D:\projects\pytypes2\new100\compose\tests\integration\service_test.py#467:18895-18902>
[29530] <container> <D:\projects\pytypes2\new100\compose\tests\integration\service_test.py#473:19092-19101>
[34031] <self> <D:\projects\pytypes2\new100\compose\tests\integration\state_test.py#120:3775-3778>
[34032] <old_containers> <D:\projects\pytypes2\new100\compose\tests\integration\state_test.py#121:3791-3805>
[34052] <new_containers> <D:\projects\pytypes2\new100\compose\tests\integration\state_test.py#124:3902-3916>
[34068] <c> <D:\projects\pytypes2\new100\compose\tests\integration\state_test.py#127:4014-4015>
[27919] <self> <D:\projects\pytypes2\new100\compose\tests\integration\service_test.py#121:4428-4431>
[35626] <self> <D:\projects\pytypes2\new100\compose\tests\unit\cli\log_printer_test.py#42:1175-1178>
[35627] <output> <D:\projects\pytypes2\new100\compose\tests\unit\cli\log_printer_test.py#43:1191-1197>
[36113] <self> <D:\projects\pytypes2\new100\compose\tests\unit\cli\main_test.py#77:2700-2703>
[36114] <options> <D:\projects\pytypes2\new100\compose\tests\unit\cli\main_test.py#78:2716-2723>
[27849] <self> <D:\projects\pytypes2\new100\compose\tests\integration\service_test.py#109:3906-3909>
[30703] <self> <D:\projects\pytypes2\new100\compose\tests\integration\service_test.py#694:28658-28661>
[30704] <mock_log> <D:\projects\pytypes2\new100\compose\tests\integration\service_test.py#694:28664-28667>
[33681] <self> <D:\projects\pytypes2\new100\compose\tests\integration\state_test.py#45:1244-1247>
[33682] <old_containers> <D:\projects\pytypes2\new100\compose\tests\integration\state_test.py#46:1260-1274>
[33700] <new_containers> <D:\projects\pytypes2\new100\compose\tests\integration\state_test.py#49:1360-1374>
[38734] <self> <D:\projects\pytypes2\new100\compose\tests\unit\config\config_test.py#555:20712-20715>
[38735] <d> <D:\projects\pytypes2\new100\compose\tests\unit\config\config_test.py#556:20728-20729>
[38758] <d> <D:\projects\pytypes2\new100\compose\tests\unit\config\config_test.py#559:20935-20936>
[38781] <d> <D:\projects\pytypes2\new100\compose\tests\unit\config\config_test.py#562:21131-21132>
[46007] <self> <D:\projects\pytypes2\new100\compose\tests\unit\service_test.py#478:19459-19462>
[46008] <service_name> <D:\projects\pytypes2\new100\compose\tests\unit\service_test.py#479:19475-19487>
[46011] <mock_client> <D:\projects\pytypes2\new100\compose\tests\unit\service_test.py#480:19505-19516>
[46027] <service> <D:\projects\pytypes2\new100\compose\tests\unit\service_test.py#483:19616-19623>
[46035] <net> <D:\projects\pytypes2\new100\compose\tests\unit\service_test.py#484:19682-19685>
[28470] <self> <D:\projects\pytypes2\new100\compose\tests\integration\service_test.py#233:9799-9802>
[28473] <host_path> <D:\projects\pytypes2\new100\compose\tests\integration\service_test.py#238:10011-10020>
[28476] <container_path> <D:\projects\pytypes2\new100\compose\tests\integration\service_test.py#239:10044-10058>
[28479] <volumes> <D:\projects\pytypes2\new100\compose\tests\integration\service_test.py#240:10078-10085>
[28488] <tmp_container> <D:\projects\pytypes2\new100\compose\tests\integration\service_test.py#242:10144-10157>
[28506] <image> <D:\projects\pytypes2\new100\compose\tests\integration\service_test.py#247:10348-10353>
[35985] <self> <D:\projects\pytypes2\new100\compose\tests\unit\cli\main_test.py#47:1579-1582>
[35986] <project> <D:\projects\pytypes2\new100\compose\tests\unit\cli\main_test.py#48:1595-1602>
[35993] <log_printer> <D:\projects\pytypes2\new100\compose\tests\unit\cli\main_test.py#49:1644-1655>
[36002] <service_names> <D:\projects\pytypes2\new100\compose\tests\unit\cli\main_test.py#50:1715-1728>
[36007] <timeout> <D:\projects\pytypes2\new100\compose\tests\unit\cli\main_test.py#51:1754-1761>
[36025] <mock_signal> <D:\projects\pytypes2\new100\compose\tests\unit\cli\main_test.py#53:1839-1850>
[40388] <self> <D:\projects\pytypes2\new100\compose\tests\unit\config\config_test.py#1009:36983-36986>
[47419] <self> <D:\projects\pytypes2\new100\compose\tests\unit\split_buffer_test.py#25:658-661>
[47420] <reader> <D:\projects\pytypes2\new100\compose\tests\unit\split_buffer_test.py#26:678-684>
[5094] <self> <D:\projects\pytypes2\new100\compose\compose\cli\main.py#150:5376-5379>
[5095] <options> <D:\projects\pytypes2\new100\compose\compose\cli\main.py#151:5392-5399>
[39186] <self> <D:\projects\pytypes2\new100\compose\tests\unit\config\config_test.py#653:24481-24484>
[42186] <self> <D:\projects\pytypes2\new100\compose\tests\unit\interpolation_test.py#17:752-755>
[31063] <self> <D:\projects\pytypes2\new100\compose\tests\integration\service_test.py#760:31484-31487>
[25787] <self> <D:\projects\pytypes2\new100\compose\tests\integration\project_test.py#220:7756-7759>
[27545] <self> <D:\projects\pytypes2\new100\compose\tests\integration\service_test.py#63:2111-2114>
[40625] <self> <D:\projects\pytypes2\new100\compose\tests\unit\config\config_test.py#1107:40760-40763>
[40626] <service> <D:\projects\pytypes2\new100\compose\tests\unit\config\config_test.py#1108:40776-40783>
[47050] <self> <D:\projects\pytypes2\new100\compose\tests\unit\sort_service_test.py#132:4094-4097>
[47051] <services> <D:\projects\pytypes2\new100\compose\tests\unit\sort_service_test.py#133:4110-4118>
[47074] <sorted_services> <D:\projects\pytypes2\new100\compose\tests\unit\sort_service_test.py#151:4515-4530>
[41880] <self> <D:\projects\pytypes2\new100\compose\tests\unit\container_test.py#112:4098-4101>
[41902] <container> <D:\projects\pytypes2\new100\compose\tests\unit\container_test.py#117:4294-4303>
[41911] <expected> <D:\projects\pytypes2\new100\compose\tests\unit\container_test.py#119:4379-4387>
[1944] <self> <D:\projects\pytypes2\new100\compose\compose\cli\errors.py#7:121-124>
[1945] <msg> <D:\projects\pytypes2\new100\compose\compose\cli\errors.py#7:127-130>
[1947] <msg> <D:\projects\pytypes2\new100\compose\compose\cli\errors.py#8:147-150>
[40707] <self> <D:\projects\pytypes2\new100\compose\tests\unit\config\config_test.py#1140:42059-42062>
[40708] <expected_error_msg> <D:\projects\pytypes2\new100\compose\tests\unit\config\config_test.py#1141:42075-42093>
[21707] <self> <D:\projects\pytypes2\new100\compose\tests\integration\legacy_test.py#125:4128-4131>
[21716] <container> <D:\projects\pytypes2\new100\compose\tests\integration\legacy_test.py#127:4196-4205>
[30824] <self> <D:\projects\pytypes2\new100\compose\tests\integration\service_test.py#720:29643-29646>
[43376] <self> <D:\projects\pytypes2\new100\compose\tests\unit\project_test.py#216:7180-7183>
[43377] <project> <D:\projects\pytypes2\new100\compose\tests\unit\project_test.py#217:7196-7203>
[43393] <service> <D:\projects\pytypes2\new100\compose\tests\unit\project_test.py#223:7381-7388>
[41008] <self> <D:\projects\pytypes2\new100\compose\tests\unit\config\config_test.py#1232:45748-45751>
[41009] <test_path> <D:\projects\pytypes2\new100\compose\tests\unit\config\config_test.py#1233:45764-45773>
[41017] <user_path> <D:\projects\pytypes2\new100\compose\tests\unit\config\config_test.py#1235:45875-45884>
[41022] <result> <D:\projects\pytypes2\new100\compose\tests\unit\config\config_test.py#1236:45914-45920>
[11659] <self> <D:\projects\pytypes2\new100\compose\compose\config\errors.py#10:210-213>
[11660] <trail> <D:\projects\pytypes2\new100\compose\compose\config\errors.py#10:216-219>
[11662] <trail> <D:\projects\pytypes2\new100\compose\compose\config\errors.py#11:238-243>
[43310] <self> <D:\projects\pytypes2\new100\compose\tests\unit\project_test.py#197:6518-6521>
[43311] <mock_return> <D:\projects\pytypes2\new100\compose\tests\unit\project_test.py#197:6524-6527>
[43312] <container_ids> <D:\projects\pytypes2\new100\compose\tests\unit\project_test.py#198:6547-6560>
[43328] <container_id> <D:\projects\pytypes2\new100\compose\tests\unit\project_test.py#201:6698-6710>
[43333] <project> <D:\projects\pytypes2\new100\compose\tests\unit\project_test.py#203:6740-6747>
[46362] <self> <D:\projects\pytypes2\new100\compose\tests\unit\service_test.py#599:23647-23650>
[46363] <service> <D:\projects\pytypes2\new100\compose\tests\unit\service_test.py#600:23663-23670>
[33656] <self> <D:\projects\pytypes2\new100\compose\tests\integration\state_test.py#37:1032-1035>
[33666] <cfg> <D:\projects\pytypes2\new100\compose\tests\integration\state_test.py#40:1102-1105>
[46121] <self> <D:\projects\pytypes2\new100\compose\tests\unit\service_test.py#507:20337-20340>
[46122] <spec> <D:\projects\pytypes2\new100\compose\tests\unit\service_test.py#508:20353-20357>
[40448] <self> <D:\projects\pytypes2\new100\compose\tests\unit\config\config_test.py#1033:37880-37883>
[40449] <expected_error_msg> <D:\projects\pytypes2\new100\compose\tests\unit\config\config_test.py#1034:37896-37914>
[25068] <self> <D:\projects\pytypes2\new100\compose\tests\integration\project_test.py#99:3176-3179>
[25069] <project> <D:\projects\pytypes2\new100\compose\tests\integration\project_test.py#100:3192-3199>
[25106] <web> <D:\projects\pytypes2\new100\compose\tests\integration\project_test.py#118:3713-3716>
[25113] <net> <D:\projects\pytypes2\new100\compose\tests\integration\project_test.py#119:3755-3758>
[31224] <self> <D:\projects\pytypes2\new100\compose\tests\integration\service_test.py#786:32834-32837>
[24415] <self> <D:\projects\pytypes2\new100\compose\tests\integration\testcases.py#28:754-757>
[24416] <c> <D:\projects\pytypes2\new100\compose\tests\integration\testcases.py#29:774-775>
[24453] <i> <D:\projects\pytypes2\new100\compose\tests\integration\testcases.py#34:1004-1005>
[46103] <self> <D:\projects\pytypes2\new100\compose\tests\unit\service_test.py#503:20164-20167>
[46104] <spec> <D:\projects\pytypes2\new100\compose\tests\unit\service_test.py#504:20180-20184>
[27236] <kwargs> <D:\projects\pytypes2\new100\compose\tests\integration\resilience_test.py#47:1667-1673>
[27235] <args> <D:\projects\pytypes2\new100\compose\tests\integration\resilience_test.py#47:1659-1663>
[33957] <self> <D:\projects\pytypes2\new100\compose\tests\integration\state_test.py#93:2966-2969>
[33967] <cfg> <D:\projects\pytypes2\new100\compose\tests\integration\state_test.py#96:3047-3050>
[30765] <self> <D:\projects\pytypes2\new100\compose\tests\integration\service_test.py#712:29279-29282>
[24999] <self> <D:\projects\pytypes2\new100\compose\tests\integration\project_test.py#78:2419-2422>
[25000] <data_container> <D:\projects\pytypes2\new100\compose\tests\integration\project_test.py#79:2435-2449>
[25020] <project> <D:\projects\pytypes2\new100\compose\tests\integration\project_test.py#86:2689-2696>
[25043] <db> <D:\projects\pytypes2\new100\compose\tests\integration\project_test.py#96:3033-3035>
[11669] <self> <D:\projects\pytypes2\new100\compose\compose\config\errors.py#14:282-285>
[11677] <filename> <D:\projects\pytypes2\new100\compose\compose\config\errors.py#17:381-389>
[11678] <service_name> <D:\projects\pytypes2\new100\compose\compose\config\errors.py#17:391-403>
[11670] <lines> <D:\projects\pytypes2\new100\compose\compose\config\errors.py#15:298-303>
[9668] <self> <D:\projects\pytypes2\new100\compose\compose\cli\verbose_proxy.py#32:857-860>
[9669] <obj_name> <D:\projects\pytypes2\new100\compose\compose\cli\verbose_proxy.py#32:863-866>
[9670] <obj> <D:\projects\pytypes2\new100\compose\compose\cli\verbose_proxy.py#32:873-876>
[9671] <log_name> <D:\projects\pytypes2\new100\compose\compose\cli\verbose_proxy.py#32:878-881>
[9672] <max_lines> <D:\projects\pytypes2\new100\compose\compose\cli\verbose_proxy.py#32:893-896>
[9675] <obj_name> <D:\projects\pytypes2\new100\compose\compose\cli\verbose_proxy.py#33:922-930>
[9680] <obj> <D:\projects\pytypes2\new100\compose\compose\cli\verbose_proxy.py#34:956-959>
[9685] <max_lines> <D:\projects\pytypes2\new100\compose\compose\cli\verbose_proxy.py#35:980-989>
[9690] <log> <D:\projects\pytypes2\new100\compose\compose\cli\verbose_proxy.py#36:1016-1019>
[39906] <self> <D:\projects\pytypes2\new100\compose\tests\unit\config\config_test.py#833:31168-31171>
[39928] <service_dict> <D:\projects\pytypes2\new100\compose\tests\unit\config\config_test.py#838:31308-31320>
[45888] <self> <D:\projects\pytypes2\new100\compose\tests\unit\service_test.py#456:18584-18587>
[45889] <container_id> <D:\projects\pytypes2\new100\compose\tests\unit\service_test.py#457:18600-18612>
[45892] <net> <D:\projects\pytypes2\new100\compose\tests\unit\service_test.py#458:18631-18634>
[41094] <self> <D:\projects\pytypes2\new100\compose\tests\unit\config\config_test.py#1258:46744-46747>
[41096] <abs_context_path> <D:\projects\pytypes2\new100\compose\tests\unit\config\config_test.py#1259:46765-46781>
[30425] <self> <D:\projects\pytypes2\new100\compose\tests\integration\service_test.py#631:26123-26126>
[31492] <self> <D:\projects\pytypes2\new100\compose\tests\integration\service_test.py#826:35019-35022>
[36952] <self> <D:\projects\pytypes2\new100\compose\tests\unit\cli_test.py#177:6332-6335>
[36953] <command> <D:\projects\pytypes2\new100\compose\tests\unit\cli_test.py#178:6348-6355>
[36957] <mock_client> <D:\projects\pytypes2\new100\compose\tests\unit\cli_test.py#179:6385-6396>
[36966] <mock_project> <D:\projects\pytypes2\new100\compose\tests\unit\cli_test.py#180:6444-6456>
[38990] <self> <D:\projects\pytypes2\new100\compose\tests\unit\config\config_test.py#605:22807-22810>
[38991] <service_dict> <D:\projects\pytypes2\new100\compose\tests\unit\config\config_test.py#606:22823-22835>
[36195] <self> <D:\projects\pytypes2\new100\compose\tests\unit\cli\verbose_proxy_test.py#12:243-246>
[36196] <prefix> <D:\projects\pytypes2\new100\compose\tests\unit\cli\verbose_proxy_test.py#13:259-265>
[36204] <expected> <D:\projects\pytypes2\new100\compose\tests\unit\cli\verbose_proxy_test.py#14:300-308>
[36212] <actual> <D:\projects\pytypes2\new100\compose\tests\unit\cli\verbose_proxy_test.py#15:377-383>
[45700] <self> <D:\projects\pytypes2\new100\compose\tests\unit\service_test.py#406:16940-16943>
[45712] <service> <D:\projects\pytypes2\new100\compose\tests\unit\service_test.py#408:17026-17033>
[45744] <config_dict> <D:\projects\pytypes2\new100\compose\tests\unit\service_test.py#416:17311-17322>
[45750] <expected> <D:\projects\pytypes2\new100\compose\tests\unit\service_test.py#417:17356-17364>
[46212] <self> <D:\projects\pytypes2\new100\compose\tests\unit\service_test.py#537:21453-21456>
[46213] <binding> <D:\projects\pytypes2\new100\compose\tests\unit\service_test.py#538:21469-21476>
[42373] <self> <D:\projects\pytypes2\new100\compose\tests\unit\multiplexer_test.py#11:259-262>
[42377] <x> <D:\projects\pytypes2\new100\compose\tests\unit\multiplexer_test.py#13:315-316>
[42382] <x> <D:\projects\pytypes2\new100\compose\tests\unit\multiplexer_test.py#14:345-346>
[42374] <mux> <D:\projects\pytypes2\new100\compose\tests\unit\multiplexer_test.py#12:275-278>
[45641] <self> <D:\projects\pytypes2\new100\compose\tests\unit\service_test.py#395:16555-16558>
[45652] <service> <D:\projects\pytypes2\new100\compose\tests\unit\service_test.py#400:16689-16696>
[44353] <self> <D:\projects\pytypes2\new100\compose\tests\unit\service_test.py#133:5532-5535>
[44363] <service> <D:\projects\pytypes2\new100\compose\tests\unit\service_test.py#136:5613-5620>
[45255] <self> <D:\projects\pytypes2\new100\compose\tests\unit\service_test.py#334:13650-13653>
[45256] <_> <D:\projects\pytypes2\new100\compose\tests\unit\service_test.py#334:13656-13659>
[45257] <mock_container> <D:\projects\pytypes2\new100\compose\tests\unit\service_test.py#335:13669-13683>
[45275] <service> <D:\projects\pytypes2\new100\compose\tests\unit\service_test.py#337:13799-13806>
[44058] <self> <D:\projects\pytypes2\new100\compose\tests\unit\service_test.py#83:3146-3149>
[44059] <container_id> <D:\projects\pytypes2\new100\compose\tests\unit\service_test.py#84:3162-3174>
[44062] <service> <D:\projects\pytypes2\new100\compose\tests\unit\service_test.py#85:3199-3206>
[11703] <self> <D:\projects\pytypes2\new100\compose\compose\config\errors.py#23:579-582>
[11704] <supported_filenames> <D:\projects\pytypes2\new100\compose\compose\config\errors.py#23:585-588>
[43779] <self> <D:\projects\pytypes2\new100\compose\tests\unit\service_test.py#35:1164-1167>
[38163] <self> <D:\projects\pytypes2\new100\compose\tests\unit\config\config_test.py#412:15119-15122>
[38164] <tmpdir> <D:\projects\pytypes2\new100\compose\tests\unit\config\config_test.py#413:15135-15141>
[38173] <invalid_yaml_file> <D:\projects\pytypes2\new100\compose\tests\unit\config\config_test.py#414:15193-15210>
[38200] <exc> <D:\projects\pytypes2\new100\compose\tests\unit\config\config_test.py#419:15406-15409>
[41757] <self> <D:\projects\pytypes2\new100\compose\tests\unit\container_test.py#90:3022-3025>
[41765] <container> <D:\projects\pytypes2\new100\compose\tests\unit\container_test.py#92:3105-3114>
[41650] <self> <D:\projects\pytypes2\new100\compose\tests\unit\container_test.py#60:1913-1916>
[41651] <container> <D:\projects\pytypes2\new100\compose\tests\unit\container_test.py#61:1929-1938>
[29252] <self> <D:\projects\pytypes2\new100\compose\tests\integration\service_test.py#394:16362-16365>
[31533] <self> <D:\projects\pytypes2\new100\compose\tests\integration\service_test.py#833:35378-35381>
[31534] <labels_dict> <D:\projects\pytypes2\new100\compose\tests\integration\service_test.py#834:35394-35405>
[31543] <compose_labels> <D:\projects\pytypes2\new100\compose\tests\integration\service_test.py#840:35598-35612>
[31556] <expected> <D:\projects\pytypes2\new100\compose\tests\integration\service_test.py#847:35835-35843>
[21398] <self> <D:\projects\pytypes2\new100\compose\tests\integration\legacy_test.py#44:1506-1509>
[27727] <self> <D:\projects\pytypes2\new100\compose\tests\integration\service_test.py#88:3101-3104>
[42117] <self> <D:\projects\pytypes2\new100\compose\tests\unit\interpolation_test.py#9:288-291>
[38479] <self> <D:\projects\pytypes2\new100\compose\tests\unit\config\config_test.py#508:18255-18258>
[38480] <d> <D:\projects\pytypes2\new100\compose\tests\unit\config\config_test.py#509:18271-18272>
[39034] <self> <D:\projects\pytypes2\new100\compose\tests\unit\config\config_test.py#612:23141-23144>
[39035] <service_dict> <D:\projects\pytypes2\new100\compose\tests\unit\config\config_test.py#613:23157-23169>
[42449] <self> <D:\projects\pytypes2\new100\compose\tests\unit\multiplexer_test.py#30:711-714>
[42450] <Problem> <D:\projects\pytypes2\new100\compose\tests\unit\multiplexer_test.py#31:733-740>
[42455] <problematic_iterator> <D:\projects\pytypes2\new100\compose\tests\unit\multiplexer_test.py#34:786-806>
[42470] <x> <D:\projects\pytypes2\new100\compose\tests\unit\multiplexer_test.py#41:973-974>
[42465] <mux> <D:\projects\pytypes2\new100\compose\tests\unit\multiplexer_test.py#39:896-899>
[31364] <self> <D:\projects\pytypes2\new100\compose\tests\integration\service_test.py#807:34008-34011>
[37284] <self> <D:\projects\pytypes2\new100\compose\tests\unit\config\config_test.py#100:3060-3063>
[37285] <base_file> <D:\projects\pytypes2\new100\compose\tests\unit\config\config_test.py#101:3076-3085>
[37304] <override_file> <D:\projects\pytypes2\new100\compose\tests\unit\config\config_test.py#112:3391-3404>
[37319] <details> <D:\projects\pytypes2\new100\compose\tests\unit\config\config_test.py#120:3639-3646>
[37329] <service_dicts> <D:\projects\pytypes2\new100\compose\tests\unit\config\config_test.py#122:3714-3727>
[37336] <expected> <D:\projects\pytypes2\new100\compose\tests\unit\config\config_test.py#123:3760-3768>
[46299] <self> <D:\projects\pytypes2\new100\compose\tests\unit\service_test.py#573:22756-22759>
[46300] <options> <D:\projects\pytypes2\new100\compose\tests\unit\service_test.py#574:22772-22779>
[46320] <intermediate_container> <D:\projects\pytypes2\new100\compose\tests\unit\service_test.py#585:23078-23100>
[46336] <expected> <D:\projects\pytypes2\new100\compose\tests\unit\service_test.py#590:23287-23295>
[46342] <binds> <D:\projects\pytypes2\new100\compose\tests\unit\service_test.py#596:23479-23484>
[40055] <self> <D:\projects\pytypes2\new100\compose\tests\unit\config\config_test.py#886:32874-32877>
[40077] <service_dict> <D:\projects\pytypes2\new100\compose\tests\unit\config\config_test.py#890:33012-33024>
[31165] <self> <D:\projects\pytypes2\new100\compose\tests\integration\service_test.py#776:32344-32347>
[31287] <self> <D:\projects\pytypes2\new100\compose\tests\integration\service_test.py#796:33384-33387>
[5913] <self> <D:\projects\pytypes2\new100\compose\compose\cli\main.py#453:15965-15968>
[5914] <project> <D:\projects\pytypes2\new100\compose\compose\cli\main.py#453:15971-15974>
[5915] <options> <D:\projects\pytypes2\new100\compose\compose\cli\main.py#453:15980-15983>
[5918] <timeout> <D:\projects\pytypes2\new100\compose\compose\cli\main.py#468:16429-16436>
[5929] <s> <D:\projects\pytypes2\new100\compose\compose\cli\main.py#470:16503-16504>
[5939] <service_name> <D:\projects\pytypes2\new100\compose\compose\cli\main.py#473:16664-16676>
[5940] <num> <D:\projects\pytypes2\new100\compose\compose\cli\main.py#473:16678-16681>
[5949] <num> <D:\projects\pytypes2\new100\compose\compose\cli\main.py#475:16735-16738>
[34806] <self> <D:\projects\pytypes2\new100\compose\tests\integration\state_test.py#283:9299-9302>
[40259] <self> <D:\projects\pytypes2\new100\compose\tests\unit\config\config_test.py#952:35065-35068>
[40260] <service_dicts> <D:\projects\pytypes2\new100\compose\tests\unit\config\config_test.py#953:35081-35094>
[37611] <self> <D:\projects\pytypes2\new100\compose\tests\unit\config\config_test.py#206:6783-6786>
[37612] <expected_error_msg> <D:\projects\pytypes2\new100\compose\tests\unit\config\config_test.py#207:6799-6817>
[37615] <invalid_ports> <D:\projects\pytypes2\new100\compose\tests\unit\config\config_test.py#209:6983-6996>
[28127] <self> <D:\projects\pytypes2\new100\compose\tests\integration\service_test.py#171:6691-6694>
[28128] <extra_hosts> <D:\projects\pytypes2\new100\compose\tests\integration\service_test.py#172:6707-6718>
[28135] <extra_hosts_list> <D:\projects\pytypes2\new100\compose\tests\integration\service_test.py#173:6791-6807>
[30974] <self> <D:\projects\pytypes2\new100\compose\tests\integration\service_test.py#745:30801-30804>
[33998] <self> <D:\projects\pytypes2\new100\compose\tests\integration\state_test.py#113:3548-3551>
[33999] <containers> <D:\projects\pytypes2\new100\compose\tests\integration\state_test.py#114:3564-3574>
[34015] <c> <D:\projects\pytypes2\new100\compose\tests\integration\state_test.py#116:3670-3671>
[40343] <self> <D:\projects\pytypes2\new100\compose\tests\unit\config\config_test.py#995:36387-36390>
[40362] <filename> <D:\projects\pytypes2\new100\compose\tests\unit\config\config_test.py#1001:36702-36710>
[40363] <service_name> <D:\projects\pytypes2\new100\compose\tests\unit\config\config_test.py#1001:36712-36724>
[38912] <self> <D:\projects\pytypes2\new100\compose\tests\unit\config\config_test.py#591:22234-22237>
[38913] <service_dict> <D:\projects\pytypes2\new100\compose\tests\unit\config\config_test.py#592:22250-22262>
[36135] <self> <D:\projects\pytypes2\new100\compose\tests\unit\cli\main_test.py#84:2932-2935>
[36136] <options> <D:\projects\pytypes2\new100\compose\tests\unit\cli\main_test.py#85:2948-2955>
[24762] <self> <D:\projects\pytypes2\new100\compose\tests\integration\project_test.py#21:594-597>
[27381] <self> <D:\projects\pytypes2\new100\compose\tests\integration\service_test.py#37:1123-1126>
[35643] <self> <D:\projects\pytypes2\new100\compose\tests\unit\cli\log_printer_test.py#46:1290-1293>
[35644] <glyph> <D:\projects\pytypes2\new100\compose\tests\unit\cli\log_printer_test.py#47:1306-1311>
[35647] <reader> <D:\projects\pytypes2\new100\compose\tests\unit\cli\log_printer_test.py#49:1339-1345>
[35661] <container> <D:\projects\pytypes2\new100\compose\tests\unit\cli\log_printer_test.py#52:1424-1433>
[35666] <output> <D:\projects\pytypes2\new100\compose\tests\unit\cli\log_printer_test.py#53:1474-1480>
[35675] <output> <D:\projects\pytypes2\new100\compose\tests\unit\cli\log_printer_test.py#55:1546-1552>
[29609] <self> <D:\projects\pytypes2\new100\compose\tests\integration\service_test.py#483:19616-19619>
[29610] <base_dir> <D:\projects\pytypes2\new100\compose\tests\integration\service_test.py#484:19632-19640>
[29643] <f> <D:\projects\pytypes2\new100\compose\tests\integration\service_test.py#487:19779-19780>
[34698] <self> <D:\projects\pytypes2\new100\compose\tests\integration\state_test.py#259:8473-8476>
[34699] <context> <D:\projects\pytypes2\new100\compose\tests\integration\state_test.py#260:8489-8496>
[34705] <base_image> <D:\projects\pytypes2\new100\compose\tests\integration\state_test.py#261:8527-8537>
[34708] <dockerfile> <D:\projects\pytypes2\new100\compose\tests\integration\state_test.py#264:8628-8638>
[34729] <f> <D:\projects\pytypes2\new100\compose\tests\integration\state_test.py#266:8722-8723>
[2025] <self> <D:\projects\pytypes2\new100\compose\compose\cli\errors.py#44:1152-1155>
[24867] <self> <D:\projects\pytypes2\new100\compose\tests\integration\project_test.py#43:1293-1296>
[29955] <self> <D:\projects\pytypes2\new100\compose\tests\integration\service_test.py#532:22027-22030>
[5290] <self> <D:\projects\pytypes2\new100\compose\compose\cli\main.py#223:7875-7878>
[5291] <project> <D:\projects\pytypes2\new100\compose\compose\cli\main.py#223:7881-7884>
[5292] <options> <D:\projects\pytypes2\new100\compose\compose\cli\main.py#223:7890-7893>
[21426] <self> <D:\projects\pytypes2\new100\compose\tests\integration\legacy_test.py#52:1772-1775>
[39851] <self> <D:\projects\pytypes2\new100\compose\tests\unit\config\config_test.py#817:30615-30618>
[39852] <environment> <D:\projects\pytypes2\new100\compose\tests\unit\config\config_test.py#818:30631-30642>
[40522] <self> <D:\projects\pytypes2\new100\compose\tests\unit\config\config_test.py#1078:39597-39600>
[40523] <dictionary> <D:\projects\pytypes2\new100\compose\tests\unit\config\config_test.py#1079:39613-39623>
[40530] <load_config> <D:\projects\pytypes2\new100\compose\tests\unit\config\config_test.py#1081:39673-39684>
[44098] <self> <D:\projects\pytypes2\new100\compose\tests\unit\service_test.py#92:3498-3501>
[44099] <container_ids> <D:\projects\pytypes2\new100\compose\tests\unit\service_test.py#93:3514-3527>
[44104] <from_service> <D:\projects\pytypes2\new100\compose\tests\unit\service_test.py#94:3563-3575>
[44124] <container_id> <D:\projects\pytypes2\new100\compose\tests\unit\service_test.py#97:3731-3743>
[44129] <service> <D:\projects\pytypes2\new100\compose\tests\unit\service_test.py#99:3781-3788>
[29832] <self> <D:\projects\pytypes2\new100\compose\tests\integration\service_test.py#516:21030-21033>
[42352] <self> <D:\projects\pytypes2\new100\compose\tests\unit\multiplexer_test.py#7:141-144>
[42353] <mux> <D:\projects\pytypes2\new100\compose\tests\unit\multiplexer_test.py#8:157-160>
[46140] <self> <D:\projects\pytypes2\new100\compose\tests\unit\service_test.py#511:20507-20510>
[46141] <spec> <D:\projects\pytypes2\new100\compose\tests\unit\service_test.py#512:20523-20527>
[46156] <spec> <D:\projects\pytypes2\new100\compose\tests\unit\service_test.py#515:20647-20651>
[39382] <self> <D:\projects\pytypes2\new100\compose\tests\unit\config\config_test.py#700:26000-26003>
[39383] <service_dict> <D:\projects\pytypes2\new100\compose\tests\unit\config\config_test.py#701:26016-26028>
[45129] <self> <D:\projects\pytypes2\new100\compose\tests\unit\service_test.py#309:12479-12482>
[45130] <mock_log> <D:\projects\pytypes2\new100\compose\tests\unit\service_test.py#309:12485-12488>
[45131] <service> <D:\projects\pytypes2\new100\compose\tests\unit\service_test.py#310:12505-12512>
[36677] <self> <D:\projects\pytypes2\new100\compose\tests\unit\cli_test.py#82:3023-3026>
[2008] <self> <D:\projects\pytypes2\new100\compose\compose\cli\errors.py#35:869-872>
[1959] <self> <D:\projects\pytypes2\new100\compose\compose\cli\errors.py#10:196-199>
[1991] <self> <D:\projects\pytypes2\new100\compose\compose\cli\errors.py#26:582-585>
[38634] <self> <D:\projects\pytypes2\new100\compose\tests\unit\config\config_test.py#539:19719-19722>
[38635] <d> <D:\projects\pytypes2\new100\compose\tests\unit\config\config_test.py#540:19735-19736>
[39146] <self> <D:\projects\pytypes2\new100\compose\tests\unit\config\config_test.py#642:24109-24112>
[27058] <self> <D:\projects\pytypes2\new100\compose\tests\integration\resilience_test.py#19:649-652>
[27070] <container> <D:\projects\pytypes2\new100\compose\tests\integration\resilience_test.py#21:727-736>
[35583] <self> <D:\projects\pytypes2\new100\compose\tests\unit\cli\log_printer_test.py#32:879-882>
[35584] <output> <D:\projects\pytypes2\new100\compose\tests\unit\cli\log_printer_test.py#33:895-901>
[39110] <self> <D:\projects\pytypes2\new100\compose\tests\unit\config\config_test.py#631:23780-23783>
[41272] <self> <D:\projects\pytypes2\new100\compose\tests\unit\config\config_test.py#1312:48649-48652>
[41275] <get_config_in_subdir> <D:\projects\pytypes2\new100\compose\tests\unit\config\config_test.py#1315:48723-48743>
[41285] <index> <D:\projects\pytypes2\new100\compose\tests\unit\config\config_test.py#1318:48837-48842>
[41286] <filename> <D:\projects\pytypes2\new100\compose\tests\unit\config\config_test.py#1318:48844-48852>
[41276] <files> <D:\projects\pytypes2\new100\compose\tests\unit\config\config_test.py#1315:48744-48747>
[41113] <self> <D:\projects\pytypes2\new100\compose\tests\unit\config\config_test.py#1261:46871-46874>
[21366] <self> <D:\projects\pytypes2\new100\compose\tests\integration\legacy_test.py#36:1206-1209>
[41971] <self> <D:\projects\pytypes2\new100\compose\tests\unit\container_test.py#132:4908-4911>
[41972] <container> <D:\projects\pytypes2\new100\compose\tests\unit\container_test.py#133:4924-4933>
[34084] <self> <D:\projects\pytypes2\new100\compose\tests\integration\state_test.py#131:4125-4128>
[34085] <old_containers> <D:\projects\pytypes2\new100\compose\tests\integration\state_test.py#132:4141-4155>
[34105] <new_containers> <D:\projects\pytypes2\new100\compose\tests\integration\state_test.py#135:4250-4264>
[34121] <c> <D:\projects\pytypes2\new100\compose\tests\integration\state_test.py#138:4362-4363>
[36385] <self> <D:\projects\pytypes2\new100\compose\tests\unit\cli_test.py#23:585-588>
[36386] <test_dir> <D:\projects\pytypes2\new100\compose\tests\unit\cli_test.py#24:601-609>
[36397] <project_name> <D:\projects\pytypes2\new100\compose\tests\unit\cli_test.py#26:720-732>
[40984] <self> <D:\projects\pytypes2\new100\compose\tests\unit\config\config_test.py#1227:45542-45545>
[40985] <abs_path> <D:\projects\pytypes2\new100\compose\tests\unit\config\config_test.py#1228:45558-45566>
[40988] <result> <D:\projects\pytypes2\new100\compose\tests\unit\config\config_test.py#1229:45609-45615>
[38661] <self> <D:\projects\pytypes2\new100\compose\tests\unit\config\config_test.py#544:20004-20007>
[38662] <d> <D:\projects\pytypes2\new100\compose\tests\unit\config\config_test.py#545:20020-20021>
[38685] <d> <D:\projects\pytypes2\new100\compose\tests\unit\config\config_test.py#548:20214-20215>
[38708] <d> <D:\projects\pytypes2\new100\compose\tests\unit\config\config_test.py#551:20398-20399>
[31254] <self> <D:\projects\pytypes2\new100\compose\tests\integration\service_test.py#791:33084-33087>
[1974] <self> <D:\projects\pytypes2\new100\compose\compose\cli\errors.py#17:316-319>
[39540] <self> <D:\projects\pytypes2\new100\compose\tests\unit\config\config_test.py#734:27218-27221>
[39541] <service_dict> <D:\projects\pytypes2\new100\compose\tests\unit\config\config_test.py#735:27234-27246>
[41728] <self> <D:\projects\pytypes2\new100\compose\tests\unit\container_test.py#85:2746-2749>
[41736] <container> <D:\projects\pytypes2\new100\compose\tests\unit\container_test.py#87:2822-2831>
[43424] <self> <D:\projects\pytypes2\new100\compose\tests\unit\project_test.py#227:7587-7590>
[43425] <container_id> <D:\projects\pytypes2\new100\compose\tests\unit\project_test.py#228:7603-7615>
[43428] <container_dict> <D:\projects\pytypes2\new100\compose\tests\unit\project_test.py#229:7640-7654>
[43445] <project> <D:\projects\pytypes2\new100\compose\tests\unit\project_test.py#231:7774-7781>
[43463] <service> <D:\projects\pytypes2\new100\compose\tests\unit\project_test.py#238:7999-8006>
[39098] <self> <D:\projects\pytypes2\new100\compose\tests\unit\config\config_test.py#626:23647-23650>
[42959] <self> <D:\projects\pytypes2\new100\compose\tests\unit\project_test.py#85:2884-2887>
[42960] <web> <D:\projects\pytypes2\new100\compose\tests\unit\project_test.py#86:2900-2903>
[42970] <console> <D:\projects\pytypes2\new100\compose\tests\unit\project_test.py#91:3022-3029>
[42980] <project> <D:\projects\pytypes2\new100\compose\tests\unit\project_test.py#96:3152-3159>
[47187] <self> <D:\projects\pytypes2\new100\compose\tests\unit\sort_service_test.py#178:5463-5466>
[47188] <services> <D:\projects\pytypes2\new100\compose\tests\unit\sort_service_test.py#179:5479-5487>
[5307] <self> <D:\projects\pytypes2\new100\compose\compose\cli\main.py#231:8061-8064>
[5308] <project> <D:\projects\pytypes2\new100\compose\compose\cli\main.py#231:8067-8070>
[5309] <options> <D:\projects\pytypes2\new100\compose\compose\cli\main.py#231:8076-8079>
[5312] <index> <D:\projects\pytypes2\new100\compose\compose\cli\main.py#242:8446-8451>
[5321] <service> <D:\projects\pytypes2\new100\compose\compose\cli\main.py#243:8491-8498>
[5330] <container> <D:\projects\pytypes2\new100\compose\compose\cli\main.py#245:8568-8577>
[11952] <self> <D:\projects\pytypes2\new100\compose\compose\config\interpolation.py#75:2211-2214>
[11953] <key> <D:\projects\pytypes2\new100\compose\compose\config\interpolation.py#75:2217-2220>
[28593] <self> <D:\projects\pytypes2\new100\compose\tests\integration\service_test.py#267:11059-11062>
[37369] <self> <D:\projects\pytypes2\new100\compose\tests\unit\config\config_test.py#137:4211-4214>
[37370] <base_file> <D:\projects\pytypes2\new100\compose\tests\unit\config\config_test.py#138:4227-4236>
[37382] <override_file> <D:\projects\pytypes2\new100\compose\tests\unit\config\config_test.py#141:4341-4354>
[37389] <details> <D:\projects\pytypes2\new100\compose\tests\unit\config\config_test.py#142:4407-4414>
[37411] <exc> <D:\projects\pytypes2\new100\compose\tests\unit\config\config_test.py#144:4524-4527>
[43555] <self> <D:\projects\pytypes2\new100\compose\tests\unit\project_test.py#266:8949-8952>
[43600] <project> <D:\projects\pytypes2\new100\compose\tests\unit\project_test.py#280:9445-9452>
[43622] <c> <D:\projects\pytypes2\new100\compose\tests\unit\project_test.py#288:9683-9684>
[44160] <self> <D:\projects\pytypes2\new100\compose\tests\unit\service_test.py#103:4025-4028>
[44161] <mode> <D:\projects\pytypes2\new100\compose\tests\unit\service_test.py#104:4045-4049>
[44168] <container_ids> <D:\projects\pytypes2\new100\compose\tests\unit\service_test.py#105:4101-4114>
[44177] <from_service> <D:\projects\pytypes2\new100\compose\tests\unit\service_test.py#106:4170-4182>
[44203] <container_id> <D:\projects\pytypes2\new100\compose\tests\unit\service_test.py#109:4364-4376>
[44208] <service> <D:\projects\pytypes2\new100\compose\tests\unit\service_test.py#111:4422-4429>
[39251] <self> <D:\projects\pytypes2\new100\compose\tests\unit\config\config_test.py#670:24989-24992>
[39252] <service_dict> <D:\projects\pytypes2\new100\compose\tests\unit\config\config_test.py#671:25005-25017>
[40781] <self> <D:\projects\pytypes2\new100\compose\tests\unit\config\config_test.py#1164:43139-43142>
[40782] <dicts> <D:\projects\pytypes2\new100\compose\tests\unit\config\config_test.py#1165:43155-43160>
[40787] <paths> <D:\projects\pytypes2\new100\compose\tests\unit\config\config_test.py#1167:43242-43247>
[31778] <self> <D:\projects\pytypes2\new100\compose\tests\integration\service_test.py#889:37565-37568>
[45932] <self> <D:\projects\pytypes2\new100\compose\tests\unit\service_test.py#463:18880-18883>
[45933] <container_id> <D:\projects\pytypes2\new100\compose\tests\unit\service_test.py#464:18896-18908>
[45936] <service_name> <D:\projects\pytypes2\new100\compose\tests\unit\service_test.py#465:18927-18939>
[45939] <mock_client> <D:\projects\pytypes2\new100\compose\tests\unit\service_test.py#466:18957-18968>
[45962] <service> <D:\projects\pytypes2\new100\compose\tests\unit\service_test.py#471:19152-19159>
[45970] <net> <D:\projects\pytypes2\new100\compose\tests\unit\service_test.py#472:19218-19221>
[46981] <self> <D:\projects\pytypes2\new100\compose\tests\unit\sort_service_test.py#111:3432-3435>
[46982] <services> <D:\projects\pytypes2\new100\compose\tests\unit\sort_service_test.py#112:3448-3456>
[47000] <sorted_services> <D:\projects\pytypes2\new100\compose\tests\unit\sort_service_test.py#126:3763-3778>
[46174] <self> <D:\projects\pytypes2\new100\compose\tests\unit\service_test.py#518:20807-20810>
[31850] <self> <D:\projects\pytypes2\new100\compose\tests\integration\service_test.py#903:38096-38099>
[28303] <self> <D:\projects\pytypes2\new100\compose\tests\integration\service_test.py#199:8156-8159>
[28420] <self> <D:\projects\pytypes2\new100\compose\tests\integration\service_test.py#221:9241-9244>
[46190] <self> <D:\projects\pytypes2\new100\compose\tests\unit\service_test.py#523:21047-21050>
[46191] <windows_absolute_path> <D:\projects\pytypes2\new100\compose\tests\unit\service_test.py#524:21063-21084>
[46194] <spec> <D:\projects\pytypes2\new100\compose\tests\unit\service_test.py#526:21164-21168>
[5993] <self> <D:\projects\pytypes2\new100\compose\compose\cli\main.py#489:17212-17215>
[5994] <project> <D:\projects\pytypes2\new100\compose\compose\cli\main.py#489:17218-17221>
[5995] <options> <D:\projects\pytypes2\new100\compose\compose\cli\main.py#489:17227-17230>
[5998] <timeout> <D:\projects\pytypes2\new100\compose\compose\cli\main.py#501:17589-17596>
[5163] <self> <D:\projects\pytypes2\new100\compose\compose\cli\main.py#167:5996-5999>
[5164] <project> <D:\projects\pytypes2\new100\compose\compose\cli\main.py#167:6002-6005>
[5165] <options> <D:\projects\pytypes2\new100\compose\compose\cli\main.py#167:6011-6014>
[5168] <no_cache> <D:\projects\pytypes2\new100\compose\compose\cli\main.py#181:6547-6555>
[5178] <pull> <D:\projects\pytypes2\new100\compose\compose\cli\main.py#182:6606-6610>
[47393] <self> <D:\projects\pytypes2\new100\compose\tests\unit\split_buffer_test.py#17:443-446>
[47394] <reader> <D:\projects\pytypes2\new100\compose\tests\unit\split_buffer_test.py#18:463-469>
[47135] <self> <D:\projects\pytypes2\new100\compose\tests\unit\sort_service_test.py#158:4912-4915>
[47136] <services> <D:\projects\pytypes2\new100\compose\tests\unit\sort_service_test.py#159:4928-4936>
[36477] <self> <D:\projects\pytypes2\new100\compose\tests\unit\cli_test.py#44:1565-1568>
[36478] <name> <D:\projects\pytypes2\new100\compose\tests\unit\cli_test.py#45:1581-1585>
[36488] <project_name> <D:\projects\pytypes2\new100\compose\tests\unit\cli_test.py#48:1709-1721>
[37727] <self> <D:\projects\pytypes2\new100\compose\tests\unit\config\config_test.py#242:8311-8314>
[37728] <expected_error_msg> <D:\projects\pytypes2\new100\compose\tests\unit\config\config_test.py#243:8327-8345>
[6053] <self> <D:\projects\pytypes2\new100\compose\compose\cli\main.py#517:18189-18192>
[6054] <project> <D:\projects\pytypes2\new100\compose\compose\cli\main.py#517:18195-18198>
[6055] <options> <D:\projects\pytypes2\new100\compose\compose\cli\main.py#517:18204-18207>
[30005] <self> <D:\projects\pytypes2\new100\compose\tests\integration\service_test.py#538:22387-22390>
[34409] <self> <D:\projects\pytypes2\new100\compose\tests\integration\state_test.py#205:6517-6520>
[34410] <options> <D:\projects\pytypes2\new100\compose\tests\integration\state_test.py#206:6533-6540>
[40288] <self> <D:\projects\pytypes2\new100\compose\tests\unit\config\config_test.py#967:35511-35514>
[40291] <service_dicts> <D:\projects\pytypes2\new100\compose\tests\unit\config\config_test.py#971:35625-35638>
[47243] <self> <D:\projects\pytypes2\new100\compose\tests\unit\sort_service_test.py#201:6092-6095>
[47244] <services> <D:\projects\pytypes2\new100\compose\tests\unit\sort_service_test.py#202:6108-6116>
[5222] <self> <D:\projects\pytypes2\new100\compose\compose\cli\main.py#194:6980-6983>
[5223] <project> <D:\projects\pytypes2\new100\compose\compose\cli\main.py#194:6986-6989>
[5224] <options> <D:\projects\pytypes2\new100\compose\compose\cli\main.py#194:6995-6998>
[5227] <signal> <D:\projects\pytypes2\new100\compose\compose\cli\main.py#204:7268-7274>
[2882] <container> <D:\projects\pytypes2\new100\compose\compose\cli\log_printer.py#65:1980-1983>
[2883] <prefix> <D:\projects\pytypes2\new100\compose\compose\cli\log_printer.py#65:1991-1994>
[2884] <color_func> <D:\projects\pytypes2\new100\compose\compose\cli\log_printer.py#65:1999-2002>
[36551] <self> <D:\projects\pytypes2\new100\compose\tests\unit\cli_test.py#58:2109-2112>
[36552] <base_dir> <D:\projects\pytypes2\new100\compose\tests\unit\cli_test.py#59:2125-2133>
[36555] <project> <D:\projects\pytypes2\new100\compose\tests\unit\cli_test.py#60:2190-2197>
[37254] <self> <D:\projects\pytypes2\new100\compose\tests\unit\config\config_test.py#88:2566-2569>
[37255] <expected_error_msg> <D:\projects\pytypes2\new100\compose\tests\unit\config\config_test.py#89:2582-2600>
[22199] <name> <D:\software\python\Lib\unittest\__init__.py#93:3768-3771>
[26999] <self> <D:\projects\pytypes2\new100\compose\tests\integration\resilience_test.py#11:298-301>
[39085] <self> <D:\projects\pytypes2\new100\compose\tests\unit\config\config_test.py#621:23523-23526>
[3779] <objects> <D:\projects\pytypes2\new100\compose\compose\utils.py#20:344-347>
[3780] <obj_callable> <D:\projects\pytypes2\new100\compose\compose\utils.py#20:353-356>
[3781] <msg_index> <D:\projects\pytypes2\new100\compose\compose\utils.py#20:367-370>
[3782] <msg> <D:\projects\pytypes2\new100\compose\compose\utils.py#20:378-381>
[3785] <stream> <D:\projects\pytypes2\new100\compose\compose\utils.py#25:504-510>
[3792] <lines> <D:\projects\pytypes2\new100\compose\compose\utils.py#26:548-553>
[3795] <obj> <D:\projects\pytypes2\new100\compose\compose\utils.py#28:570-573>
[3808] <q> <D:\projects\pytypes2\new100\compose\compose\utils.py#31:652-653>
[3812] <inner_execute_function> <D:\projects\pytypes2\new100\compose\compose\utils.py#33:675-697>
[3854] <an_object> <D:\projects\pytypes2\new100\compose\compose\utils.py#46:1067-1076>
[3856] <t> <D:\projects\pytypes2\new100\compose\compose\utils.py#47:1098-1099>
[3881] <done> <D:\projects\pytypes2\new100\compose\compose\utils.py#54:1283-1287>
[3884] <errors> <D:\projects\pytypes2\new100\compose\compose\utils.py#55:1297-1303>
[3887] <total_to_execute> <D:\projects\pytypes2\new100\compose\compose\utils.py#56:1314-1330>
[3895] <msg_index> <D:\projects\pytypes2\new100\compose\compose\utils.py#60:1411-1420>
[3896] <result> <D:\projects\pytypes2\new100\compose\compose\utils.py#60:1422-1428>
[3897] <error> <D:\projects\pytypes2\new100\compose\compose\utils.py#60:1430-1435>
[3947] <done> <D:\projects\pytypes2\new100\compose\compose\utils.py#69:1816-1820>
[3969] <msg_index> <D:\projects\pytypes2\new100\compose\compose\utils.py#77:1940-1949>
[3970] <result> <D:\projects\pytypes2\new100\compose\compose\utils.py#77:1952-1958>
[3971] <error> <D:\projects\pytypes2\new100\compose\compose\utils.py#77:1960-1965>
[43764] <self> <D:\projects\pytypes2\new100\compose\tests\unit\service_test.py#32:1058-1061>
[43766] <mock_client> <D:\projects\pytypes2\new100\compose\tests\unit\service_test.py#33:1079-1090>
[37479] <self> <D:\projects\pytypes2\new100\compose\tests\unit\config\config_test.py#159:5195-5198>
[37480] <base_file> <D:\projects\pytypes2\new100\compose\tests\unit\config\config_test.py#160:5211-5220>
[37492] <override_file> <D:\projects\pytypes2\new100\compose\tests\unit\config\config_test.py#165:5358-5371>
[37511] <details> <D:\projects\pytypes2\new100\compose\tests\unit\config\config_test.py#176:5720-5727>
[37521] <tmpdir> <D:\projects\pytypes2\new100\compose\tests\unit\config\config_test.py#178:5795-5801>
[37540] <service_dicts> <D:\projects\pytypes2\new100\compose\tests\unit\config\config_test.py#184:5997-6010>
[37554] <expected> <D:\projects\pytypes2\new100\compose\tests\unit\config\config_test.py#186:6045-6053>
[38546] <self> <D:\projects\pytypes2\new100\compose\tests\unit\config\config_test.py#526:18993-18996>
[38554] <d> <D:\projects\pytypes2\new100\compose\tests\unit\config\config_test.py#528:19052-19053>
[29770] <self> <D:\projects\pytypes2\new100\compose\tests\integration\service_test.py#506:20533-20536>
[29866] <self> <D:\projects\pytypes2\new100\compose\tests\integration\service_test.py#521:21320-21323>
[6023] <self> <D:\projects\pytypes2\new100\compose\compose\cli\main.py#504:17740-17743>
[6024] <project> <D:\projects\pytypes2\new100\compose\compose\cli\main.py#504:17746-17749>
[6025] <options> <D:\projects\pytypes2\new100\compose\compose\cli\main.py#504:17755-17758>
[6028] <timeout> <D:\projects\pytypes2\new100\compose\compose\cli\main.py#514:18035-18042>
[41230] <self> <D:\projects\pytypes2\new100\compose\tests\unit\config\config_test.py#1304:48294-48297>
[41231] <index> <D:\projects\pytypes2\new100\compose\tests\unit\config\config_test.py#1305:48314-48319>
[41232] <filename> <D:\projects\pytypes2\new100\compose\tests\unit\config\config_test.py#1305:48321-48329>
[41062] <self> <D:\projects\pytypes2\new100\compose\tests\unit\config\config_test.py#1244:46222-46225>
[41063] <windows_volume_path> <D:\projects\pytypes2\new100\compose\tests\unit\config\config_test.py#1245:46238-46257>
[41066] <expected_mapping> <D:\projects\pytypes2\new100\compose\tests\unit\config\config_test.py#1246:46351-46367>
[41071] <mapping> <D:\projects\pytypes2\new100\compose\tests\unit\config\config_test.py#1251:46505-46512>
[45052] <self> <D:\projects\pytypes2\new100\compose\tests\unit\service_test.py#291:11770-11773>
[45053] <mock_log> <D:\projects\pytypes2\new100\compose\tests\unit\service_test.py#291:11776-11779>
[45054] <service> <D:\projects\pytypes2\new100\compose\tests\unit\service_test.py#292:11796-11803>
[16652] <self> <D:\projects\pytypes2\new100\compose\script\versions.py#47:1108-1111>
[29905] <self> <D:\projects\pytypes2\new100\compose\tests\integration\service_test.py#526:21613-21616>
[40855] <self> <D:\projects\pytypes2\new100\compose\tests\unit\config\config_test.py#1189:44004-44007>
[40856] <err_msg> <D:\projects\pytypes2\new100\compose\tests\unit\config\config_test.py#1190:44020-44027>
[6157] <self> <D:\projects\pytypes2\new100\compose\compose\cli\main.py#581:21158-21161>
[6158] <project> <D:\projects\pytypes2\new100\compose\compose\cli\main.py#581:21164-21167>
[6159] <_options> <D:\projects\pytypes2\new100\compose\compose\cli\main.py#581:21173-21176>
[28342] <self> <D:\projects\pytypes2\new100\compose\tests\integration\service_test.py#205:8480-8483>
[28343] <host_path> <D:\projects\pytypes2\new100\compose\tests\integration\service_test.py#206:8496-8505>
[28346] <container_path> <D:\projects\pytypes2\new100\compose\tests\integration\service_test.py#207:8534-8548>
[4308] <obj> <D:\projects\pytypes2\new100\compose\compose\utils.py#178:5080-5083>
[4309] <dump> <D:\projects\pytypes2\new100\compose\compose\utils.py#179:5091-5095>
[4322] <h> <D:\projects\pytypes2\new100\compose\compose\utils.py#180:5158-5159>
[45172] <self> <D:\projects\pytypes2\new100\compose\tests\unit\service_test.py#319:12935-12938>
[45173] <_> <D:\projects\pytypes2\new100\compose\tests\unit\service_test.py#319:12941-12944>
[45174] <mock_container> <D:\projects\pytypes2\new100\compose\tests\unit\service_test.py#320:12954-12968>
[45181] <service> <D:\projects\pytypes2\new100\compose\tests\unit\service_test.py#321:13012-13019>
[45201] <new_container> <D:\projects\pytypes2\new100\compose\tests\unit\service_test.py#323:13140-13153>
[4808] <command> <D:\projects\pytypes2\new100\compose\compose\cli\main.py#52:1420-1427>
[31030] <self> <D:\projects\pytypes2\new100\compose\tests\integration\service_test.py#755:31226-31229>
[40645] <self> <D:\projects\pytypes2\new100\compose\tests\unit\config\config_test.py#1111:40975-40978>
[40648] <service_dicts> <D:\projects\pytypes2\new100\compose\tests\unit\config\config_test.py#1116:41145-41158>
[21334] <self> <D:\projects\pytypes2\new100\compose\tests\integration\legacy_test.py#28:892-895>
[38947] <self> <D:\projects\pytypes2\new100\compose\tests\unit\config\config_test.py#598:22497-22500>
[38948] <service_dict> <D:\projects\pytypes2\new100\compose\tests\unit\config\config_test.py#599:22513-22525>
[40214] <self> <D:\projects\pytypes2\new100\compose\tests\unit\config\config_test.py#930:34397-34400>
[40215] <service_dicts> <D:\projects\pytypes2\new100\compose\tests\unit\config\config_test.py#931:34413-34426>
[29370] <self> <D:\projects\pytypes2\new100\compose\tests\integration\service_test.py#428:17583-17586>
[29553] <self> <D:\projects\pytypes2\new100\compose\tests\integration\service_test.py#477:19265-19268>
[41531] <self> <D:\projects\pytypes2\new100\compose\tests\unit\container_test.py#13:258-261>
[41533] <container_dict> <D:\projects\pytypes2\new100\compose\tests\unit\container_test.py#14:279-293>
[39874] <self> <D:\projects\pytypes2\new100\compose\tests\unit\config\config_test.py#825:30884-30887>
[46775] <self> <D:\projects\pytypes2\new100\compose\tests\unit\sort_service_test.py#48:1452-1455>
[46776] <services> <D:\projects\pytypes2\new100\compose\tests\unit\sort_service_test.py#49:1468-1476>
[46794] <sorted_services> <D:\projects\pytypes2\new100\compose\tests\unit\sort_service_test.py#63:1777-1792>
[31198] <self> <D:\projects\pytypes2\new100\compose\tests\integration\service_test.py#781:32618-32621>
[31419] <self> <D:\projects\pytypes2\new100\compose\tests\integration\service_test.py#817:34478-34481>
[31317] <self> <D:\projects\pytypes2\new100\compose\tests\integration\service_test.py#801:33637-33640>
[46546] <kwargs> <D:\projects\pytypes2\new100\compose\tests\unit\service_test.py#671:25676-25682>
[46545] <args> <D:\projects\pytypes2\new100\compose\tests\unit\service_test.py#671:25668-25672>
[2777] <text> <D:\projects\pytypes2\new100\compose\compose\cli\log_printer.py#31:955-958>
[45435] <repo> <D:\projects\pytypes2\new100\compose\tests\unit\service_test.py#359:15177-15180>
[45436] <tag> <D:\projects\pytypes2\new100\compose\tests\unit\service_test.py#359:15183-15186>
[45462] <None> <D:\projects\pytypes2\new100\compose\tests\unit\service_test.py#359:15187-15191>
[6282] <signal> <D:\projects\pytypes2\new100\compose\compose\cli\main.py#648:23461-23464>
[6283] <frame> <D:\projects\pytypes2\new100\compose\compose\cli\main.py#648:23469-23472>
[35659] <kwargs> <D:\projects\pytypes2\new100\compose\tests\unit\cli\log_printer_test.py#49:1355-1361>
[35658] <args> <D:\projects\pytypes2\new100\compose\tests\unit\cli\log_printer_test.py#49:1347-1351>
[3813] <an_callable> <D:\projects\pytypes2\new100\compose\compose\utils.py#33:698-701>
[3814] <parameter> <D:\projects\pytypes2\new100\compose\compose\utils.py#33:711-714>
[3815] <msg_index> <D:\projects\pytypes2\new100\compose\compose\utils.py#33:722-725>
[35563] <kwargs> <D:\projects\pytypes2\new100\compose\tests\unit\cli\log_printer_test.py#26:659-665>
[35562] <args> <D:\projects\pytypes2\new100\compose\tests\unit\cli\log_printer_test.py#26:651-655>
