[729] <cli> <D:\projects\pytypes2\new100\cookiecutter\cookiecutter\cli.py#1:0-0>
[1168] <cookiecutter> <D:\projects\pytypes2\new100\cookiecutter\cookiecutter\__init__.py#1:0-0>
[1164] <__version__> <D:\projects\pytypes2\new100\cookiecutter\cookiecutter\__init__.py#5:67-78>
[462] <cookiecutter> <D:\projects\pytypes2\new100\cookiecutter\cookiecutter\cli.py#12:140-152>
[466] <cookiecutter> <D:\projects\pytypes2\new100\cookiecutter\cookiecutter\cli.py#13:178-190>
[471] <cookiecutter> <D:\projects\pytypes2\new100\cookiecutter\cookiecutter\cli.py#14:225-237>
[476] <cookiecutter> <D:\projects\pytypes2\new100\cookiecutter\cookiecutter\cli.py#15:269-281>
[1452] <exceptions> <D:\projects\pytypes2\new100\cookiecutter\cookiecutter\exceptions.py#1:0-0>
[1311] <CookiecutterException> <D:\projects\pytypes2\new100\cookiecutter\cookiecutter\exceptions.py#6:112-133>
[1317] <NonTemplatedInputDirException> <D:\projects\pytypes2\new100\cookiecutter\cookiecutter\exceptions.py#14:274-303>
[1323] <UnknownTemplateDirException> <D:\projects\pytypes2\new100\cookiecutter\cookiecutter\exceptions.py#23:565-592>
[1329] <MissingProjectDir> <D:\projects\pytypes2\new100\cookiecutter\cookiecutter\exceptions.py#33:873-890>
[1335] <ConfigDoesNotExistException> <D:\projects\pytypes2\new100\cookiecutter\cookiecutter\exceptions.py#43:1134-1161>
[1341] <InvalidConfiguration> <D:\projects\pytypes2\new100\cookiecutter\cookiecutter\exceptions.py#52:1362-1382>
[1347] <UnknownRepoType> <D:\projects\pytypes2\new100\cookiecutter\cookiecutter\exceptions.py#61:1578-1593>
[1353] <VCSNotInstalled> <D:\projects\pytypes2\new100\cookiecutter\cookiecutter\exceptions.py#69:1739-1754>
[1359] <ContextDecodingException> <D:\projects\pytypes2\new100\cookiecutter\cookiecutter\exceptions.py#77:1934-1958>
[1365] <OutputDirExistsException> <D:\projects\pytypes2\new100\cookiecutter\cookiecutter\exceptions.py#85:2122-2146>
[1371] <InvalidModeException> <D:\projects\pytypes2\new100\cookiecutter\cookiecutter\exceptions.py#93:2317-2337>
[1377] <FailedHookException> <D:\projects\pytypes2\new100\cookiecutter\cookiecutter\exceptions.py#102:2541-2560>
[1383] <UndefinedVariableInTemplate> <D:\projects\pytypes2\new100\cookiecutter\cookiecutter\exceptions.py#110:2688-2715>
[1387] <__init__> <D:\projects\pytypes2\new100\cookiecutter\cookiecutter\exceptions.py#118:2900-2908>
[1411] <__str__> <D:\projects\pytypes2\new100\cookiecutter\cookiecutter\exceptions.py#124:3097-3104>
[1427] <UnknownExtension> <D:\projects\pytypes2\new100\cookiecutter\cookiecutter\exceptions.py#133:3362-3378>
[1433] <RepositoryNotFound> <D:\projects\pytypes2\new100\cookiecutter\cookiecutter\exceptions.py#141:3552-3570>
[1439] <RepositoryCloneFailed> <D:\projects\pytypes2\new100\cookiecutter\cookiecutter\exceptions.py#149:3729-3750>
[1445] <InvalidZipRepository> <D:\projects\pytypes2\new100\cookiecutter\cookiecutter\exceptions.py#157:3902-3922>
[477] <exceptions> <D:\projects\pytypes2\new100\cookiecutter\cookiecutter\cli.py#15:282-292>
[495] <version_msg> <D:\projects\pytypes2\new100\cookiecutter\cookiecutter\cli.py#27:534-545>
[539] <validate_extra_context> <D:\projects\pytypes2\new100\cookiecutter\cookiecutter\cli.py#35:865-887>
[572] <main> <D:\projects\pytypes2\new100\cookiecutter\cookiecutter\cli.py#91:2860-2864>
[573] <template> <D:\projects\pytypes2\new100\cookiecutter\cookiecutter\cli.py#92:2875-2878>
[574] <extra_context> <D:\projects\pytypes2\new100\cookiecutter\cookiecutter\cli.py#92:2885-2888>
[575] <no_input> <D:\projects\pytypes2\new100\cookiecutter\cookiecutter\cli.py#92:2900-2903>
[576] <checkout> <D:\projects\pytypes2\new100\cookiecutter\cookiecutter\cli.py#92:2910-2913>
[577] <verbose> <D:\projects\pytypes2\new100\cookiecutter\cookiecutter\cli.py#92:2920-2923>
[578] <replay> <D:\projects\pytypes2\new100\cookiecutter\cookiecutter\cli.py#93:2938-2941>
[579] <overwrite_if_exists> <D:\projects\pytypes2\new100\cookiecutter\cookiecutter\cli.py#93:2946-2949>
[580] <output_dir> <D:\projects\pytypes2\new100\cookiecutter\cookiecutter\cli.py#93:2967-2970>
[581] <config_file> <D:\projects\pytypes2\new100\cookiecutter\cookiecutter\cli.py#93:2979-2982>
[582] <default_config> <D:\projects\pytypes2\new100\cookiecutter\cookiecutter\cli.py#94:3001-3004>
[583] <debug_file> <D:\projects\pytypes2\new100\cookiecutter\cookiecutter\cli.py#94:3017-3020>
[686] <context_str> <D:\projects\pytypes2\new100\cookiecutter\cookiecutter\cli.py#136:4575-4586>
[1845] <config> <D:\projects\pytypes2\new100\cookiecutter\cookiecutter\config.py#1:0-0>
[2126] <__future__> <D:\software\python\Lib\__future__.py#1:0-0>
[1848] <all_feature_names> <D:\software\python\Lib\__future__.py#50:1747-1764>
[1861] <__all__> <D:\software\python\Lib\__future__.py#63:1994-2001>
[1867] <CO_NESTED> <D:\software\python\Lib\__future__.py#69:2296-2305>
[1870] <CO_GENERATOR_ALLOWED> <D:\software\python\Lib\__future__.py#70:2353-2373>
[1873] <CO_FUTURE_DIVISION> <D:\software\python\Lib\__future__.py#71:2430-2448>
[1876] <CO_FUTURE_ABSOLUTE_IMPORT> <D:\software\python\Lib\__future__.py#72:2482-2507>
[1879] <CO_FUTURE_WITH_STATEMENT> <D:\software\python\Lib\__future__.py#73:2561-2585>
[1882] <CO_FUTURE_PRINT_FUNCTION> <D:\software\python\Lib\__future__.py#74:2619-2643>
[1885] <CO_FUTURE_UNICODE_LITERALS> <D:\software\python\Lib\__future__.py#75:2677-2703>
[1888] <CO_FUTURE_BARRY_AS_BDFL> <D:\software\python\Lib\__future__.py#76:2744-2767>
[1891] <CO_FUTURE_GENERATOR_STOP> <D:\software\python\Lib\__future__.py#77:2780-2804>
[1894] <CO_FUTURE_ANNOTATIONS> <D:\software\python\Lib\__future__.py#78:2872-2893>
[1897] <_Feature> <D:\software\python\Lib\__future__.py#81:2963-2971>
[1898] <__init__> <D:\software\python\Lib\__future__.py#83:2984-2992>
[1920] <getOptionalRelease> <D:\software\python\Lib\__future__.py#88:3189-3207>
[1930] <getMandatoryRelease> <D:\software\python\Lib\__future__.py#95:3408-3427>
[1940] <__repr__> <D:\software\python\Lib\__future__.py#103:3717-3725>
[1899] <self> <D:\software\python\Lib\__future__.py#83:2993-2996>
[1900] <optionalRelease> <D:\software\python\Lib\__future__.py#83:2999-3002>
[1901] <mandatoryRelease> <D:\software\python\Lib\__future__.py#83:3016-3019>
[1902] <compiler_flag> <D:\software\python\Lib\__future__.py#83:3034-3037>
[1904] <optional> <D:\software\python\Lib\__future__.py#84:3064-3072>
[1909] <mandatory> <D:\software\python\Lib\__future__.py#85:3105-3114>
[1914] <compiler_flag> <D:\software\python\Lib\__future__.py#86:3148-3161>
[1961] <nested_scopes> <D:\software\python\Lib\__future__.py#109:3895-3908>
[1978] <generators> <D:\software\python\Lib\__future__.py#113:4032-4042>
[1995] <division> <D:\software\python\Lib\__future__.py#117:4171-4179>
[2012] <absolute_import> <D:\software\python\Lib\__future__.py#121:4302-4317>
[2029] <with_statement> <D:\software\python\Lib\__future__.py#125:4461-4475>
[2046] <print_function> <D:\software\python\Lib\__future__.py#129:4616-4630>
[2063] <unicode_literals> <D:\software\python\Lib\__future__.py#133:4771-4787>
[2080] <barry_as_FLUFL> <D:\software\python\Lib\__future__.py#137:4934-4948>
[2097] <generator_stop> <D:\software\python\Lib\__future__.py#141:5088-5102>
[2114] <annotations> <D:\software\python\Lib\__future__.py#145:5242-5253>
[1540] <__future__> <D:\projects\pytypes2\new100\cookiecutter\cookiecutter\config.py#5:72-82>
[2658] <io> <D:\software\python\Lib\io.py#1:0-0>
[2445] <__author__> <D:\software\python\Lib\io.py#37:1559-1569>
[2448] <__all__> <D:\software\python\Lib\io.py#44:1905-1912>
[2994] <abc> <D:\software\python\Lib\abc.py#1:0-0>
[2661] <abstractmethod> <D:\software\python\Lib\abc.py#7:171-185>
[2674] <abstractclassmethod> <D:\software\python\Lib\abc.py#28:867-886>
[2678] <__isabstractmethod__> <D:\software\python\Lib\abc.py#41:1194-1214>
[2681] <__init__> <D:\software\python\Lib\abc.py#43:1233-1241>
[2700] <abstractstaticmethod> <D:\software\python\Lib\abc.py#48:1352-1372>
[2704] <__isabstractmethod__> <D:\software\python\Lib\abc.py#61:1680-1700>
[2707] <__init__> <D:\software\python\Lib\abc.py#63:1719-1727>
[2726] <abstractproperty> <D:\software\python\Lib\abc.py#68:1838-1854>
[2730] <__isabstractmethod__> <D:\software\python\Lib\abc.py#81:2144-2164>
[3501] <_py_abc> <D:\software\python\Lib\_py_abc.py#1:0-0>
[3014] <get_cache_token> <D:\software\python\Lib\_py_abc.py#4:41-56>
[3023] <ABCMeta> <D:\software\python\Lib\_py_abc.py#14:385-392>
[3027] <_abc_invalidation_counter> <D:\software\python\Lib\_py_abc.py#33:1334-1359>
[3030] <__new__> <D:\software\python\Lib\_py_abc.py#35:1375-1382>
[3130] <register> <D:\software\python\Lib\_py_abc.py#54:2283-2291>
[3176] <_dump_registry> <D:\software\python\Lib\_py_abc.py#72:3132-3146>
[3228] <_abc_registry_clear> <D:\software\python\Lib\_py_abc.py#83:3632-3651>
[3241] <_abc_caches_clear> <D:\software\python\Lib\_py_abc.py#87:3766-3783>
[3261] <__instancecheck__> <D:\software\python\Lib\_py_abc.py#92:3934-3951>
[3329] <__subclasscheck__> <D:\software\python\Lib\_py_abc.py#108:4609-4626>
[2886] <_py_abc> <D:\software\python\Lib\abc.py#89:2408-2415>
[2893] <__module__> <D:\software\python\Lib\abc.py#90:2461-2471>
[2754] <ABCMeta> <D:\software\python\Lib\abc.py#92:2498-2505>
[2758] <__new__> <D:\software\python\Lib\abc.py#105:3209-3216>
[2781] <register> <D:\software\python\Lib\abc.py#110:3403-3411>
[2793] <__instancecheck__> <D:\software\python\Lib\abc.py#117:3638-3655>
[2805] <__subclasscheck__> <D:\software\python\Lib\abc.py#121:3800-3817>
[2817] <_dump_registry> <D:\software\python\Lib\abc.py#125:3962-3976>
[2863] <_abc_registry_clear> <D:\software\python\Lib\abc.py#137:4656-4675>
[2873] <_abc_caches_clear> <D:\software\python\Lib\abc.py#141:4797-4814>
[2900] <update_abstractmethods> <D:\software\python\Lib\abc.py#146:4926-4948>
[2985] <ABC> <D:\software\python\Lib\abc.py#184:6568-6571>
[2988] <__slots__> <D:\software\python\Lib\abc.py#188:6697-6706>
[2473] <abc> <D:\software\python\Lib\io.py#52:2265-2268>
[2508] <__getattr__> <D:\software\python\Lib\io.py#60:2577-2588>
[2542] <SEEK_SET> <D:\software\python\Lib\io.py#80:3427-3435>
[2545] <SEEK_CUR> <D:\software\python\Lib\io.py#81:3441-3449>
[2548] <SEEK_END> <D:\software\python\Lib\io.py#82:3455-3463>
[2551] <IOBase> <D:\software\python\Lib\io.py#87:3624-3630>
[2555] <__doc__> <D:\software\python\Lib\io.py#88:3673-3680>
[2564] <RawIOBase> <D:\software\python\Lib\io.py#90:3712-3721>
[2569] <__doc__> <D:\software\python\Lib\io.py#91:3752-3759>
[2578] <BufferedIOBase> <D:\software\python\Lib\io.py#93:3794-3808>
[2583] <__doc__> <D:\software\python\Lib\io.py#94:3844-3851>
[2592] <TextIOBase> <D:\software\python\Lib\io.py#96:3891-3901>
[2597] <__doc__> <D:\software\python\Lib\io.py#97:3933-3940>
[2612] <klass> <D:\software\python\Lib\io.py#101:4004-4009>
[2627] <klass> <D:\software\python\Lib\io.py#105:4146-4151>
[1553] <io> <D:\projects\pytypes2\new100\cookiecutter\cookiecutter\config.py#9:155-157>
[1570] <logger> <D:\projects\pytypes2\new100\cookiecutter\cookiecutter\config.py#18:299-305>
[1577] <USER_CONFIG_PATH> <D:\projects\pytypes2\new100\cookiecutter\cookiecutter\config.py#20:339-355>
[1586] <BUILTIN_ABBREVIATIONS> <D:\projects\pytypes2\new100\cookiecutter\cookiecutter\config.py#22:401-422>
[1595] <DEFAULT_CONFIG> <D:\projects\pytypes2\new100\cookiecutter\cookiecutter\config.py#28:555-569>
[1622] <_expand_path> <D:\projects\pytypes2\new100\cookiecutter\cookiecutter\config.py#36:817-829>
[1648] <merge_configs> <D:\projects\pytypes2\new100\cookiecutter\cookiecutter\config.py#43:1015-1028>
[1695] <get_config> <D:\projects\pytypes2\new100\cookiecutter\cookiecutter\config.py#62:1590-1600>
[1780] <get_user_config> <D:\projects\pytypes2\new100\cookiecutter\cookiecutter\config.py#88:2531-2546>
[3695] <environment> <D:\projects\pytypes2\new100\cookiecutter\cookiecutter\environment.py#1:0-0>
[3587] <ExtensionLoaderMixin> <D:\projects\pytypes2\new100\cookiecutter\cookiecutter\environment.py#10:182-202>
[3591] <__init__> <D:\projects\pytypes2\new100\cookiecutter\cookiecutter\environment.py#17:442-450>
[3637] <_read_extensions> <D:\projects\pytypes2\new100\cookiecutter\cookiecutter\environment.py#42:1364-1380>
[3668] <StrictEnvironment> <D:\projects\pytypes2\new100\cookiecutter\cookiecutter\environment.py#56:1794-1811>
[3673] <__init__> <D:\projects\pytypes2\new100\cookiecutter\cookiecutter\environment.py#63:2012-2020>
[3761] <extensions> <D:\projects\pytypes2\new100\cookiecutter\cookiecutter\extensions.py#1:0-0>
[3717] <JsonifyExtension> <D:\projects\pytypes2\new100\cookiecutter\cookiecutter\extensions.py#10:114-130>
[3721] <__init__> <D:\projects\pytypes2\new100\cookiecutter\cookiecutter\extensions.py#13:218-226>
[3860] <find> <D:\projects\pytypes2\new100\cookiecutter\cookiecutter\find.py#1:0-0>
[3779] <logger> <D:\projects\pytypes2\new100\cookiecutter\cookiecutter\find.py#10:189-195>
[3786] <find_template> <D:\projects\pytypes2\new100\cookiecutter\cookiecutter\find.py#13:235-248>
[4889] <generate> <D:\projects\pytypes2\new100\cookiecutter\cookiecutter\generate.py#1:0-0>
[3865] <__future__> <D:\projects\pytypes2\new100\cookiecutter\cookiecutter\generate.py#4:99-109>
[3872] <io> <D:\projects\pytypes2\new100\cookiecutter\cookiecutter\generate.py#7:160-162>
[3907] <environment> <D:\projects\pytypes2\new100\cookiecutter\cookiecutter\generate.py#18:411-422>
[3923] <find> <D:\projects\pytypes2\new100\cookiecutter\cookiecutter\generate.py#26:642-646>
[3939] <logger> <D:\projects\pytypes2\new100\cookiecutter\cookiecutter\generate.py#30:759-765>
[3946] <is_copy_only_path> <D:\projects\pytypes2\new100\cookiecutter\cookiecutter\generate.py#33:805-822>
[3979] <apply_overwrites_to_context> <D:\projects\pytypes2\new100\cookiecutter\cookiecutter\generate.py#53:1425-1452>
[4036] <generate_context> <D:\projects\pytypes2\new100\cookiecutter\cookiecutter\generate.py#75:2393-2409>
[4146] <generate_file> <D:\projects\pytypes2\new100\cookiecutter\cookiecutter\generate.py#117:4119-4132>
[4326] <render_and_create_dir> <D:\projects\pytypes2\new100\cookiecutter\cookiecutter\generate.py#183:6652-6673>
[4423] <ensure_dir_is_templated> <D:\projects\pytypes2\new100\cookiecutter\cookiecutter\generate.py#215:7711-7734>
[4442] <_run_hook_from_repo_dir> <D:\projects\pytypes2\new100\cookiecutter\cookiecutter\generate.py#223:7938-7961>
[4486] <generate_files> <D:\projects\pytypes2\new100\cookiecutter\cookiecutter\generate.py#247:8872-8886>
[8625] <replay> <D:\projects\pytypes2\new100\cookiecutter\cookiecutter\replay.py#1:0-0>
[8480] <__future__> <D:\projects\pytypes2\new100\cookiecutter\cookiecutter\replay.py#9:89-99>
[8499] <get_file_name> <D:\projects\pytypes2\new100\cookiecutter\cookiecutter\replay.py#18:241-254>
[8522] <dump> <D:\projects\pytypes2\new100\cookiecutter\cookiecutter\replay.py#24:422-426>
[8580] <load> <D:\projects\pytypes2\new100\cookiecutter\cookiecutter\replay.py#44:1134-1138>
[8867] <repository> <D:\projects\pytypes2\new100\cookiecutter\cookiecutter\repository.py#1:0-0>
[8629] <__future__> <D:\projects\pytypes2\new100\cookiecutter\cookiecutter\repository.py#5:76-86>
[8651] <REPO_REGEX> <D:\projects\pytypes2\new100\cookiecutter\cookiecutter\repository.py#13:234-244>
[8661] <is_repo_url> <D:\projects\pytypes2\new100\cookiecutter\cookiecutter\repository.py#22:496-507>
[8675] <is_zip_file> <D:\projects\pytypes2\new100\cookiecutter\cookiecutter\repository.py#27:620-631>
[8690] <expand_abbreviations> <D:\projects\pytypes2\new100\cookiecutter\cookiecutter\repository.py#32:739-759>
[8731] <repository_has_cookiecutter_json> <D:\projects\pytypes2\new100\cookiecutter\cookiecutter\repository.py#50:1299-1331>
[8766] <determine_repo_dir> <D:\projects\pytypes2\new100\cookiecutter\cookiecutter\repository.py#64:1799-1817>
[10237] <__main__> <D:\projects\pytypes2\new100\cookiecutter\cookiecutter\__main__.py#1:0-0>
[10218] <__future__> <D:\projects\pytypes2\new100\cookiecutter\cookiecutter\__main__.py#3:107-117>
[10222] <cli> <D:\projects\pytypes2\new100\cookiecutter\cookiecutter\__main__.py#5:150-153>
[10388] <ccext> <D:\projects\pytypes2\new100\cookiecutter\docs\ccext.py#1:0-0>
[10238] <cookiecutter> <D:\projects\pytypes2\new100\cookiecutter\docs\ccext.py#2:30-42>
[10239] <cli> <D:\projects\pytypes2\new100\cookiecutter\docs\ccext.py#2:50-53>
[10259] <CcCommandLineOptions> <D:\projects\pytypes2\new100\cookiecutter\docs\ccext.py#11:189-209>
[10263] <_format_option> <D:\projects\pytypes2\new100\cookiecutter\docs\ccext.py#12:235-249>
[10290] <process_actions> <D:\projects\pytypes2\new100\cookiecutter\docs\ccext.py#22:475-490>
[10329] <run> <D:\projects\pytypes2\new100\cookiecutter\docs\ccext.py#28:715-718>
[10376] <setup> <D:\projects\pytypes2\new100\cookiecutter\docs\ccext.py#37:964-969>
[10620] <conf> <D:\projects\pytypes2\new100\cookiecutter\docs\conf.py#1:0-0>
[10400] <Mock> <D:\projects\pytypes2\new100\cookiecutter\docs\conf.py#28:1035-1039>
[10402] <__init__> <D:\projects\pytypes2\new100\cookiecutter\docs\conf.py#29:1058-1066>
[10409] <__call__> <D:\projects\pytypes2\new100\cookiecutter\docs\conf.py#32:1116-1124>
[10418] <__getattr__> <D:\projects\pytypes2\new100\cookiecutter\docs\conf.py#36:1201-1212>
[10465] <MOCK_MODULES> <D:\projects\pytypes2\new100\cookiecutter\docs\conf.py#47:1508-1520>
[10469] <mod_name> <D:\projects\pytypes2\new100\cookiecutter\docs\conf.py#48:1537-1545>
[10403] <self> <D:\projects\pytypes2\new100\cookiecutter\docs\conf.py#29:1067-1070>
[10407] <f> <D:\projects\pytypes2\new100\cookiecutter\docs\conf.py#29:1070-1071>
[10481] <cwd> <D:\projects\pytypes2\new100\cookiecutter\docs\conf.py#53:1630-1633>
[10487] <parent> <D:\projects\pytypes2\new100\cookiecutter\docs\conf.py#54:1649-1655>
[10504] <cookiecutter> <D:\projects\pytypes2\new100\cookiecutter\docs\conf.py#57:1714-1726>
[10507] <extensions> <D:\projects\pytypes2\new100\cookiecutter\docs\conf.py#67:2074-2084>
[10520] <templates_path> <D:\projects\pytypes2\new100\cookiecutter\docs\conf.py#81:2428-2442>
[10524] <source_suffix> <D:\projects\pytypes2\new100\cookiecutter\docs\conf.py#84:2498-2511>
[10531] <master_doc> <D:\projects\pytypes2\new100\cookiecutter\docs\conf.py#93:2679-2689>
[10534] <project> <D:\projects\pytypes2\new100\cookiecutter\docs\conf.py#96:2745-2752>
[10537] <copyright> <D:\projects\pytypes2\new100\cookiecutter\docs\conf.py#97:2772-2781>
[10540] <version> <D:\projects\pytypes2\new100\cookiecutter\docs\conf.py#104:3045-3052>
[10545] <release> <D:\projects\pytypes2\new100\cookiecutter\docs\conf.py#106:3132-3139>
[10550] <exclude_patterns> <D:\projects\pytypes2\new100\cookiecutter\docs\conf.py#120:3653-3669>
[10554] <pygments_style> <D:\projects\pytypes2\new100\cookiecutter\docs\conf.py#137:4247-4261>
[10557] <suppress_warnings> <D:\projects\pytypes2\new100\cookiecutter\docs\conf.py#146:4509-4526>
[10561] <html_theme> <D:\projects\pytypes2\new100\cookiecutter\docs\conf.py#152:4744-4754>
[10564] <html_static_path> <D:\projects\pytypes2\new100\cookiecutter\docs\conf.py#181:5872-5888>
[10567] <htmlhelp_basename> <D:\projects\pytypes2\new100\cookiecutter\docs\conf.py#225:7345-7362>
[10570] <latex_elements> <D:\projects\pytypes2\new100\cookiecutter\docs\conf.py#230:7471-7485>
[10573] <latex_documents> <D:\projects\pytypes2\new100\cookiecutter\docs\conf.py#243:7879-7894>
[10582] <man_pages> <D:\projects\pytypes2\new100\cookiecutter\docs\conf.py#273:8802-8811>
[10592] <texinfo_documents> <D:\projects\pytypes2\new100\cookiecutter\docs\conf.py#287:9261-9278>
[10603] <epub_title> <D:\projects\pytypes2\new100\cookiecutter\docs\conf.py#309:9966-9976>
[10606] <epub_author> <D:\projects\pytypes2\new100\cookiecutter\docs\conf.py#310:9996-10007>
[10609] <epub_publisher> <D:\projects\pytypes2\new100\cookiecutter\docs\conf.py#311:10025-10039>
[10612] <epub_copyright> <D:\projects\pytypes2\new100\cookiecutter\docs\conf.py#312:10084-10098>
[10615] <intersphinx_mapping> <D:\projects\pytypes2\new100\cookiecutter\docs\conf.py#365:11648-11667>
[10632] <docs> <D:\projects\pytypes2\new100\cookiecutter\docs\__init__.py#-1:0-0>
[10816] <setup> <D:\projects\pytypes2\new100\cookiecutter\setup.py#1:0-0>
[10636] <io> <D:\projects\pytypes2\new100\cookiecutter\setup.py#10:122-124>
[10646] <version> <D:\projects\pytypes2\new100\cookiecutter\setup.py#12:143-150>
[10722] <readme_file> <D:\projects\pytypes2\new100\cookiecutter\setup.py#23:513-524>
[10707] <readme> <D:\projects\pytypes2\new100\cookiecutter\setup.py#23:531-537>
[10725] <requirements> <D:\projects\pytypes2\new100\cookiecutter\setup.py#26:562-574>
[11193] <conftest> <D:\projects\pytypes2\new100\cookiecutter\tests\conftest.py#1:0-0>
[10833] <cookiecutter> <D:\projects\pytypes2\new100\cookiecutter\tests\conftest.py#16:204-216>
[10837] <USER_CONFIG> <D:\projects\pytypes2\new100\cookiecutter\tests\conftest.py#19:235-246>
[10840] <backup_dir> <D:\projects\pytypes2\new100\cookiecutter\tests\conftest.py#25:338-348>
[10881] <restore_backup_dir> <D:\projects\pytypes2\new100\cookiecutter\tests\conftest.py#38:744-762>
[10957] <clean_system> <D:\projects\pytypes2\new100\cookiecutter\tests\conftest.py#61:1602-1614>
[11103] <user_dir> <D:\projects\pytypes2\new100\cookiecutter\tests\conftest.py#153:5279-5287>
[11115] <user_config_data> <D:\projects\pytypes2\new100\cookiecutter\tests\conftest.py#159:5454-5470>
[11145] <user_config_file> <D:\projects\pytypes2\new100\cookiecutter\tests\conftest.py#177:5973-5989>
[11177] <disable_poyo_logging> <D:\projects\pytypes2\new100\cookiecutter\tests\conftest.py#193:6518-6538>
[11231] <conftest> <D:\projects\pytypes2\new100\cookiecutter\tests\replay\conftest.py#1:0-0>
[11198] <context> <D:\projects\pytypes2\new100\cookiecutter\tests\replay\conftest.py#6:65-72>
[11215] <replay_test_dir> <D:\projects\pytypes2\new100\cookiecutter\tests\replay\conftest.py#19:420-435>
[11220] <mock_user_config> <D:\projects\pytypes2\new100\cookiecutter\tests\replay\conftest.py#24:498-514>
[11518] <test_dump> <D:\projects\pytypes2\new100\cookiecutter\tests\replay\test_dump.py#1:0-0>
[11243] <cookiecutter> <D:\projects\pytypes2\new100\cookiecutter\tests\replay\test_dump.py#12:107-119>
[11244] <replay> <D:\projects\pytypes2\new100\cookiecutter\tests\replay\test_dump.py#12:127-133>
[11247] <template_name> <D:\projects\pytypes2\new100\cookiecutter\tests\replay\test_dump.py#16:160-173>
[11254] <replay_file> <D:\projects\pytypes2\new100\cookiecutter\tests\replay\test_dump.py#22:281-292>
[11277] <remove_replay_dump> <D:\projects\pytypes2\new100\cookiecutter\tests\replay\test_dump.py#29:529-547>
[11308] <test_type_error_if_no_template_name> <D:\projects\pytypes2\new100\cookiecutter\tests\replay\test_dump.py#37:794-829>
[11330] <test_type_error_if_not_dict_context> <D:\projects\pytypes2\new100\cookiecutter\tests\replay\test_dump.py#43:1036-1071>
[11353] <test_value_error_if_key_missing_in_context> <D:\projects\pytypes2\new100\cookiecutter\tests\replay\test_dump.py#49:1293-1335>
[11378] <mock_ensure_failure> <D:\projects\pytypes2\new100\cookiecutter\tests\replay\test_dump.py#58:1612-1631>
[11390] <mock_ensure_success> <D:\projects\pytypes2\new100\cookiecutter\tests\replay\test_dump.py#66:1782-1801>
[11402] <test_ioerror_if_replay_dir_creation_fails> <D:\projects\pytypes2\new100\cookiecutter\tests\replay\test_dump.py#73:1934-1975>
[11435] <test_run_json_dump> <D:\projects\pytypes2\new100\cookiecutter\tests\replay\test_dump.py#86:2337-2355>
[11704] <test_load> <D:\projects\pytypes2\new100\cookiecutter\tests\replay\test_load.py#1:0-0>
[11531] <cookiecutter> <D:\projects\pytypes2\new100\cookiecutter\tests\replay\test_load.py#12:109-121>
[11535] <template_name> <D:\projects\pytypes2\new100\cookiecutter\tests\replay\test_load.py#16:162-175>
[11542] <replay_file> <D:\projects\pytypes2\new100\cookiecutter\tests\replay\test_load.py#22:288-299>
[11565] <test_type_error_if_no_template_name> <D:\projects\pytypes2\new100\cookiecutter\tests\replay\test_load.py#28:505-540>
[11585] <test_value_error_if_key_missing_in_context> <D:\projects\pytypes2\new100\cookiecutter\tests\replay\test_load.py#34:729-771>
[11607] <test_io_error_if_no_replay_file> <D:\projects\pytypes2\new100\cookiecutter\tests\replay\test_load.py#42:1006-1037>
[11629] <test_run_json_load> <D:\projects\pytypes2\new100\cookiecutter\tests\replay\test_load.py#48:1231-1249>
[11917] <test_replay> <D:\projects\pytypes2\new100\cookiecutter\tests\replay\test_replay.py#1:0-0>
[11714] <cookiecutter> <D:\projects\pytypes2\new100\cookiecutter\tests\replay\test_replay.py#11:98-110>
[11722] <test_get_replay_file_name> <D:\projects\pytypes2\new100\cookiecutter\tests\replay\test_replay.py#14:152-177>
[11746] <invalid_kwargs> <D:\projects\pytypes2\new100\cookiecutter\tests\replay\test_replay.py#25:531-545>
[11754] <test_raise_on_invalid_mode> <D:\projects\pytypes2\new100\cookiecutter\tests\replay\test_replay.py#29:591-617>
[11778] <test_main_does_not_invoke_dump_but_load> <D:\projects\pytypes2\new100\cookiecutter\tests\replay\test_replay.py#34:767-806>
[11848] <test_main_does_not_invoke_load_but_dump> <D:\projects\pytypes2\new100\cookiecutter\tests\replay\test_replay.py#50:1418-1457>
[12043] <test_abbreviation_expansion> <D:\projects\pytypes2\new100\cookiecutter\tests\repository\test_abbreviation_expansion.py#1:0-0>
[11919] <__future__> <D:\projects\pytypes2\new100\cookiecutter\tests\repository\test_abbreviation_expansion.py#3:32-42>
[11926] <cookiecutter> <D:\projects\pytypes2\new100\cookiecutter\tests\repository\test_abbreviation_expansion.py#6:90-102>
[11927] <config> <D:\projects\pytypes2\new100\cookiecutter\tests\repository\test_abbreviation_expansion.py#6:103-109>
[11931] <cookiecutter> <D:\projects\pytypes2\new100\cookiecutter\tests\repository\test_abbreviation_expansion.py#7:145-157>
[11932] <repository> <D:\projects\pytypes2\new100\cookiecutter\tests\repository\test_abbreviation_expansion.py#7:158-168>
[11936] <test_abbreviation_expansion> <D:\projects\pytypes2\new100\cookiecutter\tests\repository\test_abbreviation_expansion.py#10:206-233>
[11951] <test_abbreviation_expansion_not_an_abbreviation> <D:\projects\pytypes2\new100\cookiecutter\tests\repository\test_abbreviation_expansion.py#17:354-401>
[11966] <test_abbreviation_expansion_prefix> <D:\projects\pytypes2\new100\cookiecutter\tests\repository\test_abbreviation_expansion.py#24:522-556>
[11981] <test_abbreviation_expansion_builtin> <D:\projects\pytypes2\new100\cookiecutter\tests\repository\test_abbreviation_expansion.py#31:679-714>
[11994] <test_abbreviation_expansion_override_builtin> <D:\projects\pytypes2\new100\cookiecutter\tests\repository\test_abbreviation_expansion.py#38:916-960>
[12009] <test_abbreviation_expansion_prefix_ignores_suffix> <D:\projects\pytypes2\new100\cookiecutter\tests\repository\test_abbreviation_expansion.py#45:1083-1132>
[12024] <test_abbreviation_expansion_prefix_not_0_in_braces> <D:\projects\pytypes2\new100\cookiecutter\tests\repository\test_abbreviation_expansion.py#52:1251-1301>
[12218] <test_determine_repository_should_use_local_repo> <D:\projects\pytypes2\new100\cookiecutter\tests\repository\test_determine_repository_should_use_local_repo.py#1:0-0>
[12047] <cookiecutter> <D:\projects\pytypes2\new100\cookiecutter\tests\repository\test_determine_repository_should_use_local_repo.py#3:41-53>
[12056] <test_finds_local_repo> <D:\projects\pytypes2\new100\cookiecutter\tests\repository\test_determine_repository_should_use_local_repo.py#8:110-131>
[12087] <test_local_repo_with_no_context_raises> <D:\projects\pytypes2\new100\cookiecutter\tests\repository\test_determine_repository_should_use_local_repo.py#22:480-518>
[12152] <test_local_repo_typo> <D:\projects\pytypes2\new100\cookiecutter\tests\repository\test_determine_repository_should_use_local_repo.py#48:1297-1317>
[12427] <test_determine_repo_dir_clones_repo> <D:\projects\pytypes2\new100\cookiecutter\tests\repository\test_determine_repo_dir_clones_repo.py#1:0-0>
[12226] <cookiecutter> <D:\projects\pytypes2\new100\cookiecutter\tests\repository\test_determine_repo_dir_clones_repo.py#6:60-72>
[12232] <test_zipfile_unzip> <D:\projects\pytypes2\new100\cookiecutter\tests\repository\test_determine_repo_dir_clones_repo.py#14:313-331>
[12301] <template_url> <D:\projects\pytypes2\new100\cookiecutter\tests\repository\test_determine_repo_dir_clones_repo.py#49:1267-1279>
[12308] <test_repository_url_should_clone> <D:\projects\pytypes2\new100\cookiecutter\tests\repository\test_determine_repo_dir_clones_repo.py#57:1477-1509>
[12374] <test_repository_url_with_no_context_file> <D:\projects\pytypes2\new100\cookiecutter\tests\repository\test_determine_repo_dir_clones_repo.py#89:2385-2425>
[12521] <test_determine_repo_dir_finds_existing_cookiecutter> <D:\projects\pytypes2\new100\cookiecutter\tests\repository\test_determine_repo_dir_finds_existing_cookiecutter.py#1:0-0>
[12429] <io> <D:\projects\pytypes2\new100\cookiecutter\tests\repository\test_determine_repo_dir_finds_existing_cookiecutter.py#2:32-34>
[12438] <cookiecutter> <D:\projects\pytypes2\new100\cookiecutter\tests\repository\test_determine_repo_dir_finds_existing_cookiecutter.py#6:69-81>
[12442] <template> <D:\projects\pytypes2\new100\cookiecutter\tests\repository\test_determine_repo_dir_finds_existing_cookiecutter.py#10:126-134>
[12447] <cloned_cookiecutter_path> <D:\projects\pytypes2\new100\cookiecutter\tests\repository\test_determine_repo_dir_finds_existing_cookiecutter.py#15:205-229>
[12489] <test_should_find_existing_cookiecutter> <D:\projects\pytypes2\new100\cookiecutter\tests\repository\test_determine_repo_dir_finds_existing_cookiecutter.py#26:551-589>
[12625] <test_is_repo_url> <D:\projects\pytypes2\new100\cookiecutter\tests\repository\test_is_repo_url.py#1:0-0>
[12526] <cookiecutter> <D:\projects\pytypes2\new100\cookiecutter\tests\repository\test_is_repo_url.py#4:47-59>
[12527] <config> <D:\projects\pytypes2\new100\cookiecutter\tests\repository\test_is_repo_url.py#4:60-66>
[12531] <cookiecutter> <D:\projects\pytypes2\new100\cookiecutter\tests\repository\test_is_repo_url.py#5:102-114>
[12532] <repository> <D:\projects\pytypes2\new100\cookiecutter\tests\repository\test_is_repo_url.py#5:115-125>
[12540] <zipfile> <D:\projects\pytypes2\new100\cookiecutter\tests\repository\test_is_repo_url.py#15:353-360>
[12548] <test_is_zip_file> <D:\projects\pytypes2\new100\cookiecutter\tests\repository\test_is_repo_url.py#19:406-422>
[12560] <remote_repo_url> <D:\projects\pytypes2\new100\cookiecutter\tests\repository\test_is_repo_url.py#33:861-876>
[12568] <test_is_repo_url_for_remote_urls> <D:\projects\pytypes2\new100\cookiecutter\tests\repository\test_is_repo_url.py#37:922-954>
[12580] <local_repo_url> <D:\projects\pytypes2\new100\cookiecutter\tests\repository\test_is_repo_url.py#50:1296-1310>
[12588] <test_is_repo_url_for_local_urls> <D:\projects\pytypes2\new100\cookiecutter\tests\repository\test_is_repo_url.py#54:1356-1387>
[12600] <test_expand_abbreviations> <D:\projects\pytypes2\new100\cookiecutter\tests\repository\test_is_repo_url.py#59:1500-1525>
[12659] <test_repository_has_cookiecutter_json> <D:\projects\pytypes2\new100\cookiecutter\tests\repository\test_repository_has_cookiecutter_json.py#1:0-0>
[12626] <cookiecutter> <D:\projects\pytypes2\new100\cookiecutter\tests\repository\test_repository_has_cookiecutter_json.py#2:30-42>
[12627] <repository> <D:\projects\pytypes2\new100\cookiecutter\tests\repository\test_repository_has_cookiecutter_json.py#2:43-53>
[12634] <test_valid_repository> <D:\projects\pytypes2\new100\cookiecutter\tests\repository\test_repository_has_cookiecutter_json.py#7:120-141>
[12641] <invalid_repository> <D:\projects\pytypes2\new100\cookiecutter\tests\repository\test_repository_has_cookiecutter_json.py#15:303-321>
[12649] <test_invalid_repository> <D:\projects\pytypes2\new100\cookiecutter\tests\repository\test_repository_has_cookiecutter_json.py#19:367-390>
[12665] <post_gen_project> <D:\projects\pytypes2\new100\cookiecutter\tests\test-extensions\custom-extension-post\hooks\post_gen_project.py#1:0-0>
[12671] <pre_gen_project> <D:\projects\pytypes2\new100\cookiecutter\tests\test-extensions\custom-extension-pre\hooks\pre_gen_project.py#1:0-0>
[12758] <hello_extension> <D:\projects\pytypes2\new100\cookiecutter\tests\test-extensions\hello_extension\hello_extension.py#1:0-0>
[12681] <HelloExtension> <D:\projects\pytypes2\new100\cookiecutter\tests\test-extensions\hello_extension\hello_extension.py#7:97-111>
[12683] <tags> <D:\projects\pytypes2\new100\cookiecutter\tests\test-extensions\hello_extension\hello_extension.py#8:129-133>
[12689] <__init__> <D:\projects\pytypes2\new100\cookiecutter\tests\test-extensions\hello_extension\hello_extension.py#10:162-170>
[12703] <_hello> <D:\projects\pytypes2\new100\cookiecutter\tests\test-extensions\hello_extension\hello_extension.py#13:261-267>
[12715] <parse> <D:\projects\pytypes2\new100\cookiecutter\tests\test-extensions\hello_extension\hello_extension.py#16:342-347>
[12764] <hello_extension> <D:\projects\pytypes2\new100\cookiecutter\tests\test-extensions\hello_extension\__init__.py#1:0-0>
[12770] <{{cookiecutter.filename}}> <D:\projects\pytypes2\new100\cookiecutter\tests\test-output-folder\{{cookiecutter.test_name}}\{{cookiecutter.folder_name}}\{{cookiecutter.filename}}.py#1:0-0>
[12791] <post_gen_project> <D:\projects\pytypes2\new100\cookiecutter\tests\test-pyhooks\hooks\post_gen_project.py#1:0-0>
[12771] <__future__> <D:\projects\pytypes2\new100\cookiecutter\tests\test-pyhooks\hooks\post_gen_project.py#3:78-88>
[12779] <f> <D:\projects\pytypes2\new100\cookiecutter\tests\test-pyhooks\hooks\post_gen_project.py#6:144-145>
[12812] <pre_gen_project> <D:\projects\pytypes2\new100\cookiecutter\tests\test-pyhooks\hooks\pre_gen_project.py#1:0-0>
[12792] <__future__> <D:\projects\pytypes2\new100\cookiecutter\tests\test-pyhooks\hooks\pre_gen_project.py#3:78-88>
[12800] <f> <D:\projects\pytypes2\new100\cookiecutter\tests\test-pyhooks\hooks\pre_gen_project.py#6:144-145>
[12833] <post_gen_project> <D:\projects\pytypes2\new100\cookiecutter\tests\test-pyshellhooks\hooks\post_gen_project.py#1:0-0>
[12813] <__future__> <D:\projects\pytypes2\new100\cookiecutter\tests\test-pyshellhooks\hooks\post_gen_project.py#3:78-88>
[12821] <f> <D:\projects\pytypes2\new100\cookiecutter\tests\test-pyshellhooks\hooks\post_gen_project.py#6:144-145>
[12854] <pre_gen_project> <D:\projects\pytypes2\new100\cookiecutter\tests\test-pyshellhooks\hooks\pre_gen_project.py#1:0-0>
[12834] <__future__> <D:\projects\pytypes2\new100\cookiecutter\tests\test-pyshellhooks\hooks\pre_gen_project.py#3:78-88>
[12842] <f> <D:\projects\pytypes2\new100\cookiecutter\tests\test-pyshellhooks\hooks\pre_gen_project.py#6:144-145>
[12963] <test_abort_generate_on_hook_error> <D:\projects\pytypes2\new100\cookiecutter\tests\test_abort_generate_on_hook_error.py#1:0-0>
[12858] <cookiecutter> <D:\projects\pytypes2\new100\cookiecutter\tests\test_abort_generate_on_hook_error.py#5:49-61>
[12859] <generate> <D:\projects\pytypes2\new100\cookiecutter\tests\test_abort_generate_on_hook_error.py#5:69-77>
[12862] <cookiecutter> <D:\projects\pytypes2\new100\cookiecutter\tests\test_abort_generate_on_hook_error.py#6:84-96>
[12866] <test_pre_gen_hook> <D:\projects\pytypes2\new100\cookiecutter\tests\test_abort_generate_on_hook_error.py#10:166-183>
[12914] <test_post_gen_hook> <D:\projects\pytypes2\new100\cookiecutter\tests\test_abort_generate_on_hook_error.py#30:682-700>
[13977] <test_cli> <D:\projects\pytypes2\new100\cookiecutter\tests\test_cli.py#1:0-0>
[12978] <cookiecutter> <D:\projects\pytypes2\new100\cookiecutter\tests\test_cli.py#9:112-124>
[12979] <__main__> <D:\projects\pytypes2\new100\cookiecutter\tests\test_cli.py#9:125-133>
[12983] <cookiecutter> <D:\projects\pytypes2\new100\cookiecutter\tests\test_cli.py#10:152-164>
[12988] <cookiecutter> <D:\projects\pytypes2\new100\cookiecutter\tests\test_cli.py#11:196-208>
[12992] <cli_runner> <D:\projects\pytypes2\new100\cookiecutter\tests\test_cli.py#15:265-275>
[13016] <remove_fake_project_dir> <D:\projects\pytypes2\new100\cookiecutter\tests\test_cli.py#27:573-596>
[13046] <make_fake_project_dir> <D:\projects\pytypes2\new100\cookiecutter\tests\test_cli.py#38:896-917>
[13058] <version_cli_flag> <D:\projects\pytypes2\new100\cookiecutter\tests\test_cli.py#44:1090-1106>
[13066] <test_cli_version> <D:\projects\pytypes2\new100\cookiecutter\tests\test_cli.py#48:1152-1168>
[13090] <test_cli_error_on_existing_output_directory> <D:\projects\pytypes2\new100\cookiecutter\tests\test_cli.py#55:1417-1460>
[13115] <test_cli> <D:\projects\pytypes2\new100\cookiecutter\tests\test_cli.py#63:1758-1766>
[13160] <test_cli_verbose> <D:\projects\pytypes2\new100\cookiecutter\tests\test_cli.py#72:2107-2123>
[13206] <test_cli_replay> <D:\projects\pytypes2\new100\cookiecutter\tests\test_cli.py#81:2470-2485>
[13252] <test_cli_exit_on_noinput_and_replay> <D:\projects\pytypes2\new100\cookiecutter\tests\test_cli.py#105:3099-3134>
[13310] <overwrite_cli_flag> <D:\projects\pytypes2\new100\cookiecutter\tests\test_cli.py#138:3989-4007>
[13318] <test_run_cookiecutter_on_overwrite_if_exists_and_replay> <D:\projects\pytypes2\new100\cookiecutter\tests\test_cli.py#143:4106-4161>
[13368] <test_cli_overwrite_if_exists_when_output_dir_does_not_exist> <D:\projects\pytypes2\new100\cookiecutter\tests\test_cli.py#170:4862-4921>
[13394] <test_cli_overwrite_if_exists_when_output_dir_exists> <D:\projects\pytypes2\new100\cookiecutter\tests\test_cli.py#184:5250-5301>
[13420] <output_dir_flag> <D:\projects\pytypes2\new100\cookiecutter\tests\test_cli.py#197:5598-5613>
[13428] <output_dir> <D:\projects\pytypes2\new100\cookiecutter\tests\test_cli.py#202:5676-5686>
[13440] <test_cli_output_dir> <D:\projects\pytypes2\new100\cookiecutter\tests\test_cli.py#206:5745-5764>
[13488] <help_cli_flag> <D:\projects\pytypes2\new100\cookiecutter\tests\test_cli.py#230:6424-6437>
[13496] <test_cli_help> <D:\projects\pytypes2\new100\cookiecutter\tests\test_cli.py#234:6483-6496>
[13520] <user_config_path> <D:\projects\pytypes2\new100\cookiecutter\tests\test_cli.py#241:6671-6687>
[13532] <test_user_config> <D:\projects\pytypes2\new100\cookiecutter\tests\test_cli.py#245:6756-6772>
[13580] <test_default_user_config_overwrite> <D:\projects\pytypes2\new100\cookiecutter\tests\test_cli.py#268:7382-7416>
[13629] <test_default_user_config> <D:\projects\pytypes2\new100\cookiecutter\tests\test_cli.py#296:8089-8113>
[13674] <test_echo_undefined_variable_error> <D:\projects\pytypes2\new100\cookiecutter\tests\test_cli.py#319:8677-8711>
[13752] <test_echo_unknown_extension_error> <D:\projects\pytypes2\new100\cookiecutter\tests\test_cli.py#353:9599-9632>
[13790] <test_cli_extra_context> <D:\projects\pytypes2\new100\cookiecutter\tests\test_cli.py#371:10069-10091>
[13837] <test_cli_extra_context_invalid_format> <D:\projects\pytypes2\new100\cookiecutter\tests\test_cli.py#385:10503-10540>
[13867] <debug_file> <D:\projects\pytypes2\new100\cookiecutter\tests\test_cli.py#398:10915-10925>
[13875] <test_debug_file_non_verbose> <D:\projects\pytypes2\new100\cookiecutter\tests\test_cli.py#403:11034-11061>
[13925] <test_debug_file_verbose> <D:\projects\pytypes2\new100\cookiecutter\tests\test_cli.py#425:11630-11653>
[14114] <test_cookiecutter_invocation> <D:\projects\pytypes2\new100\cookiecutter\tests\test_cookiecutter_invocation.py#1:0-0>
[13993] <cookiecutter> <D:\projects\pytypes2\new100\cookiecutter\tests\test_cookiecutter_invocation.py#16:285-297>
[13997] <test_should_raise_error_without_template_arg> <D:\projects\pytypes2\new100\cookiecutter\tests\test_cookiecutter_invocation.py#19:320-364>
[14045] <project_dir> <D:\projects\pytypes2\new100\cookiecutter\tests\test_cookiecutter_invocation.py#31:711-722>
[14080] <test_should_invoke_main> <D:\projects\pytypes2\new100\cookiecutter\tests\test_cookiecutter_invocation.py#44:1098-1121>
[15065] <test_cookiecutter_local_no_input> <D:\projects\pytypes2\new100\cookiecutter\tests\test_cookiecutter_local_no_input.py#1:0-0>
[14725] <cookiecutter> <D:\projects\pytypes2\new100\cookiecutter\tests\test_cookiecutter_local_no_input.py#18:470-482>
[14731] <remove_additional_dirs> <D:\projects\pytypes2\new100\cookiecutter\tests\test_cookiecutter_local_no_input.py#22:546-568>
[14821] <bake> <D:\projects\pytypes2\new100\cookiecutter\tests\test_cookiecutter_local_no_input.py#41:1299-1303>
[14837] <test_cookiecutter> <D:\projects\pytypes2\new100\cookiecutter\tests\test_cookiecutter_local_no_input.py#49:1523-1540>
[14882] <test_cookiecutter_no_input_extra_context> <D:\projects\pytypes2\new100\cookiecutter\tests\test_cookiecutter_local_no_input.py#58:1912-1952>
[14907] <test_cookiecutter_templated_context> <D:\projects\pytypes2\new100\cookiecutter\tests\test_cookiecutter_local_no_input.py#71:2312-2347>
[14928] <test_cookiecutter_no_input_return_project_dir> <D:\projects\pytypes2\new100\cookiecutter\tests\test_cookiecutter_local_no_input.py#84:2682-2727>
[14952] <test_cookiecutter_dict_values_in_context> <D:\projects\pytypes2\new100\cookiecutter\tests\test_cookiecutter_local_no_input.py#91:2997-3037>
[15005] <test_cookiecutter_template_cleanup> <D:\projects\pytypes2\new100\cookiecutter\tests\test_cookiecutter_local_no_input.py#137:4061-4095>
[15680] <test_cookiecutter_local_with_input> <D:\projects\pytypes2\new100\cookiecutter\tests\test_cookiecutter_local_with_input.py#1:0-0>
[15526] <cookiecutter> <D:\projects\pytypes2\new100\cookiecutter\tests\test_cookiecutter_local_with_input.py#15:352-364>
[15532] <remove_additional_dirs> <D:\projects\pytypes2\new100\cookiecutter\tests\test_cookiecutter_local_with_input.py#19:428-450>
[15577] <test_cookiecutter_local_with_input> <D:\projects\pytypes2\new100\cookiecutter\tests\test_cookiecutter_local_with_input.py#32:911-945>
[15642] <test_cookiecutter_input_extra_context> <D:\projects\pytypes2\new100\cookiecutter\tests\test_cookiecutter_local_with_input.py#46:1513-1550>
[15784] <test_custom_extensions_in_hooks> <D:\projects\pytypes2\new100\cookiecutter\tests\test_custom_extensions_in_hooks.py#1:0-0>
[15691] <cookiecutter> <D:\projects\pytypes2\new100\cookiecutter\tests\test_custom_extensions_in_hooks.py#8:77-89>
[15695] <template> <D:\projects\pytypes2\new100\cookiecutter\tests\test_custom_extensions_in_hooks.py#18:253-261>
[15705] <output_dir> <D:\projects\pytypes2\new100\cookiecutter\tests\test_custom_extensions_in_hooks.py#23:351-361>
[15717] <modify_syspath> <D:\projects\pytypes2\new100\cookiecutter\tests\test_custom_extensions_in_hooks.py#28:450-464>
[15727] <test_hook_with_extension> <D:\projects\pytypes2\new100\cookiecutter\tests\test_custom_extensions_in_hooks.py#35:635-659>
[16078] <test_default_extensions> <D:\projects\pytypes2\new100\cookiecutter\tests\test_default_extensions.py#1:0-0>
[15976] <io> <D:\projects\pytypes2\new100\cookiecutter\tests\test_default_extensions.py#4:45-47>
[15985] <cookiecutter> <D:\projects\pytypes2\new100\cookiecutter\tests\test_default_extensions.py#9:91-103>
[15990] <freeze> <D:\projects\pytypes2\new100\cookiecutter\tests\test_default_extensions.py#13:175-181>
[16012] <test_jinja2_time_extension> <D:\projects\pytypes2\new100\cookiecutter\tests\test_default_extensions.py#20:306-332>
[16144] <test_environment> <D:\projects\pytypes2\new100\cookiecutter\tests\test_environment.py#1:0-0>
[16083] <cookiecutter> <D:\projects\pytypes2\new100\cookiecutter\tests\test_environment.py#5:49-61>
[16084] <environment> <D:\projects\pytypes2\new100\cookiecutter\tests\test_environment.py#5:62-73>
[16088] <cookiecutter> <D:\projects\pytypes2\new100\cookiecutter\tests\test_environment.py#6:105-117>
[16089] <exceptions> <D:\projects\pytypes2\new100\cookiecutter\tests\test_environment.py#6:118-128>
[16093] <test_env_should_raise_for_unknown_extension> <D:\projects\pytypes2\new100\cookiecutter\tests\test_environment.py#9:162-205>
[16128] <test_env_should_come_with_jinja2_time_extension> <D:\projects\pytypes2\new100\cookiecutter\tests\test_environment.py#22:504-551>
[16182] <test_exceptions> <D:\projects\pytypes2\new100\cookiecutter\tests\test_exceptions.py#1:0-0>
[16150] <cookiecutter> <D:\projects\pytypes2\new100\cookiecutter\tests\test_exceptions.py#5:80-92>
[16154] <test_undefined_variable_to_str> <D:\projects\pytypes2\new100\cookiecutter\tests\test_exceptions.py#8:120-150>
[16237] <test_find> <D:\projects\pytypes2\new100\cookiecutter\tests\test_find.py#1:0-0>
[16191] <cookiecutter> <D:\projects\pytypes2\new100\cookiecutter\tests\test_find.py#13:135-147>
[16192] <find> <D:\projects\pytypes2\new100\cookiecutter\tests\test_find.py#13:155-159>
[16195] <repo_dir> <D:\projects\pytypes2\new100\cookiecutter\tests\test_find.py#17:230-238>
[16210] <test_find_template> <D:\projects\pytypes2\new100\cookiecutter\tests\test_find.py#21:307-325>
[16597] <test_generate_context> <D:\projects\pytypes2\new100\cookiecutter\tests\test_generate_context.py#1:0-0>
[16241] <__future__> <D:\projects\pytypes2\new100\cookiecutter\tests\test_generate_context.py#14:384-394>
[16258] <cookiecutter> <D:\projects\pytypes2\new100\cookiecutter\tests\test_generate_context.py#20:501-513>
[16262] <cookiecutter> <D:\projects\pytypes2\new100\cookiecutter\tests\test_generate_context.py#21:536-548>
[16263] <exceptions> <D:\projects\pytypes2\new100\cookiecutter\tests\test_generate_context.py#21:549-559>
[16267] <context_data> <D:\projects\pytypes2\new100\cookiecutter\tests\test_generate_context.py#24:601-613>
[16350] <test_generate_context> <D:\projects\pytypes2\new100\cookiecutter\tests\test_generate_context.py#73:1856-1877>
[16366] <test_generate_context_with_json_decoding_error> <D:\projects\pytypes2\new100\cookiecutter\tests\test_generate_context.py#82:2160-2206>
[16420] <default_context> <D:\projects\pytypes2\new100\cookiecutter\tests\test_generate_context.py#104:3039-3054>
[16431] <extra_context> <D:\projects\pytypes2\new100\cookiecutter\tests\test_generate_context.py#113:3220-3233>
[16440] <context_file> <D:\projects\pytypes2\new100\cookiecutter\tests\test_generate_context.py#121:3369-3381>
[16445] <test_choices> <D:\projects\pytypes2\new100\cookiecutter\tests\test_generate_context.py#125:3458-3470>
[16491] <template_context> <D:\projects\pytypes2\new100\cookiecutter\tests\test_generate_context.py#147:4223-4239>
[16516] <test_apply_overwrites_does_include_unused_variables> <D:\projects\pytypes2\new100\cookiecutter\tests\test_generate_context.py#157:4539-4590>
[16533] <test_apply_overwrites_sets_non_list_value> <D:\projects\pytypes2\new100\cookiecutter\tests\test_generate_context.py#166:4791-4832>
[16552] <test_apply_overwrites_does_not_modify_choices_for_invalid_overwrite> <D:\projects\pytypes2\new100\cookiecutter\tests\test_generate_context.py#175:5027-5094>
[16574] <test_apply_overwrites_sets_default_for_choice_variable> <D:\projects\pytypes2\new100\cookiecutter\tests\test_generate_context.py#185:5327-5381>
[16773] <test_generate_copy_without_render> <D:\projects\pytypes2\new100\cookiecutter\tests\test_generate_copy_without_render.py#1:0-0>
[16602] <__future__> <D:\projects\pytypes2\new100\cookiecutter\tests\test_generate_copy_without_render.py#8:114-124>
[16612] <cookiecutter> <D:\projects\pytypes2\new100\cookiecutter\tests\test_generate_copy_without_render.py#12:183-195>
[16616] <cookiecutter> <D:\projects\pytypes2\new100\cookiecutter\tests\test_generate_copy_without_render.py#13:218-230>
[16620] <remove_test_dir> <D:\projects\pytypes2\new100\cookiecutter\tests\test_generate_copy_without_render.py#17:288-303>
[16650] <test_generate_copy_without_render_extensions> <D:\projects\pytypes2\new100\cookiecutter\tests\test_generate_copy_without_render.py#28:643-687>
[17105] <test_generate_file> <D:\projects\pytypes2\new100\cookiecutter\tests\test_generate_file.py#1:0-0>
[16777] <__future__> <D:\projects\pytypes2\new100\cookiecutter\tests\test_generate_file.py#12:263-273>
[16799] <cookiecutter> <D:\projects\pytypes2\new100\cookiecutter\tests\test_generate_file.py#20:435-447>
[16803] <cookiecutter> <D:\projects\pytypes2\new100\cookiecutter\tests\test_generate_file.py#21:470-482>
[16804] <environment> <D:\projects\pytypes2\new100\cookiecutter\tests\test_generate_file.py#21:483-494>
[16808] <remove_cheese_file> <D:\projects\pytypes2\new100\cookiecutter\tests\test_generate_file.py#25:564-582>
[16838] <env> <D:\projects\pytypes2\new100\cookiecutter\tests\test_generate_file.py#36:889-892>
[16854] <test_generate_file> <D:\projects\pytypes2\new100\cookiecutter\tests\test_generate_file.py#43:1064-1082>
[16902] <test_generate_file_with_false_condition> <D:\projects\pytypes2\new100\cookiecutter\tests\test_generate_file.py#58:1537-1576>
[16933] <test_generate_file_jsonify_filter> <D:\projects\pytypes2\new100\cookiecutter\tests\test_generate_file.py#70:1922-1955>
[16992] <test_generate_file_with_true_conditional> <D:\projects\pytypes2\new100\cookiecutter\tests\test_generate_file.py#86:2477-2517>
[17040] <expected_msg> <D:\projects\pytypes2\new100\cookiecutter\tests\test_generate_file.py#101:2985-2997>
[17055] <test_generate_file_verbose_template_syntax_error> <D:\projects\pytypes2\new100\cookiecutter\tests\test_generate_file.py#111:3287-3335>
[18136] <test_generate_files> <D:\projects\pytypes2\new100\cookiecutter\tests\test_generate_files.py#1:0-0>
[17109] <__future__> <D:\projects\pytypes2\new100\cookiecutter\tests\test_generate_files.py#26:818-828>
[17116] <io> <D:\projects\pytypes2\new100\cookiecutter\tests\test_generate_files.py#28:872-874>
[17122] <cookiecutter> <D:\projects\pytypes2\new100\cookiecutter\tests\test_generate_files.py#31:898-910>
[17126] <cookiecutter> <D:\projects\pytypes2\new100\cookiecutter\tests\test_generate_files.py#32:933-945>
[17130] <cookiecutter> <D:\projects\pytypes2\new100\cookiecutter\tests\test_generate_files.py#33:970-982>
[17134] <test_ensure_dir_is_templated_raises> <D:\projects\pytypes2\new100\cookiecutter\tests\test_generate_files.py#37:1083-1118>
[17154] <remove_additional_folders> <D:\projects\pytypes2\new100\cookiecutter\tests\test_generate_files.py#43:1307-1332>
[17244] <test_generate_files_nontemplated_exception> <D:\projects\pytypes2\new100\cookiecutter\tests\test_generate_files.py#62:2067-2109>
[17270] <test_generate_files> <D:\projects\pytypes2\new100\cookiecutter\tests\test_generate_files.py#73:2458-2477>
[17314] <test_generate_files_with_trailing_newline> <D:\projects\pytypes2\new100\cookiecutter\tests\test_generate_files.py#89:2922-2963>
[17363] <test_generate_files_binaries> <D:\projects\pytypes2\new100\cookiecutter\tests\test_generate_files.py#106:3447-3475>
[17451] <test_generate_files_absolute_path> <D:\projects\pytypes2\new100\cookiecutter\tests\test_generate_files.py#128:4362-4395>
[17481] <test_generate_files_output_dir> <D:\projects\pytypes2\new100\cookiecutter\tests\test_generate_files.py#139:4709-4739>
[17519] <test_return_rendered_project_dir> <D:\projects\pytypes2\new100\cookiecutter\tests\test_generate_files.py#152:5165-5197>
[17560] <test_generate_files_permissions> <D:\projects\pytypes2\new100\cookiecutter\tests\test_generate_files.py#167:5659-5690>
[17690] <undefined_context> <D:\projects\pytypes2\new100\cookiecutter\tests\test_generate_files.py#217:7182-7199>
[17701] <test_raise_undefined_variable_file_name> <D:\projects\pytypes2\new100\cookiecutter\tests\test_generate_files.py#226:7359-7398>
[17764] <test_raise_undefined_variable_file_name_existing_project> <D:\projects\pytypes2\new100\cookiecutter\tests\test_generate_files.py#242:7944-8000>
[17837] <test_raise_undefined_variable_file_content> <D:\projects\pytypes2\new100\cookiecutter\tests\test_generate_files.py#262:8637-8679>
[17900] <test_raise_undefined_variable_dir_name> <D:\projects\pytypes2\new100\cookiecutter\tests\test_generate_files.py#278:9215-9253>
[17980] <test_raise_undefined_variable_dir_name_existing_project> <D:\projects\pytypes2\new100\cookiecutter\tests\test_generate_files.py#298:9891-9946>
[18070] <test_raise_undefined_variable_project_dir> <D:\projects\pytypes2\new100\cookiecutter\tests\test_generate_files.py#322:10675-10716>
[19013] <test_generate_hooks> <D:\projects\pytypes2\new100\cookiecutter\tests\test_generate_hooks.py#1:0-0>
[18140] <__future__> <D:\projects\pytypes2\new100\cookiecutter\tests\test_generate_hooks.py#14:297-307>
[19615] <stat> <D:\software\python\Lib\stat.py#1:0-0>
[19142] <ST_MODE> <D:\software\python\Lib\stat.py#8:196-203>
[19145] <ST_INO> <D:\software\python\Lib\stat.py#9:210-216>
[19148] <ST_DEV> <D:\software\python\Lib\stat.py#10:224-230>
[19151] <ST_NLINK> <D:\software\python\Lib\stat.py#11:238-246>
[19154] <ST_UID> <D:\software\python\Lib\stat.py#12:252-258>
[19157] <ST_GID> <D:\software\python\Lib\stat.py#13:266-272>
[19160] <ST_SIZE> <D:\software\python\Lib\stat.py#14:280-287>
[19163] <ST_ATIME> <D:\software\python\Lib\stat.py#15:294-302>
[19166] <ST_MTIME> <D:\software\python\Lib\stat.py#16:308-316>
[19169] <ST_CTIME> <D:\software\python\Lib\stat.py#17:322-330>
[19172] <S_IMODE> <D:\software\python\Lib\stat.py#21:374-381>
[19182] <S_IFMT> <D:\software\python\Lib\stat.py#27:513-519>
[19192] <S_IFDIR> <D:\software\python\Lib\stat.py#36:747-754>
[19195] <S_IFCHR> <D:\software\python\Lib\stat.py#37:781-788>
[19198] <S_IFBLK> <D:\software\python\Lib\stat.py#38:822-829>
[19201] <S_IFREG> <D:\software\python\Lib\stat.py#39:859-866>
[19204] <S_IFIFO> <D:\software\python\Lib\stat.py#40:896-903>
[19207] <S_IFLNK> <D:\software\python\Lib\stat.py#41:938-945>
[19210] <S_IFSOCK> <D:\software\python\Lib\stat.py#42:976-984>
[19213] <S_IFDOOR> <D:\software\python\Lib\stat.py#44:1066-1074>
[19216] <S_IFPORT> <D:\software\python\Lib\stat.py#45:1080-1088>
[19219] <S_IFWHT> <D:\software\python\Lib\stat.py#46:1094-1101>
[19222] <S_ISDIR> <D:\software\python\Lib\stat.py#50:1155-1162>
[19234] <S_ISCHR> <D:\software\python\Lib\stat.py#54:1265-1272>
[19246] <S_ISBLK> <D:\software\python\Lib\stat.py#58:1395-1402>
[19258] <S_ISREG> <D:\software\python\Lib\stat.py#62:1521-1528>
[19270] <S_ISFIFO> <D:\software\python\Lib\stat.py#66:1634-1642>
[19282] <S_ISLNK> <D:\software\python\Lib\stat.py#70:1753-1760>
[19294] <S_ISSOCK> <D:\software\python\Lib\stat.py#74:1867-1875>
[19306] <S_ISDOOR> <D:\software\python\Lib\stat.py#78:1976-1984>
[19314] <S_ISPORT> <D:\software\python\Lib\stat.py#82:2064-2072>
[19322] <S_ISWHT> <D:\software\python\Lib\stat.py#86:2159-2166>
[19330] <S_ISUID> <D:\software\python\Lib\stat.py#92:2277-2284>
[19333] <S_ISGID> <D:\software\python\Lib\stat.py#93:2310-2317>
[19336] <S_ENFMT> <D:\software\python\Lib\stat.py#94:2343-2350>
[19339] <S_ISVTX> <D:\software\python\Lib\stat.py#95:2389-2396>
[19342] <S_IREAD> <D:\software\python\Lib\stat.py#96:2421-2428>
[19345] <S_IWRITE> <D:\software\python\Lib\stat.py#97:2470-2478>
[19348] <S_IEXEC> <D:\software\python\Lib\stat.py#98:2519-2526>
[19351] <S_IRWXU> <D:\software\python\Lib\stat.py#99:2568-2575>
[19354] <S_IRUSR> <D:\software\python\Lib\stat.py#100:2616-2623>
[19357] <S_IWUSR> <D:\software\python\Lib\stat.py#101:2651-2658>
[19360] <S_IXUSR> <D:\software\python\Lib\stat.py#102:2687-2694>
[19363] <S_IRWXG> <D:\software\python\Lib\stat.py#103:2725-2732>
[19366] <S_IRGRP> <D:\software\python\Lib\stat.py#104:2773-2780>
[19369] <S_IWGRP> <D:\software\python\Lib\stat.py#105:2808-2815>
[19372] <S_IXGRP> <D:\software\python\Lib\stat.py#106:2844-2851>
[19375] <S_IRWXO> <D:\software\python\Lib\stat.py#107:2882-2889>
[19378] <S_IROTH> <D:\software\python\Lib\stat.py#108:2946-2953>
[19381] <S_IWOTH> <D:\software\python\Lib\stat.py#109:2982-2989>
[19384] <S_IXOTH> <D:\software\python\Lib\stat.py#110:3019-3026>
[19387] <UF_NODUMP> <D:\software\python\Lib\stat.py#114:3086-3095>
[19390] <UF_IMMUTABLE> <D:\software\python\Lib\stat.py#115:3133-3145>
[19393] <UF_APPEND> <D:\software\python\Lib\stat.py#116:3187-3196>
[19396] <UF_OPAQUE> <D:\software\python\Lib\stat.py#117:3246-3255>
[19399] <UF_NOUNLINK> <D:\software\python\Lib\stat.py#118:3330-3341>
[19402] <UF_COMPRESSED> <D:\software\python\Lib\stat.py#119:3395-3408>
[19405] <UF_HIDDEN> <D:\software\python\Lib\stat.py#120:3454-3463>
[19408] <SF_ARCHIVED> <D:\software\python\Lib\stat.py#121:3519-3530>
[19411] <SF_IMMUTABLE> <D:\software\python\Lib\stat.py#122:3570-3582>
[19414] <SF_APPEND> <D:\software\python\Lib\stat.py#123:3624-3633>
[19417] <SF_NOUNLINK> <D:\software\python\Lib\stat.py#124:3683-3694>
[19420] <SF_SNAPSHOT> <D:\software\python\Lib\stat.py#125:3748-3759>
[19423] <_filemode_table> <D:\software\python\Lib\stat.py#128:3806-3821>
[19508] <filemode> <D:\software\python\Lib\stat.py#156:4582-4590>
[19554] <FILE_ATTRIBUTE_ARCHIVE> <D:\software\python\Lib\stat.py#172:5019-5041>
[19557] <FILE_ATTRIBUTE_COMPRESSED> <D:\software\python\Lib\stat.py#173:5048-5073>
[19560] <FILE_ATTRIBUTE_DEVICE> <D:\software\python\Lib\stat.py#174:5082-5103>
[19563] <FILE_ATTRIBUTE_DIRECTORY> <D:\software\python\Lib\stat.py#175:5110-5134>
[19566] <FILE_ATTRIBUTE_ENCRYPTED> <D:\software\python\Lib\stat.py#176:5141-5165>
[19569] <FILE_ATTRIBUTE_HIDDEN> <D:\software\python\Lib\stat.py#177:5175-5196>
[19572] <FILE_ATTRIBUTE_INTEGRITY_STREAM> <D:\software\python\Lib\stat.py#178:5202-5233>
[19575] <FILE_ATTRIBUTE_NORMAL> <D:\software\python\Lib\stat.py#179:5243-5264>
[19578] <FILE_ATTRIBUTE_NOT_CONTENT_INDEXED> <D:\software\python\Lib\stat.py#180:5272-5306>
[19581] <FILE_ATTRIBUTE_NO_SCRUB_DATA> <D:\software\python\Lib\stat.py#181:5315-5343>
[19584] <FILE_ATTRIBUTE_OFFLINE> <D:\software\python\Lib\stat.py#182:5354-5376>
[19587] <FILE_ATTRIBUTE_READONLY> <D:\software\python\Lib\stat.py#183:5385-5408>
[19590] <FILE_ATTRIBUTE_REPARSE_POINT> <D:\software\python\Lib\stat.py#184:5414-5442>
[19593] <FILE_ATTRIBUTE_SPARSE_FILE> <D:\software\python\Lib\stat.py#185:5451-5477>
[19596] <FILE_ATTRIBUTE_SYSTEM> <D:\software\python\Lib\stat.py#186:5485-5506>
[19599] <FILE_ATTRIBUTE_TEMPORARY> <D:\software\python\Lib\stat.py#187:5512-5536>
[19602] <FILE_ATTRIBUTE_VIRTUAL> <D:\software\python\Lib\stat.py#188:5544-5566>
[18153] <stat> <D:\projects\pytypes2\new100\cookiecutter\tests\test_generate_hooks.py#18:377-381>
[18159] <cookiecutter> <D:\projects\pytypes2\new100\cookiecutter\tests\test_generate_hooks.py#21:405-417>
[18163] <cookiecutter> <D:\projects\pytypes2\new100\cookiecutter\tests\test_generate_hooks.py#22:440-452>
[18167] <cookiecutter> <D:\projects\pytypes2\new100\cookiecutter\tests\test_generate_hooks.py#23:472-484>
[18168] <exceptions> <D:\projects\pytypes2\new100\cookiecutter\tests\test_generate_hooks.py#23:485-495>
[18172] <WINDOWS> <D:\projects\pytypes2\new100\cookiecutter\tests\test_generate_hooks.py#25:526-533>
[18181] <remove_additional_folders> <D:\projects\pytypes2\new100\cookiecutter\tests\test_generate_hooks.py#29:611-636>
[18223] <test_ignore_hooks_dirs> <D:\projects\pytypes2\new100\cookiecutter\tests\test_generate_hooks.py#48:1263-1285>
[18250] <test_run_python_hooks> <D:\projects\pytypes2\new100\cookiecutter\tests\test_generate_hooks.py#60:1644-1665>
[18298] <test_run_python_hooks_cwd> <D:\projects\pytypes2\new100\cookiecutter\tests\test_generate_hooks.py#73:2149-2174>
[18330] <test_empty_hooks> <D:\projects\pytypes2\new100\cookiecutter\tests\test_generate_hooks.py#86:2616-2632>
[18365] <test_oserror_hooks> <D:\projects\pytypes2\new100\cookiecutter\tests\test_generate_hooks.py#101:3202-3220>
[18428] <test_run_failing_hook_removes_output_directory> <D:\projects\pytypes2\new100\cookiecutter\tests\test_generate_hooks.py#123:3821-3867>
[18558] <test_run_failing_hook_preserves_existing_output_directory> <D:\projects\pytypes2\new100\cookiecutter\tests\test_generate_hooks.py#153:4833-4890>
[18693] <make_test_repo> <D:\projects\pytypes2\new100\cookiecutter\tests\test_generate_hooks.py#183:5809-5823>
[18968] <test_run_shell_hooks> <D:\projects\pytypes2\new100\cookiecutter\tests\test_generate_hooks.py#228:7523-7543>
[19849] <test_get_config> <D:\projects\pytypes2\new100\cookiecutter\tests\test_get_config.py#1:0-0>
[19622] <cookiecutter> <D:\projects\pytypes2\new100\cookiecutter\tests\test_get_config.py#5:58-70>
[19626] <cookiecutter> <D:\projects\pytypes2\new100\cookiecutter\tests\test_get_config.py#6:91-103>
[19627] <exceptions> <D:\projects\pytypes2\new100\cookiecutter\tests\test_get_config.py#6:104-114>
[19633] <test_merge_configs> <D:\projects\pytypes2\new100\cookiecutter\tests\test_get_config.py#11:191-209>
[19700] <test_get_config> <D:\projects\pytypes2\new100\cookiecutter\tests\test_get_config.py#52:1596-1611>
[19741] <test_get_config_does_not_exist> <D:\projects\pytypes2\new100\cookiecutter\tests\test_get_config.py#75:2388-2418>
[19760] <test_invalid_config> <D:\projects\pytypes2\new100\cookiecutter\tests\test_get_config.py#84:2699-2718>
[19791] <test_get_config_with_defaults> <D:\projects\pytypes2\new100\cookiecutter\tests\test_get_config.py#99:3151-3180>
[20249] <test_get_user_config> <D:\projects\pytypes2\new100\cookiecutter\tests\test_get_user_config.py#1:0-0>
[19862] <cookiecutter> <D:\projects\pytypes2\new100\cookiecutter\tests\test_get_user_config.py#17:350-362>
[19866] <cookiecutter> <D:\projects\pytypes2\new100\cookiecutter\tests\test_get_user_config.py#18:383-395>
[19867] <exceptions> <D:\projects\pytypes2\new100\cookiecutter\tests\test_get_user_config.py#18:396-406>
[19871] <user_config_path> <D:\projects\pytypes2\new100\cookiecutter\tests\test_get_user_config.py#22:477-493>
[19882] <back_up_rc> <D:\projects\pytypes2\new100\cookiecutter\tests\test_get_user_config.py#27:593-603>
[19979] <custom_config> <D:\projects\pytypes2\new100\cookiecutter\tests\test_get_user_config.py#61:1844-1857>
[20006] <test_get_user_config_valid> <D:\projects\pytypes2\new100\cookiecutter\tests\test_get_user_config.py#80:2509-2535>
[20030] <test_get_user_config_invalid> <D:\projects\pytypes2\new100\cookiecutter\tests\test_get_user_config.py#91:2836-2864>
[20056] <test_get_user_config_nonexistent> <D:\projects\pytypes2\new100\cookiecutter\tests\test_get_user_config.py#101:3163-3195>
[20070] <custom_config_path> <D:\projects\pytypes2\new100\cookiecutter\tests\test_get_user_config.py#109:3363-3381>
[20076] <test_specify_config_path> <D:\projects\pytypes2\new100\cookiecutter\tests\test_get_user_config.py#113:3457-3481>
[20107] <test_default_config_path> <D:\projects\pytypes2\new100\cookiecutter\tests\test_get_user_config.py#122:3761-3785>
[20117] <test_default_config_from_env_variable> <D:\projects\pytypes2\new100\cookiecutter\tests\test_get_user_config.py#126:3870-3907>
[20140] <test_force_default_config> <D:\projects\pytypes2\new100\cookiecutter\tests\test_get_user_config.py#134:4130-4155>
[20171] <test_expand_user_for_directories_in_config> <D:\projects\pytypes2\new100\cookiecutter\tests\test_get_user_config.py#143:4389-4431>
[20215] <test_expand_vars_for_directories_in_config> <D:\projects\pytypes2\new100\cookiecutter\tests\test_get_user_config.py#155:4848-4890>
[20951] <test_log> <D:\projects\pytypes2\new100\cookiecutter\tests\test_log.py#1:0-0>
[20644] <cookiecutter> <D:\projects\pytypes2\new100\cookiecutter\tests\test_log.py#7:67-79>
[20649] <create_log_records> <D:\projects\pytypes2\new100\cookiecutter\tests\test_log.py#10:117-135>
[20715] <info_messages> <D:\projects\pytypes2\new100\cookiecutter\tests\test_log.py#25:753-766>
[20723] <debug_messages> <D:\projects\pytypes2\new100\cookiecutter\tests\test_log.py#34:961-975>
[20735] <info_logger> <D:\projects\pytypes2\new100\cookiecutter\tests\test_log.py#60:1568-1579>
[20743] <debug_logger> <D:\projects\pytypes2\new100\cookiecutter\tests\test_log.py#65:1659-1671>
[20751] <debug_file> <D:\projects\pytypes2\new100\cookiecutter\tests\test_log.py#70:1752-1762>
[20759] <info_logger_with_file> <D:\projects\pytypes2\new100\cookiecutter\tests\test_log.py#75:1839-1860>
[20772] <test_info_stdout_logging> <D:\projects\pytypes2\new100\cookiecutter\tests\test_log.py#82:1987-2011>
[20828] <test_debug_stdout_logging> <D:\projects\pytypes2\new100\cookiecutter\tests\test_log.py#99:2496-2521>
[20884] <test_debug_file_logging> <D:\projects\pytypes2\new100\cookiecutter\tests\test_log.py#116:3012-3035>
[21053] <test_main> <D:\projects\pytypes2\new100\cookiecutter\tests\test_main.py#1:0-0>
[20952] <cookiecutter> <D:\projects\pytypes2\new100\cookiecutter\tests\test_main.py#2:30-42>
[20957] <test_replay_dump_template_name> <D:\projects\pytypes2\new100\cookiecutter\tests\test_main.py#5:77-107>
[21007] <test_replay_load_template_name> <D:\projects\pytypes2\new100\cookiecutter\tests\test_main.py#36:1080-1110>
[21228] <test_output_folder> <D:\projects\pytypes2\new100\cookiecutter\tests\test_output_folder.py#1:0-0>
[21056] <__future__> <D:\projects\pytypes2\new100\cookiecutter\tests\test_output_folder.py#11:195-205>
[21066] <cookiecutter> <D:\projects\pytypes2\new100\cookiecutter\tests\test_output_folder.py#15:264-276>
[21070] <cookiecutter> <D:\projects\pytypes2\new100\cookiecutter\tests\test_output_folder.py#16:299-311>
[21074] <cookiecutter> <D:\projects\pytypes2\new100\cookiecutter\tests\test_output_folder.py#17:331-343>
[21078] <remove_output_folder> <D:\projects\pytypes2\new100\cookiecutter\tests\test_output_folder.py#21:406-426>
[21108] <test_output_folder> <D:\projects\pytypes2\new100\cookiecutter\tests\test_output_folder.py#32:776-794>
[21174] <test_exception_when_output_folder_exists> <D:\projects\pytypes2\new100\cookiecutter\tests\test_output_folder.py#56:1551-1591>
[21283] <test_preferred_encoding> <D:\projects\pytypes2\new100\cookiecutter\tests\test_preferred_encoding.py#1:0-0>
[21242] <PY3> <D:\projects\pytypes2\new100\cookiecutter\tests\test_preferred_encoding.py#8:86-89>
[21251] <test_not_ascii> <D:\projects\pytypes2\new100\cookiecutter\tests\test_preferred_encoding.py#12:192-206>
[21616] <test_read_repo_password> <D:\projects\pytypes2\new100\cookiecutter\tests\test_read_repo_password.py#1:0-0>
[21580] <cookiecutter> <D:\projects\pytypes2\new100\cookiecutter\tests\test_read_repo_password.py#2:30-42>
[21585] <test_click_invocation> <D:\projects\pytypes2\new100\cookiecutter\tests\test_read_repo_password.py#5:85-106>
[21729] <test_read_user_choice> <D:\projects\pytypes2\new100\cookiecutter\tests\test_read_user_choice.py#1:0-0>
[21623] <cookiecutter> <D:\projects\pytypes2\new100\cookiecutter\tests\test_read_user_choice.py#6:63-75>
[21628] <OPTIONS> <D:\projects\pytypes2\new100\cookiecutter\tests\test_read_user_choice.py#8:110-117>
[21635] <EXPECTED_PROMPT> <D:\projects\pytypes2\new100\cookiecutter\tests\test_read_user_choice.py#11:158-173>
[21638] <test_click_invocation> <D:\projects\pytypes2\new100\cookiecutter\tests\test_read_user_choice.py#20:351-372>
[21699] <test_raise_if_options_is_not_a_non_empty_list> <D:\projects\pytypes2\new100\cookiecutter\tests\test_read_user_choice.py#37:837-882>
[21972] <test_read_user_dict> <D:\projects\pytypes2\new100\cookiecutter\tests\test_read_user_dict.py#1:0-0>
[21732] <__future__> <D:\projects\pytypes2\new100\cookiecutter\tests\test_read_user_dict.py#8:86-96>
[21742] <cookiecutter> <D:\projects\pytypes2\new100\cookiecutter\tests\test_read_user_dict.py#13:160-172>
[21749] <test_process_json_invalid_json> <D:\projects\pytypes2\new100\cookiecutter\tests\test_read_user_dict.py#19:241-271>
[21775] <test_process_json_non_dict> <D:\projects\pytypes2\new100\cookiecutter\tests\test_read_user_dict.py#26:435-461>
[21801] <test_process_json_valid_json> <D:\projects\pytypes2\new100\cookiecutter\tests\test_read_user_dict.py#33:620-648>
[21821] <test_process_json_deep_dict> <D:\projects\pytypes2\new100\cookiecutter\tests\test_read_user_dict.py#42:845-872>
[21853] <test_should_raise_type_error> <D:\projects\pytypes2\new100\cookiecutter\tests\test_read_user_dict.py#82:1783-1811>
[21882] <test_should_call_prompt_with_process_json> <D:\projects\pytypes2\new100\cookiecutter\tests\test_read_user_dict.py#91:1986-2027>
[21922] <test_read_user_dict_default_value> <D:\projects\pytypes2\new100\cookiecutter\tests\test_read_user_dict.py#110:2506-2539>
[22027] <test_read_user_variable> <D:\projects\pytypes2\new100\cookiecutter\tests\test_read_user_variable.py#1:0-0>
[21975] <__future__> <D:\projects\pytypes2\new100\cookiecutter\tests\test_read_user_variable.py#8:94-104>
[21982] <cookiecutter> <D:\projects\pytypes2\new100\cookiecutter\tests\test_read_user_variable.py#12:153-165>
[21987] <VARIABLE> <D:\projects\pytypes2\new100\cookiecutter\tests\test_read_user_variable.py#14:202-210>
[21990] <DEFAULT> <D:\projects\pytypes2\new100\cookiecutter\tests\test_read_user_variable.py#15:229-236>
[21993] <test_click_invocation> <D:\projects\pytypes2\new100\cookiecutter\tests\test_read_user_variable.py#18:263-284>
[22086] <test_read_user_yes_no> <D:\projects\pytypes2\new100\cookiecutter\tests\test_read_user_yes_no.py#1:0-0>
[22030] <__future__> <D:\projects\pytypes2\new100\cookiecutter\tests\test_read_user_yes_no.py#8:90-100>
[22037] <cookiecutter> <D:\projects\pytypes2\new100\cookiecutter\tests\test_read_user_yes_no.py#12:149-161>
[22042] <QUESTION> <D:\projects\pytypes2\new100\cookiecutter\tests\test_read_user_yes_no.py#14:196-204>
[22045] <DEFAULT> <D:\projects\pytypes2\new100\cookiecutter\tests\test_read_user_yes_no.py#15:248-255>
[22048] <test_click_invocation> <D:\projects\pytypes2\new100\cookiecutter\tests\test_read_user_yes_no.py#18:271-292>
[22116] <test_repo_not_found> <D:\projects\pytypes2\new100\cookiecutter\tests\test_repo_not_found.py#1:0-0>
[22090] <cookiecutter> <D:\projects\pytypes2\new100\cookiecutter\tests\test_repo_not_found.py#5:49-61>
[22096] <test_should_raise_error_if_repo_does_not_exist> <D:\projects\pytypes2\new100\cookiecutter\tests\test_repo_not_found.py#8:95-141>
[22280] <test_specify_output_dir> <D:\projects\pytypes2\new100\cookiecutter\tests\test_specify_output_dir.py#1:0-0>
[22120] <cookiecutter> <D:\projects\pytypes2\new100\cookiecutter\tests\test_specify_output_dir.py#5:49-61>
[22124] <context> <D:\projects\pytypes2\new100\cookiecutter\tests\test_specify_output_dir.py#9:100-107>
[22141] <output_dir> <D:\projects\pytypes2\new100\cookiecutter\tests\test_specify_output_dir.py#22:455-465>
[22153] <template> <D:\projects\pytypes2\new100\cookiecutter\tests\test_specify_output_dir.py#27:541-549>
[22179] <mock_gen_context> <D:\projects\pytypes2\new100\cookiecutter\tests\test_specify_output_dir.py#34:736-752>
[22192] <mock_prompt> <D:\projects\pytypes2\new100\cookiecutter\tests\test_specify_output_dir.py#39:889-900>
[22202] <mock_replay> <D:\projects\pytypes2\new100\cookiecutter\tests\test_specify_output_dir.py#44:1007-1018>
[22212] <test_api_invocation> <D:\projects\pytypes2\new100\cookiecutter\tests\test_specify_output_dir.py#48:1081-1100>
[22247] <test_default_output_dir> <D:\projects\pytypes2\new100\cookiecutter\tests\test_specify_output_dir.py#61:1454-1477>
[22823] <test_utils> <D:\projects\pytypes2\new100\cookiecutter\tests\test_utils.py#1:0-0>
[22289] <stat> <D:\projects\pytypes2\new100\cookiecutter\tests\test_utils.py#12:140-144>
[22295] <cookiecutter> <D:\projects\pytypes2\new100\cookiecutter\tests\test_utils.py#15:165-177>
[22299] <make_readonly> <D:\projects\pytypes2\new100\cookiecutter\tests\test_utils.py#18:200-213>
[22326] <test_rmtree> <D:\projects\pytypes2\new100\cookiecutter\tests\test_utils.py#26:425-436>
[22368] <test_make_sure_path_exists> <D:\projects\pytypes2\new100\cookiecutter\tests\test_utils.py#35:630-656>
[22438] <test_workin> <D:\projects\pytypes2\new100\cookiecutter\tests\test_utils.py#51:1251-1262>
[22509] <test_prompt_should_ask_and_rm_repo_dir> <D:\projects\pytypes2\new100\cookiecutter\tests\test_utils.py#72:1792-1830>
[22555] <test_prompt_should_ask_and_rm_repo_file> <D:\projects\pytypes2\new100\cookiecutter\tests\test_utils.py#90:2305-2344>
[22607] <test_prompt_should_ask_and_keep_repo_on_no_reuse> <D:\projects\pytypes2\new100\cookiecutter\tests\test_utils.py#110:2878-2926>
[22657] <test_prompt_should_ask_and_keep_repo_on_reuse> <D:\projects\pytypes2\new100\cookiecutter\tests\test_utils.py#128:3418-3463>
[22718] <test_prompt_should_not_ask_if_no_input_and_rm_repo_dir> <D:\projects\pytypes2\new100\cookiecutter\tests\test_utils.py#152:4094-4148>
[22767] <test_prompt_should_not_ask_if_no_input_and_rm_repo_file> <D:\projects\pytypes2\new100\cookiecutter\tests\test_utils.py#170:4653-4708>
[22826] <helloworld> <D:\projects\pytypes2\new100\cookiecutter\tests\undefined-variable\dir-name\{{cookiecutter.project_slug}}\{{cookiecutter.foobar}}\helloworld.py#-1:0-0>
[23294] <test_clone> <D:\projects\pytypes2\new100\cookiecutter\tests\vcs\test_clone.py#1:0-0>
[22836] <cookiecutter> <D:\projects\pytypes2\new100\cookiecutter\tests\vcs\test_clone.py#7:79-91>
[22842] <clone_dir> <D:\projects\pytypes2\new100\cookiecutter\tests\vcs\test_clone.py#11:141-150>
[22856] <test_clone_should_raise_if_vcs_not_installed> <D:\projects\pytypes2\new100\cookiecutter\tests\vcs\test_clone.py#18:340-384>
[22894] <test_clone_should_rstrip_trailing_slash_in_repo_url> <D:\projects\pytypes2\new100\cookiecutter\tests\vcs\test_clone.py#34:834-885>
[22945] <test_clone_should_abort_if_user_does_not_want_to_reclone> <D:\projects\pytypes2\new100\cookiecutter\tests\vcs\test_clone.py#62:1552-1608>
[23020] <test_clone_should_invoke_vcs_command> <D:\projects\pytypes2\new100\cookiecutter\tests\vcs\test_clone.py#97:2680-2716>
[23115] <test_clone_handles_repo_typo> <D:\projects\pytypes2\new100\cookiecutter\tests\vcs\test_clone.py#148:4082-4110>
[23178] <test_clone_handles_branch_typo> <D:\projects\pytypes2\new100\cookiecutter\tests\vcs\test_clone.py#183:5260-5290>
[23243] <test_clone_unknown_subprocess_error> <D:\projects\pytypes2\new100\cookiecutter\tests\vcs\test_clone.py#210:6129-6164>
[23350] <test_identify_repo> <D:\projects\pytypes2\new100\cookiecutter\tests\vcs\test_identify_repo.py#1:0-0>
[23299] <cookiecutter> <D:\projects\pytypes2\new100\cookiecutter\tests\vcs\test_identify_repo.py#4:47-59>
[23305] <test_identify_known_repo> <D:\projects\pytypes2\new100\cookiecutter\tests\vcs\test_identify_repo.py#42:1411-1435>
[23321] <unknown_repo_type_url> <D:\projects\pytypes2\new100\cookiecutter\tests\vcs\test_identify_repo.py#53:1917-1938>
[23329] <test_identify_raise_on_unknown_repo> <D:\projects\pytypes2\new100\cookiecutter\tests\vcs\test_identify_repo.py#57:1984-2019>
[23383] <test_is_vcs_installed> <D:\projects\pytypes2\new100\cookiecutter\tests\vcs\test_is_vcs_installed.py#1:0-0>
[23354] <cookiecutter> <D:\projects\pytypes2\new100\cookiecutter\tests\vcs\test_is_vcs_installed.py#4:47-59>
[23358] <test_is_vcs_installed> <D:\projects\pytypes2\new100\cookiecutter\tests\vcs\test_is_vcs_installed.py#13:230-251>
[24192] <test_unzip> <D:\projects\pytypes2\new100\cookiecutter\tests\zipfile\test_unzip.py#1:0-0>
[23392] <cookiecutter> <D:\projects\pytypes2\new100\cookiecutter\tests\zipfile\test_unzip.py#9:125-137>
[23396] <cookiecutter> <D:\projects\pytypes2\new100\cookiecutter\tests\zipfile\test_unzip.py#11:161-173>
[23397] <exceptions> <D:\projects\pytypes2\new100\cookiecutter\tests\zipfile\test_unzip.py#11:174-184>
[23401] <mock_download> <D:\projects\pytypes2\new100\cookiecutter\tests\zipfile\test_unzip.py#14:222-235>
[23434] <test_unzip_local_file> <D:\projects\pytypes2\new100\cookiecutter\tests\zipfile\test_unzip.py#23:458-479>
[23486] <test_unzip_protected_local_file_environment_password> <D:\projects\pytypes2\new100\cookiecutter\tests\zipfile\test_unzip.py#43:1005-1057>
[23540] <test_unzip_protected_local_file_bad_environment_password> <D:\projects\pytypes2\new100\cookiecutter\tests\zipfile\test_unzip.py#64:1653-1709>
[23586] <test_unzip_protected_local_file_user_password_with_noinput> <D:\projects\pytypes2\new100\cookiecutter\tests\zipfile\test_unzip.py#83:2248-2306>
[23632] <test_unzip_protected_local_file_user_password> <D:\projects\pytypes2\new100\cookiecutter\tests\zipfile\test_unzip.py#102:2813-2858>
[23692] <test_unzip_protected_local_file_user_bad_password> <D:\projects\pytypes2\new100\cookiecutter\tests\zipfile\test_unzip.py#126:3524-3573>
[23744] <test_empty_zip_file> <D:\projects\pytypes2\new100\cookiecutter\tests\zipfile\test_unzip.py#148:4180-4199>
[23788] <test_non_repo_zip_file> <D:\projects\pytypes2\new100\cookiecutter\tests\zipfile\test_unzip.py#166:4647-4669>
[23832] <test_bad_zip_file> <D:\projects\pytypes2\new100\cookiecutter\tests\zipfile\test_unzip.py#184:5137-5154>
[23876] <test_unzip_url> <D:\projects\pytypes2\new100\cookiecutter\tests\zipfile\test_unzip.py#202:5616-5630>
[23952] <test_unzip_url_existing_cache> <D:\projects\pytypes2\new100\cookiecutter\tests\zipfile\test_unzip.py#231:6408-6437>
[24042] <test_unzip_url_existing_cache_no_input> <D:\projects\pytypes2\new100\cookiecutter\tests\zipfile\test_unzip.py#264:7400-7438>
[24117] <test_unzip_should_abort_if_no_redownload> <D:\projects\pytypes2\new100\cookiecutter\tests\zipfile\test_unzip.py#291:8212-8252>
[24349] <tests> <D:\projects\pytypes2\new100\cookiecutter\tests\__init__.py#-1:0-0>
[24369] <__main__> <D:\projects\pytypes2\new100\cookiecutter\__main__.py#1:0-0>
[2794] <cls> <D:\software\python\Lib\abc.py#117:3656-3659>
[2795] <instance> <D:\software\python\Lib\abc.py#117:3661-3664>
[1388] <self> <D:\projects\pytypes2\new100\cookiecutter\cookiecutter\exceptions.py#118:2909-2912>
[1389] <message> <D:\projects\pytypes2\new100\cookiecutter\cookiecutter\exceptions.py#118:2915-2918>
[1390] <error> <D:\projects\pytypes2\new100\cookiecutter\cookiecutter\exceptions.py#118:2924-2927>
[1391] <context> <D:\projects\pytypes2\new100\cookiecutter\cookiecutter\exceptions.py#118:2931-2934>
[1395] <message> <D:\projects\pytypes2\new100\cookiecutter\cookiecutter\exceptions.py#120:3008-3015>
[1400] <error> <D:\projects\pytypes2\new100\cookiecutter\cookiecutter\exceptions.py#121:3040-3045>
[1405] <context> <D:\projects\pytypes2\new100\cookiecutter\cookiecutter\exceptions.py#122:3068-3075>
[1412] <self> <D:\projects\pytypes2\new100\cookiecutter\cookiecutter\exceptions.py#124:3105-3108>
[498] <python_version> <D:\projects\pytypes2\new100\cookiecutter\cookiecutter\cli.py#29:631-645>
[506] <location> <D:\projects\pytypes2\new100\cookiecutter\cookiecutter\cli.py#30:669-677>
[527] <message> <D:\projects\pytypes2\new100\cookiecutter\cookiecutter\cli.py#31:745-752>
[3242] <cls> <D:\software\python\Lib\_py_abc.py#87:3784-3787>
[3592] <self> <D:\projects\pytypes2\new100\cookiecutter\cookiecutter\environment.py#17:451-454>
[3635] <f> <D:\projects\pytypes2\new100\cookiecutter\cookiecutter\environment.py#17:454-455>
[3595] <context> <D:\projects\pytypes2\new100\cookiecutter\cookiecutter\environment.py#26:829-836>
[3603] <default_extensions> <D:\projects\pytypes2\new100\cookiecutter\cookiecutter\environment.py#28:876-894>
[3638] <self> <D:\projects\pytypes2\new100\cookiecutter\cookiecutter\environment.py#42:1381-1384>
[3639] <context> <D:\projects\pytypes2\new100\cookiecutter\cookiecutter\environment.py#42:1387-1390>
[3642] <extensions> <D:\projects\pytypes2\new100\cookiecutter\cookiecutter\environment.py#49:1614-1624>
[3653] <ext> <D:\projects\pytypes2\new100\cookiecutter\cookiecutter\environment.py#53:1764-1767>
[3608] <extensions> <D:\projects\pytypes2\new100\cookiecutter\cookiecutter\environment.py#32:1018-1028>
[3980] <context> <D:\projects\pytypes2\new100\cookiecutter\cookiecutter\generate.py#53:1453-1456>
[3981] <overwrite_context> <D:\projects\pytypes2\new100\cookiecutter\cookiecutter\generate.py#53:1462-1465>
[3984] <variable> <D:\projects\pytypes2\new100\cookiecutter\cookiecutter\generate.py#55:1568-1576>
[3985] <overwrite> <D:\projects\pytypes2\new100\cookiecutter\cookiecutter\generate.py#55:1578-1587>
[3997] <context_value> <D:\projects\pytypes2\new100\cookiecutter\cookiecutter\generate.py#60:1763-1776>
[12690] <self> <D:\projects\pytypes2\new100\cookiecutter\tests\test-extensions\hello_extension\hello_extension.py#10:171-174>
[12691] <environment> <D:\projects\pytypes2\new100\cookiecutter\tests\test-extensions\hello_extension\hello_extension.py#10:177-180>
[13791] <cli_runner> <D:\projects\pytypes2\new100\cookiecutter\tests\test_cli.py#371:10092-10095>
[13792] <result> <D:\projects\pytypes2\new100\cookiecutter\tests\test_cli.py#372:10110-10116>
[13832] <f> <D:\projects\pytypes2\new100\cookiecutter\tests\test_cli.py#380:10381-10382>
[13059] <request> <D:\projects\pytypes2\new100\cookiecutter\tests\test_cli.py#44:1107-1110>
[4487] <repo_dir> <D:\projects\pytypes2\new100\cookiecutter\cookiecutter\generate.py#247:8887-8890>
[4488] <context> <D:\projects\pytypes2\new100\cookiecutter\cookiecutter\generate.py#247:8897-8900>
[4489] <output_dir> <D:\projects\pytypes2\new100\cookiecutter\cookiecutter\generate.py#247:8911-8914>
[4490] <overwrite_if_exists> <D:\projects\pytypes2\new100\cookiecutter\cookiecutter\generate.py#248:8947-8950>
[3787] <repo_dir> <D:\projects\pytypes2\new100\cookiecutter\cookiecutter\find.py#13:249-252>
[3800] <repo_dir_contents> <D:\projects\pytypes2\new100\cookiecutter\cookiecutter\find.py#21:561-578>
[20108] <user_config_path> <D:\projects\pytypes2\new100\cookiecutter\tests\test_get_user_config.py#122:3786-3789>
[16211] <repo_dir> <D:\projects\pytypes2\new100\cookiecutter\tests\test_find.py#21:326-329>
[12448] <user_config_data> <D:\projects\pytypes2\new100\cookiecutter\tests\repository\test_determine_repo_dir_finds_existing_cookiecutter.py#15:230-233>
[12449] <template> <D:\projects\pytypes2\new100\cookiecutter\tests\repository\test_determine_repo_dir_finds_existing_cookiecutter.py#15:248-251>
[12450] <cookiecutters_dir> <D:\projects\pytypes2\new100\cookiecutter\tests\repository\test_determine_repo_dir_finds_existing_cookiecutter.py#16:264-281>
[12455] <cloned_template_path> <D:\projects\pytypes2\new100\cookiecutter\tests\repository\test_determine_repo_dir_finds_existing_cookiecutter.py#18:329-349>
[13161] <cli_runner> <D:\projects\pytypes2\new100\cookiecutter\tests\test_cli.py#72:2124-2127>
[13162] <result> <D:\projects\pytypes2\new100\cookiecutter\tests\test_cli.py#73:2142-2148>
[13201] <f> <D:\projects\pytypes2\new100\cookiecutter\tests\test_cli.py#76:2344-2345>
[23359] <mocker> <D:\projects\pytypes2\new100\cookiecutter\tests\vcs\test_is_vcs_installed.py#13:252-255>
[23360] <which_return> <D:\projects\pytypes2\new100\cookiecutter\tests\vcs\test_is_vcs_installed.py#13:260-263>
[23361] <result> <D:\projects\pytypes2\new100\cookiecutter\tests\vcs\test_is_vcs_installed.py#13:274-277>
[23541] <mocker> <D:\projects\pytypes2\new100\cookiecutter\tests\zipfile\test_unzip.py#64:1710-1713>
[23542] <tmpdir> <D:\projects\pytypes2\new100\cookiecutter\tests\zipfile\test_unzip.py#64:1718-1721>
[23555] <clone_to_dir> <D:\projects\pytypes2\new100\cookiecutter\tests\zipfile\test_unzip.py#72:1942-1954>
[17838] <tmpdir> <D:\projects\pytypes2\new100\cookiecutter\tests\test_generate_files.py#262:8680-8683>
[17839] <undefined_context> <D:\projects\pytypes2\new100\cookiecutter\tests\test_generate_files.py#262:8688-8691>
[17840] <output_dir> <D:\projects\pytypes2\new100\cookiecutter\tests\test_generate_files.py#263:8713-8723>
[17868] <err> <D:\projects\pytypes2\new100\cookiecutter\tests\test_generate_files.py#265:8818-8821>
[4495] <template_dir> <D:\projects\pytypes2\new100\cookiecutter\cookiecutter\generate.py#257:9343-9355>
[4510] <context> <D:\projects\pytypes2\new100\cookiecutter\cookiecutter\generate.py#259:9459-9466>
[4517] <unrendered_dir> <D:\projects\pytypes2\new100\cookiecutter\cookiecutter\generate.py#261:9503-9517>
[4424] <dirname> <D:\projects\pytypes2\new100\cookiecutter\cookiecutter\generate.py#215:7735-7738>
[3674] <self> <D:\projects\pytypes2\new100\cookiecutter\cookiecutter\environment.py#63:2021-2024>
[3690] <f> <D:\projects\pytypes2\new100\cookiecutter\cookiecutter\environment.py#63:2024-2025>
[4532] <env> <D:\projects\pytypes2\new100\cookiecutter\cookiecutter\generate.py#263:9601-9604>
[4552] <msg> <D:\projects\pytypes2\new100\cookiecutter\cookiecutter\generate.py#276:9960-9963>
[4327] <dirname> <D:\projects\pytypes2\new100\cookiecutter\cookiecutter\generate.py#183:6674-6677>
[4328] <context> <D:\projects\pytypes2\new100\cookiecutter\cookiecutter\generate.py#183:6683-6686>
[4329] <output_dir> <D:\projects\pytypes2\new100\cookiecutter\cookiecutter\generate.py#183:6692-6695>
[4330] <environment> <D:\projects\pytypes2\new100\cookiecutter\cookiecutter\generate.py#183:6704-6707>
[4331] <overwrite_if_exists> <D:\projects\pytypes2\new100\cookiecutter\cookiecutter\generate.py#184:6744-6747>
[4335] <name_tmpl> <D:\projects\pytypes2\new100\cookiecutter\cookiecutter\generate.py#186:6855-6864>
[4342] <rendered_dirname> <D:\projects\pytypes2\new100\cookiecutter\cookiecutter\generate.py#187:6905-6921>
[4350] <dir_to_create> <D:\projects\pytypes2\new100\cookiecutter\cookiecutter\generate.py#189:6959-6972>
[4377] <output_dir_exists> <D:\projects\pytypes2\new100\cookiecutter\cookiecutter\generate.py#198:7185-7202>
[4399] <msg> <D:\projects\pytypes2\new100\cookiecutter\cookiecutter\generate.py#207:7478-7481>
[4540] <project_dir> <D:\projects\pytypes2\new100\cookiecutter\cookiecutter\generate.py#268:9715-9726>
[4541] <output_directory_created> <D:\projects\pytypes2\new100\cookiecutter\cookiecutter\generate.py#268:9728-9752>
[4563] <project_dir> <D:\projects\pytypes2\new100\cookiecutter\cookiecutter\generate.py#286:10391-10402>
[4582] <delete_project_on_failure> <D:\projects\pytypes2\new100\cookiecutter\cookiecutter\generate.py#291:10601-10626>
[4443] <repo_dir> <D:\projects\pytypes2\new100\cookiecutter\cookiecutter\generate.py#223:7962-7965>
[4444] <hook_name> <D:\projects\pytypes2\new100\cookiecutter\cookiecutter\generate.py#223:7972-7975>
[4445] <project_dir> <D:\projects\pytypes2\new100\cookiecutter\cookiecutter\generate.py#223:7983-7986>
[4446] <context> <D:\projects\pytypes2\new100\cookiecutter\cookiecutter\generate.py#223:7996-7999>
[4447] <delete_project_on_failure> <D:\projects\pytypes2\new100\cookiecutter\cookiecutter\generate.py#224:8034-8037>
[4594] <loader> <D:\projects\pytypes2\new100\cookiecutter\cookiecutter\generate.py#302:10863-10869>
[4600] <root> <D:\projects\pytypes2\new100\cookiecutter\cookiecutter\generate.py#304:10909-10913>
[4601] <dirs> <D:\projects\pytypes2\new100\cookiecutter\cookiecutter\generate.py#304:10915-10919>
[4602] <files> <D:\projects\pytypes2\new100\cookiecutter\cookiecutter\generate.py#304:10921-10926>
[4609] <copy_dirs> <D:\projects\pytypes2\new100\cookiecutter\cookiecutter\generate.py#308:11182-11191>
[4612] <render_dirs> <D:\projects\pytypes2\new100\cookiecutter\cookiecutter\generate.py#309:11210-11221>
[4615] <d> <D:\projects\pytypes2\new100\cookiecutter\cookiecutter\generate.py#311:11246-11247>
[4617] <d_> <D:\projects\pytypes2\new100\cookiecutter\cookiecutter\generate.py#312:11274-11276>
[3947] <path> <D:\projects\pytypes2\new100\cookiecutter\cookiecutter\generate.py#33:823-826>
[3948] <context> <D:\projects\pytypes2\new100\cookiecutter\cookiecutter\generate.py#33:829-832>
[3951] <dont_render> <D:\projects\pytypes2\new100\cookiecutter\cookiecutter\generate.py#44:1207-1218>
[4654] <copy_dir> <D:\projects\pytypes2\new100\cookiecutter\cookiecutter\generate.py#321:11689-11697>
[4656] <indir> <D:\projects\pytypes2\new100\cookiecutter\cookiecutter\generate.py#322:11729-11734>
[4672] <outdir> <D:\projects\pytypes2\new100\cookiecutter\cookiecutter\generate.py#323:11801-11807>
[4713] <d> <D:\projects\pytypes2\new100\cookiecutter\cookiecutter\generate.py#333:12229-12230>
[4715] <unrendered_dir> <D:\projects\pytypes2\new100\cookiecutter\cookiecutter\generate.py#334:12257-12271>
[4742] <_dir> <D:\projects\pytypes2\new100\cookiecutter\cookiecutter\generate.py#346:12749-12753>
[4752] <msg> <D:\projects\pytypes2\new100\cookiecutter\cookiecutter\generate.py#347:12821-12824>
[4765] <f> <D:\projects\pytypes2\new100\cookiecutter\cookiecutter\generate.py#350:12967-12968>
[4767] <infile> <D:\projects\pytypes2\new100\cookiecutter\cookiecutter\generate.py#351:12996-13002>
[4787] <outfile_tmpl> <D:\projects\pytypes2\new100\cookiecutter\cookiecutter\generate.py#353:13122-13134>
[4794] <outfile_rendered> <D:\projects\pytypes2\new100\cookiecutter\cookiecutter\generate.py#354:13182-13198>
[4802] <outfile> <D:\projects\pytypes2\new100\cookiecutter\cookiecutter\generate.py#355:13253-13260>
[4855] <msg> <D:\projects\pytypes2\new100\cookiecutter\cookiecutter\generate.py#368:13878-13881>
[4147] <project_dir> <D:\projects\pytypes2\new100\cookiecutter\cookiecutter\generate.py#117:4133-4136>
[4148] <infile> <D:\projects\pytypes2\new100\cookiecutter\cookiecutter\generate.py#117:4146-4149>
[4149] <context> <D:\projects\pytypes2\new100\cookiecutter\cookiecutter\generate.py#117:4154-4157>
[4150] <env> <D:\projects\pytypes2\new100\cookiecutter\cookiecutter\generate.py#117:4163-4166>
[4163] <outfile_tmpl> <D:\projects\pytypes2\new100\cookiecutter\cookiecutter\generate.py#141:5156-5168>
[4170] <outfile> <D:\projects\pytypes2\new100\cookiecutter\cookiecutter\generate.py#143:5202-5209>
[4185] <file_name_is_empty> <D:\projects\pytypes2\new100\cookiecutter\cookiecutter\generate.py#144:5275-5293>
[4250] <infile_fwd_slashes> <D:\projects\pytypes2\new100\cookiecutter\cookiecutter\generate.py#162:5942-5960>
[4262] <tmpl> <D:\projects\pytypes2\new100\cookiecutter\cookiecutter\generate.py#166:6052-6056>
[4279] <rendered_file> <D:\projects\pytypes2\new100\cookiecutter\cookiecutter\generate.py#172:6348-6361>
[4312] <fh> <D:\projects\pytypes2\new100\cookiecutter\cookiecutter\generate.py#176:6517-6519>
[17871] <error> <D:\projects\pytypes2\new100\cookiecutter\tests\test_generate_files.py#271:9017-9022>
[13067] <cli_runner> <D:\projects\pytypes2\new100\cookiecutter\tests\test_cli.py#48:1169-1172>
[13068] <version_cli_flag> <D:\projects\pytypes2\new100\cookiecutter\tests\test_cli.py#48:1181-1184>
[13069] <result> <D:\projects\pytypes2\new100\cookiecutter\tests\test_cli.py#49:1205-1211>
[18071] <tmpdir> <D:\projects\pytypes2\new100\cookiecutter\tests\test_generate_files.py#322:10717-10720>
[18072] <output_dir> <D:\projects\pytypes2\new100\cookiecutter\tests\test_generate_files.py#323:10731-10741>
[18100] <err> <D:\projects\pytypes2\new100\cookiecutter\tests\test_generate_files.py#325:10836-10839>
[18103] <error> <D:\projects\pytypes2\new100\cookiecutter\tests\test_generate_files.py#331:11016-11021>
[18108] <msg> <D:\projects\pytypes2\new100\cookiecutter\tests\test_generate_files.py#332:11039-11042>
[18182] <request> <D:\projects\pytypes2\new100\cookiecutter\tests\test_generate_hooks.py#29:637-640>
[18185] <fin_remove_additional_folders> <D:\projects\pytypes2\new100\cookiecutter\tests\test_generate_hooks.py#33:739-768>
[20216] <monkeypatch> <D:\projects\pytypes2\new100\cookiecutter\tests\test_get_user_config.py#155:4891-4894>
[20224] <config_file> <D:\projects\pytypes2\new100\cookiecutter\tests\test_get_user_config.py#158:4968-4979>
[1781] <config_file> <D:\projects\pytypes2\new100\cookiecutter\cookiecutter\config.py#88:2547-2550>
[1782] <default_config> <D:\projects\pytypes2\new100\cookiecutter\cookiecutter\config.py#88:2565-2568>
[1696] <config_path> <D:\projects\pytypes2\new100\cookiecutter\cookiecutter\config.py#62:1601-1604>
[1743] <file_handle> <D:\projects\pytypes2\new100\cookiecutter\cookiecutter\config.py#68:1894-1905>
[1720] <yaml_dict> <D:\projects\pytypes2\new100\cookiecutter\cookiecutter\config.py#70:1934-1943>
[1649] <default> <D:\projects\pytypes2\new100\cookiecutter\cookiecutter\config.py#43:1029-1032>
[1650] <overwrite> <D:\projects\pytypes2\new100\cookiecutter\cookiecutter\config.py#43:1038-1041>
[1653] <new_config> <D:\projects\pytypes2\new100\cookiecutter\cookiecutter\config.py#49:1241-1251>
[1660] <k> <D:\projects\pytypes2\new100\cookiecutter\cookiecutter\config.py#51:1288-1289>
[1661] <v> <D:\projects\pytypes2\new100\cookiecutter\cookiecutter\config.py#51:1291-1292>
[1746] <config_dict> <D:\projects\pytypes2\new100\cookiecutter\cookiecutter\config.py#77:2201-2212>
[1752] <raw_replay_dir> <D:\projects\pytypes2\new100\cookiecutter\cookiecutter\config.py#79:2263-2277>
[1623] <path> <D:\projects\pytypes2\new100\cookiecutter\cookiecutter\config.py#36:830-833>
[1626] <path> <D:\projects\pytypes2\new100\cookiecutter\cookiecutter\config.py#38:920-924>
[1635] <path> <D:\projects\pytypes2\new100\cookiecutter\cookiecutter\config.py#39:957-961>
[1764] <raw_cookies_dir> <D:\projects\pytypes2\new100\cookiecutter\cookiecutter\config.py#82:2375-2390>
[1806] <env_config_file> <D:\projects\pytypes2\new100\cookiecutter\cookiecutter\config.py#114:3574-3589>
[20227] <user_config> <D:\projects\pytypes2\new100\cookiecutter\tests\test_get_user_config.py#160:5033-5044>
[18352] <excinfo> <D:\projects\pytypes2\new100\cookiecutter\tests\test_generate_hooks.py#89:2831-2838>
[21079] <request> <D:\projects\pytypes2\new100\cookiecutter\tests\test_output_folder.py#21:427-430>
[21082] <finalizer_remove_output_folder> <D:\projects\pytypes2\new100\cookiecutter\tests\test_output_folder.py#25:521-551>
[8500] <replay_dir> <D:\projects\pytypes2\new100\cookiecutter\cookiecutter\replay.py#18:255-258>
[8501] <template_name> <D:\projects\pytypes2\new100\cookiecutter\cookiecutter\replay.py#18:267-270>
[8504] <file_name> <D:\projects\pytypes2\new100\cookiecutter\cookiecutter\replay.py#20:321-330>
[22193] <mocker> <D:\projects\pytypes2\new100\cookiecutter\tests\test_specify_output_dir.py#39:901-904>
[23745] <mocker> <D:\projects\pytypes2\new100\cookiecutter\tests\zipfile\test_unzip.py#148:4200-4203>
[23746] <tmpdir> <D:\projects\pytypes2\new100\cookiecutter\tests\zipfile\test_unzip.py#148:4208-4211>
[23759] <clone_to_dir> <D:\projects\pytypes2\new100\cookiecutter\tests\zipfile\test_unzip.py#156:4408-4420>
[11779] <mocker> <D:\projects\pytypes2\new100\cookiecutter\tests\replay\test_replay.py#34:807-810>
[11780] <mock_prompt> <D:\projects\pytypes2\new100\cookiecutter\tests\replay\test_replay.py#35:821-832>
[11787] <mock_gen_context> <D:\projects\pytypes2\new100\cookiecutter\tests\replay\test_replay.py#36:892-908>
[11794] <mock_gen_files> <D:\projects\pytypes2\new100\cookiecutter\tests\replay\test_replay.py#37:967-981>
[11801] <mock_replay_dump> <D:\projects\pytypes2\new100\cookiecutter\tests\replay\test_replay.py#38:1038-1054>
[11808] <mock_replay_load> <D:\projects\pytypes2\new100\cookiecutter\tests\replay\test_replay.py#39:1101-1117>
[20829] <caplog> <D:\projects\pytypes2\new100\cookiecutter\tests\test_log.py#99:2522-2525>
[20830] <debug_logger> <D:\projects\pytypes2\new100\cookiecutter\tests\test_log.py#99:2530-2533>
[20831] <debug_messages> <D:\projects\pytypes2\new100\cookiecutter\tests\test_log.py#99:2544-2547>
[20834] <stream_handler> <D:\projects\pytypes2\new100\cookiecutter\tests\test_log.py#101:2628-2642>
[20650] <cookiecutter_logger> <D:\projects\pytypes2\new100\cookiecutter\tests\test_log.py#11:144-163>
[20657] <foo_logger> <D:\projects\pytypes2\new100\cookiecutter\tests\test_log.py#12:205-215>
[20664] <foobar_logger> <D:\projects\pytypes2\new100\cookiecutter\tests\test_log.py#13:261-274>
[20864] <r> <D:\projects\pytypes2\new100\cookiecutter\tests\test_log.py#109:2882-2883>
[20858] <stream_messages> <D:\projects\pytypes2\new100\cookiecutter\tests\test_log.py#107:2815-2830>
[11104] <tmpdir_factory> <D:\projects\pytypes2\new100\cookiecutter\tests\conftest.py#153:5288-5291>
[12490] <template> <D:\projects\pytypes2\new100\cookiecutter\tests\repository\test_determine_repo_dir_finds_existing_cookiecutter.py#27:600-603>
[12491] <user_config_data> <D:\projects\pytypes2\new100\cookiecutter\tests\repository\test_determine_repo_dir_finds_existing_cookiecutter.py#27:610-613>
[12492] <cloned_cookiecutter_path> <D:\projects\pytypes2\new100\cookiecutter\tests\repository\test_determine_repo_dir_finds_existing_cookiecutter.py#27:628-631>
[23789] <mocker> <D:\projects\pytypes2\new100\cookiecutter\tests\zipfile\test_unzip.py#166:4670-4673>
[23790] <tmpdir> <D:\projects\pytypes2\new100\cookiecutter\tests\zipfile\test_unzip.py#166:4678-4681>
[23803] <clone_to_dir> <D:\projects\pytypes2\new100\cookiecutter\tests\zipfile\test_unzip.py#174:4893-4905>
[22510] <mocker> <D:\projects\pytypes2\new100\cookiecutter\tests\test_utils.py#72:1831-1834>
[22511] <tmpdir> <D:\projects\pytypes2\new100\cookiecutter\tests\test_utils.py#72:1839-1842>
[22514] <mock_read_user> <D:\projects\pytypes2\new100\cookiecutter\tests\test_utils.py#76:1976-1990>
[22525] <repo_dir> <D:\projects\pytypes2\new100\cookiecutter\tests\test_utils.py#81:2118-2126>
[22532] <deleted> <D:\projects\pytypes2\new100\cookiecutter\tests\test_utils.py#83:2157-2164>
[22768] <mocker> <D:\projects\pytypes2\new100\cookiecutter\tests\test_utils.py#170:4709-4712>
[22769] <tmpdir> <D:\projects\pytypes2\new100\cookiecutter\tests\test_utils.py#170:4717-4720>
[22772] <mock_read_user> <D:\projects\pytypes2\new100\cookiecutter\tests\test_utils.py#174:4864-4878>
[22783] <repo_file> <D:\projects\pytypes2\new100\cookiecutter\tests\test_utils.py#180:5009-5018>
[22796] <deleted> <D:\projects\pytypes2\new100\cookiecutter\tests\test_utils.py#183:5100-5107>
[23306] <repo_url> <D:\projects\pytypes2\new100\cookiecutter\tests\vcs\test_identify_repo.py#42:1436-1439>
[23307] <exp_repo_type> <D:\projects\pytypes2\new100\cookiecutter\tests\vcs\test_identify_repo.py#42:1446-1449>
[23308] <exp_repo_url> <D:\projects\pytypes2\new100\cookiecutter\tests\vcs\test_identify_repo.py#42:1461-1464>
[11116] <user_dir> <D:\projects\pytypes2\new100\cookiecutter\tests\conftest.py#159:5471-5474>
[11119] <cookiecutters_dir> <D:\projects\pytypes2\new100\cookiecutter\tests\conftest.py#167:5705-5722>
[11126] <replay_dir> <D:\projects\pytypes2\new100\cookiecutter\tests\conftest.py#168:5762-5772>
[8662] <value> <D:\projects\pytypes2\new100\cookiecutter\cookiecutter\repository.py#22:508-511>
[13441] <mocker> <D:\projects\pytypes2\new100\cookiecutter\tests\test_cli.py#206:5765-5768>
[13442] <cli_runner> <D:\projects\pytypes2\new100\cookiecutter\tests\test_cli.py#206:5773-5776>
[13443] <output_dir_flag> <D:\projects\pytypes2\new100\cookiecutter\tests\test_cli.py#206:5785-5788>
[13444] <output_dir> <D:\projects\pytypes2\new100\cookiecutter\tests\test_cli.py#206:5802-5805>
[13445] <mock_cookiecutter> <D:\projects\pytypes2\new100\cookiecutter\tests\test_cli.py#207:5820-5837>
[13452] <template_path> <D:\projects\pytypes2\new100\cookiecutter\tests\test_cli.py#211:5909-5922>
[13455] <result> <D:\projects\pytypes2\new100\cookiecutter\tests\test_cli.py#212:5953-5959>
[21854] <mocker> <D:\projects\pytypes2\new100\cookiecutter\tests\test_read_user_dict.py#82:1812-1815>
[21855] <prompt> <D:\projects\pytypes2\new100\cookiecutter\tests\test_read_user_dict.py#83:1826-1832>
[13630] <mocker> <D:\projects\pytypes2\new100\cookiecutter\tests\test_cli.py#296:8114-8117>
[13631] <cli_runner> <D:\projects\pytypes2\new100\cookiecutter\tests\test_cli.py#296:8122-8125>
[13632] <mock_cookiecutter> <D:\projects\pytypes2\new100\cookiecutter\tests\test_cli.py#297:8140-8157>
[13639] <template_path> <D:\projects\pytypes2\new100\cookiecutter\tests\test_cli.py#301:8229-8242>
[13642] <result> <D:\projects\pytypes2\new100\cookiecutter\tests\test_cli.py#302:8273-8279>
[8691] <template> <D:\projects\pytypes2\new100\cookiecutter\cookiecutter\repository.py#32:760-763>
[8692] <abbreviations> <D:\projects\pytypes2\new100\cookiecutter\cookiecutter\repository.py#32:770-773>
[8704] <prefix> <D:\projects\pytypes2\new100\cookiecutter\cookiecutter\repository.py#43:1139-1145>
[8705] <sep> <D:\projects\pytypes2\new100\cookiecutter\cookiecutter\repository.py#43:1147-1150>
[8706] <rest> <D:\projects\pytypes2\new100\cookiecutter\cookiecutter\repository.py#43:1152-1156>
[17135] <invalid_dirname> <D:\projects\pytypes2\new100\cookiecutter\tests\test_generate_files.py#37:1119-1122>
[16379] <excinfo> <D:\projects\pytypes2\new100\cookiecutter\tests\test_generate_context.py#83:2263-2270>
[4037] <context_file> <D:\projects\pytypes2\new100\cookiecutter\cookiecutter\generate.py#75:2410-2413>
[4038] <default_context> <D:\projects\pytypes2\new100\cookiecutter\cookiecutter\generate.py#75:2444-2447>
[4039] <extra_context> <D:\projects\pytypes2\new100\cookiecutter\cookiecutter\generate.py#76:2488-2491>
[4043] <context> <D:\projects\pytypes2\new100\cookiecutter\cookiecutter\generate.py#86:2942-2949>
[4065] <full_fpath> <D:\projects\pytypes2\new100\cookiecutter\cookiecutter\generate.py#94:3261-3271>
[4074] <json_exc_message> <D:\projects\pytypes2\new100\cookiecutter\cookiecutter\generate.py#95:3313-3329>
[4079] <our_exc_message> <D:\projects\pytypes2\new100\cookiecutter\cookiecutter\generate.py#96:3348-3363>
[4061] <file_handle> <D:\projects\pytypes2\new100\cookiecutter\cookiecutter\generate.py#89:3016-3027>
[4048] <obj> <D:\projects\pytypes2\new100\cookiecutter\cookiecutter\generate.py#90:3042-3045>
[4091] <file_name> <D:\projects\pytypes2\new100\cookiecutter\cookiecutter\generate.py#102:3628-3637>
[4102] <file_stem> <D:\projects\pytypes2\new100\cookiecutter\cookiecutter\generate.py#103:3676-3685>
[16382] <pattern> <D:\projects\pytypes2\new100\cookiecutter\tests\test_generate_context.py#88:2447-2454>
[16396] <path> <D:\projects\pytypes2\new100\cookiecutter\tests\test_generate_context.py#97:2875-2879>
[10377] <app> <D:\projects\pytypes2\new100\cookiecutter\docs\ccext.py#37:970-973>
[2806] <cls> <D:\software\python\Lib\abc.py#121:3818-3821>
[2807] <subclass> <D:\software\python\Lib\abc.py#121:3823-3826>
[22180] <mocker> <D:\projects\pytypes2\new100\cookiecutter\tests\test_specify_output_dir.py#34:753-756>
[22181] <context> <D:\projects\pytypes2\new100\cookiecutter\tests\test_specify_output_dir.py#34:761-764>
[22843] <tmpdir> <D:\projects\pytypes2\new100\cookiecutter\tests\vcs\test_clone.py#11:151-154>
[12541] <request> <D:\projects\pytypes2\new100\cookiecutter\tests\repository\test_is_repo_url.py#15:361-364>
[13838] <cli_runner> <D:\projects\pytypes2\new100\cookiecutter\tests\test_cli.py#385:10541-10544>
[13839] <result> <D:\projects\pytypes2\new100\cookiecutter\tests\test_cli.py#386:10559-10565>
[3229] <cls> <D:\software\python\Lib\_py_abc.py#83:3652-3655>
[15991] <freezer> <D:\projects\pytypes2\new100\cookiecutter\tests\test_default_extensions.py#14:190-197>
[16094] <context> <D:\projects\pytypes2\new100\cookiecutter\tests\test_environment.py#10:214-221>
[16115] <err> <D:\projects\pytypes2\new100\cookiecutter\tests\test_environment.py#16:357-360>
[10264] <self> <D:\projects\pytypes2\new100\cookiecutter\docs\ccext.py#12:250-253>
[10265] <option> <D:\projects\pytypes2\new100\cookiecutter\docs\ccext.py#12:256-259>
[540] <ctx> <D:\projects\pytypes2\new100\cookiecutter\cookiecutter\cli.py#35:888-891>
[541] <param> <D:\projects\pytypes2\new100\cookiecutter\cookiecutter\cli.py#35:893-896>
[542] <value> <D:\projects\pytypes2\new100\cookiecutter\cookiecutter\cli.py#35:900-903>
[545] <s> <D:\projects\pytypes2\new100\cookiecutter\cookiecutter\cli.py#37:952-953>
[2818] <cls> <D:\software\python\Lib\abc.py#125:3977-3980>
[2819] <file> <D:\software\python\Lib\abc.py#125:3982-3985>
[2832] <_abc_registry> <D:\software\python\Lib\abc.py#129:4212-4225>
[2833] <_abc_cache> <D:\software\python\Lib\abc.py#129:4227-4237>
[2834] <_abc_negative_cache> <D:\software\python\Lib\abc.py#129:4239-4258>
[2835] <_abc_negative_cache_version> <D:\software\python\Lib\abc.py#130:4274-4301>
[11354] <replay_test_dir> <D:\projects\pytypes2\new100\cookiecutter\tests\replay\test_dump.py#49:1336-1339>
[11355] <template_name> <D:\projects\pytypes2\new100\cookiecutter\tests\replay\test_dump.py#49:1353-1356>
[8523] <replay_dir> <D:\projects\pytypes2\new100\cookiecutter\cookiecutter\replay.py#24:427-430>
[8524] <template_name> <D:\projects\pytypes2\new100\cookiecutter\cookiecutter\replay.py#24:439-442>
[8525] <context> <D:\projects\pytypes2\new100\cookiecutter\cookiecutter\replay.py#24:454-457>
[8557] <replay_file> <D:\projects\pytypes2\new100\cookiecutter\cookiecutter\replay.py#38:986-997>
[8575] <outfile> <D:\projects\pytypes2\new100\cookiecutter\cookiecutter\replay.py#40:1079-1086>
[11725] <exp_replay_file_name> <D:\projects\pytypes2\new100\cookiecutter\tests\replay\test_replay.py#16:267-287>
[20752] <tmpdir> <D:\projects\pytypes2\new100\cookiecutter\tests\test_log.py#70:1763-1766>
[22203] <mocker> <D:\projects\pytypes2\new100\cookiecutter\tests\test_specify_output_dir.py#44:1019-1022>
[23435] <mocker> <D:\projects\pytypes2\new100\cookiecutter\tests\zipfile\test_unzip.py#23:480-483>
[23436] <tmpdir> <D:\projects\pytypes2\new100\cookiecutter\tests\zipfile\test_unzip.py#23:488-491>
[23439] <mock_prompt_and_delete> <D:\projects\pytypes2\new100\cookiecutter\tests\zipfile\test_unzip.py#25:551-573>
[23450] <clone_to_dir> <D:\projects\pytypes2\new100\cookiecutter\tests\zipfile\test_unzip.py#31:706-718>
[23457] <output_dir> <D:\projects\pytypes2\new100\cookiecutter\tests\zipfile\test_unzip.py#33:750-760>
[23587] <mocker> <D:\projects\pytypes2\new100\cookiecutter\tests\zipfile\test_unzip.py#83:2307-2310>
[23588] <tmpdir> <D:\projects\pytypes2\new100\cookiecutter\tests\zipfile\test_unzip.py#83:2315-2318>
[23601] <clone_to_dir> <D:\projects\pytypes2\new100\cookiecutter\tests\zipfile\test_unzip.py#91:2527-2539>
[20007] <user_config_path> <D:\projects\pytypes2\new100\cookiecutter\tests\test_get_user_config.py#80:2536-2539>
[20008] <custom_config> <D:\projects\pytypes2\new100\cookiecutter\tests\test_get_user_config.py#80:2554-2557>
[20018] <conf> <D:\projects\pytypes2\new100\cookiecutter\tests\test_get_user_config.py#85:2719-2723>
[20077] <mocker> <D:\projects\pytypes2\new100\cookiecutter\tests\test_get_user_config.py#113:3482-3485>
[20078] <custom_config_path> <D:\projects\pytypes2\new100\cookiecutter\tests\test_get_user_config.py#113:3490-3493>
[20079] <custom_config> <D:\projects\pytypes2\new100\cookiecutter\tests\test_get_user_config.py#113:3510-3513>
[20080] <spy_get_config> <D:\projects\pytypes2\new100\cookiecutter\tests\test_get_user_config.py#114:3531-3545>
[20088] <user_config> <D:\projects\pytypes2\new100\cookiecutter\tests\test_get_user_config.py#116:3588-3599>
[12309] <mocker> <D:\projects\pytypes2\new100\cookiecutter\tests\repository\test_determine_repo_dir_clones_repo.py#58:1520-1523>
[12310] <template_url> <D:\projects\pytypes2\new100\cookiecutter\tests\repository\test_determine_repo_dir_clones_repo.py#58:1528-1531>
[12311] <user_config_data> <D:\projects\pytypes2\new100\cookiecutter\tests\repository\test_determine_repo_dir_clones_repo.py#58:1542-1545>
[12314] <mock_clone> <D:\projects\pytypes2\new100\cookiecutter\tests\repository\test_determine_repo_dir_clones_repo.py#63:1700-1710>
[12716] <self> <D:\projects\pytypes2\new100\cookiecutter\tests\test-extensions\hello_extension\hello_extension.py#16:348-351>
[12717] <parser> <D:\projects\pytypes2\new100\cookiecutter\tests\test-extensions\hello_extension\hello_extension.py#16:354-357>
[12718] <lineno> <D:\projects\pytypes2\new100\cookiecutter\tests\test-extensions\hello_extension\hello_extension.py#17:372-378>
[12727] <node> <D:\projects\pytypes2\new100\cookiecutter\tests\test-extensions\hello_extension\hello_extension.py#18:417-421>
[12733] <call_method> <D:\projects\pytypes2\new100\cookiecutter\tests\test-extensions\hello_extension\hello_extension.py#19:459-470>
[13047] <request> <D:\projects\pytypes2\new100\cookiecutter\tests\test_cli.py#38:918-921>
[19794] <conf> <D:\projects\pytypes2\new100\cookiecutter\tests\test_get_config.py#103:3257-3261>
[19801] <default_cookiecutters_dir> <D:\projects\pytypes2\new100\cookiecutter\tests\test_get_config.py#104:3334-3359>
[19810] <default_replay_dir> <D:\projects\pytypes2\new100\cookiecutter\tests\test_get_config.py#105:3407-3425>
[19819] <expected_conf> <D:\projects\pytypes2\new100\cookiecutter\tests\test_get_config.py#106:3479-3492>
[8767] <template> <D:\projects\pytypes2\new100\cookiecutter\cookiecutter\repository.py#64:1818-1821>
[8768] <abbreviations> <D:\projects\pytypes2\new100\cookiecutter\cookiecutter\repository.py#64:1828-1831>
[8769] <clone_to_dir> <D:\projects\pytypes2\new100\cookiecutter\cookiecutter\repository.py#64:1843-1846>
[8770] <checkout> <D:\projects\pytypes2\new100\cookiecutter\cookiecutter\repository.py#64:1857-1860>
[8771] <no_input> <D:\projects\pytypes2\new100\cookiecutter\cookiecutter\repository.py#65:1891-1894>
[8772] <password> <D:\projects\pytypes2\new100\cookiecutter\cookiecutter\repository.py#65:1901-1904>
[8775] <template> <D:\projects\pytypes2\new100\cookiecutter\cookiecutter\repository.py#86:2977-2985>
[8676] <value> <D:\projects\pytypes2\new100\cookiecutter\cookiecutter\repository.py#27:632-635>
[8784] <unzipped_dir> <D:\projects\pytypes2\new100\cookiecutter\cookiecutter\repository.py#89:3076-3088>
[8800] <repository_candidates> <D:\projects\pytypes2\new100\cookiecutter\cookiecutter\repository.py#96:3295-3316>
[8804] <cleanup> <D:\projects\pytypes2\new100\cookiecutter\cookiecutter\repository.py#97:3343-3350>
[8811] <cloned_repo> <D:\projects\pytypes2\new100\cookiecutter\cookiecutter\repository.py#99:3400-3411>
[8823] <repository_candidates> <D:\projects\pytypes2\new100\cookiecutter\cookiecutter\repository.py#105:3577-3598>
[8827] <cleanup> <D:\projects\pytypes2\new100\cookiecutter\cookiecutter\repository.py#106:3624-3631>
[8831] <repository_candidates> <D:\projects\pytypes2\new100\cookiecutter\cookiecutter\repository.py#108:3660-3681>
[8843] <cleanup> <D:\projects\pytypes2\new100\cookiecutter\cookiecutter\repository.py#112:3779-3786>
[8850] <repo_candidate> <D:\projects\pytypes2\new100\cookiecutter\cookiecutter\repository.py#114:3806-3820>
[8732] <repo_directory> <D:\projects\pytypes2\new100\cookiecutter\cookiecutter\repository.py#50:1332-1335>
[8735] <repo_directory_exists> <D:\projects\pytypes2\new100\cookiecutter\cookiecutter\repository.py#56:1569-1590>
[8744] <repo_config_exists> <D:\projects\pytypes2\new100\cookiecutter\cookiecutter\repository.py#58:1630-1648>
[11391] <mocker> <D:\projects\pytypes2\new100\cookiecutter\tests\replay\test_dump.py#66:1802-1805>
[15718] <monkeypatch> <D:\projects\pytypes2\new100\cookiecutter\tests\test_custom_extensions_in_hooks.py#28:465-468>
[20118] <monkeypatch> <D:\projects\pytypes2\new100\cookiecutter\tests\test_get_user_config.py#127:3918-3921>
[20119] <custom_config_path> <D:\projects\pytypes2\new100\cookiecutter\tests\test_get_user_config.py#127:3931-3934>
[20120] <custom_config> <D:\projects\pytypes2\new100\cookiecutter\tests\test_get_user_config.py#127:3951-3954>
[20128] <user_config> <D:\projects\pytypes2\new100\cookiecutter\tests\test_get_user_config.py#130:4041-4052>
[15728] <template> <D:\projects\pytypes2\new100\cookiecutter\tests\test_custom_extensions_in_hooks.py#35:660-663>
[15729] <output_dir> <D:\projects\pytypes2\new100\cookiecutter\tests\test_custom_extensions_in_hooks.py#35:670-673>
[15730] <project_dir> <D:\projects\pytypes2\new100\cookiecutter\tests\test_custom_extensions_in_hooks.py#36:688-699>
[15747] <readme_file> <D:\projects\pytypes2\new100\cookiecutter\tests\test_custom_extensions_in_hooks.py#46:924-935>
[15774] <f> <D:\projects\pytypes2\new100\cookiecutter\tests\test_custom_extensions_in_hooks.py#48:1035-1036>
[15757] <readme> <D:\projects\pytypes2\new100\cookiecutter\tests\test_custom_extensions_in_hooks.py#49:1047-1053>
[16621] <request> <D:\projects\pytypes2\new100\cookiecutter\tests\test_generate_copy_without_render.py#17:304-307>
[16624] <fin_remove_test_dir> <D:\projects\pytypes2\new100\cookiecutter\tests\test_generate_copy_without_render.py#21:393-412>
[2874] <cls> <D:\software\python\Lib\abc.py#141:4815-4818>
[3722] <self> <D:\projects\pytypes2\new100\cookiecutter\cookiecutter\extensions.py#13:227-230>
[3723] <environment> <D:\projects\pytypes2\new100\cookiecutter\cookiecutter\extensions.py#13:233-236>
[3735] <jsonify> <D:\projects\pytypes2\new100\cookiecutter\cookiecutter\extensions.py#17:391-398>
[16013] <tmpdir> <D:\projects\pytypes2\new100\cookiecutter\tests\test_default_extensions.py#20:333-336>
[16014] <project_dir> <D:\projects\pytypes2\new100\cookiecutter\tests\test_default_extensions.py#21:347-358>
[16025] <changelog_file> <D:\projects\pytypes2\new100\cookiecutter\tests\test_default_extensions.py#26:486-500>
[16058] <f> <D:\projects\pytypes2\new100\cookiecutter\tests\test_default_extensions.py#29:649-650>
[16043] <changelog_lines> <D:\projects\pytypes2\new100\cookiecutter\tests\test_default_extensions.py#30:661-676>
[16061] <expected_lines> <D:\projects\pytypes2\new100\cookiecutter\tests\test_default_extensions.py#32:700-714>
[10291] <self> <D:\projects\pytypes2\new100\cookiecutter\docs\ccext.py#22:491-494>
[10292] <option> <D:\projects\pytypes2\new100\cookiecutter\docs\ccext.py#23:511-517>
[10306] <line> <D:\projects\pytypes2\new100\cookiecutter\docs\ccext.py#25:614-618>
[16671] <dir_contents> <D:\projects\pytypes2\new100\cookiecutter\tests\test_generate_copy_without_render.py#43:1153-1165>
[16697] <f> <D:\projects\pytypes2\new100\cookiecutter\tests\test_generate_copy_without_render.py#48:1402-1403>
[16711] <f> <D:\projects\pytypes2\new100\cookiecutter\tests\test_generate_copy_without_render.py#51:1523-1524>
[16725] <f> <D:\projects\pytypes2\new100\cookiecutter\tests\test_generate_copy_without_render.py#56:1707-1708>
[16739] <f> <D:\projects\pytypes2\new100\cookiecutter\tests\test_generate_copy_without_render.py#61:1898-1899>
[16753] <f> <D:\projects\pytypes2\new100\cookiecutter\tests\test_generate_copy_without_render.py#66:2087-2088>
[16767] <f> <D:\projects\pytypes2\new100\cookiecutter\tests\test_generate_copy_without_render.py#69:2223-2224>
[23021] <mocker> <D:\projects\pytypes2\new100\cookiecutter\tests\vcs\test_clone.py#98:2727-2730>
[23022] <clone_dir> <D:\projects\pytypes2\new100\cookiecutter\tests\vcs\test_clone.py#98:2735-2738>
[23023] <repo_type> <D:\projects\pytypes2\new100\cookiecutter\tests\vcs\test_clone.py#98:2746-2749>
[23024] <repo_url> <D:\projects\pytypes2\new100\cookiecutter\tests\vcs\test_clone.py#98:2757-2760>
[23025] <repo_name> <D:\projects\pytypes2\new100\cookiecutter\tests\vcs\test_clone.py#98:2767-2770>
[23038] <mock_subprocess> <D:\projects\pytypes2\new100\cookiecutter\tests\vcs\test_clone.py#112:3140-3155>
[23047] <expected_repo_dir> <D:\projects\pytypes2\new100\cookiecutter\tests\vcs\test_clone.py#116:3261-3278>
[23063] <branch> <D:\projects\pytypes2\new100\cookiecutter\tests\vcs\test_clone.py#118:3341-3347>
[23066] <repo_dir> <D:\projects\pytypes2\new100\cookiecutter\tests\vcs\test_clone.py#120:3366-3374>
[16855] <env> <D:\projects\pytypes2\new100\cookiecutter\tests\test_generate_file.py#43:1083-1086>
[16856] <infile> <D:\projects\pytypes2\new100\cookiecutter\tests\test_generate_file.py#44:1094-1100>
[16897] <f> <D:\projects\pytypes2\new100\cookiecutter\tests\test_generate_file.py#52:1391-1392>
[16882] <generated_text> <D:\projects\pytypes2\new100\cookiecutter\tests\test_generate_file.py#53:1403-1417>
[11566] <replay_test_dir> <D:\projects\pytypes2\new100\cookiecutter\tests\replay\test_load.py#28:541-544>
[8581] <replay_dir> <D:\projects\pytypes2\new100\cookiecutter\cookiecutter\replay.py#44:1139-1142>
[8582] <template_name> <D:\projects\pytypes2\new100\cookiecutter\cookiecutter\replay.py#44:1151-1154>
[8593] <replay_file> <D:\projects\pytypes2\new100\cookiecutter\cookiecutter\replay.py#49:1334-1345>
[8611] <infile> <D:\projects\pytypes2\new100\cookiecutter\cookiecutter\replay.py#51:1427-1433>
[8599] <context> <D:\projects\pytypes2\new100\cookiecutter\cookiecutter\replay.py#52:1444-1451>
[16903] <env> <D:\projects\pytypes2\new100\cookiecutter\tests\test_generate_file.py#58:1577-1580>
[16904] <infile> <D:\projects\pytypes2\new100\cookiecutter\tests\test_generate_file.py#59:1588-1594>
[3031] <cls> <D:\software\python\Lib\_py_abc.py#36:1436-1439>
[3046] <name> <D:\software\python\Lib\_py_abc.py#39:1599-1603>
[3047] <value> <D:\software\python\Lib\_py_abc.py#39:1605-1610>
[3044] <abstracts> <D:\software\python\Lib\_py_abc.py#38:1555-1564>
[3061] <base> <D:\software\python\Lib\_py_abc.py#41:1717-1721>
[3063] <name> <D:\software\python\Lib\_py_abc.py#42:1749-1753>
[3070] <value> <D:\software\python\Lib\_py_abc.py#43:1819-1824>
[13868] <tmpdir> <D:\projects\pytypes2\new100\cookiecutter\tests\test_cli.py#398:10926-10929>
[20773] <caplog> <D:\projects\pytypes2\new100\cookiecutter\tests\test_log.py#82:2012-2015>
[20774] <info_logger> <D:\projects\pytypes2\new100\cookiecutter\tests\test_log.py#82:2020-2023>
[20775] <info_messages> <D:\projects\pytypes2\new100\cookiecutter\tests\test_log.py#82:2033-2036>
[20778] <stream_handler> <D:\projects\pytypes2\new100\cookiecutter\tests\test_log.py#84:2115-2129>
[20808] <r> <D:\projects\pytypes2\new100\cookiecutter\tests\test_log.py#92:2367-2368>
[20802] <stream_messages> <D:\projects\pytypes2\new100\cookiecutter\tests\test_log.py#90:2300-2315>
[21994] <mocker> <D:\projects\pytypes2\new100\cookiecutter\tests\test_read_user_variable.py#18:285-288>
[21995] <prompt> <D:\projects\pytypes2\new100\cookiecutter\tests\test_read_user_variable.py#19:299-305>
[10419] <cls> <D:\projects\pytypes2\new100\cookiecutter\docs\conf.py#36:1213-1216>
[10420] <name> <D:\projects\pytypes2\new100\cookiecutter\docs\conf.py#36:1218-1221>
[10439] <mockType> <D:\projects\pytypes2\new100\cookiecutter\docs\conf.py#40:1358-1366>
[19247] <mode> <D:\software\python\Lib\stat.py#58:1403-1406>
[19183] <mode> <D:\software\python\Lib\stat.py#27:520-523>
[1921] <self> <D:\software\python\Lib\__future__.py#88:3208-3211>
[17284] <simple_file> <D:\projects\pytypes2\new100\cookiecutter\tests\test_generate_files.py#81:2649-2660>
[17295] <simple_text> <D:\projects\pytypes2\new100\cookiecutter\tests\test_generate_files.py#84:2734-2745>
[20760] <debug_file> <D:\projects\pytypes2\new100\cookiecutter\tests\test_log.py#75:1861-1864>
[23244] <mocker> <D:\projects\pytypes2\new100\cookiecutter\tests\vcs\test_clone.py#210:6165-6168>
[23245] <clone_dir> <D:\projects\pytypes2\new100\cookiecutter\tests\vcs\test_clone.py#210:6173-6176>
[11849] <mocker> <D:\projects\pytypes2\new100\cookiecutter\tests\replay\test_replay.py#50:1458-1461>
[11850] <mock_prompt> <D:\projects\pytypes2\new100\cookiecutter\tests\replay\test_replay.py#51:1472-1483>
[11857] <mock_gen_context> <D:\projects\pytypes2\new100\cookiecutter\tests\replay\test_replay.py#52:1543-1559>
[11864] <mock_gen_files> <D:\projects\pytypes2\new100\cookiecutter\tests\replay\test_replay.py#53:1618-1632>
[11871] <mock_replay_dump> <D:\projects\pytypes2\new100\cookiecutter\tests\replay\test_replay.py#54:1689-1705>
[11878] <mock_replay_load> <D:\projects\pytypes2\new100\cookiecutter\tests\replay\test_replay.py#55:1752-1768>
[11331] <replay_test_dir> <D:\projects\pytypes2\new100\cookiecutter\tests\replay\test_dump.py#43:1072-1075>
[11332] <template_name> <D:\projects\pytypes2\new100\cookiecutter\tests\replay\test_dump.py#43:1089-1092>
[13091] <cli_runner> <D:\projects\pytypes2\new100\cookiecutter\tests\test_cli.py#55:1461-1464>
[13092] <result> <D:\projects\pytypes2\new100\cookiecutter\tests\test_cli.py#56:1479-1485>
[13104] <expected_error_msg> <D:\projects\pytypes2\new100\cookiecutter\tests\test_cli.py#58:1576-1594>
[21586] <mocker> <D:\projects\pytypes2\new100\cookiecutter\tests\test_read_repo_password.py#5:107-110>
[21587] <prompt> <D:\projects\pytypes2\new100\cookiecutter\tests\test_read_repo_password.py#6:121-127>
[22439] <cwd> <D:\projects\pytypes2\new100\cookiecutter\tests\test_utils.py#52:1271-1274>
[22445] <ch_to> <D:\projects\pytypes2\new100\cookiecutter\tests\test_utils.py#53:1294-1299>
[22448] <TestException> <D:\projects\pytypes2\new100\cookiecutter\tests\test_utils.py#55:1329-1342>
[22453] <test_work_in> <D:\projects\pytypes2\new100\cookiecutter\tests\test_utils.py#58:1380-1392>
[22454] <test_dir> <D:\projects\pytypes2\new100\cookiecutter\tests\test_utils.py#60:1445-1453>
[12589] <local_repo_url> <D:\projects\pytypes2\new100\cookiecutter\tests\repository\test_is_repo_url.py#54:1388-1391>
[21923] <mocker> <D:\projects\pytypes2\new100\cookiecutter\tests\test_read_user_dict.py#110:2540-2543>
[21926] <mock_prompt> <D:\projects\pytypes2\new100\cookiecutter\tests\test_read_user_dict.py#114:2691-2702>
[21937] <val> <D:\projects\pytypes2\new100\cookiecutter\tests\test_read_user_dict.py#120:2835-2838>
[11755] <invalid_kwargs> <D:\projects\pytypes2\new100\cookiecutter\tests\replay\test_replay.py#29:618-621>
[11967] <input_dir> <D:\projects\pytypes2\new100\cookiecutter\tests\repository\test_abbreviation_expansion.py#25:565-574>
[23953] <mocker> <D:\projects\pytypes2\new100\cookiecutter\tests\zipfile\test_unzip.py#231:6438-6441>
[23954] <tmpdir> <D:\projects\pytypes2\new100\cookiecutter\tests\zipfile\test_unzip.py#231:6446-6449>
[23957] <mock_prompt_and_delete> <D:\projects\pytypes2\new100\cookiecutter\tests\zipfile\test_unzip.py#233:6540-6562>
[23968] <request> <D:\projects\pytypes2\new100\cookiecutter\tests\zipfile\test_unzip.py#239:6695-6702>
[23429] <zf> <D:\projects\pytypes2\new100\cookiecutter\tests\zipfile\test_unzip.py#16:332-334>
[23404] <chunk> <D:\projects\pytypes2\new100\cookiecutter\tests\zipfile\test_unzip.py#17:345-350>
[23415] <chunk> <D:\projects\pytypes2\new100\cookiecutter\tests\zipfile\test_unzip.py#20:427-432>
[23992] <clone_to_dir> <D:\projects\pytypes2\new100\cookiecutter\tests\zipfile\test_unzip.py#248:6917-6929>
[23999] <existing_zip> <D:\projects\pytypes2\new100\cookiecutter\tests\zipfile\test_unzip.py#251:7008-7020>
[24012] <output_dir> <D:\projects\pytypes2\new100\cookiecutter\tests\zipfile\test_unzip.py#254:7125-7135>
[11586] <mocker> <D:\projects\pytypes2\new100\cookiecutter\tests\replay\test_load.py#34:772-775>
[11587] <replay_test_dir> <D:\projects\pytypes2\new100\cookiecutter\tests\replay\test_load.py#34:780-783>
[10841] <original_dir> <D:\projects\pytypes2\new100\cookiecutter\tests\conftest.py#25:349-352>
[10842] <backup_dir> <D:\projects\pytypes2\new100\cookiecutter\tests\conftest.py#25:363-366>
[11255] <replay_test_dir> <D:\projects\pytypes2\new100\cookiecutter\tests\replay\test_dump.py#22:293-296>
[11256] <template_name> <D:\projects\pytypes2\new100\cookiecutter\tests\replay\test_dump.py#22:310-313>
[11259] <file_name> <D:\projects\pytypes2\new100\cookiecutter\tests\replay\test_dump.py#24:392-401>
[19283] <mode> <D:\software\python\Lib\stat.py#70:1761-1764>
[22857] <mocker> <D:\projects\pytypes2\new100\cookiecutter\tests\vcs\test_clone.py#18:385-388>
[22858] <clone_dir> <D:\projects\pytypes2\new100\cookiecutter\tests\vcs\test_clone.py#18:393-396>
[22871] <repo_url> <D:\projects\pytypes2\new100\cookiecutter\tests\vcs\test_clone.py#28:643-651>
[12642] <request> <D:\projects\pytypes2\new100\cookiecutter\tests\repository\test_repository_has_cookiecutter_json.py#15:322-325>
[22376] <existing_directory> <D:\projects\pytypes2\new100\cookiecutter\tests\test_utils.py#37:709-727>
[22387] <uncreatable_directory> <D:\projects\pytypes2\new100\cookiecutter\tests\test_utils.py#38:766-787>
[22391] <existing_directory> <D:\projects\pytypes2\new100\cookiecutter\tests\test_utils.py#40:816-834>
[22394] <uncreatable_directory> <D:\projects\pytypes2\new100\cookiecutter\tests\test_utils.py#41:854-875>
[21822] <user_value> <D:\projects\pytypes2\new100\cookiecutter\tests\test_read_user_dict.py#43:881-891>
[19307] <mode> <D:\software\python\Lib\stat.py#78:1985-1988>
[2782] <cls> <D:\software\python\Lib\abc.py#110:3412-3415>
[2783] <subclass> <D:\software\python\Lib\abc.py#110:3417-3420>
[2509] <name> <D:\software\python\Lib\io.py#60:2589-2592>
[11995] <input_dir> <D:\projects\pytypes2\new100\cookiecutter\tests\repository\test_abbreviation_expansion.py#39:969-978>
[13017] <request> <D:\projects\pytypes2\new100\cookiecutter\tests\test_cli.py#27:597-600>
[13020] <fin_remove_fake_project_dir> <D:\projects\pytypes2\new100\cookiecutter\tests\test_cli.py#31:699-726>
[13369] <cli_runner> <D:\projects\pytypes2\new100\cookiecutter\tests\test_cli.py#171:4932-4935>
[13370] <overwrite_cli_flag> <D:\projects\pytypes2\new100\cookiecutter\tests\test_cli.py#171:4944-4947>
[13371] <result> <D:\projects\pytypes2\new100\cookiecutter\tests\test_cli.py#173:4972-4978>
[19703] <conf> <D:\projects\pytypes2\new100\cookiecutter\tests\test_get_config.py#56:1675-1679>
[19710] <expected_conf> <D:\projects\pytypes2\new100\cookiecutter\tests\test_get_config.py#57:1744-1757>
[13998] <monkeypatch> <D:\projects\pytypes2\new100\cookiecutter\tests\test_cookiecutter_invocation.py#19:365-368>
[13999] <capfd> <D:\projects\pytypes2\new100\cookiecutter\tests\test_cookiecutter_invocation.py#19:378-381>
[14028] <_> <D:\projects\pytypes2\new100\cookiecutter\tests\test_cookiecutter_invocation.py#25:569-570>
[14029] <err> <D:\projects\pytypes2\new100\cookiecutter\tests\test_cookiecutter_invocation.py#25:572-575>
[14036] <exp_message> <D:\projects\pytypes2\new100\cookiecutter\tests\test_cookiecutter_invocation.py#26:602-613>
[12569] <remote_repo_url> <D:\projects\pytypes2\new100\cookiecutter\tests\repository\test_is_repo_url.py#37:955-958>
[11982] <input_dir> <D:\projects\pytypes2\new100\cookiecutter\tests\repository\test_abbreviation_expansion.py#32:723-732>
[11146] <user_dir> <D:\projects\pytypes2\new100\cookiecutter\tests\conftest.py#177:5990-5993>
[11147] <user_config_data> <D:\projects\pytypes2\new100\cookiecutter\tests\conftest.py#177:6000-6003>
[11150] <config_file> <D:\projects\pytypes2\new100\cookiecutter\tests\conftest.py#185:6315-6326>
[11157] <config_text> <D:\projects\pytypes2\new100\cookiecutter\tests\conftest.py#187:6360-6371>
[18559] <repo_path> <D:\projects\pytypes2\new100\cookiecutter\tests\test_generate_hooks.py#154:4899-4908>
[18568] <hooks_path> <D:\projects\pytypes2\new100\cookiecutter\tests\test_generate_hooks.py#155:4953-4963>
[18577] <hook_dir> <D:\projects\pytypes2\new100\cookiecutter\tests\test_generate_hooks.py#157:5015-5023>
[18587] <template> <D:\projects\pytypes2\new100\cookiecutter\tests\test_generate_hooks.py#158:5064-5072>
[18615] <hook_path> <D:\projects\pytypes2\new100\cookiecutter\tests\test_generate_hooks.py#163:5210-5219>
[18642] <f> <D:\projects\pytypes2\new100\cookiecutter\tests\test_generate_hooks.py#165:5305-5306>
[18672] <excinfo> <D:\projects\pytypes2\new100\cookiecutter\tests\test_generate_hooks.py#170:5476-5483>
[13395] <cli_runner> <D:\projects\pytypes2\new100\cookiecutter\tests\test_cli.py#185:5312-5315>
[13396] <overwrite_cli_flag> <D:\projects\pytypes2\new100\cookiecutter\tests\test_cli.py#185:5324-5327>
[13397] <result> <D:\projects\pytypes2\new100\cookiecutter\tests\test_cli.py#187:5352-5358>
[19235] <mode> <D:\software\python\Lib\stat.py#54:1273-1276>
[20172] <monkeypatch> <D:\projects\pytypes2\new100\cookiecutter\tests\test_get_user_config.py#143:4432-4435>
[20173] <_expanduser> <D:\projects\pytypes2\new100\cookiecutter\tests\test_get_user_config.py#144:4455-4466>
[20191] <config_file> <D:\projects\pytypes2\new100\cookiecutter\tests\test_get_user_config.py#148:4588-4599>
[20194] <user_config> <D:\projects\pytypes2\new100\cookiecutter\tests\test_get_user_config.py#150:4653-4664>
[23179] <mocker> <D:\projects\pytypes2\new100\cookiecutter\tests\vcs\test_clone.py#183:5291-5294>
[23180] <clone_dir> <D:\projects\pytypes2\new100\cookiecutter\tests\vcs\test_clone.py#183:5299-5302>
[23181] <error_message> <D:\projects\pytypes2\new100\cookiecutter\tests\vcs\test_clone.py#183:5310-5313>
[23203] <repository_url> <D:\projects\pytypes2\new100\cookiecutter\tests\vcs\test_clone.py#195:5645-5659>
[23226] <err> <D:\projects\pytypes2\new100\cookiecutter\tests\vcs\test_clone.py#196:5782-5785>
[15696] <request> <D:\projects\pytypes2\new100\cookiecutter\tests\test_custom_extensions_in_hooks.py#18:262-265>
[17765] <tmpdir> <D:\projects\pytypes2\new100\cookiecutter\tests\test_generate_files.py#243:8011-8014>
[17766] <undefined_context> <D:\projects\pytypes2\new100\cookiecutter\tests\test_generate_files.py#243:8019-8022>
[17767] <output_dir> <D:\projects\pytypes2\new100\cookiecutter\tests\test_generate_files.py#244:8044-8054>
[17806] <err> <D:\projects\pytypes2\new100\cookiecutter\tests\test_generate_files.py#248:8195-8198>
[17809] <error> <D:\projects\pytypes2\new100\cookiecutter\tests\test_generate_files.py#255:8430-8435>
[21802] <user_value> <D:\projects\pytypes2\new100\cookiecutter\tests\test_read_user_dict.py#34:657-667>
[12375] <mocker> <D:\projects\pytypes2\new100\cookiecutter\tests\repository\test_determine_repo_dir_clones_repo.py#90:2436-2439>
[12376] <template_url> <D:\projects\pytypes2\new100\cookiecutter\tests\repository\test_determine_repo_dir_clones_repo.py#90:2444-2447>
[12377] <user_config_data> <D:\projects\pytypes2\new100\cookiecutter\tests\repository\test_determine_repo_dir_clones_repo.py#90:2458-2461>
[12408] <err> <D:\projects\pytypes2\new100\cookiecutter\tests\repository\test_determine_repo_dir_clones_repo.py#97:2673-2676>
[19315] <mode> <D:\software\python\Lib\stat.py#82:2073-2076>
[22608] <mocker> <D:\projects\pytypes2\new100\cookiecutter\tests\test_utils.py#110:2927-2930>
[22609] <tmpdir> <D:\projects\pytypes2\new100\cookiecutter\tests\test_utils.py#110:2935-2938>
[22612] <mock_read_user> <D:\projects\pytypes2\new100\cookiecutter\tests\test_utils.py#114:3081-3095>
[22623] <repo_dir> <D:\projects\pytypes2\new100\cookiecutter\tests\test_utils.py#119:3224-3232>
[19259] <mode> <D:\software\python\Lib\stat.py#62:1529-1532>
[14081] <monkeypatch> <D:\projects\pytypes2\new100\cookiecutter\tests\test_cookiecutter_invocation.py#44:1122-1125>
[14082] <project_dir> <D:\projects\pytypes2\new100\cookiecutter\tests\test_cookiecutter_invocation.py#44:1135-1138>
[20958] <monkeypatch> <D:\projects\pytypes2\new100\cookiecutter\tests\test_main.py#6:118-121>
[20959] <mocker> <D:\projects\pytypes2\new100\cookiecutter\tests\test_main.py#6:131-134>
[20960] <user_config_data> <D:\projects\pytypes2\new100\cookiecutter\tests\test_main.py#6:139-142>
[20961] <user_config_file> <D:\projects\pytypes2\new100\cookiecutter\tests\test_main.py#6:157-160>
[20970] <mock_replay_dump> <D:\projects\pytypes2\new100\cookiecutter\tests\test_main.py#19:686-702>
[16575] <template_context> <D:\projects\pytypes2\new100\cookiecutter\tests\test_generate_context.py#185:5382-5385>
[23833] <mocker> <D:\projects\pytypes2\new100\cookiecutter\tests\zipfile\test_unzip.py#184:5155-5158>
[23834] <tmpdir> <D:\projects\pytypes2\new100\cookiecutter\tests\zipfile\test_unzip.py#184:5163-5166>
[23847] <clone_to_dir> <D:\projects\pytypes2\new100\cookiecutter\tests\zipfile\test_unzip.py#192:5370-5382>
[20141] <mocker> <D:\projects\pytypes2\new100\cookiecutter\tests\test_get_user_config.py#134:4156-4159>
[20142] <spy_get_config> <D:\projects\pytypes2\new100\cookiecutter\tests\test_get_user_config.py#135:4170-4184>
[20150] <user_config> <D:\projects\pytypes2\new100\cookiecutter\tests\test_get_user_config.py#137:4227-4238>
[13207] <mocker> <D:\projects\pytypes2\new100\cookiecutter\tests\test_cli.py#81:2486-2489>
[13208] <cli_runner> <D:\projects\pytypes2\new100\cookiecutter\tests\test_cli.py#81:2494-2497>
[13209] <mock_cookiecutter> <D:\projects\pytypes2\new100\cookiecutter\tests\test_cli.py#82:2512-2529>
[13216] <template_path> <D:\projects\pytypes2\new100\cookiecutter\tests\test_cli.py#86:2601-2614>
[13219] <result> <D:\projects\pytypes2\new100\cookiecutter\tests\test_cli.py#87:2645-2651>
[1931] <self> <D:\software\python\Lib\__future__.py#95:3428-3431>
[13311] <request> <D:\projects\pytypes2\new100\cookiecutter\tests\test_cli.py#138:4008-4011>
[16934] <env> <D:\projects\pytypes2\new100\cookiecutter\tests\test_generate_file.py#70:1956-1959>
[16935] <infile> <D:\projects\pytypes2\new100\cookiecutter\tests\test_generate_file.py#71:1967-1973>
[16938] <data> <D:\projects\pytypes2\new100\cookiecutter\tests\test_generate_file.py#72:2029-2033>
[16987] <f> <D:\projects\pytypes2\new100\cookiecutter\tests\test_generate_file.py#80:2331-2332>
[16968] <generated_text> <D:\projects\pytypes2\new100\cookiecutter\tests\test_generate_file.py#81:2343-2357>
[3262] <cls> <D:\software\python\Lib\_py_abc.py#92:3952-3955>
[3263] <instance> <D:\software\python\Lib\_py_abc.py#92:3957-3960>
[3266] <subclass> <D:\software\python\Lib\_py_abc.py#95:4069-4077>
[3280] <subtype> <D:\software\python\Lib\_py_abc.py#98:4173-4180>
[3330] <cls> <D:\software\python\Lib\_py_abc.py#108:4627-4630>
[3331] <subclass> <D:\software\python\Lib\_py_abc.py#108:4632-4635>
[3359] <_abc_negative_cache> <D:\software\python\Lib\_py_abc.py#118:5096-5115>
[3365] <_abc_negative_cache_version> <D:\software\python\Lib\_py_abc.py#119:5145-5172>
[3383] <ok> <D:\software\python\Lib\_py_abc.py#123:5330-5332>
[3441] <rcls> <D:\software\python\Lib\_py_abc.py#136:5854-5858>
[3463] <scls> <D:\software\python\Lib\_py_abc.py#141:6075-6079>
[3319] <c> <D:\software\python\Lib\_py_abc.py#106:4572-4573>
[16839] <environment> <D:\projects\pytypes2\new100\cookiecutter\tests\test_generate_file.py#37:901-912>
[16844] <loader> <D:\projects\pytypes2\new100\cookiecutter\tests\test_generate_file.py#38:952-958>
[22248] <mocker> <D:\projects\pytypes2\new100\cookiecutter\tests\test_specify_output_dir.py#61:1478-1481>
[22249] <template> <D:\projects\pytypes2\new100\cookiecutter\tests\test_specify_output_dir.py#61:1486-1489>
[22250] <context> <D:\projects\pytypes2\new100\cookiecutter\tests\test_specify_output_dir.py#61:1496-1499>
[22251] <mock_gen_files> <D:\projects\pytypes2\new100\cookiecutter\tests\test_specify_output_dir.py#62:1511-1525>
[1941] <self> <D:\software\python\Lib\__future__.py#103:3726-3729>
[2759] <cls> <D:\software\python\Lib\abc.py#106:3274-3277>
[10410] <self> <D:\projects\pytypes2\new100\cookiecutter\docs\conf.py#32:1125-1128>
[10416] <f> <D:\projects\pytypes2\new100\cookiecutter\docs\conf.py#32:1128-1129>
[21175] <context> <D:\projects\pytypes2\new100\cookiecutter\tests\test_output_folder.py#57:1600-1607>
[21183] <output_folder> <D:\projects\pytypes2\new100\cookiecutter\tests\test_output_folder.py#60:1716-1729>
[13429] <tmpdir> <D:\projects\pytypes2\new100\cookiecutter\tests\test_cli.py#202:5687-5690>
[13489] <request> <D:\projects\pytypes2\new100\cookiecutter\tests\test_cli.py#230:6438-6441>
[21109] <context> <D:\projects\pytypes2\new100\cookiecutter\tests\test_output_folder.py#33:803-810>
[21126] <something> <D:\projects\pytypes2\new100\cookiecutter\tests\test_output_folder.py#41:1029-1038>
[21129] <something2> <D:\projects\pytypes2\new100\cookiecutter\tests\test_output_folder.py#44:1099-1109>
[21141] <in_folder> <D:\projects\pytypes2\new100\cookiecutter\tests\test_output_folder.py#47:1198-1207>
[21144] <in_folder2> <D:\projects\pytypes2\new100\cookiecutter\tests\test_output_folder.py#48:1257-1267>
[12561] <request> <D:\projects\pytypes2\new100\cookiecutter\tests\repository\test_is_repo_url.py#33:877-880>
[14953] <project_dir> <D:\projects\pytypes2\new100\cookiecutter\tests\test_cookiecutter_local_no_input.py#92:3046-3057>
[14989] <fh> <D:\projects\pytypes2\new100\cookiecutter\tests\test_cookiecutter_local_no_input.py#95:3241-3243>
[14972] <contents> <D:\projects\pytypes2\new100\cookiecutter\tests\test_cookiecutter_local_no_input.py#96:3254-3262>
[12057] <tmpdir> <D:\projects\pytypes2\new100\cookiecutter\tests\repository\test_determine_repository_should_use_local_repo.py#8:132-135>
[12010] <input_dir> <D:\projects\pytypes2\new100\cookiecutter\tests\repository\test_abbreviation_expansion.py#46:1141-1150>
[10882] <original_dir> <D:\projects\pytypes2\new100\cookiecutter\tests\conftest.py#38:763-766>
[10883] <backup_dir> <D:\projects\pytypes2\new100\cookiecutter\tests\conftest.py#38:777-780>
[10884] <original_dir_found> <D:\projects\pytypes2\new100\cookiecutter\tests\conftest.py#38:789-792>
[10885] <original_dir_is_dir> <D:\projects\pytypes2\new100\cookiecutter\tests\conftest.py#41:899-918>
[16268] <context> <D:\projects\pytypes2\new100\cookiecutter\tests\test_generate_context.py#25:622-629>
[16281] <context_with_default> <D:\projects\pytypes2\new100\cookiecutter\tests\test_generate_context.py#34:816-836>
[16298] <context_with_extra> <D:\projects\pytypes2\new100\cookiecutter\tests\test_generate_context.py#44:1065-1083>
[16315] <context_with_default_and_extra> <D:\projects\pytypes2\new100\cookiecutter\tests\test_generate_context.py#54:1311-1341>
[23693] <mocker> <D:\projects\pytypes2\new100\cookiecutter\tests\zipfile\test_unzip.py#126:3574-3577>
[23694] <tmpdir> <D:\projects\pytypes2\new100\cookiecutter\tests\zipfile\test_unzip.py#126:3582-3585>
[23715] <clone_to_dir> <D:\projects\pytypes2\new100\cookiecutter\tests\zipfile\test_unzip.py#138:3922-3934>
[16809] <request> <D:\projects\pytypes2\new100\cookiecutter\tests\test_generate_file.py#25:583-586>
[16812] <fin_remove_cheese_file> <D:\projects\pytypes2\new100\cookiecutter\tests\test_generate_file.py#29:684-706>
[22154] <tmpdir> <D:\projects\pytypes2\new100\cookiecutter\tests\test_specify_output_dir.py#27:550-553>
[22155] <template_dir> <D:\projects\pytypes2\new100\cookiecutter\tests\test_specify_output_dir.py#28:564-576>
[23877] <mocker> <D:\projects\pytypes2\new100\cookiecutter\tests\zipfile\test_unzip.py#202:5631-5634>
[23878] <tmpdir> <D:\projects\pytypes2\new100\cookiecutter\tests\zipfile\test_unzip.py#202:5639-5642>
[23881] <mock_prompt_and_delete> <D:\projects\pytypes2\new100\cookiecutter\tests\zipfile\test_unzip.py#204:5717-5739>
[23892] <request> <D:\projects\pytypes2\new100\cookiecutter\tests\zipfile\test_unzip.py#210:5872-5879>
[23916] <clone_to_dir> <D:\projects\pytypes2\new100\cookiecutter\tests\zipfile\test_unzip.py#219:6094-6106>
[23923] <output_dir> <D:\projects\pytypes2\new100\cookiecutter\tests\zipfile\test_unzip.py#221:6138-6148>
[17328] <newline_file> <D:\projects\pytypes2\new100\cookiecutter\tests\test_generate_files.py#97:3135-3147>
[17354] <f> <D:\projects\pytypes2\new100\cookiecutter\tests\test_generate_files.py#100:3288-3289>
[17339] <simple_text> <D:\projects\pytypes2\new100\cookiecutter\tests\test_generate_files.py#101:3300-3311>
[16196] <request> <D:\projects\pytypes2\new100\cookiecutter\tests\test_find.py#17:239-242>
[13675] <tmpdir> <D:\projects\pytypes2\new100\cookiecutter\tests\test_cli.py#319:8712-8715>
[13676] <cli_runner> <D:\projects\pytypes2\new100\cookiecutter\tests\test_cli.py#319:8720-8723>
[13677] <output_dir> <D:\projects\pytypes2\new100\cookiecutter\tests\test_cli.py#320:8738-8748>
[13686] <template_path> <D:\projects\pytypes2\new100\cookiecutter\tests\test_cli.py#321:8784-8797>
[13689] <result> <D:\projects\pytypes2\new100\cookiecutter\tests\test_cli.py#323:8845-8851>
[13704] <error> <D:\projects\pytypes2\new100\cookiecutter\tests\test_cli.py#333:9038-9043>
[13713] <message> <D:\projects\pytypes2\new100\cookiecutter\tests\test_cli.py#336:9138-9145>
[13722] <context> <D:\projects\pytypes2\new100\cookiecutter\tests\test_cli.py#342:9298-9305>
[13733] <context_str> <D:\projects\pytypes2\new100\cookiecutter\tests\test_cli.py#349:9489-9500>
[21270] <fs_enc> <D:\projects\pytypes2\new100\cookiecutter\tests\test_preferred_encoding.py#26:796-802>
[21254] <preferred_encoding> <D:\projects\pytypes2\new100\cookiecutter\tests\test_preferred_encoding.py#23:656-674>
[21260] <fs_enc> <D:\projects\pytypes2\new100\cookiecutter\tests\test_preferred_encoding.py#24:716-722>
[13926] <cli_runner> <D:\projects\pytypes2\new100\cookiecutter\tests\test_cli.py#425:11654-11657>
[13927] <debug_file> <D:\projects\pytypes2\new100\cookiecutter\tests\test_cli.py#425:11666-11669>
[13934] <result> <D:\projects\pytypes2\new100\cookiecutter\tests\test_cli.py#428:11722-11728>
[13956] <context_log> <D:\projects\pytypes2\new100\cookiecutter\tests\test_cli.py#439:11954-11965>
[11543] <replay_test_dir> <D:\projects\pytypes2\new100\cookiecutter\tests\replay\test_load.py#22:300-303>
[11544] <template_name> <D:\projects\pytypes2\new100\cookiecutter\tests\replay\test_load.py#22:317-320>
[11547] <file_name> <D:\projects\pytypes2\new100\cookiecutter\tests\replay\test_load.py#24:399-408>
[12153] <tmpdir> <D:\projects\pytypes2\new100\cookiecutter\tests\repository\test_determine_repository_should_use_local_repo.py#48:1318-1321>
[12156] <template_path> <D:\projects\pytypes2\new100\cookiecutter\tests\repository\test_determine_repository_should_use_local_repo.py#52:1429-1442>
[12189] <err> <D:\projects\pytypes2\new100\cookiecutter\tests\repository\test_determine_repository_should_use_local_repo.py#53:1541-1544>
[19323] <mode> <D:\software\python\Lib\stat.py#86:2167-2170>
[13876] <cli_runner> <D:\projects\pytypes2\new100\cookiecutter\tests\test_cli.py#403:11062-11065>
[13877] <debug_file> <D:\projects\pytypes2\new100\cookiecutter\tests\test_cli.py#403:11074-11077>
[13884] <result> <D:\projects\pytypes2\new100\cookiecutter\tests\test_cli.py#406:11130-11136>
[13905] <context_log> <D:\projects\pytypes2\new100\cookiecutter\tests\test_cli.py#416:11340-11351>
[19883] <request> <D:\projects\pytypes2\new100\cookiecutter\tests\test_get_user_config.py#27:604-607>
[19884] <user_config_path> <D:\projects\pytypes2\new100\cookiecutter\tests\test_get_user_config.py#27:613-616>
[19887] <user_config_path_backup> <D:\projects\pytypes2\new100\cookiecutter\tests\test_get_user_config.py#32:797-820>
[19918] <remove_test_rc> <D:\projects\pytypes2\new100\cookiecutter\tests\test_get_user_config.py#38:1026-1040>
[19938] <restore_original_rc> <D:\projects\pytypes2\new100\cookiecutter\tests\test_get_user_config.py#45:1241-1260>
[17702] <tmpdir> <D:\projects\pytypes2\new100\cookiecutter\tests\test_generate_files.py#226:7399-7402>
[17703] <undefined_context> <D:\projects\pytypes2\new100\cookiecutter\tests\test_generate_files.py#226:7407-7410>
[17704] <output_dir> <D:\projects\pytypes2\new100\cookiecutter\tests\test_generate_files.py#227:7432-7442>
[17732] <err> <D:\projects\pytypes2\new100\cookiecutter\tests\test_generate_files.py#229:7537-7540>
[17735] <error> <D:\projects\pytypes2\new100\cookiecutter\tests\test_generate_files.py#235:7733-7738>
[11608] <mocker> <D:\projects\pytypes2\new100\cookiecutter\tests\replay\test_load.py#42:1038-1041>
[11609] <replay_test_dir> <D:\projects\pytypes2\new100\cookiecutter\tests\replay\test_load.py#42:1046-1049>
[15578] <monkeypatch> <D:\projects\pytypes2\new100\cookiecutter\tests\test_cookiecutter_local_with_input.py#32:946-949>
[17584] <tests_simple_file> <D:\projects\pytypes2\new100\cookiecutter\tests\test_generate_files.py#182:6099-6116>
[17596] <tests_simple_file_mode> <D:\projects\pytypes2\new100\cookiecutter\tests\test_generate_files.py#188:6275-6297>
[17607] <input_simple_file> <D:\projects\pytypes2\new100\cookiecutter\tests\test_generate_files.py#190:6350-6367>
[17617] <input_simple_file_mode> <D:\projects\pytypes2\new100\cookiecutter\tests\test_generate_files.py#194:6447-6469>
[17640] <tests_script_file> <D:\projects\pytypes2\new100\cookiecutter\tests\test_generate_files.py#200:6681-6698>
[17652] <tests_script_file_mode> <D:\projects\pytypes2\new100\cookiecutter\tests\test_generate_files.py#206:6856-6878>
[17663] <input_script_file> <D:\projects\pytypes2\new100\cookiecutter\tests\test_generate_files.py#208:6931-6948>
[17673] <input_script_file_mode> <D:\projects\pytypes2\new100\cookiecutter\tests\test_generate_files.py#212:7027-7049>
[11379] <mocker> <D:\projects\pytypes2\new100\cookiecutter\tests\replay\test_dump.py#58:1632-1635>
[21008] <monkeypatch> <D:\projects\pytypes2\new100\cookiecutter\tests\test_main.py#37:1121-1124>
[21009] <mocker> <D:\projects\pytypes2\new100\cookiecutter\tests\test_main.py#37:1134-1137>
[21010] <user_config_data> <D:\projects\pytypes2\new100\cookiecutter\tests\test_main.py#37:1142-1145>
[21011] <user_config_file> <D:\projects\pytypes2\new100\cookiecutter\tests\test_main.py#37:1160-1163>
[21020] <mock_replay_load> <D:\projects\pytypes2\new100\cookiecutter\tests\test_main.py#46:1501-1517>
[12867] <tmpdir> <D:\projects\pytypes2\new100\cookiecutter\tests\test_abort_generate_on_hook_error.py#10:184-187>
[12868] <context> <D:\projects\pytypes2\new100\cookiecutter\tests\test_abort_generate_on_hook_error.py#11:198-205>
[15706] <tmpdir> <D:\projects\pytypes2\new100\cookiecutter\tests\test_custom_extensions_in_hooks.py#23:362-365>
[12915] <tmpdir> <D:\projects\pytypes2\new100\cookiecutter\tests\test_abort_generate_on_hook_error.py#30:701-704>
[12916] <context> <D:\projects\pytypes2\new100\cookiecutter\tests\test_abort_generate_on_hook_error.py#31:715-722>
[24118] <mocker> <D:\projects\pytypes2\new100\cookiecutter\tests\zipfile\test_unzip.py#291:8253-8256>
[24119] <tmpdir> <D:\projects\pytypes2\new100\cookiecutter\tests\zipfile\test_unzip.py#291:8261-8264>
[24132] <mock_requests_get> <D:\projects\pytypes2\new100\cookiecutter\tests\zipfile\test_unzip.py#299:8476-8493>
[24141] <clone_to_dir> <D:\projects\pytypes2\new100\cookiecutter\tests\zipfile\test_unzip.py#304:8594-8606>
[24148] <existing_zip> <D:\projects\pytypes2\new100\cookiecutter\tests\zipfile\test_unzip.py#307:8685-8697>
[24161] <zipfile_url> <D:\projects\pytypes2\new100\cookiecutter\tests\zipfile\test_unzip.py#310:8802-8813>
[13753] <tmpdir> <D:\projects\pytypes2\new100\cookiecutter\tests\test_cli.py#353:9633-9636>
[13754] <cli_runner> <D:\projects\pytypes2\new100\cookiecutter\tests\test_cli.py#353:9641-9644>
[13755] <output_dir> <D:\projects\pytypes2\new100\cookiecutter\tests\test_cli.py#354:9659-9669>
[13764] <template_path> <D:\projects\pytypes2\new100\cookiecutter\tests\test_cli.py#355:9705-9718>
[13767] <result> <D:\projects\pytypes2\new100\cookiecutter\tests\test_cli.py#357:9761-9767>
[12650] <invalid_repository> <D:\projects\pytypes2\new100\cookiecutter\tests\repository\test_repository_has_cookiecutter_json.py#19:391-394>
[22719] <mocker> <D:\projects\pytypes2\new100\cookiecutter\tests\test_utils.py#152:4149-4152>
[22720] <tmpdir> <D:\projects\pytypes2\new100\cookiecutter\tests\test_utils.py#152:4157-4160>
[22723] <mock_read_user> <D:\projects\pytypes2\new100\cookiecutter\tests\test_utils.py#156:4304-4318>
[22734] <repo_dir> <D:\projects\pytypes2\new100\cookiecutter\tests\test_utils.py#161:4447-4455>
[22741] <deleted> <D:\projects\pytypes2\new100\cookiecutter\tests\test_utils.py#163:4486-4493>
[21883] <mocker> <D:\projects\pytypes2\new100\cookiecutter\tests\test_read_user_dict.py#91:2028-2031>
[21886] <mock_prompt> <D:\projects\pytypes2\new100\cookiecutter\tests\test_read_user_dict.py#95:2162-2173>
[12995] <runner> <D:\projects\pytypes2\new100\cookiecutter\tests\test_cli.py#17:363-369>
[12999] <cli_main> <D:\projects\pytypes2\new100\cookiecutter\tests\test_cli.py#19:395-403>
[14732] <request> <D:\projects\pytypes2\new100\cookiecutter\tests\test_cookiecutter_local_no_input.py#22:569-572>
[14735] <fin_remove_additional_dirs> <D:\projects\pytypes2\new100\cookiecutter\tests\test_cookiecutter_local_no_input.py#26:674-700>
[15533] <request> <D:\projects\pytypes2\new100\cookiecutter\tests\test_cookiecutter_local_with_input.py#19:451-454>
[15536] <fin_remove_additional_dirs> <D:\projects\pytypes2\new100\cookiecutter\tests\test_cookiecutter_local_with_input.py#23:556-582>
[12088] <tmpdir> <D:\projects\pytypes2\new100\cookiecutter\tests\repository\test_determine_repository_should_use_local_repo.py#22:519-522>
[12091] <template_path> <D:\projects\pytypes2\new100\cookiecutter\tests\repository\test_determine_repository_should_use_local_repo.py#26:649-662>
[12124] <err> <D:\projects\pytypes2\new100\cookiecutter\tests\repository\test_determine_repository_should_use_local_repo.py#27:762-765>
[19634] <default> <D:\projects\pytypes2\new100\cookiecutter\tests\test_get_config.py#12:218-225>
[19651] <user_config> <D:\projects\pytypes2\new100\cookiecutter\tests\test_get_config.py#23:597-608>
[19666] <expected_config> <D:\projects\pytypes2\new100\cookiecutter\tests\test_get_config.py#34:939-954>
[21762] <exc_info> <D:\projects\pytypes2\new100\cookiecutter\tests\test_read_user_dict.py#20:320-328>
[22213] <mocker> <D:\projects\pytypes2\new100\cookiecutter\tests\test_specify_output_dir.py#48:1101-1104>
[22214] <template> <D:\projects\pytypes2\new100\cookiecutter\tests\test_specify_output_dir.py#48:1109-1112>
[22215] <output_dir> <D:\projects\pytypes2\new100\cookiecutter\tests\test_specify_output_dir.py#48:1119-1122>
[22216] <context> <D:\projects\pytypes2\new100\cookiecutter\tests\test_specify_output_dir.py#48:1131-1134>
[22217] <mock_gen_files> <D:\projects\pytypes2\new100\cookiecutter\tests\test_specify_output_dir.py#49:1146-1160>
[22658] <mocker> <D:\projects\pytypes2\new100\cookiecutter\tests\test_utils.py#128:3464-3467>
[22659] <tmpdir> <D:\projects\pytypes2\new100\cookiecutter\tests\test_utils.py#128:3472-3475>
[22662] <answer> <D:\projects\pytypes2\new100\cookiecutter\tests\test_utils.py#132:3622-3628>
[22677] <mock_read_user> <D:\projects\pytypes2\new100\cookiecutter\tests\test_utils.py#138:3764-3778>
[22688] <repo_dir> <D:\projects\pytypes2\new100\cookiecutter\tests\test_utils.py#143:3907-3915>
[22695] <deleted> <D:\projects\pytypes2\new100\cookiecutter\tests\test_utils.py#145:3946-3953>
[24043] <mocker> <D:\projects\pytypes2\new100\cookiecutter\tests\zipfile\test_unzip.py#264:7439-7442>
[24044] <tmpdir> <D:\projects\pytypes2\new100\cookiecutter\tests\zipfile\test_unzip.py#264:7447-7450>
[24047] <request> <D:\projects\pytypes2\new100\cookiecutter\tests\zipfile\test_unzip.py#266:7534-7541>
[24071] <clone_to_dir> <D:\projects\pytypes2\new100\cookiecutter\tests\zipfile\test_unzip.py#275:7756-7768>
[24078] <existing_zip> <D:\projects\pytypes2\new100\cookiecutter\tests\zipfile\test_unzip.py#278:7847-7859>
[24091] <output_dir> <D:\projects\pytypes2\new100\cookiecutter\tests\zipfile\test_unzip.py#281:7964-7974>
[13116] <cli_runner> <D:\projects\pytypes2\new100\cookiecutter\tests\test_cli.py#63:1767-1770>
[13117] <result> <D:\projects\pytypes2\new100\cookiecutter\tests\test_cli.py#64:1785-1791>
[13155] <f> <D:\projects\pytypes2\new100\cookiecutter\tests\test_cli.py#67:1981-1982>
[13253] <mocker> <D:\projects\pytypes2\new100\cookiecutter\tests\test_cli.py#105:3135-3138>
[13254] <cli_runner> <D:\projects\pytypes2\new100\cookiecutter\tests\test_cli.py#105:3143-3146>
[13255] <mock_cookiecutter> <D:\projects\pytypes2\new100\cookiecutter\tests\test_cli.py#106:3161-3178>
[13264] <template_path> <D:\projects\pytypes2\new100\cookiecutter\tests\test_cli.py#111:3285-3298>
[13267] <result> <D:\projects\pytypes2\new100\cookiecutter\tests\test_cli.py#112:3329-3335>
[13281] <expected_error_msg> <D:\projects\pytypes2\new100\cookiecutter\tests\test_cli.py#116:3439-3457>
[12601] <template> <D:\projects\pytypes2\new100\cookiecutter\tests\repository\test_is_repo_url.py#60:1534-1542>
[12610] <expanded_template> <D:\projects\pytypes2\new100\cookiecutter\tests\repository\test_is_repo_url.py#66:1748-1765>
[3177] <cls> <D:\software\python\Lib\_py_abc.py#72:3147-3150>
[3178] <file> <D:\software\python\Lib\_py_abc.py#72:3152-3155>
[3191] <name> <D:\software\python\Lib\_py_abc.py#76:3369-3373>
[3200] <value> <D:\software\python\Lib\_py_abc.py#78:3450-3455>
[3210] <value> <D:\software\python\Lib\_py_abc.py#80:3546-3551>
[2901] <cls> <D:\software\python\Lib\abc.py#146:4949-4952>
[2913] <abstracts> <D:\software\python\Lib\abc.py#168:5925-5934>
[2917] <scls> <D:\software\python\Lib\abc.py#171:6063-6067>
[2921] <name> <D:\software\python\Lib\abc.py#172:6099-6103>
[2927] <value> <D:\software\python\Lib\abc.py#173:6162-6167>
[2950] <name> <D:\software\python\Lib\abc.py#177:6360-6364>
[2951] <value> <D:\software\python\Lib\abc.py#177:6366-6371>
[10958] <request> <D:\projects\pytypes2\new100\cookiecutter\tests\conftest.py#61:1615-1618>
[10961] <user_config_path> <D:\projects\pytypes2\new100\cookiecutter\tests\conftest.py#97:3206-3222>
[10970] <user_config_path_backup> <D:\projects\pytypes2\new100\cookiecutter\tests\conftest.py#98:3270-3293>
[10986] <user_config_found> <D:\projects\pytypes2\new100\cookiecutter\tests\conftest.py#102:3410-3427>
[11003] <user_config_found> <D:\projects\pytypes2\new100\cookiecutter\tests\conftest.py#106:3556-3573>
[11008] <cookiecutters_dir> <D:\projects\pytypes2\new100\cookiecutter\tests\conftest.py#110:3680-3697>
[11017] <cookiecutters_dir_backup> <D:\projects\pytypes2\new100\cookiecutter\tests\conftest.py#111:3744-3768>
[11026] <cookiecutters_dir_found> <D:\projects\pytypes2\new100\cookiecutter\tests\conftest.py#112:3822-3845>
[11032] <cookiecutter_replay_dir> <D:\projects\pytypes2\new100\cookiecutter\tests\conftest.py#118:4024-4047>
[11041] <cookiecutter_replay_dir_backup> <D:\projects\pytypes2\new100\cookiecutter\tests\conftest.py#119:4100-4130>
[11050] <cookiecutter_replay_dir_found> <D:\projects\pytypes2\new100\cookiecutter\tests\conftest.py#122:4206-4235>
[11056] <restore_backup> <D:\projects\pytypes2\new100\cookiecutter\tests\conftest.py#126:4333-4347>
[22344] <f> <D:\projects\pytypes2\new100\cookiecutter\tests\test_utils.py#28:495-496>
[22300] <path> <D:\projects\pytypes2\new100\cookiecutter\tests\test_utils.py#18:214-217>
[22303] <mode> <D:\projects\pytypes2\new100\cookiecutter\tests\test_utils.py#22:344-348>
[12549] <zipfile> <D:\projects\pytypes2\new100\cookiecutter\tests\repository\test_is_repo_url.py#19:423-426>
[20031] <user_config_path> <D:\projects\pytypes2\new100\cookiecutter\tests\test_get_user_config.py#91:2865-2868>
[20885] <caplog> <D:\projects\pytypes2\new100\cookiecutter\tests\test_log.py#117:3046-3049>
[20886] <info_logger_with_file> <D:\projects\pytypes2\new100\cookiecutter\tests\test_log.py#117:3054-3057>
[20887] <debug_file> <D:\projects\pytypes2\new100\cookiecutter\tests\test_log.py#117:3077-3080>
[20888] <debug_messages> <D:\projects\pytypes2\new100\cookiecutter\tests\test_log.py#117:3089-3092>
[20891] <file_handler> <D:\projects\pytypes2\new100\cookiecutter\tests\test_log.py#122:3225-3237>
[20892] <stream_handler> <D:\projects\pytypes2\new100\cookiecutter\tests\test_log.py#122:3239-3253>
[22556] <mocker> <D:\projects\pytypes2\new100\cookiecutter\tests\test_utils.py#90:2345-2348>
[22557] <tmpdir> <D:\projects\pytypes2\new100\cookiecutter\tests\test_utils.py#90:2353-2356>
[22560] <mock_read_user> <D:\projects\pytypes2\new100\cookiecutter\tests\test_utils.py#94:2493-2507>
[22571] <repo_file> <D:\projects\pytypes2\new100\cookiecutter\tests\test_utils.py#100:2637-2646>
[22584] <deleted> <D:\projects\pytypes2\new100\cookiecutter\tests\test_utils.py#103:2728-2735>
[16517] <template_context> <D:\projects\pytypes2\new100\cookiecutter\tests\test_generate_context.py#157:4591-4594>
[17056] <env> <D:\projects\pytypes2\new100\cookiecutter\tests\test_generate_file.py#111:3336-3339>
[17057] <expected_msg> <D:\projects\pytypes2\new100\cookiecutter\tests\test_generate_file.py#111:3341-3344>
[14046] <request> <D:\projects\pytypes2\new100\cookiecutter\tests\test_cookiecutter_invocation.py#31:723-726>
[14049] <rendered_dir> <D:\projects\pytypes2\new100\cookiecutter\tests\test_cookiecutter_invocation.py#33:808-820>
[14052] <remove_generated_project> <D:\projects\pytypes2\new100\cookiecutter\tests\test_cookiecutter_invocation.py#35:859-883>
[16534] <template_context> <D:\projects\pytypes2\new100\cookiecutter\tests\test_generate_context.py#166:4833-4836>
[22049] <mocker> <D:\projects\pytypes2\new100\cookiecutter\tests\test_read_user_yes_no.py#18:293-296>
[22050] <prompt> <D:\projects\pytypes2\new100\cookiecutter\tests\test_read_user_yes_no.py#19:307-313>
[19775] <excinfo> <D:\projects\pytypes2\new100\cookiecutter\tests\test_get_config.py#88:2867-2874>
[19778] <expected_error_msg> <D:\projects\pytypes2\new100\cookiecutter\tests\test_get_config.py#91:2951-2969>
[15006] <mocker> <D:\projects\pytypes2\new100\cookiecutter\tests\test_cookiecutter_local_no_input.py#137:4096-4099>
[13421] <request> <D:\projects\pytypes2\new100\cookiecutter\tests\test_cli.py#197:5614-5617>
[23330] <unknown_repo_type_url> <D:\projects\pytypes2\new100\cookiecutter\tests\vcs\test_identify_repo.py#57:2020-2023>
[22946] <mocker> <D:\projects\pytypes2\new100\cookiecutter\tests\vcs\test_clone.py#62:1609-1612>
[22947] <tmpdir> <D:\projects\pytypes2\new100\cookiecutter\tests\vcs\test_clone.py#62:1617-1620>
[22970] <mock_subprocess> <D:\projects\pytypes2\new100\cookiecutter\tests\vcs\test_clone.py#76:2003-2018>
[22979] <clone_to_dir> <D:\projects\pytypes2\new100\cookiecutter\tests\vcs\test_clone.py#81:2126-2138>
[22992] <repo_url> <D:\projects\pytypes2\new100\cookiecutter\tests\vcs\test_clone.py#86:2278-2286>
[13533] <mocker> <D:\projects\pytypes2\new100\cookiecutter\tests\test_cli.py#245:6773-6776>
[13534] <cli_runner> <D:\projects\pytypes2\new100\cookiecutter\tests\test_cli.py#245:6781-6784>
[13535] <user_config_path> <D:\projects\pytypes2\new100\cookiecutter\tests\test_cli.py#245:6793-6796>
[13536] <mock_cookiecutter> <D:\projects\pytypes2\new100\cookiecutter\tests\test_cli.py#246:6817-6834>
[13543] <template_path> <D:\projects\pytypes2\new100\cookiecutter\tests\test_cli.py#250:6906-6919>
[13546] <result> <D:\projects\pytypes2\new100\cookiecutter\tests\test_cli.py#251:6950-6956>
[18694] <name> <D:\projects\pytypes2\new100\cookiecutter\tests\test_generate_hooks.py#183:5824-5827>
[18695] <hooks> <D:\projects\pytypes2\new100\cookiecutter\tests\test_generate_hooks.py#184:5836-5841>
[18705] <template> <D:\projects\pytypes2\new100\cookiecutter\tests\test_generate_hooks.py#185:5877-5885>
[18751] <f> <D:\projects\pytypes2\new100\cookiecutter\tests\test_generate_hooks.py#190:6071-6072>
[18761] <filename> <D:\projects\pytypes2\new100\cookiecutter\tests\test_generate_hooks.py#194:6163-6171>
[18800] <f> <D:\projects\pytypes2\new100\cookiecutter\tests\test_generate_hooks.py#195:6254-6255>
[18803] <filename> <D:\projects\pytypes2\new100\cookiecutter\tests\test_generate_hooks.py#201:6429-6437>
[18842] <f> <D:\projects\pytypes2\new100\cookiecutter\tests\test_generate_hooks.py#202:6521-6522>
[18846] <filename> <D:\projects\pytypes2\new100\cookiecutter\tests\test_generate_hooks.py#208:6707-6715>
[18885] <f> <D:\projects\pytypes2\new100\cookiecutter\tests\test_generate_hooks.py#209:6797-6798>
[18905] <filename> <D:\projects\pytypes2\new100\cookiecutter\tests\test_generate_hooks.py#217:7079-7087>
[18944] <f> <D:\projects\pytypes2\new100\cookiecutter\tests\test_generate_hooks.py#218:7170-7171>
[18988] <shell_pre_file> <D:\projects\pytypes2\new100\cookiecutter\tests\test_generate_hooks.py#237:7812-7826>
[18991] <shell_post_file> <D:\projects\pytypes2\new100\cookiecutter\tests\test_generate_hooks.py#238:7888-7903>
[17155] <request> <D:\projects\pytypes2\new100\cookiecutter\tests\test_generate_files.py#43:1333-1336>
[17158] <fin_remove_additional_folders> <D:\projects\pytypes2\new100\cookiecutter\tests\test_generate_files.py#47:1435-1464>
[12581] <request> <D:\projects\pytypes2\new100\cookiecutter\tests\repository\test_is_repo_url.py#50:1311-1314>
[11278] <request> <D:\projects\pytypes2\new100\cookiecutter\tests\replay\test_dump.py#29:548-551>
[11279] <replay_file> <D:\projects\pytypes2\new100\cookiecutter\tests\replay\test_dump.py#29:557-560>
[11282] <fin_remove_replay_file> <D:\projects\pytypes2\new100\cookiecutter\tests\replay\test_dump.py#31:632-654>
[11952] <input_dir> <D:\projects\pytypes2\new100\cookiecutter\tests\repository\test_abbreviation_expansion.py#18:410-419>
[16351] <input_params> <D:\projects\pytypes2\new100\cookiecutter\tests\test_generate_context.py#73:1878-1881>
[16352] <expected_context> <D:\projects\pytypes2\new100\cookiecutter\tests\test_generate_context.py#73:1892-1895>
[17041] <msg> <D:\projects\pytypes2\new100\cookiecutter\tests\test_generate_file.py#102:3006-3009>
[18366] <mocker> <D:\projects\pytypes2\new100\cookiecutter\tests\test_generate_hooks.py#101:3221-3224>
[18367] <message> <D:\projects\pytypes2\new100\cookiecutter\tests\test_generate_hooks.py#103:3237-3244>
[18370] <err> <D:\projects\pytypes2\new100\cookiecutter\tests\test_generate_hooks.py#105:3270-3273>
[18376] <errno> <D:\projects\pytypes2\new100\cookiecutter\tests\test_generate_hooks.py#106:3302-3307>
[18382] <prompt> <D:\projects\pytypes2\new100\cookiecutter\tests\test_generate_hooks.py#108:3330-3336>
[18415] <excinfo> <D:\projects\pytypes2\new100\cookiecutter\tests\test_generate_hooks.py#111:3452-3459>
[19509] <mode> <D:\software\python\Lib\stat.py#156:4591-4594>
[19512] <perm> <D:\software\python\Lib\stat.py#158:4674-4678>
[19515] <table> <D:\software\python\Lib\stat.py#159:4693-4698>
[19517] <bit> <D:\software\python\Lib\stat.py#160:4732-4735>
[19518] <char> <D:\software\python\Lib\stat.py#160:4737-4741>
[13581] <mocker> <D:\projects\pytypes2\new100\cookiecutter\tests\test_cli.py#268:7417-7420>
[13582] <cli_runner> <D:\projects\pytypes2\new100\cookiecutter\tests\test_cli.py#268:7425-7428>
[13583] <user_config_path> <D:\projects\pytypes2\new100\cookiecutter\tests\test_cli.py#268:7437-7440>
[13584] <mock_cookiecutter> <D:\projects\pytypes2\new100\cookiecutter\tests\test_cli.py#269:7461-7478>
[13591] <template_path> <D:\projects\pytypes2\new100\cookiecutter\tests\test_cli.py#273:7550-7563>
[13594] <result> <D:\projects\pytypes2\new100\cookiecutter\tests\test_cli.py#274:7594-7600>
[19173] <mode> <D:\software\python\Lib\stat.py#21:382-385>
[23116] <mocker> <D:\projects\pytypes2\new100\cookiecutter\tests\vcs\test_clone.py#148:4111-4114>
[23117] <clone_dir> <D:\projects\pytypes2\new100\cookiecutter\tests\vcs\test_clone.py#148:4119-4122>
[23118] <error_message> <D:\projects\pytypes2\new100\cookiecutter\tests\vcs\test_clone.py#148:4130-4133>
[23140] <repository_url> <D:\projects\pytypes2\new100\cookiecutter\tests\vcs\test_clone.py#163:4625-4639>
[23161] <err> <D:\projects\pytypes2\new100\cookiecutter\tests\vcs\test_clone.py#164:4742-4745>
[23487] <mocker> <D:\projects\pytypes2\new100\cookiecutter\tests\zipfile\test_unzip.py#43:1058-1061>
[23488] <tmpdir> <D:\projects\pytypes2\new100\cookiecutter\tests\zipfile\test_unzip.py#43:1066-1069>
[23491] <mock_prompt_and_delete> <D:\projects\pytypes2\new100\cookiecutter\tests\zipfile\test_unzip.py#45:1161-1183>
[23502] <clone_to_dir> <D:\projects\pytypes2\new100\cookiecutter\tests\zipfile\test_unzip.py#51:1316-1328>
[23509] <output_dir> <D:\projects\pytypes2\new100\cookiecutter\tests\zipfile\test_unzip.py#53:1360-1370>
[23633] <mocker> <D:\projects\pytypes2\new100\cookiecutter\tests\zipfile\test_unzip.py#102:2859-2862>
[23634] <tmpdir> <D:\projects\pytypes2\new100\cookiecutter\tests\zipfile\test_unzip.py#102:2867-2870>
[23637] <mock_prompt_and_delete> <D:\projects\pytypes2\new100\cookiecutter\tests\zipfile\test_unzip.py#104:2951-2973>
[23656] <clone_to_dir> <D:\projects\pytypes2\new100\cookiecutter\tests\zipfile\test_unzip.py#114:3215-3227>
[23663] <output_dir> <D:\projects\pytypes2\new100\cookiecutter\tests\zipfile\test_unzip.py#116:3259-3269>
[13319] <mocker> <D:\projects\pytypes2\new100\cookiecutter\tests\test_cli.py#144:4172-4175>
[13320] <cli_runner> <D:\projects\pytypes2\new100\cookiecutter\tests\test_cli.py#144:4180-4183>
[13321] <overwrite_cli_flag> <D:\projects\pytypes2\new100\cookiecutter\tests\test_cli.py#144:4192-4195>
[13322] <mock_cookiecutter> <D:\projects\pytypes2\new100\cookiecutter\tests\test_cli.py#145:4218-4235>
[13331] <template_path> <D:\projects\pytypes2\new100\cookiecutter\tests\test_cli.py#150:4342-4355>
[13334] <result> <D:\projects\pytypes2\new100\cookiecutter\tests\test_cli.py#151:4386-4392>
[11221] <mocker> <D:\projects\pytypes2\new100\cookiecutter\tests\replay\conftest.py#24:515-518>
[11630] <mocker> <D:\projects\pytypes2\new100\cookiecutter\tests\replay\test_load.py#48:1250-1253>
[11631] <mock_user_config> <D:\projects\pytypes2\new100\cookiecutter\tests\replay\test_load.py#48:1258-1261>
[11632] <template_name> <D:\projects\pytypes2\new100\cookiecutter\tests\replay\test_load.py#48:1276-1279>
[11633] <context> <D:\projects\pytypes2\new100\cookiecutter\tests\replay\test_load.py#49:1315-1318>
[11634] <replay_test_dir> <D:\projects\pytypes2\new100\cookiecutter\tests\replay\test_load.py#49:1324-1327>
[11635] <replay_file> <D:\projects\pytypes2\new100\cookiecutter\tests\replay\test_load.py#49:1341-1344>
[11638] <spy_get_replay_file> <D:\projects\pytypes2\new100\cookiecutter\tests\replay\test_load.py#53:1504-1523>
[11646] <mock_json_load> <D:\projects\pytypes2\new100\cookiecutter\tests\replay\test_load.py#55:1569-1583>
[11657] <loaded_context> <D:\projects\pytypes2\new100\cookiecutter\tests\replay\test_load.py#57:1642-1656>
[11683] <infile_handler> <D:\projects\pytypes2\new100\cookiecutter\tests\replay\test_load.py#63:1877-1891>
[11685] <kwargs> <D:\projects\pytypes2\new100\cookiecutter\tests\replay\test_load.py#63:1895-1901>
[2864] <cls> <D:\software\python\Lib\abc.py#137:4676-4679>
[11403] <mock_ensure_failure> <D:\projects\pytypes2\new100\cookiecutter\tests\replay\test_dump.py#74:1986-1989>
[11404] <replay_test_dir> <D:\projects\pytypes2\new100\cookiecutter\tests\replay\test_dump.py#74:2007-2010>
[21788] <exc_info> <D:\projects\pytypes2\new100\cookiecutter\tests\test_read_user_dict.py#27:510-518>
[17981] <tmpdir> <D:\projects\pytypes2\new100\cookiecutter\tests\test_generate_files.py#299:9957-9960>
[17982] <undefined_context> <D:\projects\pytypes2\new100\cookiecutter\tests\test_generate_files.py#299:9965-9968>
[17983] <output_dir> <D:\projects\pytypes2\new100\cookiecutter\tests\test_generate_files.py#300:9990-10000>
[18022] <err> <D:\projects\pytypes2\new100\cookiecutter\tests\test_generate_files.py#304:10141-10144>
[18025] <error> <D:\projects\pytypes2\new100\cookiecutter\tests\test_generate_files.py#311:10375-10380>
[18030] <directory> <D:\projects\pytypes2\new100\cookiecutter\tests\test_generate_files.py#313:10400-10409>
[18040] <msg> <D:\projects\pytypes2\new100\cookiecutter\tests\test_generate_files.py#314:10472-10475>
[11436] <mocker> <D:\projects\pytypes2\new100\cookiecutter\tests\replay\test_dump.py#86:2356-2359>
[11437] <mock_ensure_success> <D:\projects\pytypes2\new100\cookiecutter\tests\replay\test_dump.py#86:2364-2367>
[11438] <mock_user_config> <D:\projects\pytypes2\new100\cookiecutter\tests\replay\test_dump.py#86:2385-2388>
[11439] <template_name> <D:\projects\pytypes2\new100\cookiecutter\tests\replay\test_dump.py#87:2427-2430>
[11440] <context> <D:\projects\pytypes2\new100\cookiecutter\tests\replay\test_dump.py#87:2442-2445>
[11441] <replay_test_dir> <D:\projects\pytypes2\new100\cookiecutter\tests\replay\test_dump.py#87:2451-2454>
[11442] <replay_file> <D:\projects\pytypes2\new100\cookiecutter\tests\replay\test_dump.py#87:2468-2471>
[11445] <spy_get_replay_file> <D:\projects\pytypes2\new100\cookiecutter\tests\replay\test_dump.py#91:2643-2662>
[11453] <mock_json_dump> <D:\projects\pytypes2\new100\cookiecutter\tests\replay\test_dump.py#93:2708-2722>
[11496] <dumped_context> <D:\projects\pytypes2\new100\cookiecutter\tests\replay\test_dump.py#102:3074-3088>
[11497] <outfile_handler> <D:\projects\pytypes2\new100\cookiecutter\tests\replay\test_dump.py#102:3090-3105>
[11499] <kwargs> <D:\projects\pytypes2\new100\cookiecutter\tests\replay\test_dump.py#102:3108-3114>
[14931] <project_dir> <D:\projects\pytypes2\new100\cookiecutter\tests\test_cookiecutter_local_no_input.py#86:2791-2802>
[16129] <env> <D:\projects\pytypes2\new100\cookiecutter\tests\test_environment.py#23:560-563>
[21639] <mocker> <D:\projects\pytypes2\new100\cookiecutter\tests\test_read_user_choice.py#20:373-376>
[21640] <user_choice> <D:\projects\pytypes2\new100\cookiecutter\tests\test_read_user_choice.py#20:381-384>
[21641] <expected_value> <D:\projects\pytypes2\new100\cookiecutter\tests\test_read_user_choice.py#20:394-397>
[21642] <choice> <D:\projects\pytypes2\new100\cookiecutter\tests\test_read_user_choice.py#21:416-422>
[21658] <prompt> <D:\projects\pytypes2\new100\cookiecutter\tests\test_read_user_choice.py#24:510-516>
[11747] <request> <D:\projects\pytypes2\new100\cookiecutter\tests\replay\test_replay.py#25:546-549>
[13497] <cli_runner> <D:\projects\pytypes2\new100\cookiecutter\tests\test_cli.py#234:6497-6500>
[13498] <help_cli_flag> <D:\projects\pytypes2\new100\cookiecutter\tests\test_cli.py#234:6509-6512>
[13499] <result> <D:\projects\pytypes2\new100\cookiecutter\tests\test_cli.py#235:6530-6536>
[13521] <tmpdir> <D:\projects\pytypes2\new100\cookiecutter\tests\test_cli.py#241:6688-6691>
[15643] <monkeypatch> <D:\projects\pytypes2\new100\cookiecutter\tests\test_cookiecutter_local_with_input.py#46:1551-1554>
[14822] <request> <D:\projects\pytypes2\new100\cookiecutter\tests\test_cookiecutter_local_no_input.py#41:1304-1307>
[3131] <cls> <D:\software\python\Lib\_py_abc.py#54:2292-2295>
[3132] <subclass> <D:\software\python\Lib\_py_abc.py#54:2297-2300>
[3167] <_abc_invalidation_counter> <D:\software\python\Lib\_py_abc.py#69:3036-3061>
[2662] <funcobj> <D:\software\python\Lib\abc.py#7:186-189>
[2682] <self> <D:\software\python\Lib\abc.py#43:1242-1245>
[2683] <callable> <D:\software\python\Lib\abc.py#43:1248-1251>
[22142] <tmpdir> <D:\projects\pytypes2\new100\cookiecutter\tests\test_specify_output_dir.py#22:466-469>
[23322] <request> <D:\projects\pytypes2\new100\cookiecutter\tests\vcs\test_identify_repo.py#53:1939-1942>
[20071] <custom_config> <D:\projects\pytypes2\new100\cookiecutter\tests\test_get_user_config.py#109:3382-3385>
[12233] <mocker> <D:\projects\pytypes2\new100\cookiecutter\tests\repository\test_determine_repo_dir_clones_repo.py#14:332-335>
[12234] <template> <D:\projects\pytypes2\new100\cookiecutter\tests\repository\test_determine_repo_dir_clones_repo.py#14:340-343>
[12235] <is_url> <D:\projects\pytypes2\new100\cookiecutter\tests\repository\test_determine_repo_dir_clones_repo.py#14:350-353>
[12236] <user_config_data> <D:\projects\pytypes2\new100\cookiecutter\tests\repository\test_determine_repo_dir_clones_repo.py#14:358-361>
[12239] <mock_clone> <D:\projects\pytypes2\new100\cookiecutter\tests\repository\test_determine_repo_dir_clones_repo.py#20:528-538>
[17901] <tmpdir> <D:\projects\pytypes2\new100\cookiecutter\tests\test_generate_files.py#278:9254-9257>
[17902] <undefined_context> <D:\projects\pytypes2\new100\cookiecutter\tests\test_generate_files.py#278:9262-9265>
[17903] <output_dir> <D:\projects\pytypes2\new100\cookiecutter\tests\test_generate_files.py#279:9287-9297>
[17931] <err> <D:\projects\pytypes2\new100\cookiecutter\tests\test_generate_files.py#281:9392-9395>
[17934] <error> <D:\projects\pytypes2\new100\cookiecutter\tests\test_generate_files.py#287:9587-9592>
[17939] <directory> <D:\projects\pytypes2\new100\cookiecutter\tests\test_generate_files.py#289:9612-9621>
[17949] <msg> <D:\projects\pytypes2\new100\cookiecutter\tests\test_generate_files.py#290:9684-9687>
[16553] <template_context> <D:\projects\pytypes2\new100\cookiecutter\tests\test_generate_context.py#176:5105-5108>
[19223] <mode> <D:\software\python\Lib\stat.py#50:1163-1166>
[19271] <mode> <D:\software\python\Lib\stat.py#66:1643-1646>
[19295] <mode> <D:\software\python\Lib\stat.py#74:1876-1879>
[12704] <self> <D:\projects\pytypes2\new100\cookiecutter\tests\test-extensions\hello_extension\hello_extension.py#13:268-271>
[12705] <name> <D:\projects\pytypes2\new100\cookiecutter\tests\test-extensions\hello_extension\hello_extension.py#13:274-277>
[16446] <context_file> <D:\projects\pytypes2\new100\cookiecutter\tests\test_generate_context.py#125:3471-3474>
[16447] <default_context> <D:\projects\pytypes2\new100\cookiecutter\tests\test_generate_context.py#125:3485-3488>
[16448] <extra_context> <D:\projects\pytypes2\new100\cookiecutter\tests\test_generate_context.py#125:3502-3505>
[16451] <expected_context> <D:\projects\pytypes2\new100\cookiecutter\tests\test_generate_context.py#129:3674-3690>
[16476] <generated_context> <D:\projects\pytypes2\new100\cookiecutter\tests\test_generate_context.py#139:4037-4054>
[2708] <self> <D:\software\python\Lib\abc.py#63:1728-1731>
[2709] <callable> <D:\software\python\Lib\abc.py#63:1734-1737>
[18429] <repo_path> <D:\projects\pytypes2\new100\cookiecutter\tests\test_generate_hooks.py#124:3876-3885>
[18438] <hooks_path> <D:\projects\pytypes2\new100\cookiecutter\tests\test_generate_hooks.py#125:3930-3940>
[18447] <hook_dir> <D:\projects\pytypes2\new100\cookiecutter\tests\test_generate_hooks.py#127:3992-4000>
[18457] <template> <D:\projects\pytypes2\new100\cookiecutter\tests\test_generate_hooks.py#128:4041-4049>
[18485] <hook_path> <D:\projects\pytypes2\new100\cookiecutter\tests\test_generate_hooks.py#133:4187-4196>
[18512] <f> <D:\projects\pytypes2\new100\cookiecutter\tests\test_generate_hooks.py#135:4282-4283>
[18536] <excinfo> <D:\projects\pytypes2\new100\cookiecutter\tests\test_generate_hooks.py#139:4425-4432>
[10330] <self> <D:\projects\pytypes2\new100\cookiecutter\docs\ccext.py#28:719-722>
[10331] <node> <D:\projects\pytypes2\new100\cookiecutter\docs\ccext.py#29:735-739>
[10347] <view_list> <D:\projects\pytypes2\new100\cookiecutter\docs\ccext.py#31:819-828>
[16993] <env> <D:\projects\pytypes2\new100\cookiecutter\tests\test_generate_file.py#86:2518-2521>
[16994] <infile> <D:\projects\pytypes2\new100\cookiecutter\tests\test_generate_file.py#87:2529-2535>
[17035] <f> <D:\projects\pytypes2\new100\cookiecutter\tests\test_generate_file.py#95:2852-2853>
[17020] <generated_text> <D:\projects\pytypes2\new100\cookiecutter\tests\test_generate_file.py#96:2864-2878>
[22895] <mocker> <D:\projects\pytypes2\new100\cookiecutter\tests\vcs\test_clone.py#34:886-889>
[22896] <clone_dir> <D:\projects\pytypes2\new100\cookiecutter\tests\vcs\test_clone.py#34:894-897>
[22909] <mock_subprocess> <D:\projects\pytypes2\new100\cookiecutter\tests\vcs\test_clone.py#44:1136-1151>
[16155] <undefined_var_error> <D:\projects\pytypes2\new100\cookiecutter\tests\test_exceptions.py#9:159-178>
[16170] <expected_str> <D:\projects\pytypes2\new100\cookiecutter\tests\test_exceptions.py#15:381-393>
[11937] <input_dir> <D:\projects\pytypes2\new100\cookiecutter\tests\repository\test_abbreviation_expansion.py#11:242-251>
[11309] <replay_test_dir> <D:\projects\pytypes2\new100\cookiecutter\tests\replay\test_dump.py#37:830-833>
[11310] <context> <D:\projects\pytypes2\new100\cookiecutter\tests\replay\test_dump.py#37:847-850>
[18186] <directories_to_delete> <D:\projects\pytypes2\new100\cookiecutter\tests\test_generate_hooks.py#34:781-802>
[18194] <directory> <D:\projects\pytypes2\new100\cookiecutter\tests\test_generate_hooks.py#41:1006-1015>
[20174] <path> <D:\projects\pytypes2\new100\cookiecutter\tests\test_get_user_config.py#144:4467-4470>
[13010] <cli_args> <D:\projects\pytypes2\new100\cookiecutter\tests\test_cli.py#19:405-413>
[15583] <var> <D:\projects\pytypes2\new100\cookiecutter\tests\test_cookiecutter_local_with_input.py#35:1053-1056>
[15584] <default> <D:\projects\pytypes2\new100\cookiecutter\tests\test_cookiecutter_local_with_input.py#35:1058-1061>
[15650] <var> <D:\projects\pytypes2\new100\cookiecutter\tests\test_cookiecutter_local_with_input.py#52:1745-1748>
[15651] <default> <D:\projects\pytypes2\new100\cookiecutter\tests\test_cookiecutter_local_with_input.py#52:1750-1753>
[22663] <question> <D:\projects\pytypes2\new100\cookiecutter\tests\test_utils.py#132:3629-3632>
[22664] <default> <D:\projects\pytypes2\new100\cookiecutter\tests\test_utils.py#132:3639-3642>
[3736] <obj> <D:\projects\pytypes2\new100\cookiecutter\cookiecutter\extensions.py#17:399-402>
