[463] <__version__> <D:\projects\pytypes2\new100\cookiecutter\cookiecutter\cli.py#12:160-171> <1164>
[1318] <CookiecutterException> <D:\projects\pytypes2\new100\cookiecutter\cookiecutter\exceptions.py#14:304-325> <1311>
[1324] <CookiecutterException> <D:\projects\pytypes2\new100\cookiecutter\cookiecutter\exceptions.py#23:593-614> <1311>
[1330] <CookiecutterException> <D:\projects\pytypes2\new100\cookiecutter\cookiecutter\exceptions.py#33:891-912> <1311>
[1336] <CookiecutterException> <D:\projects\pytypes2\new100\cookiecutter\cookiecutter\exceptions.py#43:1162-1183> <1311>
[1342] <CookiecutterException> <D:\projects\pytypes2\new100\cookiecutter\cookiecutter\exceptions.py#52:1383-1404> <1311>
[1348] <CookiecutterException> <D:\projects\pytypes2\new100\cookiecutter\cookiecutter\exceptions.py#61:1594-1615> <1311>
[1354] <CookiecutterException> <D:\projects\pytypes2\new100\cookiecutter\cookiecutter\exceptions.py#69:1755-1776> <1311>
[1360] <CookiecutterException> <D:\projects\pytypes2\new100\cookiecutter\cookiecutter\exceptions.py#77:1959-1980> <1311>
[1366] <CookiecutterException> <D:\projects\pytypes2\new100\cookiecutter\cookiecutter\exceptions.py#85:2147-2168> <1311>
[1372] <CookiecutterException> <D:\projects\pytypes2\new100\cookiecutter\cookiecutter\exceptions.py#93:2338-2359> <1311>
[1378] <CookiecutterException> <D:\projects\pytypes2\new100\cookiecutter\cookiecutter\exceptions.py#102:2561-2582> <1311>
[1384] <CookiecutterException> <D:\projects\pytypes2\new100\cookiecutter\cookiecutter\exceptions.py#110:2716-2737> <1311>
[1428] <CookiecutterException> <D:\projects\pytypes2\new100\cookiecutter\cookiecutter\exceptions.py#133:3379-3400> <1311>
[1434] <CookiecutterException> <D:\projects\pytypes2\new100\cookiecutter\cookiecutter\exceptions.py#141:3571-3592> <1311>
[1440] <CookiecutterException> <D:\projects\pytypes2\new100\cookiecutter\cookiecutter\exceptions.py#149:3751-3772> <1311>
[1446] <CookiecutterException> <D:\projects\pytypes2\new100\cookiecutter\cookiecutter\exceptions.py#157:3923-3944> <1311>
[478] <OutputDirExistsException> <D:\projects\pytypes2\new100\cookiecutter\cookiecutter\cli.py#16:307-331> <1365>
[480] <InvalidModeException> <D:\projects\pytypes2\new100\cookiecutter\cookiecutter\cli.py#17:338-358> <1371>
[482] <FailedHookException> <D:\projects\pytypes2\new100\cookiecutter\cookiecutter\cli.py#18:365-384> <1377>
[484] <UndefinedVariableInTemplate> <D:\projects\pytypes2\new100\cookiecutter\cookiecutter\cli.py#19:391-418> <1383>
[486] <UnknownExtension> <D:\projects\pytypes2\new100\cookiecutter\cookiecutter\cli.py#20:425-441> <1427>
[488] <InvalidZipRepository> <D:\projects\pytypes2\new100\cookiecutter\cookiecutter\cli.py#21:448-468> <1445>
[490] <RepositoryNotFound> <D:\projects\pytypes2\new100\cookiecutter\cookiecutter\cli.py#22:475-493> <1433>
[492] <RepositoryCloneFailed> <D:\projects\pytypes2\new100\cookiecutter\cookiecutter\cli.py#23:500-521> <1439>
[723] <main> <D:\projects\pytypes2\new100\cookiecutter\cookiecutter\cli.py#146:4812-4816> <572>
[586] <template> <D:\projects\pytypes2\new100\cookiecutter\cookiecutter\cli.py#103:3462-3470> <573>
[610] <verbose> <D:\projects\pytypes2\new100\cookiecutter\cookiecutter\cli.py#108:3622-3629> <577>
[615] <debug_file> <D:\projects\pytypes2\new100\cookiecutter\cookiecutter\cli.py#109:3663-3673> <583>
[705] <context_str> <D:\projects\pytypes2\new100\cookiecutter\cookiecutter\cli.py#141:4740-4751> <686>
[619] <cookiecutter> <D:\projects\pytypes2\new100\cookiecutter\cookiecutter\cli.py#113:3703-3715> <476>
[620] <template> <D:\projects\pytypes2\new100\cookiecutter\cookiecutter\cli.py#114:3730-3738> <573>
[621] <checkout> <D:\projects\pytypes2\new100\cookiecutter\cookiecutter\cli.py#114:3740-3748> <576>
[622] <no_input> <D:\projects\pytypes2\new100\cookiecutter\cookiecutter\cli.py#114:3750-3758> <575>
[623] <extra_context> <D:\projects\pytypes2\new100\cookiecutter\cookiecutter\cli.py#115:3787-3800> <574>
[625] <replay> <D:\projects\pytypes2\new100\cookiecutter\cookiecutter\cli.py#116:3822-3828> <578>
[627] <overwrite_if_exists> <D:\projects\pytypes2\new100\cookiecutter\cookiecutter\cli.py#117:3863-3882> <579>
[629] <output_dir> <D:\projects\pytypes2\new100\cookiecutter\cookiecutter\cli.py#118:3908-3918> <580>
[631] <config_file> <D:\projects\pytypes2\new100\cookiecutter\cookiecutter\cli.py#119:3945-3956> <581>
[633] <default_config> <D:\projects\pytypes2\new100\cookiecutter\cookiecutter\cli.py#120:3986-4000> <582>
[1864] <all_feature_names> <D:\software\python\Lib\__future__.py#63:2028-2045> <1848>
[1962] <_Feature> <D:\software\python\Lib\__future__.py#109:3911-3919> <1897>
[1975] <CO_NESTED> <D:\software\python\Lib\__future__.py#111:4018-4027> <1867>
[1906] <optionalRelease> <D:\software\python\Lib\__future__.py#84:3075-3090> <1900>
[1903] <self> <D:\software\python\Lib\__future__.py#84:3059-3063> <1899>
[1911] <mandatoryRelease> <D:\software\python\Lib\__future__.py#85:3117-3133> <1901>
[1908] <self> <D:\software\python\Lib\__future__.py#85:3100-3104> <1899>
[1916] <compiler_flag> <D:\software\python\Lib\__future__.py#86:3164-3177> <1902>
[1913] <self> <D:\software\python\Lib\__future__.py#86:3143-3147> <1899>
[1979] <_Feature> <D:\software\python\Lib\__future__.py#113:4045-4053> <1897>
[1992] <CO_GENERATOR_ALLOWED> <D:\software\python\Lib\__future__.py#115:4146-4166> <1870>
[1996] <_Feature> <D:\software\python\Lib\__future__.py#117:4182-4190> <1897>
[2009] <CO_FUTURE_DIVISION> <D:\software\python\Lib\__future__.py#119:4279-4297> <1873>
[2013] <_Feature> <D:\software\python\Lib\__future__.py#121:4320-4328> <1897>
[2026] <CO_FUTURE_ABSOLUTE_IMPORT> <D:\software\python\Lib\__future__.py#123:4431-4456> <1876>
[2030] <_Feature> <D:\software\python\Lib\__future__.py#125:4478-4486> <1897>
[2043] <CO_FUTURE_WITH_STATEMENT> <D:\software\python\Lib\__future__.py#127:4587-4611> <1879>
[2047] <_Feature> <D:\software\python\Lib\__future__.py#129:4633-4641> <1897>
[2060] <CO_FUTURE_PRINT_FUNCTION> <D:\software\python\Lib\__future__.py#131:4742-4766> <1882>
[2064] <_Feature> <D:\software\python\Lib\__future__.py#133:4790-4798> <1897>
[2077] <CO_FUTURE_UNICODE_LITERALS> <D:\software\python\Lib\__future__.py#135:4903-4929> <1885>
[2081] <_Feature> <D:\software\python\Lib\__future__.py#137:4951-4959> <1897>
[2094] <CO_FUTURE_BARRY_AS_BDFL> <D:\software\python\Lib\__future__.py#139:5060-5083> <1888>
[2098] <_Feature> <D:\software\python\Lib\__future__.py#141:5105-5113> <1897>
[2111] <CO_FUTURE_GENERATOR_STOP> <D:\software\python\Lib\__future__.py#143:5213-5237> <1891>
[2115] <_Feature> <D:\software\python\Lib\__future__.py#145:5256-5264> <1897>
[2122] <CO_FUTURE_ANNOTATIONS> <D:\software\python\Lib\__future__.py#147:5341-5362> <1894>
[1541] <unicode_literals> <D:\projects\pytypes2\new100\cookiecutter\cookiecutter\config.py#5:90-106> <2063>
[2887] <ABCMeta> <D:\software\python\Lib\abc.py#89:2423-2430> <3023>
[2889] <get_cache_token> <D:\software\python\Lib\abc.py#89:2432-2447> <3014>
[2892] <ABCMeta> <D:\software\python\Lib\abc.py#90:2453-2460> <3023>
[2568] <IOBase> <D:\software\python\Lib\io.py#90:3738-3744> <2551>
[2582] <IOBase> <D:\software\python\Lib\io.py#93:3830-3836> <2551>
[2596] <IOBase> <D:\software\python\Lib\io.py#96:3919-3925> <2551>
[2606] <RawIOBase> <D:\software\python\Lib\io.py#99:3970-3979> <2564>
[2619] <BufferedIOBase> <D:\software\python\Lib\io.py#103:4108-4122> <2578>
[2622] <klass> <D:\software\python\Lib\io.py#103:4132-4137> <2612>
[2631] <TextIOBase> <D:\software\python\Lib\io.py#106:4187-4197> <2592>
[2634] <klass> <D:\software\python\Lib\io.py#106:4207-4212> <2627>
[2639] <klass> <D:\software\python\Lib\io.py#107:4219-4224> <2627>
[2646] <RawIOBase> <D:\software\python\Lib\io.py#114:4315-4324> <2564>
[1619] <BUILTIN_ABBREVIATIONS> <D:\projects\pytypes2\new100\cookiecutter\cookiecutter\config.py#32:782-803> <1586>
[3669] <ExtensionLoaderMixin> <D:\projects\pytypes2\new100\cookiecutter\cookiecutter\environment.py#56:1812-1832> <3587>
[3866] <unicode_literals> <D:\projects\pytypes2\new100\cookiecutter\cookiecutter\generate.py#4:117-133> <2063>
[3908] <StrictEnvironment> <D:\projects\pytypes2\new100\cookiecutter\cookiecutter\generate.py#18:430-447> <3668>
[3924] <find_template> <D:\projects\pytypes2\new100\cookiecutter\cookiecutter\generate.py#26:654-667> <3786>
[8481] <unicode_literals> <D:\projects\pytypes2\new100\cookiecutter\cookiecutter\replay.py#9:107-123> <2063>
[8630] <unicode_literals> <D:\projects\pytypes2\new100\cookiecutter\cookiecutter\repository.py#5:94-110> <2063>
[10219] <absolute_import> <D:\projects\pytypes2\new100\cookiecutter\cookiecutter\__main__.py#3:125-140> <2012>
[10223] <main> <D:\projects\pytypes2\new100\cookiecutter\cookiecutter\__main__.py#5:161-165> <572>
[10229] <main> <D:\projects\pytypes2\new100\cookiecutter\cookiecutter\__main__.py#9:223-227> <572>
[10470] <MOCK_MODULES> <D:\projects\pytypes2\new100\cookiecutter\docs\conf.py#48:1549-1561> <10465>
[10476] <Mock> <D:\projects\pytypes2\new100\cookiecutter\docs\conf.py#49:1592-1596> <10400>
[10474] <mod_name> <D:\projects\pytypes2\new100\cookiecutter\docs\conf.py#49:1580-1588> <10469>
[10493] <cwd> <D:\projects\pytypes2\new100\cookiecutter\docs\conf.py#54:1674-1677> <10481>
[10501] <parent> <D:\projects\pytypes2\new100\cookiecutter\docs\conf.py#55:1696-1702> <10487>
[10541] <cookiecutter> <D:\projects\pytypes2\new100\cookiecutter\docs\conf.py#104:3055-3067> <10504>
[10542] <__version__> <D:\projects\pytypes2\new100\cookiecutter\docs\conf.py#104:3068-3079> <1164>
[10546] <cookiecutter> <D:\projects\pytypes2\new100\cookiecutter\docs\conf.py#106:3142-3154> <10504>
[10547] <__version__> <D:\projects\pytypes2\new100\cookiecutter\docs\conf.py#106:3155-3166> <1164>
[10688] <version> <D:\projects\pytypes2\new100\cookiecutter\setup.py#19:389-396> <10646>
[10689] <version> <D:\projects\pytypes2\new100\cookiecutter\setup.py#19:398-405> <10646>
[10714] <io> <D:\projects\pytypes2\new100\cookiecutter\setup.py#22:466-468> <10636>
[10708] <readme_file> <D:\projects\pytypes2\new100\cookiecutter\setup.py#25:540-551> <10722>
[10745] <readme> <D:\projects\pytypes2\new100\cookiecutter\setup.py#39:812-818> <10707>
[10758] <version> <D:\projects\pytypes2\new100\cookiecutter\setup.py#44:887-894> <10646>
[10762] <readme> <D:\projects\pytypes2\new100\cookiecutter\setup.py#48:1130-1136> <10707>
[10788] <requirements> <D:\projects\pytypes2\new100\cookiecutter\setup.py#64:1668-1680> <10725>
[11532] <replay> <D:\projects\pytypes2\new100\cookiecutter\tests\replay\test_load.py#12:129-135> <11244>
[11715] <replay> <D:\projects\pytypes2\new100\cookiecutter\tests\replay\test_replay.py#11:118-124> <11244>
[11719] <exceptions> <D:\projects\pytypes2\new100\cookiecutter\tests\replay\test_replay.py#11:132-142> <477>
[11920] <unicode_literals> <D:\projects\pytypes2\new100\cookiecutter\tests\repository\test_abbreviation_expansion.py#3:50-66> <2063>
[11928] <BUILTIN_ABBREVIATIONS> <D:\projects\pytypes2\new100\cookiecutter\tests\repository\test_abbreviation_expansion.py#6:117-138> <1586>
[11933] <expand_abbreviations> <D:\projects\pytypes2\new100\cookiecutter\tests\repository\test_abbreviation_expansion.py#7:176-196> <8690>
[12048] <repository> <D:\projects\pytypes2\new100\cookiecutter\tests\repository\test_determine_repository_should_use_local_repo.py#3:61-71> <11932>
[12050] <exceptions> <D:\projects\pytypes2\new100\cookiecutter\tests\repository\test_determine_repository_should_use_local_repo.py#3:73-83> <477>
[12227] <repository> <D:\projects\pytypes2\new100\cookiecutter\tests\repository\test_determine_repo_dir_clones_repo.py#6:80-90> <11932>
[12229] <exceptions> <D:\projects\pytypes2\new100\cookiecutter\tests\repository\test_determine_repo_dir_clones_repo.py#6:92-102> <477>
[12439] <repository> <D:\projects\pytypes2\new100\cookiecutter\tests\repository\test_determine_repo_dir_finds_existing_cookiecutter.py#6:89-99> <11932>
[12528] <BUILTIN_ABBREVIATIONS> <D:\projects\pytypes2\new100\cookiecutter\tests\repository\test_is_repo_url.py#4:74-95> <1586>
[12533] <is_zip_file> <D:\projects\pytypes2\new100\cookiecutter\tests\repository\test_is_repo_url.py#6:140-151> <8675>
[12535] <is_repo_url> <D:\projects\pytypes2\new100\cookiecutter\tests\repository\test_is_repo_url.py#6:153-164> <8661>
[12537] <expand_abbreviations> <D:\projects\pytypes2\new100\cookiecutter\tests\repository\test_is_repo_url.py#6:166-186> <8690>
[12628] <repository_has_cookiecutter_json> <D:\projects\pytypes2\new100\cookiecutter\tests\repository\test_repository_has_cookiecutter_json.py#2:61-93> <8731>
[12772] <print_function> <D:\projects\pytypes2\new100\cookiecutter\tests\test-pyhooks\hooks\post_gen_project.py#1:-1-13> <2046>
[12785] <f> <D:\projects\pytypes2\new100\cookiecutter\tests\test-pyhooks\hooks\post_gen_project.py#-1:178-179> <12779>
[12793] <print_function> <D:\projects\pytypes2\new100\cookiecutter\tests\test-pyhooks\hooks\pre_gen_project.py#1:-1-13> <2046>
[12806] <f> <D:\projects\pytypes2\new100\cookiecutter\tests\test-pyhooks\hooks\pre_gen_project.py#-1:177-178> <12800>
[12814] <print_function> <D:\projects\pytypes2\new100\cookiecutter\tests\test-pyshellhooks\hooks\post_gen_project.py#1:-1-13> <2046>
[12827] <f> <D:\projects\pytypes2\new100\cookiecutter\tests\test-pyshellhooks\hooks\post_gen_project.py#-1:178-179> <12821>
[12835] <print_function> <D:\projects\pytypes2\new100\cookiecutter\tests\test-pyshellhooks\hooks\pre_gen_project.py#1:-1-13> <2046>
[12848] <f> <D:\projects\pytypes2\new100\cookiecutter\tests\test-pyshellhooks\hooks\pre_gen_project.py#-1:177-178> <12842>
[12863] <exceptions> <D:\projects\pytypes2\new100\cookiecutter\tests\test_abort_generate_on_hook_error.py#6:104-114> <477>
[12980] <main> <D:\projects\pytypes2\new100\cookiecutter\tests\test_cli.py#9:127-131> <572>
[16085] <StrictEnvironment> <D:\projects\pytypes2\new100\cookiecutter\tests\test_environment.py#5:81-98> <3668>
[16090] <UnknownExtension> <D:\projects\pytypes2\new100\cookiecutter\tests\test_environment.py#6:136-152> <1427>
[16151] <exceptions> <D:\projects\pytypes2\new100\cookiecutter\tests\test_exceptions.py#5:100-110> <16089>
[16242] <unicode_literals> <D:\projects\pytypes2\new100\cookiecutter\tests\test_generate_context.py#14:402-418> <2063>
[16259] <generate> <D:\projects\pytypes2\new100\cookiecutter\tests\test_generate_context.py#20:521-529> <12859>
[16264] <ContextDecodingException> <D:\projects\pytypes2\new100\cookiecutter\tests\test_generate_context.py#21:567-591> <1359>
[16603] <unicode_literals> <D:\projects\pytypes2\new100\cookiecutter\tests\test_generate_copy_without_render.py#8:132-148> <2063>
[16613] <generate> <D:\projects\pytypes2\new100\cookiecutter\tests\test_generate_copy_without_render.py#12:203-211> <12859>
[16778] <unicode_literals> <D:\projects\pytypes2\new100\cookiecutter\tests\test_generate_file.py#12:281-297> <2063>
[16800] <generate> <D:\projects\pytypes2\new100\cookiecutter\tests\test_generate_file.py#20:455-463> <12859>
[16805] <StrictEnvironment> <D:\projects\pytypes2\new100\cookiecutter\tests\test_generate_file.py#21:502-519> <3668>
[17110] <unicode_literals> <D:\projects\pytypes2\new100\cookiecutter\tests\test_generate_files.py#26:836-852> <2063>
[17123] <generate> <D:\projects\pytypes2\new100\cookiecutter\tests\test_generate_files.py#31:918-926> <12859>
[17127] <exceptions> <D:\projects\pytypes2\new100\cookiecutter\tests\test_generate_files.py#32:953-963> <16263>
[18141] <unicode_literals> <D:\projects\pytypes2\new100\cookiecutter\tests\test_generate_hooks.py#14:315-331> <2063>
[19337] <S_ISGID> <D:\software\python\Lib\stat.py#94:2353-2360> <19333>
[19424] <S_IFLNK> <D:\software\python\Lib\stat.py#129:3833-3840> <19207>
[19427] <S_IFSOCK> <D:\software\python\Lib\stat.py#130:3863-3871> <19210>
[19430] <S_IFREG> <D:\software\python\Lib\stat.py#131:3958-3965> <19201>
[19433] <S_IFBLK> <D:\software\python\Lib\stat.py#132:3988-3995> <19198>
[19436] <S_IFDIR> <D:\software\python\Lib\stat.py#133:4018-4025> <19192>
[19439] <S_IFCHR> <D:\software\python\Lib\stat.py#134:4048-4055> <19195>
[19442] <S_IFIFO> <D:\software\python\Lib\stat.py#135:4078-4085> <19204>
[19446] <S_IRUSR> <D:\software\python\Lib\stat.py#137:4111-4118> <19354>
[19450] <S_IWUSR> <D:\software\python\Lib\stat.py#138:4143-4150> <19357>
[19454] <S_IXUSR> <D:\software\python\Lib\stat.py#139:4175-4182> <19360>
[19455] <S_ISUID> <D:\software\python\Lib\stat.py#139:4183-4190> <19330>
[19459] <S_ISUID> <D:\software\python\Lib\stat.py#140:4205-4212> <19330>
[19462] <S_IXUSR> <D:\software\python\Lib\stat.py#141:4235-4242> <19360>
[19466] <S_IRGRP> <D:\software\python\Lib\stat.py#143:4268-4275> <19366>
[19470] <S_IWGRP> <D:\software\python\Lib\stat.py#144:4300-4307> <19369>
[19474] <S_IXGRP> <D:\software\python\Lib\stat.py#145:4332-4339> <19372>
[19475] <S_ISGID> <D:\software\python\Lib\stat.py#145:4340-4347> <19333>
[19479] <S_ISGID> <D:\software\python\Lib\stat.py#146:4362-4369> <19333>
[19482] <S_IXGRP> <D:\software\python\Lib\stat.py#147:4392-4399> <19372>
[19486] <S_IROTH> <D:\software\python\Lib\stat.py#149:4425-4432> <19378>
[19490] <S_IWOTH> <D:\software\python\Lib\stat.py#150:4457-4464> <19381>
[19494] <S_IXOTH> <D:\software\python\Lib\stat.py#151:4489-4496> <19384>
[19495] <S_ISVTX> <D:\software\python\Lib\stat.py#151:4497-4504> <19339>
[19499] <S_ISVTX> <D:\software\python\Lib\stat.py#152:4519-4526> <19339>
[19502] <S_IXOTH> <D:\software\python\Lib\stat.py#153:4549-4556> <19384>
[18160] <generate> <D:\projects\pytypes2\new100\cookiecutter\tests\test_generate_hooks.py#21:425-433> <12859>
[18169] <FailedHookException> <D:\projects\pytypes2\new100\cookiecutter\tests\test_generate_hooks.py#23:503-522> <1377>
[19623] <config> <D:\projects\pytypes2\new100\cookiecutter\tests\test_get_config.py#5:78-84> <12527>
[19628] <ConfigDoesNotExistException> <D:\projects\pytypes2\new100\cookiecutter\tests\test_get_config.py#7:129-156> <1335>
[19630] <InvalidConfiguration> <D:\projects\pytypes2\new100\cookiecutter\tests\test_get_config.py#7:158-178> <1341>
[19863] <config> <D:\projects\pytypes2\new100\cookiecutter\tests\test_get_user_config.py#17:370-376> <12527>
[19868] <InvalidConfiguration> <D:\projects\pytypes2\new100\cookiecutter\tests\test_get_user_config.py#18:414-434> <1341>
[21057] <unicode_literals> <D:\projects\pytypes2\new100\cookiecutter\tests\test_output_folder.py#11:213-229> <2063>
[21067] <generate> <D:\projects\pytypes2\new100\cookiecutter\tests\test_output_folder.py#15:284-292> <12859>
[21075] <exceptions> <D:\projects\pytypes2\new100\cookiecutter\tests\test_output_folder.py#17:351-361> <19867>
[21733] <unicode_literals> <D:\projects\pytypes2\new100\cookiecutter\tests\test_read_user_dict.py#8:104-120> <2063>
[21976] <unicode_literals> <D:\projects\pytypes2\new100\cookiecutter\tests\test_read_user_variable.py#8:112-128> <2063>
[22031] <unicode_literals> <D:\projects\pytypes2\new100\cookiecutter\tests\test_read_user_yes_no.py#8:108-124> <2063>
[22093] <exceptions> <D:\projects\pytypes2\new100\cookiecutter\tests\test_repo_not_found.py#5:75-85> <19867>
[22837] <exceptions> <D:\projects\pytypes2\new100\cookiecutter\tests\vcs\test_clone.py#7:99-109> <19867>
[23300] <exceptions> <D:\projects\pytypes2\new100\cookiecutter\tests\vcs\test_identify_repo.py#4:67-77> <19867>
[23398] <InvalidZipRepository> <D:\projects\pytypes2\new100\cookiecutter\tests\zipfile\test_unzip.py#11:192-212> <1445>
[2799] <cls> <D:\software\python\Lib\abc.py#119:3770-3773> <2794>
[2800] <instance> <D:\software\python\Lib\abc.py#119:3775-3783> <2795>
[1397] <message> <D:\projects\pytypes2\new100\cookiecutter\cookiecutter\exceptions.py#120:3018-3025> <1389>
[1394] <self> <D:\projects\pytypes2\new100\cookiecutter\cookiecutter\exceptions.py#120:3003-3007> <1388>
[1402] <error> <D:\projects\pytypes2\new100\cookiecutter\cookiecutter\exceptions.py#121:3048-3053> <1390>
[1399] <self> <D:\projects\pytypes2\new100\cookiecutter\cookiecutter\exceptions.py#121:3035-3039> <1388>
[1407] <context> <D:\projects\pytypes2\new100\cookiecutter\cookiecutter\exceptions.py#122:3078-3085> <1391>
[1404] <self> <D:\projects\pytypes2\new100\cookiecutter\cookiecutter\exceptions.py#122:3063-3067> <1388>
[530] <message> <D:\projects\pytypes2\new100\cookiecutter\cookiecutter\cli.py#32:815-822> <527>
[533] <location> <D:\projects\pytypes2\new100\cookiecutter\cookiecutter\cli.py#32:830-838> <506>
[534] <python_version> <D:\projects\pytypes2\new100\cookiecutter\cookiecutter\cli.py#32:840-854> <498>
[3245] <cls> <D:\software\python\Lib\_py_abc.py#89:3859-3862> <3242>
[3252] <cls> <D:\software\python\Lib\_py_abc.py#90:3891-3894> <3242>
[3609] <default_extensions> <D:\projects\pytypes2\new100\cookiecutter\cookiecutter\environment.py#32:1031-1049> <3603>
[3610] <self> <D:\projects\pytypes2\new100\cookiecutter\cookiecutter\environment.py#32:1052-1056> <3592>
[3611] <_read_extensions> <D:\projects\pytypes2\new100\cookiecutter\cookiecutter\environment.py#32:1057-1073> <3637>
[3613] <context> <D:\projects\pytypes2\new100\cookiecutter\cookiecutter\environment.py#32:1074-1081> <3595>
[3643] <context> <D:\projects\pytypes2\new100\cookiecutter\cookiecutter\environment.py#49:1627-1634> <3639>
[3654] <extensions> <D:\projects\pytypes2\new100\cookiecutter\cookiecutter\environment.py#53:1771-1781> <3642>
[3653] <ext> <D:\projects\pytypes2\new100\cookiecutter\cookiecutter\environment.py#53:1764-1767> <3653>
[3651] <ext> <D:\projects\pytypes2\new100\cookiecutter\cookiecutter\environment.py#53:1755-1758> <3653>
[3618] <ExtensionLoaderMixin> <D:\projects\pytypes2\new100\cookiecutter\cookiecutter\environment.py#35:1118-1138> <3587>
[3619] <self> <D:\projects\pytypes2\new100\cookiecutter\cookiecutter\environment.py#35:1140-1144> <3592>
[3623] <extensions> <D:\projects\pytypes2\new100\cookiecutter\cookiecutter\environment.py#36:1184-1194> <3608>
[3987] <overwrite_context> <D:\projects\pytypes2\new100\cookiecutter\cookiecutter\generate.py#55:1591-1608> <3981>
[3991] <variable> <D:\projects\pytypes2\new100\cookiecutter\cookiecutter\generate.py#56:1630-1638> <3984>
[3992] <context> <D:\projects\pytypes2\new100\cookiecutter\cookiecutter\generate.py#56:1646-1653> <3980>
[3998] <context> <D:\projects\pytypes2\new100\cookiecutter\cookiecutter\generate.py#60:1779-1786> <3980>
[3999] <variable> <D:\projects\pytypes2\new100\cookiecutter\cookiecutter\generate.py#60:1787-1795> <3984>
[4003] <context_value> <D:\projects\pytypes2\new100\cookiecutter\cookiecutter\generate.py#62:1822-1835> <3997>
[4006] <overwrite> <D:\projects\pytypes2\new100\cookiecutter\cookiecutter\generate.py#64:1913-1922> <3985>
[4007] <context_value> <D:\projects\pytypes2\new100\cookiecutter\cookiecutter\generate.py#64:1926-1939> <3997>
[4009] <context_value> <D:\projects\pytypes2\new100\cookiecutter\cookiecutter\generate.py#68:2182-2195> <3997>
[4012] <overwrite> <D:\projects\pytypes2\new100\cookiecutter\cookiecutter\generate.py#68:2203-2212> <3985>
[4015] <context_value> <D:\projects\pytypes2\new100\cookiecutter\cookiecutter\generate.py#69:2231-2244> <3997>
[4019] <overwrite> <D:\projects\pytypes2\new100\cookiecutter\cookiecutter\generate.py#69:2255-2264> <3985>
[4028] <overwrite> <D:\projects\pytypes2\new100\cookiecutter\cookiecutter\generate.py#72:2374-2383> <3985>
[4025] <context> <D:\projects\pytypes2\new100\cookiecutter\cookiecutter\generate.py#72:2354-2361> <3980>
[4026] <variable> <D:\projects\pytypes2\new100\cookiecutter\cookiecutter\generate.py#72:2362-2370> <3984>
[12693] <HelloExtension> <D:\projects\pytypes2\new100\cookiecutter\tests\test-extensions\hello_extension\hello_extension.py#11:206-220> <12681>
[12694] <self> <D:\projects\pytypes2\new100\cookiecutter\tests\test-extensions\hello_extension\hello_extension.py#11:222-226> <12690>
[12698] <environment> <D:\projects\pytypes2\new100\cookiecutter\tests\test-extensions\hello_extension\hello_extension.py#11:237-248> <12691>
[13793] <cli_runner> <D:\projects\pytypes2\new100\cookiecutter\tests\test_cli.py#372:10119-10129> <13791>
[13800] <result> <D:\projects\pytypes2\new100\cookiecutter\tests\test_cli.py#378:10255-10261> <13792>
[13815] <f> <D:\projects\pytypes2\new100\cookiecutter\tests\test_cli.py#381:10432-10433> <13832>
[13060] <request> <D:\projects\pytypes2\new100\cookiecutter\tests\test_cli.py#45:1129-1136> <13059>
[17527] <generate> <D:\projects\pytypes2\new100\cookiecutter\tests\test_generate_files.py#154:5261-5269> <12859>
[17528] <generate_files> <D:\projects\pytypes2\new100\cookiecutter\tests\test_generate_files.py#154:5270-5284> <4486>
[4496] <find_template> <D:\projects\pytypes2\new100\cookiecutter\cookiecutter\generate.py#257:9358-9371> <3786>
[4497] <repo_dir> <D:\projects\pytypes2\new100\cookiecutter\cookiecutter\generate.py#257:9372-9380> <4487>
[3790] <logger> <D:\projects\pytypes2\new100\cookiecutter\cookiecutter\find.py#19:482-488> <3779>
[3796] <repo_dir> <D:\projects\pytypes2\new100\cookiecutter\cookiecutter\find.py#19:543-551> <3787>
[3804] <repo_dir> <D:\projects\pytypes2\new100\cookiecutter\cookiecutter\find.py#21:592-600> <3787>
[20109] <config> <D:\projects\pytypes2\new100\cookiecutter\tests\test_get_user_config.py#123:3817-3823> <12527>
[20110] <USER_CONFIG_PATH> <D:\projects\pytypes2\new100\cookiecutter\tests\test_get_user_config.py#123:3824-3840> <1577>
[20112] <user_config_path> <D:\projects\pytypes2\new100\cookiecutter\tests\test_get_user_config.py#123:3844-3860> <20108>
[16213] <find> <D:\projects\pytypes2\new100\cookiecutter\tests\test_find.py#22:353-357> <16192>
[16214] <find_template> <D:\projects\pytypes2\new100\cookiecutter\tests\test_find.py#22:358-371> <3786>
[16216] <repo_dir> <D:\projects\pytypes2\new100\cookiecutter\tests\test_find.py#22:381-389> <16211>
[12451] <user_config_data> <D:\projects\pytypes2\new100\cookiecutter\tests\repository\test_determine_repo_dir_finds_existing_cookiecutter.py#16:284-300> <12448>
[12461] <cookiecutters_dir> <D:\projects\pytypes2\new100\cookiecutter\tests\repository\test_determine_repo_dir_finds_existing_cookiecutter.py#18:365-382> <12450>
[12462] <template> <D:\projects\pytypes2\new100\cookiecutter\tests\repository\test_determine_repo_dir_finds_existing_cookiecutter.py#18:384-392> <12449>
[12468] <cloned_template_path> <D:\projects\pytypes2\new100\cookiecutter\tests\repository\test_determine_repo_dir_finds_existing_cookiecutter.py#19:408-428> <12455>
[12471] <io> <D:\projects\pytypes2\new100\cookiecutter\tests\repository\test_determine_repo_dir_finds_existing_cookiecutter.py#21:437-439> <12429>
[12479] <cloned_template_path> <D:\projects\pytypes2\new100\cookiecutter\tests\repository\test_determine_repo_dir_finds_existing_cookiecutter.py#21:458-478> <12455>
[12485] <cloned_template_path> <D:\projects\pytypes2\new100\cookiecutter\tests\repository\test_determine_repo_dir_finds_existing_cookiecutter.py#23:521-541> <12455>
[13163] <cli_runner> <D:\projects\pytypes2\new100\cookiecutter\tests\test_cli.py#73:2151-2161> <13161>
[13169] <result> <D:\projects\pytypes2\new100\cookiecutter\tests\test_cli.py#74:2218-2224> <13162>
[13184] <f> <D:\projects\pytypes2\new100\cookiecutter\tests\test_cli.py#77:2399-2400> <13201>
[22107] <exceptions> <D:\projects\pytypes2\new100\cookiecutter\tests\test_repo_not_found.py#9:169-179> <19867>
[22108] <RepositoryNotFound> <D:\projects\pytypes2\new100\cookiecutter\tests\test_repo_not_found.py#9:180-198> <1433>
[23362] <mocker> <D:\projects\pytypes2\new100\cookiecutter\tests\vcs\test_is_vcs_installed.py#14:288-294> <23359>
[23368] <which_return> <D:\projects\pytypes2\new100\cookiecutter\tests\vcs\test_is_vcs_installed.py#17:383-395> <23360>
[23377] <result> <D:\projects\pytypes2\new100\cookiecutter\tests\vcs\test_is_vcs_installed.py#19:446-452> <23361>
[23545] <mocker> <D:\projects\pytypes2\new100\cookiecutter\tests\zipfile\test_unzip.py#66:1812-1818> <23541>
[23556] <tmpdir> <D:\projects\pytypes2\new100\cookiecutter\tests\zipfile\test_unzip.py#72:1957-1963> <23542>
[23580] <InvalidZipRepository> <D:\projects\pytypes2\new100\cookiecutter\tests\zipfile\test_unzip.py#74:2005-2025> <1445>
[23569] <clone_to_dir> <D:\projects\pytypes2\new100\cookiecutter\tests\zipfile\test_unzip.py#78:2166-2178> <23555>
[17841] <tmpdir> <D:\projects\pytypes2\new100\cookiecutter\tests\test_generate_files.py#263:8726-8732> <17838>
[17864] <exceptions> <D:\projects\pytypes2\new100\cookiecutter\tests\test_generate_files.py#265:8775-8785> <16263>
[17865] <UndefinedVariableInTemplate> <D:\projects\pytypes2\new100\cookiecutter\tests\test_generate_files.py#265:8786-8813> <1383>
[17847] <generate> <D:\projects\pytypes2\new100\cookiecutter\tests\test_generate_files.py#266:8832-8840> <12859>
[17848] <generate_files> <D:\projects\pytypes2\new100\cookiecutter\tests\test_generate_files.py#266:8841-8855> <4486>
[17853] <output_dir> <D:\projects\pytypes2\new100\cookiecutter\tests\test_generate_files.py#268:8949-8959> <17840>
[17856] <undefined_context> <D:\projects\pytypes2\new100\cookiecutter\tests\test_generate_files.py#269:8983-9000> <17839>
[4500] <logger> <D:\projects\pytypes2\new100\cookiecutter\cookiecutter\generate.py#258:9387-9393> <3939>
[4506] <template_dir> <D:\projects\pytypes2\new100\cookiecutter\cookiecutter\generate.py#258:9439-9451> <4495>
[4511] <context> <D:\projects\pytypes2\new100\cookiecutter\cookiecutter\generate.py#259:9469-9476> <4488>
[4523] <template_dir> <D:\projects\pytypes2\new100\cookiecutter\cookiecutter\generate.py#261:9534-9546> <4495>
[4528] <ensure_dir_is_templated> <D:\projects\pytypes2\new100\cookiecutter\cookiecutter\generate.py#262:9556-9579> <4423>
[4529] <unrendered_dir> <D:\projects\pytypes2\new100\cookiecutter\cookiecutter\generate.py#262:9580-9594> <4517>
[4428] <dirname> <D:\projects\pytypes2\new100\cookiecutter\cookiecutter\generate.py#217:7823-7830> <4424>
[4431] <dirname> <D:\projects\pytypes2\new100\cookiecutter\cookiecutter\generate.py#217:7843-7850> <4424>
[4533] <StrictEnvironment> <D:\projects\pytypes2\new100\cookiecutter\cookiecutter\generate.py#263:9607-9624> <3668>
[4534] <context> <D:\projects\pytypes2\new100\cookiecutter\cookiecutter\generate.py#264:9643-9650> <4510>
[3678] <StrictEnvironment> <D:\projects\pytypes2\new100\cookiecutter\cookiecutter\environment.py#68:2210-2227> <3668>
[3679] <self> <D:\projects\pytypes2\new100\cookiecutter\cookiecutter\environment.py#68:2229-2233> <3674>
[4556] <unrendered_dir> <D:\projects\pytypes2\new100\cookiecutter\cookiecutter\generate.py#276:10015-10029> <4517>
[4543] <render_and_create_dir> <D:\projects\pytypes2\new100\cookiecutter\cookiecutter\generate.py#268:9755-9776> <4326>
[4544] <unrendered_dir> <D:\projects\pytypes2\new100\cookiecutter\cookiecutter\generate.py#269:9791-9805> <4517>
[4545] <context> <D:\projects\pytypes2\new100\cookiecutter\cookiecutter\generate.py#270:9820-9827> <4510>
[4546] <output_dir> <D:\projects\pytypes2\new100\cookiecutter\cookiecutter\generate.py#271:9842-9852> <4489>
[4547] <env> <D:\projects\pytypes2\new100\cookiecutter\cookiecutter\generate.py#272:9867-9870> <4532>
[4548] <overwrite_if_exists> <D:\projects\pytypes2\new100\cookiecutter\cookiecutter\generate.py#273:9885-9904> <4490>
[4336] <environment> <D:\projects\pytypes2\new100\cookiecutter\cookiecutter\generate.py#186:6867-6878> <4330>
[4339] <dirname> <D:\projects\pytypes2\new100\cookiecutter\cookiecutter\generate.py#186:6891-6898> <4327>
[4343] <name_tmpl> <D:\projects\pytypes2\new100\cookiecutter\cookiecutter\generate.py#187:6924-6933> <4335>
[4346] <context> <D:\projects\pytypes2\new100\cookiecutter\cookiecutter\generate.py#187:6943-6950> <4328>
[4361] <output_dir> <D:\projects\pytypes2\new100\cookiecutter\cookiecutter\generate.py#190:7015-7025> <4329>
[4362] <rendered_dirname> <D:\projects\pytypes2\new100\cookiecutter\cookiecutter\generate.py#190:7027-7043> <4342>
[4366] <logger> <D:\projects\pytypes2\new100\cookiecutter\cookiecutter\generate.py#193:7059-7065> <3939>
[4372] <dir_to_create> <D:\projects\pytypes2\new100\cookiecutter\cookiecutter\generate.py#194:7135-7148> <4350>
[4373] <output_dir> <D:\projects\pytypes2\new100\cookiecutter\cookiecutter\generate.py#195:7159-7169> <4329>
[4383] <dir_to_create> <D:\projects\pytypes2\new100\cookiecutter\cookiecutter\generate.py#198:7220-7233> <4350>
[4386] <output_dir_exists> <D:\projects\pytypes2\new100\cookiecutter\cookiecutter\generate.py#200:7245-7262> <4377>
[4387] <overwrite_if_exists> <D:\projects\pytypes2\new100\cookiecutter\cookiecutter\generate.py#201:7276-7295> <4331>
[4388] <logger> <D:\projects\pytypes2\new100\cookiecutter\cookiecutter\generate.py#202:7310-7316> <3939>
[4394] <dir_to_create> <D:\projects\pytypes2\new100\cookiecutter\cookiecutter\generate.py#204:7420-7433> <4350>
[4403] <dir_to_create> <D:\projects\pytypes2\new100\cookiecutter\cookiecutter\generate.py#207:7530-7543> <4350>
[4411] <dir_to_create> <D:\projects\pytypes2\new100\cookiecutter\cookiecutter\generate.py#210:7636-7649> <4350>
[4416] <dir_to_create> <D:\projects\pytypes2\new100\cookiecutter\cookiecutter\generate.py#212:7665-7678> <4350>
[4417] <output_dir_exists> <D:\projects\pytypes2\new100\cookiecutter\cookiecutter\generate.py#212:7684-7701> <4377>
[4569] <project_dir> <D:\projects\pytypes2\new100\cookiecutter\cookiecutter\generate.py#286:10421-10432> <4540>
[4572] <logger> <D:\projects\pytypes2\new100\cookiecutter\cookiecutter\generate.py#287:10439-10445> <3939>
[4578] <project_dir> <D:\projects\pytypes2\new100\cookiecutter\cookiecutter\generate.py#287:10485-10496> <4563>
[4583] <output_directory_created> <D:\projects\pytypes2\new100\cookiecutter\cookiecutter\generate.py#291:10629-10653> <4541>
[4585] <_run_hook_from_repo_dir> <D:\projects\pytypes2\new100\cookiecutter\cookiecutter\generate.py#293:10661-10684> <4442>
[4586] <repo_dir> <D:\projects\pytypes2\new100\cookiecutter\cookiecutter\generate.py#294:10695-10703> <4487>
[4588] <project_dir> <D:\projects\pytypes2\new100\cookiecutter\cookiecutter\generate.py#296:10742-10753> <4563>
[4589] <context> <D:\projects\pytypes2\new100\cookiecutter\cookiecutter\generate.py#297:10764-10771> <4510>
[4590] <delete_project_on_failure> <D:\projects\pytypes2\new100\cookiecutter\cookiecutter\generate.py#298:10782-10807> <4582>
[4480] <repo_dir> <D:\projects\pytypes2\new100\cookiecutter\cookiecutter\generate.py#234:8480-8488> <4443>
[4457] <delete_project_on_failure> <D:\projects\pytypes2\new100\cookiecutter\cookiecutter\generate.py#238:8613-8638> <4447>
[4459] <project_dir> <D:\projects\pytypes2\new100\cookiecutter\cookiecutter\generate.py#239:8664-8675> <4445>
[4464] <logger> <D:\projects\pytypes2\new100\cookiecutter\cookiecutter\generate.py#240:8690-8696> <3939>
[4470] <hook_name> <D:\projects\pytypes2\new100\cookiecutter\cookiecutter\generate.py#242:8818-8827> <4444>
[4451] <hook_name> <D:\projects\pytypes2\new100\cookiecutter\cookiecutter\generate.py#236:8527-8536> <4444>
[4452] <project_dir> <D:\projects\pytypes2\new100\cookiecutter\cookiecutter\generate.py#236:8538-8549> <4445>
[4453] <context> <D:\projects\pytypes2\new100\cookiecutter\cookiecutter\generate.py#236:8551-8558> <4446>
[4872] <template_dir> <D:\projects\pytypes2\new100\cookiecutter\cookiecutter\generate.py#301:10835-10847> <4495>
[4593] <env> <D:\projects\pytypes2\new100\cookiecutter\cookiecutter\generate.py#302:10859-10862> <4532>
[4616] <dirs> <D:\projects\pytypes2\new100\cookiecutter\cookiecutter\generate.py#311:11251-11255> <4601>
[4628] <root> <D:\projects\pytypes2\new100\cookiecutter\cookiecutter\generate.py#312:11309-11313> <4600>
[4629] <d> <D:\projects\pytypes2\new100\cookiecutter\cookiecutter\generate.py#312:11315-11316> <4615>
[4633] <is_copy_only_path> <D:\projects\pytypes2\new100\cookiecutter\cookiecutter\generate.py#316:11531-11548> <3946>
[4634] <d_> <D:\projects\pytypes2\new100\cookiecutter\cookiecutter\generate.py#316:11549-11551> <4617>
[4635] <context> <D:\projects\pytypes2\new100\cookiecutter\cookiecutter\generate.py#316:11553-11560> <4510>
[3952] <context> <D:\projects\pytypes2\new100\cookiecutter\cookiecutter\generate.py#44:1222-1229> <3948>
[3960] <path> <D:\projects\pytypes2\new100\cookiecutter\cookiecutter\generate.py#45:1303-1307> <3947>
[3961] <dont_render> <D:\projects\pytypes2\new100\cookiecutter\cookiecutter\generate.py#45:1309-1320> <3951>
[4637] <copy_dirs> <D:\projects\pytypes2\new100\cookiecutter\cookiecutter\generate.py#317:11584-11593> <4609>
[4640] <d> <D:\projects\pytypes2\new100\cookiecutter\cookiecutter\generate.py#317:11601-11602> <4615>
[4644] <render_dirs> <D:\projects\pytypes2\new100\cookiecutter\cookiecutter\generate.py#319:11648-11659> <4612>
[4647] <d> <D:\projects\pytypes2\new100\cookiecutter\cookiecutter\generate.py#319:11667-11668> <4615>
[4655] <copy_dirs> <D:\projects\pytypes2\new100\cookiecutter\cookiecutter\generate.py#321:11701-11710> <4609>
[4667] <root> <D:\projects\pytypes2\new100\cookiecutter\cookiecutter\generate.py#322:11767-11771> <4600>
[4668] <copy_dir> <D:\projects\pytypes2\new100\cookiecutter\cookiecutter\generate.py#322:11773-11781> <4654>
[4683] <project_dir> <D:\projects\pytypes2\new100\cookiecutter\cookiecutter\generate.py#323:11840-11851> <4563>
[4684] <indir> <D:\projects\pytypes2\new100\cookiecutter\cookiecutter\generate.py#323:11853-11858> <4656>
[4688] <logger> <D:\projects\pytypes2\new100\cookiecutter\cookiecutter\generate.py#324:11878-11884> <3939>
[4694] <indir> <D:\projects\pytypes2\new100\cookiecutter\cookiecutter\generate.py#326:11985-11990> <4656>
[4695] <outdir> <D:\projects\pytypes2\new100\cookiecutter\cookiecutter\generate.py#326:11992-11998> <4672>
[4702] <indir> <D:\projects\pytypes2\new100\cookiecutter\cookiecutter\generate.py#328:12052-12057> <4656>
[4703] <outdir> <D:\projects\pytypes2\new100\cookiecutter\cookiecutter\generate.py#328:12059-12065> <4672>
[4711] <render_dirs> <D:\projects\pytypes2\new100\cookiecutter\cookiecutter\generate.py#332:12200-12211> <4612>
[4708] <dirs> <D:\projects\pytypes2\new100\cookiecutter\cookiecutter\generate.py#332:12190-12194> <4601>
[4714] <dirs> <D:\projects\pytypes2\new100\cookiecutter\cookiecutter\generate.py#333:12234-12238> <4601>
[4721] <project_dir> <D:\projects\pytypes2\new100\cookiecutter\cookiecutter\generate.py#334:12287-12298> <4563>
[4722] <root> <D:\projects\pytypes2\new100\cookiecutter\cookiecutter\generate.py#334:12300-12304> <4600>
[4723] <d> <D:\projects\pytypes2\new100\cookiecutter\cookiecutter\generate.py#334:12306-12307> <4713>
[4735] <delete_project_on_failure> <D:\projects\pytypes2\new100\cookiecutter\cookiecutter\generate.py#344:12656-12681> <4582>
[4737] <project_dir> <D:\projects\pytypes2\new100\cookiecutter\cookiecutter\generate.py#345:12715-12726> <4563>
[4748] <unrendered_dir> <D:\projects\pytypes2\new100\cookiecutter\cookiecutter\generate.py#346:12772-12786> <4715>
[4749] <output_dir> <D:\projects\pytypes2\new100\cookiecutter\cookiecutter\generate.py#346:12788-12798> <4489>
[4756] <_dir> <D:\projects\pytypes2\new100\cookiecutter\cookiecutter\generate.py#347:12868-12872> <4742>
[4726] <render_and_create_dir> <D:\projects\pytypes2\new100\cookiecutter\cookiecutter\generate.py#336:12352-12373> <4326>
[4727] <unrendered_dir> <D:\projects\pytypes2\new100\cookiecutter\cookiecutter\generate.py#337:12400-12414> <4715>
[4728] <context> <D:\projects\pytypes2\new100\cookiecutter\cookiecutter\generate.py#338:12441-12448> <4510>
[4729] <output_dir> <D:\projects\pytypes2\new100\cookiecutter\cookiecutter\generate.py#339:12475-12485> <4489>
[4730] <env> <D:\projects\pytypes2\new100\cookiecutter\cookiecutter\generate.py#340:12512-12515> <4532>
[4731] <overwrite_if_exists> <D:\projects\pytypes2\new100\cookiecutter\cookiecutter\generate.py#341:12542-12561> <4490>
[4766] <files> <D:\projects\pytypes2\new100\cookiecutter\cookiecutter\generate.py#350:12972-12977> <4602>
[4778] <root> <D:\projects\pytypes2\new100\cookiecutter\cookiecutter\generate.py#351:13035-13039> <4600>
[4779] <f> <D:\projects\pytypes2\new100\cookiecutter\cookiecutter\generate.py#351:13041-13042> <4765>
[4783] <is_copy_only_path> <D:\projects\pytypes2\new100\cookiecutter\cookiecutter\generate.py#352:13065-13082> <3946>
[4784] <infile> <D:\projects\pytypes2\new100\cookiecutter\cookiecutter\generate.py#352:13083-13089> <4767>
[4785] <context> <D:\projects\pytypes2\new100\cookiecutter\cookiecutter\generate.py#352:13091-13098> <4510>
[4788] <env> <D:\projects\pytypes2\new100\cookiecutter\cookiecutter\generate.py#353:13137-13140> <4532>
[4791] <infile> <D:\projects\pytypes2\new100\cookiecutter\cookiecutter\generate.py#353:13153-13159> <4767>
[4795] <outfile_tmpl> <D:\projects\pytypes2\new100\cookiecutter\cookiecutter\generate.py#354:13201-13213> <4787>
[4798] <context> <D:\projects\pytypes2\new100\cookiecutter\cookiecutter\generate.py#354:13223-13230> <4510>
[4808] <project_dir> <D:\projects\pytypes2\new100\cookiecutter\cookiecutter\generate.py#355:13276-13287> <4563>
[4809] <outfile_rendered> <D:\projects\pytypes2\new100\cookiecutter\cookiecutter\generate.py#355:13289-13305> <4794>
[4812] <logger> <D:\projects\pytypes2\new100\cookiecutter\cookiecutter\generate.py#356:13328-13334> <3939>
[4818] <infile> <D:\projects\pytypes2\new100\cookiecutter\cookiecutter\generate.py#358:13444-13450> <4767>
[4819] <outfile> <D:\projects\pytypes2\new100\cookiecutter\cookiecutter\generate.py#358:13452-13459> <4802>
[4826] <infile> <D:\projects\pytypes2\new100\cookiecutter\cookiecutter\generate.py#360:13521-13527> <4767>
[4827] <outfile> <D:\projects\pytypes2\new100\cookiecutter\cookiecutter\generate.py#360:13529-13536> <4802>
[4833] <infile> <D:\projects\pytypes2\new100\cookiecutter\cookiecutter\generate.py#361:13575-13581> <4767>
[4834] <outfile> <D:\projects\pytypes2\new100\cookiecutter\cookiecutter\generate.py#361:13583-13590> <4802>
[4848] <delete_project_on_failure> <D:\projects\pytypes2\new100\cookiecutter\cookiecutter\generate.py#366:13785-13810> <4582>
[4850] <project_dir> <D:\projects\pytypes2\new100\cookiecutter\cookiecutter\generate.py#367:13844-13855> <4563>
[4859] <infile> <D:\projects\pytypes2\new100\cookiecutter\cookiecutter\generate.py#368:13920-13926> <4767>
[4840] <generate_file> <D:\projects\pytypes2\new100\cookiecutter\cookiecutter\generate.py#364:13665-13678> <4146>
[4841] <project_dir> <D:\projects\pytypes2\new100\cookiecutter\cookiecutter\generate.py#364:13679-13690> <4563>
[4842] <infile> <D:\projects\pytypes2\new100\cookiecutter\cookiecutter\generate.py#364:13692-13698> <4767>
[4843] <context> <D:\projects\pytypes2\new100\cookiecutter\cookiecutter\generate.py#364:13700-13707> <4510>
[4844] <env> <D:\projects\pytypes2\new100\cookiecutter\cookiecutter\generate.py#364:13709-13712> <4532>
[4153] <logger> <D:\projects\pytypes2\new100\cookiecutter\cookiecutter\generate.py#138:5020-5026> <3939>
[4159] <infile> <D:\projects\pytypes2\new100\cookiecutter\cookiecutter\generate.py#138:5061-5067> <4148>
[4164] <env> <D:\projects\pytypes2\new100\cookiecutter\cookiecutter\generate.py#141:5171-5174> <4150>
[4167] <infile> <D:\projects\pytypes2\new100\cookiecutter\cookiecutter\generate.py#141:5187-5193> <4148>
[4176] <project_dir> <D:\projects\pytypes2\new100\cookiecutter\cookiecutter\generate.py#143:5225-5236> <4147>
[4177] <outfile_tmpl> <D:\projects\pytypes2\new100\cookiecutter\cookiecutter\generate.py#143:5238-5250> <4163>
[4180] <context> <D:\projects\pytypes2\new100\cookiecutter\cookiecutter\generate.py#143:5260-5267> <4149>
[4191] <outfile> <D:\projects\pytypes2\new100\cookiecutter\cookiecutter\generate.py#144:5310-5317> <4170>
[4194] <file_name_is_empty> <D:\projects\pytypes2\new100\cookiecutter\cookiecutter\generate.py#145:5327-5345> <4185>
[4195] <logger> <D:\projects\pytypes2\new100\cookiecutter\cookiecutter\generate.py#146:5356-5362> <3939>
[4201] <outfile> <D:\projects\pytypes2\new100\cookiecutter\cookiecutter\generate.py#146:5416-5423> <4170>
[4208] <logger> <D:\projects\pytypes2\new100\cookiecutter\cookiecutter\generate.py#149:5449-5455> <3939>
[4214] <outfile> <D:\projects\pytypes2\new100\cookiecutter\cookiecutter\generate.py#149:5491-5498> <4170>
[4218] <logger> <D:\projects\pytypes2\new100\cookiecutter\cookiecutter\generate.py#152:5558-5564> <3939>
[4224] <infile> <D:\projects\pytypes2\new100\cookiecutter\cookiecutter\generate.py#152:5613-5619> <4148>
[4229] <infile> <D:\projects\pytypes2\new100\cookiecutter\cookiecutter\generate.py#153:5640-5646> <4148>
[4231] <logger> <D:\projects\pytypes2\new100\cookiecutter\cookiecutter\generate.py#154:5658-5664> <3939>
[4237] <infile> <D:\projects\pytypes2\new100\cookiecutter\cookiecutter\generate.py#156:5752-5758> <4148>
[4238] <outfile> <D:\projects\pytypes2\new100\cookiecutter\cookiecutter\generate.py#156:5760-5767> <4170>
[4245] <infile> <D:\projects\pytypes2\new100\cookiecutter\cookiecutter\generate.py#158:5805-5811> <4148>
[4246] <outfile> <D:\projects\pytypes2\new100\cookiecutter\cookiecutter\generate.py#158:5813-5820> <4170>
[4251] <infile> <D:\projects\pytypes2\new100\cookiecutter\cookiecutter\generate.py#162:5963-5969> <4148>
[4263] <env> <D:\projects\pytypes2\new100\cookiecutter\cookiecutter\generate.py#166:6059-6062> <4150>
[4266] <infile_fwd_slashes> <D:\projects\pytypes2\new100\cookiecutter\cookiecutter\generate.py#166:6076-6094> <4250>
[4280] <tmpl> <D:\projects\pytypes2\new100\cookiecutter\cookiecutter\generate.py#172:6364-6368> <4262>
[4283] <context> <D:\projects\pytypes2\new100\cookiecutter\cookiecutter\generate.py#172:6378-6385> <4149>
[4287] <logger> <D:\projects\pytypes2\new100\cookiecutter\cookiecutter\generate.py#174:6398-6404> <3939>
[4293] <outfile> <D:\projects\pytypes2\new100\cookiecutter\cookiecutter\generate.py#174:6448-6455> <4170>
[4304] <io> <D:\projects\pytypes2\new100\cookiecutter\cookiecutter\generate.py#176:6474-6476> <3872>
[4307] <outfile> <D:\projects\pytypes2\new100\cookiecutter\cookiecutter\generate.py#176:6482-6489> <4170>
[4297] <fh> <D:\projects\pytypes2\new100\cookiecutter\cookiecutter\generate.py#177:6534-6536> <4312>
[4300] <rendered_file> <D:\projects\pytypes2\new100\cookiecutter\cookiecutter\generate.py#177:6543-6556> <4279>
[4320] <infile> <D:\projects\pytypes2\new100\cookiecutter\cookiecutter\generate.py#180:6626-6632> <4148>
[4321] <outfile> <D:\projects\pytypes2\new100\cookiecutter\cookiecutter\generate.py#180:6634-6641> <4170>
[4876] <_run_hook_from_repo_dir> <D:\projects\pytypes2\new100\cookiecutter\cookiecutter\generate.py#371:14009-14032> <4442>
[4877] <repo_dir> <D:\projects\pytypes2\new100\cookiecutter\cookiecutter\generate.py#372:14043-14051> <4487>
[4879] <project_dir> <D:\projects\pytypes2\new100\cookiecutter\cookiecutter\generate.py#374:14091-14102> <4563>
[4880] <context> <D:\projects\pytypes2\new100\cookiecutter\cookiecutter\generate.py#375:14113-14120> <4510>
[4881] <delete_project_on_failure> <D:\projects\pytypes2\new100\cookiecutter\cookiecutter\generate.py#376:14131-14156> <4582>
[4884] <project_dir> <D:\projects\pytypes2\new100\cookiecutter\cookiecutter\generate.py#379:14178-14189> <4563>
[17872] <err> <D:\projects\pytypes2\new100\cookiecutter\tests\test_generate_files.py#271:9025-9028> <17868>
[17877] <error> <D:\projects\pytypes2\new100\cookiecutter\tests\test_generate_files.py#272:9087-9092> <17871>
[17882] <error> <D:\projects\pytypes2\new100\cookiecutter\tests\test_generate_files.py#273:9113-9118> <17871>
[17885] <undefined_context> <D:\projects\pytypes2\new100\cookiecutter\tests\test_generate_files.py#273:9130-9147> <17839>
[17888] <output_dir> <D:\projects\pytypes2\new100\cookiecutter\tests\test_generate_files.py#275:9166-9176> <17840>
[13070] <cli_runner> <D:\projects\pytypes2\new100\cookiecutter\tests\test_cli.py#49:1214-1224> <13067>
[13071] <version_cli_flag> <D:\projects\pytypes2\new100\cookiecutter\tests\test_cli.py#49:1225-1241> <13068>
[13074] <result> <D:\projects\pytypes2\new100\cookiecutter\tests\test_cli.py#50:1255-1261> <13069>
[13080] <result> <D:\projects\pytypes2\new100\cookiecutter\tests\test_cli.py#51:1289-1295> <13069>
[18073] <tmpdir> <D:\projects\pytypes2\new100\cookiecutter\tests\test_generate_files.py#323:10744-10750> <18071>
[18096] <exceptions> <D:\projects\pytypes2\new100\cookiecutter\tests\test_generate_files.py#325:10793-10803> <16263>
[18097] <UndefinedVariableInTemplate> <D:\projects\pytypes2\new100\cookiecutter\tests\test_generate_files.py#325:10804-10831> <1383>
[18079] <generate> <D:\projects\pytypes2\new100\cookiecutter\tests\test_generate_files.py#326:10850-10858> <12859>
[18080] <generate_files> <D:\projects\pytypes2\new100\cookiecutter\tests\test_generate_files.py#326:10859-10873> <4486>
[18085] <output_dir> <D:\projects\pytypes2\new100\cookiecutter\tests\test_generate_files.py#328:10963-10973> <18072>
[18104] <err> <D:\projects\pytypes2\new100\cookiecutter\tests\test_generate_files.py#331:11024-11027> <18100>
[18111] <msg> <D:\projects\pytypes2\new100\cookiecutter\tests\test_generate_files.py#333:11126-11129> <18108>
[18112] <error> <D:\projects\pytypes2\new100\cookiecutter\tests\test_generate_files.py#333:11133-11138> <18103>
[18117] <error> <D:\projects\pytypes2\new100\cookiecutter\tests\test_generate_files.py#334:11159-11164> <18103>
[18123] <output_dir> <D:\projects\pytypes2\new100\cookiecutter\tests\test_generate_files.py#336:11197-11207> <18072>
[18215] <request> <D:\projects\pytypes2\new100\cookiecutter\tests\test_generate_hooks.py#44:1131-1138> <18182>
[18218] <fin_remove_additional_folders> <D:\projects\pytypes2\new100\cookiecutter\tests\test_generate_hooks.py#44:1152-1181> <18185>
[20217] <monkeypatch> <D:\projects\pytypes2\new100\cookiecutter\tests\test_get_user_config.py#156:4910-4921> <20216>
[20228] <config> <D:\projects\pytypes2\new100\cookiecutter\tests\test_get_user_config.py#160:5047-5053> <12527>
[20229] <get_user_config> <D:\projects\pytypes2\new100\cookiecutter\tests\test_get_user_config.py#160:5054-5069> <1780>
[20231] <config_file> <D:\projects\pytypes2\new100\cookiecutter\tests\test_get_user_config.py#160:5070-5081> <20224>
[1786] <default_config> <D:\projects\pytypes2\new100\cookiecutter\cookiecutter\config.py#105:3295-3309> <1782>
[1790] <DEFAULT_CONFIG> <D:\projects\pytypes2\new100\cookiecutter\cookiecutter\config.py#106:3337-3351> <1595>
[1795] <config_file> <D:\projects\pytypes2\new100\cookiecutter\cookiecutter\config.py#109:3397-3408> <1781>
[1796] <config_file> <D:\projects\pytypes2\new100\cookiecutter\cookiecutter\config.py#109:3413-3424> <1781>
[1797] <USER_CONFIG_PATH> <D:\projects\pytypes2\new100\cookiecutter\cookiecutter\config.py#109:3432-3448> <1577>
[1800] <get_config> <D:\projects\pytypes2\new100\cookiecutter\cookiecutter\config.py#110:3466-3476> <1695>
[1801] <config_file> <D:\projects\pytypes2\new100\cookiecutter\cookiecutter\config.py#110:3477-3488> <1781>
[1704] <config_path> <D:\projects\pytypes2\new100\cookiecutter\cookiecutter\config.py#64:1723-1734> <1696>
[1710] <logger> <D:\projects\pytypes2\new100\cookiecutter\cookiecutter\config.py#67:1787-1793> <1570>
[1716] <config_path> <D:\projects\pytypes2\new100\cookiecutter\cookiecutter\config.py#67:1828-1839> <1696>
[1736] <io> <D:\projects\pytypes2\new100\cookiecutter\cookiecutter\config.py#68:1852-1854> <1553>
[1739] <config_path> <D:\projects\pytypes2\new100\cookiecutter\cookiecutter\config.py#68:1860-1871> <1696>
[1724] <file_handle> <D:\projects\pytypes2\new100\cookiecutter\cookiecutter\config.py#70:1964-1975> <1743>
[1747] <merge_configs> <D:\projects\pytypes2\new100\cookiecutter\cookiecutter\config.py#77:2215-2228> <1648>
[1748] <DEFAULT_CONFIG> <D:\projects\pytypes2\new100\cookiecutter\cookiecutter\config.py#77:2229-2243> <1595>
[1749] <yaml_dict> <D:\projects\pytypes2\new100\cookiecutter\cookiecutter\config.py#77:2245-2254> <1720>
[1657] <default> <D:\projects\pytypes2\new100\cookiecutter\cookiecutter\config.py#49:1268-1275> <1649>
[1663] <overwrite> <D:\projects\pytypes2\new100\cookiecutter\cookiecutter\config.py#51:1296-1305> <1650>
[1668] <v> <D:\projects\pytypes2\new100\cookiecutter\cookiecutter\config.py#54:1442-1443> <1661>
[1674] <merge_configs> <D:\projects\pytypes2\new100\cookiecutter\cookiecutter\config.py#55:1481-1494> <1648>
[1675] <default> <D:\projects\pytypes2\new100\cookiecutter\cookiecutter\config.py#55:1495-1502> <1649>
[1676] <k> <D:\projects\pytypes2\new100\cookiecutter\cookiecutter\config.py#55:1503-1504> <1660>
[1678] <v> <D:\projects\pytypes2\new100\cookiecutter\cookiecutter\config.py#55:1507-1508> <1661>
[1671] <new_config> <D:\projects\pytypes2\new100\cookiecutter\cookiecutter\config.py#55:1465-1475> <1653>
[1672] <k> <D:\projects\pytypes2\new100\cookiecutter\cookiecutter\config.py#55:1476-1477> <1660>
[1685] <v> <D:\projects\pytypes2\new100\cookiecutter\cookiecutter\config.py#57:1554-1555> <1661>
[1682] <new_config> <D:\projects\pytypes2\new100\cookiecutter\cookiecutter\config.py#57:1538-1548> <1653>
[1683] <k> <D:\projects\pytypes2\new100\cookiecutter\cookiecutter\config.py#57:1549-1550> <1660>
[1691] <new_config> <D:\projects\pytypes2\new100\cookiecutter\cookiecutter\config.py#59:1570-1580> <1653>
[1753] <config_dict> <D:\projects\pytypes2\new100\cookiecutter\cookiecutter\config.py#79:2280-2291> <1746>
[1760] <_expand_path> <D:\projects\pytypes2\new100\cookiecutter\cookiecutter\config.py#80:2339-2351> <1622>
[1761] <raw_replay_dir> <D:\projects\pytypes2\new100\cookiecutter\cookiecutter\config.py#80:2352-2366> <1752>
[1632] <path> <D:\projects\pytypes2\new100\cookiecutter\cookiecutter\config.py#38:946-950> <1623>
[1641] <path> <D:\projects\pytypes2\new100\cookiecutter\cookiecutter\config.py#39:983-987> <1626>
[1644] <path> <D:\projects\pytypes2\new100\cookiecutter\cookiecutter\config.py#40:1001-1005> <1635>
[1757] <config_dict> <D:\projects\pytypes2\new100\cookiecutter\cookiecutter\config.py#80:2311-2322> <1746>
[1765] <config_dict> <D:\projects\pytypes2\new100\cookiecutter\cookiecutter\config.py#82:2393-2404> <1746>
[1772] <_expand_path> <D:\projects\pytypes2\new100\cookiecutter\cookiecutter\config.py#83:2466-2478> <1622>
[1773] <raw_cookies_dir> <D:\projects\pytypes2\new100\cookiecutter\cookiecutter\config.py#83:2479-2494> <1764>
[1769] <config_dict> <D:\projects\pytypes2\new100\cookiecutter\cookiecutter\config.py#83:2431-2442> <1746>
[1776] <config_dict> <D:\projects\pytypes2\new100\cookiecutter\cookiecutter\config.py#85:2510-2521> <1746>
[1824] <USER_CONFIG_PATH> <D:\projects\pytypes2\new100\cookiecutter\cookiecutter\config.py#118:3769-3785> <1577>
[1826] <get_config> <D:\projects\pytypes2\new100\cookiecutter\cookiecutter\config.py#119:3808-3818> <1695>
[1827] <USER_CONFIG_PATH> <D:\projects\pytypes2\new100\cookiecutter\cookiecutter\config.py#119:3819-3835> <1577>
[1834] <DEFAULT_CONFIG> <D:\projects\pytypes2\new100\cookiecutter\cookiecutter\config.py#121:3882-3896> <1595>
[1814] <get_config> <D:\projects\pytypes2\new100\cookiecutter\cookiecutter\config.py#125:4069-4079> <1695>
[1815] <env_config_file> <D:\projects\pytypes2\new100\cookiecutter\cookiecutter\config.py#125:4080-4095> <1806>
[20234] <user_config> <D:\projects\pytypes2\new100\cookiecutter\tests\test_get_user_config.py#161:5095-5106> <20227>
[20240] <user_config> <D:\projects\pytypes2\new100\cookiecutter\tests\test_get_user_config.py#162:5169-5180> <20227>
[18350] <FailedHookException> <D:\projects\pytypes2\new100\cookiecutter\tests\test_generate_hooks.py#89:2807-2826> <1377>
[18331] <generate> <D:\projects\pytypes2\new100\cookiecutter\tests\test_generate_hooks.py#90:2849-2857> <12859>
[18332] <generate_files> <D:\projects\pytypes2\new100\cookiecutter\tests\test_generate_hooks.py#90:2858-2872> <4486>
[18357] <excinfo> <D:\projects\pytypes2\new100\cookiecutter\tests\test_generate_hooks.py#97:3107-3114> <18352>
[21100] <request> <D:\projects\pytypes2\new100\cookiecutter\tests\test_output_folder.py#28:648-655> <21079>
[21103] <finalizer_remove_output_folder> <D:\projects\pytypes2\new100\cookiecutter\tests\test_output_folder.py#28:669-699> <21082>
[8508] <template_name> <D:\projects\pytypes2\new100\cookiecutter\cookiecutter\replay.py#20:350-363> <8501>
[8516] <replay_dir> <D:\projects\pytypes2\new100\cookiecutter\cookiecutter\replay.py#21:390-400> <8500>
[8517] <file_name> <D:\projects\pytypes2\new100\cookiecutter\cookiecutter\replay.py#21:402-411> <8504>
[22194] <mocker> <D:\projects\pytypes2\new100\cookiecutter\tests\test_specify_output_dir.py#40:915-921> <22193>
[23749] <mocker> <D:\projects\pytypes2\new100\cookiecutter\tests\zipfile\test_unzip.py#150:4278-4284> <23745>
[23760] <tmpdir> <D:\projects\pytypes2\new100\cookiecutter\tests\zipfile\test_unzip.py#156:4423-4429> <23746>
[23782] <InvalidZipRepository> <D:\projects\pytypes2\new100\cookiecutter\tests\zipfile\test_unzip.py#158:4471-4491> <1445>
[23773] <clone_to_dir> <D:\projects\pytypes2\new100\cookiecutter\tests\zipfile\test_unzip.py#162:4613-4625> <23759>
[11781] <mocker> <D:\projects\pytypes2\new100\cookiecutter\tests\replay\test_replay.py#35:835-841> <11779>
[11788] <mocker> <D:\projects\pytypes2\new100\cookiecutter\tests\replay\test_replay.py#36:911-917> <11779>
[11795] <mocker> <D:\projects\pytypes2\new100\cookiecutter\tests\replay\test_replay.py#37:984-990> <11779>
[11802] <mocker> <D:\projects\pytypes2\new100\cookiecutter\tests\replay\test_replay.py#38:1057-1063> <11779>
[11809] <mocker> <D:\projects\pytypes2\new100\cookiecutter\tests\replay\test_replay.py#39:1120-1126> <11779>
[11823] <mock_prompt> <D:\projects\pytypes2\new100\cookiecutter\tests\replay\test_replay.py#43:1240-1251> <11780>
[11828] <mock_gen_context> <D:\projects\pytypes2\new100\cookiecutter\tests\replay\test_replay.py#44:1275-1291> <11787>
[11833] <mock_replay_dump> <D:\projects\pytypes2\new100\cookiecutter\tests\replay\test_replay.py#45:1315-1331> <11801>
[11838] <mock_replay_load> <D:\projects\pytypes2\new100\cookiecutter\tests\replay\test_replay.py#46:1351-1367> <11808>
[11842] <mock_gen_files> <D:\projects\pytypes2\new100\cookiecutter\tests\replay\test_replay.py#47:1387-1401> <11794>
[20836] <debug_logger> <D:\projects\pytypes2\new100\cookiecutter\tests\test_log.py#101:2646-2658> <20830>
[20841] <stream_handler> <D:\projects\pytypes2\new100\cookiecutter\tests\test_log.py#102:2691-2705> <20834>
[20847] <stream_handler> <D:\projects\pytypes2\new100\cookiecutter\tests\test_log.py#103:2742-2756> <20834>
[20855] <create_log_records> <D:\projects\pytypes2\new100\cookiecutter\tests\test_log.py#105:2787-2805> <20649>
[20671] <cookiecutter_logger> <D:\projects\pytypes2\new100\cookiecutter\tests\test_log.py#15:326-345> <20650>
[20677] <cookiecutter_logger> <D:\projects\pytypes2\new100\cookiecutter\tests\test_log.py#16:383-402> <20650>
[20683] <foo_logger> <D:\projects\pytypes2\new100\cookiecutter\tests\test_log.py#17:455-465> <20657>
[20689] <foobar_logger> <D:\projects\pytypes2\new100\cookiecutter\tests\test_log.py#18:513-526> <20664>
[20695] <foobar_logger> <D:\projects\pytypes2\new100\cookiecutter\tests\test_log.py#19:555-568> <20664>
[20701] <foo_logger> <D:\projects\pytypes2\new100\cookiecutter\tests\test_log.py#20:611-621> <20657>
[20707] <cookiecutter_logger> <D:\projects\pytypes2\new100\cookiecutter\tests\test_log.py#21:667-686> <20650>
[20865] <caplog> <D:\projects\pytypes2\new100\cookiecutter\tests\test_log.py#109:2887-2893> <20829>
[20868] <r> <D:\projects\pytypes2\new100\cookiecutter\tests\test_log.py#110:2914-2915> <20864>
[20871] <stream_handler> <D:\projects\pytypes2\new100\cookiecutter\tests\test_log.py#110:2927-2941> <20834>
[20864] <r> <D:\projects\pytypes2\new100\cookiecutter\tests\test_log.py#109:2882-2883> <20864>
[20859] <stream_handler> <D:\projects\pytypes2\new100\cookiecutter\tests\test_log.py#108:2844-2858> <20834>
[20862] <r> <D:\projects\pytypes2\new100\cookiecutter\tests\test_log.py#108:2866-2867> <20864>
[20878] <stream_messages> <D:\projects\pytypes2\new100\cookiecutter\tests\test_log.py#113:2969-2984> <20858>
[20879] <debug_messages> <D:\projects\pytypes2\new100\cookiecutter\tests\test_log.py#113:2988-3002> <20831>
[11107] <tmpdir_factory> <D:\projects\pytypes2\new100\cookiecutter\tests\conftest.py#155:5377-5391> <11104>
[12496] <repository> <D:\projects\pytypes2\new100\cookiecutter\tests\repository\test_determine_repo_dir_finds_existing_cookiecutter.py#28:683-693> <11932>
[12497] <determine_repo_dir> <D:\projects\pytypes2\new100\cookiecutter\tests\repository\test_determine_repo_dir_finds_existing_cookiecutter.py#28:694-712> <8766>
[12499] <template> <D:\projects\pytypes2\new100\cookiecutter\tests\repository\test_determine_repo_dir_finds_existing_cookiecutter.py#29:723-731> <12490>
[12502] <user_config_data> <D:\projects\pytypes2\new100\cookiecutter\tests\repository\test_determine_repo_dir_finds_existing_cookiecutter.py#31:782-798> <12491>
[23793] <mocker> <D:\projects\pytypes2\new100\cookiecutter\tests\zipfile\test_unzip.py#168:4763-4769> <23789>
[23804] <tmpdir> <D:\projects\pytypes2\new100\cookiecutter\tests\zipfile\test_unzip.py#174:4908-4914> <23790>
[23826] <InvalidZipRepository> <D:\projects\pytypes2\new100\cookiecutter\tests\zipfile\test_unzip.py#176:4956-4976> <1445>
[23817] <clone_to_dir> <D:\projects\pytypes2\new100\cookiecutter\tests\zipfile\test_unzip.py#180:5103-5115> <23803>
[22515] <mocker> <D:\projects\pytypes2\new100\cookiecutter\tests\test_utils.py#76:1993-1999> <22510>
[22526] <tmpdir> <D:\projects\pytypes2\new100\cookiecutter\tests\test_utils.py#81:2129-2135> <22511>
[22537] <repo_dir> <D:\projects\pytypes2\new100\cookiecutter\tests\test_utils.py#83:2195-2203> <22525>
[22541] <mock_read_user> <D:\projects\pytypes2\new100\cookiecutter\tests\test_utils.py#85:2220-2234> <22514>
[22545] <repo_dir> <D:\projects\pytypes2\new100\cookiecutter\tests\test_utils.py#86:2258-2266> <22525>
[22551] <deleted> <D:\projects\pytypes2\new100\cookiecutter\tests\test_utils.py#87:2288-2295> <22532>
[22773] <mocker> <D:\projects\pytypes2\new100\cookiecutter\tests\test_utils.py#174:4881-4887> <22768>
[22784] <tmpdir> <D:\projects\pytypes2\new100\cookiecutter\tests\test_utils.py#180:5021-5027> <22769>
[22790] <repo_file> <D:\projects\pytypes2\new100\cookiecutter\tests\test_utils.py#181:5050-5059> <22783>
[22801] <repo_file> <D:\projects\pytypes2\new100\cookiecutter\tests\test_utils.py#183:5138-5147> <22783>
[22807] <mock_read_user> <D:\projects\pytypes2\new100\cookiecutter\tests\test_utils.py#185:5183-5197> <22772>
[22812] <repo_file> <D:\projects\pytypes2\new100\cookiecutter\tests\test_utils.py#186:5221-5230> <22783>
[22818] <deleted> <D:\projects\pytypes2\new100\cookiecutter\tests\test_utils.py#187:5252-5259> <22796>
[23312] <repo_url> <D:\projects\pytypes2\new100\cookiecutter\tests\vcs\test_identify_repo.py#43:1506-1514> <23306>
[23314] <exp_repo_type> <D:\projects\pytypes2\new100\cookiecutter\tests\vcs\test_identify_repo.py#43:1520-1533> <23307>
[23315] <exp_repo_url> <D:\projects\pytypes2\new100\cookiecutter\tests\vcs\test_identify_repo.py#43:1535-1547> <23308>
[11120] <user_dir> <D:\projects\pytypes2\new100\cookiecutter\tests\conftest.py#167:5725-5733> <11116>
[11127] <user_dir> <D:\projects\pytypes2\new100\cookiecutter\tests\conftest.py#168:5775-5783> <11116>
[11136] <cookiecutters_dir> <D:\projects\pytypes2\new100\cookiecutter\tests\conftest.py#171:5863-5880> <11119>
[11139] <replay_dir> <D:\projects\pytypes2\new100\cookiecutter\tests\conftest.py#172:5910-5920> <11126>
[8666] <REPO_REGEX> <D:\projects\pytypes2\new100\cookiecutter\cookiecutter\repository.py#24:586-596> <8651>
[8669] <value> <D:\projects\pytypes2\new100\cookiecutter\cookiecutter\repository.py#24:603-608> <8662>
[13446] <mocker> <D:\projects\pytypes2\new100\cookiecutter\tests\test_cli.py#207:5840-5846> <13441>
[13456] <cli_runner> <D:\projects\pytypes2\new100\cookiecutter\tests\test_cli.py#212:5962-5972> <13442>
[13457] <template_path> <D:\projects\pytypes2\new100\cookiecutter\tests\test_cli.py#212:5973-5986> <13452>
[13458] <output_dir_flag> <D:\projects\pytypes2\new100\cookiecutter\tests\test_cli.py#212:5988-6003> <13443>
[13459] <output_dir> <D:\projects\pytypes2\new100\cookiecutter\tests\test_cli.py#212:6005-6015> <13444>
[13462] <result> <D:\projects\pytypes2\new100\cookiecutter\tests\test_cli.py#214:6031-6037> <13455>
[13468] <mock_cookiecutter> <D:\projects\pytypes2\new100\cookiecutter\tests\test_cli.py#215:6058-6075> <13445>
[13471] <template_path> <D:\projects\pytypes2\new100\cookiecutter\tests\test_cli.py#216:6110-6123> <13452>
[13477] <output_dir> <D:\projects\pytypes2\new100\cookiecutter\tests\test_cli.py#221:6235-6245> <13444>
[21856] <mocker> <D:\projects\pytypes2\new100\cookiecutter\tests\test_read_user_dict.py#83:1835-1841> <21854>
[21875] <prompt> <D:\projects\pytypes2\new100\cookiecutter\tests\test_read_user_dict.py#88:1963-1969> <21855>
[13633] <mocker> <D:\projects\pytypes2\new100\cookiecutter\tests\test_cli.py#297:8160-8166> <13630>
[13643] <cli_runner> <D:\projects\pytypes2\new100\cookiecutter\tests\test_cli.py#302:8282-8292> <13631>
[13644] <template_path> <D:\projects\pytypes2\new100\cookiecutter\tests\test_cli.py#302:8293-8306> <13639>
[13648] <result> <D:\projects\pytypes2\new100\cookiecutter\tests\test_cli.py#304:8342-8348> <13642>
[13654] <mock_cookiecutter> <D:\projects\pytypes2\new100\cookiecutter\tests\test_cli.py#305:8369-8386> <13632>
[13657] <template_path> <D:\projects\pytypes2\new100\cookiecutter\tests\test_cli.py#306:8421-8434> <13639>
[8695] <template> <D:\projects\pytypes2\new100\cookiecutter\cookiecutter\repository.py#38:956-964> <8691>
[8696] <abbreviations> <D:\projects\pytypes2\new100\cookiecutter\cookiecutter\repository.py#38:968-981> <8692>
[8698] <abbreviations> <D:\projects\pytypes2\new100\cookiecutter\cookiecutter\repository.py#39:999-1012> <8692>
[8699] <template> <D:\projects\pytypes2\new100\cookiecutter\cookiecutter\repository.py#39:1013-1021> <8691>
[8708] <template> <D:\projects\pytypes2\new100\cookiecutter\cookiecutter\repository.py#43:1159-1167> <8691>
[8714] <prefix> <D:\projects\pytypes2\new100\cookiecutter\cookiecutter\repository.py#44:1191-1197> <8704>
[8715] <abbreviations> <D:\projects\pytypes2\new100\cookiecutter\cookiecutter\repository.py#44:1201-1214> <8692>
[8717] <abbreviations> <D:\projects\pytypes2\new100\cookiecutter\cookiecutter\repository.py#45:1232-1245> <8692>
[8718] <prefix> <D:\projects\pytypes2\new100\cookiecutter\cookiecutter\repository.py#45:1246-1252> <8704>
[8722] <rest> <D:\projects\pytypes2\new100\cookiecutter\cookiecutter\repository.py#45:1261-1265> <8706>
[8727] <template> <D:\projects\pytypes2\new100\cookiecutter\cookiecutter\repository.py#47:1281-1289> <8691>
[17146] <exceptions> <D:\projects\pytypes2\new100\cookiecutter\tests\test_generate_files.py#38:1161-1171> <16263>
[17147] <NonTemplatedInputDirException> <D:\projects\pytypes2\new100\cookiecutter\tests\test_generate_files.py#38:1172-1201> <1317>
[17136] <generate> <D:\projects\pytypes2\new100\cookiecutter\tests\test_generate_files.py#39:1213-1221> <12859>
[17137] <ensure_dir_is_templated> <D:\projects\pytypes2\new100\cookiecutter\tests\test_generate_files.py#39:1222-1245> <4423>
[17139] <invalid_dirname> <D:\projects\pytypes2\new100\cookiecutter\tests\test_generate_files.py#39:1246-1261> <17135>
[16377] <ContextDecodingException> <D:\projects\pytypes2\new100\cookiecutter\tests\test_generate_context.py#83:2234-2258> <1359>
[16367] <generate> <D:\projects\pytypes2\new100\cookiecutter\tests\test_generate_context.py#84:2281-2289> <12859>
[16368] <generate_context> <D:\projects\pytypes2\new100\cookiecutter\tests\test_generate_context.py#84:2290-2306> <4036>
[4071] <context_file> <D:\projects\pytypes2\new100\cookiecutter\cookiecutter\generate.py#94:3290-3302> <4037>
[4083] <full_fpath> <D:\projects\pytypes2\new100\cookiecutter\cookiecutter\generate.py#98:3478-3488> <4065>
[4084] <json_exc_message> <D:\projects\pytypes2\new100\cookiecutter\cookiecutter\generate.py#98:3490-3506> <4074>
[4059] <context_file> <D:\projects\pytypes2\new100\cookiecutter\cookiecutter\generate.py#89:2999-3011> <4037>
[4052] <file_handle> <D:\projects\pytypes2\new100\cookiecutter\cookiecutter\generate.py#90:3058-3069> <4061>
[4097] <context_file> <D:\projects\pytypes2\new100\cookiecutter\cookiecutter\generate.py#102:3654-3666> <4037>
[4103] <file_name> <D:\projects\pytypes2\new100\cookiecutter\cookiecutter\generate.py#103:3688-3697> <4091>
[4114] <obj> <D:\projects\pytypes2\new100\cookiecutter\cookiecutter\generate.py#104:3738-3741> <4048>
[4111] <context> <D:\projects\pytypes2\new100\cookiecutter\cookiecutter\generate.py#104:3717-3724> <4043>
[4112] <file_stem> <D:\projects\pytypes2\new100\cookiecutter\cookiecutter\generate.py#104:3725-3734> <4102>
[4116] <default_context> <D:\projects\pytypes2\new100\cookiecutter\cookiecutter\generate.py#108:3871-3886> <4038>
[4117] <apply_overwrites_to_context> <D:\projects\pytypes2\new100\cookiecutter\cookiecutter\generate.py#109:3897-3924> <3979>
[4118] <obj> <D:\projects\pytypes2\new100\cookiecutter\cookiecutter\generate.py#109:3925-3928> <4048>
[4119] <default_context> <D:\projects\pytypes2\new100\cookiecutter\cookiecutter\generate.py#109:3930-3945> <4038>
[4124] <extra_context> <D:\projects\pytypes2\new100\cookiecutter\cookiecutter\generate.py#110:3955-3968> <4039>
[4125] <apply_overwrites_to_context> <D:\projects\pytypes2\new100\cookiecutter\cookiecutter\generate.py#111:3979-4006> <3979>
[4126] <obj> <D:\projects\pytypes2\new100\cookiecutter\cookiecutter\generate.py#111:4007-4010> <4048>
[4127] <extra_context> <D:\projects\pytypes2\new100\cookiecutter\cookiecutter\generate.py#111:4012-4025> <4039>
[4132] <logger> <D:\projects\pytypes2\new100\cookiecutter\cookiecutter\generate.py#113:4034-4040> <3939>
[4138] <context> <D:\projects\pytypes2\new100\cookiecutter\cookiecutter\generate.py#113:4080-4087> <4043>
[4142] <context> <D:\projects\pytypes2\new100\cookiecutter\cookiecutter\generate.py#114:4102-4109> <4043>
[16388] <pattern> <D:\projects\pytypes2\new100\cookiecutter\tests\test_generate_context.py#92:2584-2591> <16382>
[16390] <excinfo> <D:\projects\pytypes2\new100\cookiecutter\tests\test_generate_context.py#92:2597-2604> <16379>
[16410] <path> <D:\projects\pytypes2\new100\cookiecutter\tests\test_generate_context.py#100:2986-2990> <16396>
[16412] <excinfo> <D:\projects\pytypes2\new100\cookiecutter\tests\test_generate_context.py#100:2998-3005> <16379>
[10378] <app> <D:\projects\pytypes2\new100\cookiecutter\docs\ccext.py#38:981-984> <10377>
[10382] <CcCommandLineOptions> <D:\projects\pytypes2\new100\cookiecutter\docs\ccext.py#38:1026-1046> <10259>
[2811] <cls> <D:\software\python\Lib\abc.py#123:3932-3935> <2806>
[2812] <subclass> <D:\software\python\Lib\abc.py#123:3937-3945> <2807>
[22182] <mocker> <D:\projects\pytypes2\new100\cookiecutter\tests\test_specify_output_dir.py#35:776-782> <22180>
[22186] <context> <D:\projects\pytypes2\new100\cookiecutter\tests\test_specify_output_dir.py#35:840-847> <22181>
[22847] <tmpdir> <D:\projects\pytypes2\new100\cookiecutter\tests\vcs\test_clone.py#15:304-310> <22843>
[12542] <request> <D:\projects\pytypes2\new100\cookiecutter\tests\repository\test_is_repo_url.py#16:383-390> <12541>
[13840] <cli_runner> <D:\projects\pytypes2\new100\cookiecutter\tests\test_cli.py#386:10568-10578> <13838>
[13847] <result> <D:\projects\pytypes2\new100\cookiecutter\tests\test_cli.py#392:10716-10722> <13839>
[13854] <result> <D:\projects\pytypes2\new100\cookiecutter\tests\test_cli.py#393:10801-10807> <13839>
[13860] <result> <D:\projects\pytypes2\new100\cookiecutter\tests\test_cli.py#394:10875-10881> <13839>
[3232] <cls> <D:\software\python\Lib\_py_abc.py#85:3729-3732> <3229>
[15998] <freezer> <D:\projects\pytypes2\new100\cookiecutter\tests\test_default_extensions.py#15:250-257> <15991>
[16005] <freezer> <D:\projects\pytypes2\new100\cookiecutter\tests\test_default_extensions.py#17:282-289> <15991>
[16113] <UnknownExtension> <D:\projects\pytypes2\new100\cookiecutter\tests\test_environment.py#16:336-352> <1427>
[16102] <StrictEnvironment> <D:\projects\pytypes2\new100\cookiecutter\tests\test_environment.py#17:371-388> <3668>
[16103] <context> <D:\projects\pytypes2\new100\cookiecutter\tests\test_environment.py#17:397-404> <16094>
[16120] <err> <D:\projects\pytypes2\new100\cookiecutter\tests\test_environment.py#19:484-487> <16115>
[10267] <option> <D:\projects\pytypes2\new100\cookiecutter\docs\ccext.py#14:310-316> <10265>
[10276] <option> <D:\projects\pytypes2\new100\cookiecutter\docs\ccext.py#16:380-386> <10265>
[10282] <option> <D:\projects\pytypes2\new100\cookiecutter\docs\ccext.py#18:424-430> <10265>
[546] <value> <D:\projects\pytypes2\new100\cookiecutter\cookiecutter\cli.py#37:957-962> <542>
[548] <s> <D:\projects\pytypes2\new100\cookiecutter\cookiecutter\cli.py#38:987-988> <545>
[2823] <file> <D:\software\python\Lib\abc.py#127:4124-4128> <2819>
[2828] <file> <D:\software\python\Lib\abc.py#128:4192-4196> <2819>
[2838] <cls> <D:\software\python\Lib\abc.py#130:4315-4318> <2818>
[2842] <file> <D:\software\python\Lib\abc.py#131:4381-4385> <2819>
[2847] <file> <D:\software\python\Lib\abc.py#132:4442-4446> <2819>
[2852] <file> <D:\software\python\Lib\abc.py#133:4521-4525> <2819>
[2857] <file> <D:\software\python\Lib\abc.py#135:4635-4639> <2819>
[11358] <replay> <D:\projects\pytypes2\new100\cookiecutter\tests\replay\test_dump.py#54:1526-1532> <11244>
[11359] <dump> <D:\projects\pytypes2\new100\cookiecutter\tests\replay\test_dump.py#54:1533-1537> <8522>
[11361] <replay_test_dir> <D:\projects\pytypes2\new100\cookiecutter\tests\replay\test_dump.py#54:1538-1553> <11354>
[11362] <template_name> <D:\projects\pytypes2\new100\cookiecutter\tests\replay\test_dump.py#54:1555-1568> <11355>
[8529] <replay_dir> <D:\projects\pytypes2\new100\cookiecutter\cookiecutter\replay.py#26:534-544> <8523>
[8536] <template_name> <D:\projects\pytypes2\new100\cookiecutter\cookiecutter\replay.py#29:651-664> <8524>
[8544] <context> <D:\projects\pytypes2\new100\cookiecutter\cookiecutter\replay.py#32:776-783> <8525>
[8552] <context> <D:\projects\pytypes2\new100\cookiecutter\cookiecutter\replay.py#35:891-898> <8525>
[8558] <get_file_name> <D:\projects\pytypes2\new100\cookiecutter\cookiecutter\replay.py#38:1000-1013> <8499>
[8559] <replay_dir> <D:\projects\pytypes2\new100\cookiecutter\cookiecutter\replay.py#38:1014-1024> <8523>
[8560] <template_name> <D:\projects\pytypes2\new100\cookiecutter\cookiecutter\replay.py#38:1026-1039> <8524>
[8572] <replay_file> <D:\projects\pytypes2\new100\cookiecutter\cookiecutter\replay.py#40:1058-1069> <8557>
[8566] <context> <D:\projects\pytypes2\new100\cookiecutter\cookiecutter\replay.py#41:1107-1114> <8525>
[8567] <outfile> <D:\projects\pytypes2\new100\cookiecutter\cookiecutter\replay.py#41:1116-1123> <8575>
[11735] <replay> <D:\projects\pytypes2\new100\cookiecutter\tests\replay\test_replay.py#17:334-340> <11244>
[11736] <get_file_name> <D:\projects\pytypes2\new100\cookiecutter\tests\replay\test_replay.py#17:341-354> <8499>
[11741] <exp_replay_file_name> <D:\projects\pytypes2\new100\cookiecutter\tests\replay\test_replay.py#17:372-392> <11725>
[20753] <tmpdir> <D:\projects\pytypes2\new100\cookiecutter\tests\test_log.py#71:1784-1790> <20752>
[22204] <mocker> <D:\projects\pytypes2\new100\cookiecutter\tests\test_specify_output_dir.py#45:1033-1039> <22203>
[23440] <mocker> <D:\projects\pytypes2\new100\cookiecutter\tests\zipfile\test_unzip.py#25:576-582> <23435>
[23451] <tmpdir> <D:\projects\pytypes2\new100\cookiecutter\tests\zipfile\test_unzip.py#31:721-727> <23436>
[23465] <clone_to_dir> <D:\projects\pytypes2\new100\cookiecutter\tests\zipfile\test_unzip.py#36:870-882> <23450>
[23470] <output_dir> <D:\projects\pytypes2\new100\cookiecutter\tests\zipfile\test_unzip.py#39:905-915> <23457>
[23479] <mock_prompt_and_delete> <D:\projects\pytypes2\new100\cookiecutter\tests\zipfile\test_unzip.py#40:966-988> <23439>
[23591] <mocker> <D:\projects\pytypes2\new100\cookiecutter\tests\zipfile\test_unzip.py#85:2397-2403> <23587>
[23602] <tmpdir> <D:\projects\pytypes2\new100\cookiecutter\tests\zipfile\test_unzip.py#91:2542-2548> <23588>
[23626] <InvalidZipRepository> <D:\projects\pytypes2\new100\cookiecutter\tests\zipfile\test_unzip.py#93:2590-2610> <1445>
[23615] <clone_to_dir> <D:\projects\pytypes2\new100\cookiecutter\tests\zipfile\test_unzip.py#97:2751-2763> <23601>
[20015] <user_config_path> <D:\projects\pytypes2\new100\cookiecutter\tests\test_get_user_config.py#84:2696-2712> <20007>
[20019] <config> <D:\projects\pytypes2\new100\cookiecutter\tests\test_get_user_config.py#85:2726-2732> <12527>
[20020] <get_user_config> <D:\projects\pytypes2\new100\cookiecutter\tests\test_get_user_config.py#85:2733-2748> <1780>
[20024] <conf> <D:\projects\pytypes2\new100\cookiecutter\tests\test_get_user_config.py#87:2765-2769> <20018>
[20025] <custom_config> <D:\projects\pytypes2\new100\cookiecutter\tests\test_get_user_config.py#87:2773-2786> <20008>
[20081] <mocker> <D:\projects\pytypes2\new100\cookiecutter\tests\test_get_user_config.py#114:3548-3554> <20077>
[20084] <config> <D:\projects\pytypes2\new100\cookiecutter\tests\test_get_user_config.py#114:3559-3565> <12527>
[20089] <config> <D:\projects\pytypes2\new100\cookiecutter\tests\test_get_user_config.py#116:3602-3608> <12527>
[20090] <get_user_config> <D:\projects\pytypes2\new100\cookiecutter\tests\test_get_user_config.py#116:3609-3624> <1780>
[20092] <custom_config_path> <D:\projects\pytypes2\new100\cookiecutter\tests\test_get_user_config.py#116:3625-3643> <20078>
[20095] <spy_get_config> <D:\projects\pytypes2\new100\cookiecutter\tests\test_get_user_config.py#117:3650-3664> <20080>
[20098] <custom_config_path> <D:\projects\pytypes2\new100\cookiecutter\tests\test_get_user_config.py#117:3689-3707> <20078>
[20101] <user_config> <D:\projects\pytypes2\new100\cookiecutter\tests\test_get_user_config.py#119:3723-3734> <20088>
[20102] <custom_config> <D:\projects\pytypes2\new100\cookiecutter\tests\test_get_user_config.py#119:3738-3751> <20079>
[12315] <mocker> <D:\projects\pytypes2\new100\cookiecutter\tests\repository\test_determine_repo_dir_clones_repo.py#63:1713-1719> <12309>
[12328] <repository> <D:\projects\pytypes2\new100\cookiecutter\tests\repository\test_determine_repo_dir_clones_repo.py#69:1875-1885> <11932>
[12329] <determine_repo_dir> <D:\projects\pytypes2\new100\cookiecutter\tests\repository\test_determine_repo_dir_clones_repo.py#69:1886-1904> <8766>
[12331] <template_url> <D:\projects\pytypes2\new100\cookiecutter\tests\repository\test_determine_repo_dir_clones_repo.py#70:1915-1927> <12310>
[12334] <user_config_data> <D:\projects\pytypes2\new100\cookiecutter\tests\repository\test_determine_repo_dir_clones_repo.py#72:1978-1994> <12311>
[12720] <parser> <D:\projects\pytypes2\new100\cookiecutter\tests\test-extensions\hello_extension\hello_extension.py#17:386-392> <12717>
[12728] <parser> <D:\projects\pytypes2\new100\cookiecutter\tests\test-extensions\hello_extension\hello_extension.py#18:424-430> <12717>
[12734] <self> <D:\projects\pytypes2\new100\cookiecutter\tests\test-extensions\hello_extension\hello_extension.py#19:473-477> <12716>
[12738] <node> <D:\projects\pytypes2\new100\cookiecutter\tests\test-extensions\hello_extension\hello_extension.py#19:501-505> <12727>
[12740] <lineno> <D:\projects\pytypes2\new100\cookiecutter\tests\test-extensions\hello_extension\hello_extension.py#19:515-521> <12718>
[12747] <call_method> <D:\projects\pytypes2\new100\cookiecutter\tests\test-extensions\hello_extension\hello_extension.py#20:553-564> <12733>
[12749] <lineno> <D:\projects\pytypes2\new100\cookiecutter\tests\test-extensions\hello_extension\hello_extension.py#20:574-580> <12718>
[19795] <config> <D:\projects\pytypes2\new100\cookiecutter\tests\test_get_config.py#103:3264-3270> <12527>
[19796] <get_config> <D:\projects\pytypes2\new100\cookiecutter\tests\test_get_config.py#103:3271-3281> <1695>
[19824] <default_cookiecutters_dir> <D:\projects\pytypes2\new100\cookiecutter\tests\test_get_config.py#107:3527-3552> <19801>
[19825] <default_replay_dir> <D:\projects\pytypes2\new100\cookiecutter\tests\test_get_config.py#108:3577-3595> <19810>
[19842] <conf> <D:\projects\pytypes2\new100\cookiecutter\tests\test_get_config.py#120:3987-3991> <19794>
[19843] <expected_conf> <D:\projects\pytypes2\new100\cookiecutter\tests\test_get_config.py#120:3995-4008> <19819>
[8776] <expand_abbreviations> <D:\projects\pytypes2\new100\cookiecutter\cookiecutter\repository.py#86:2988-3008> <8690>
[8777] <template> <D:\projects\pytypes2\new100\cookiecutter\cookiecutter\repository.py#86:3009-3017> <8767>
[8778] <abbreviations> <D:\projects\pytypes2\new100\cookiecutter\cookiecutter\repository.py#86:3019-3032> <8768>
[8781] <is_zip_file> <D:\projects\pytypes2\new100\cookiecutter\cookiecutter\repository.py#88:3044-3055> <8675>
[8782] <template> <D:\projects\pytypes2\new100\cookiecutter\cookiecutter\repository.py#88:3056-3064> <8775>
[8679] <value> <D:\projects\pytypes2\new100\cookiecutter\cookiecutter\repository.py#29:699-704> <8676>
[8786] <template> <D:\projects\pytypes2\new100\cookiecutter\cookiecutter\repository.py#90:3119-3127> <8775>
[8788] <is_repo_url> <D:\projects\pytypes2\new100\cookiecutter\cookiecutter\repository.py#91:3149-3160> <8661>
[8789] <template> <D:\projects\pytypes2\new100\cookiecutter\cookiecutter\repository.py#91:3161-3169> <8775>
[8792] <clone_to_dir> <D:\projects\pytypes2\new100\cookiecutter\cookiecutter\repository.py#92:3198-3210> <8769>
[8794] <no_input> <D:\projects\pytypes2\new100\cookiecutter\cookiecutter\repository.py#93:3234-3242> <8771>
[8796] <password> <D:\projects\pytypes2\new100\cookiecutter\cookiecutter\repository.py#94:3266-3274> <8772>
[8801] <unzipped_dir> <D:\projects\pytypes2\new100\cookiecutter\cookiecutter\repository.py#96:3320-3332> <8784>
[8808] <is_repo_url> <D:\projects\pytypes2\new100\cookiecutter\cookiecutter\repository.py#98:3368-3379> <8661>
[8809] <template> <D:\projects\pytypes2\new100\cookiecutter\cookiecutter\repository.py#98:3380-3388> <8775>
[8813] <template> <D:\projects\pytypes2\new100\cookiecutter\cookiecutter\repository.py#100:3443-3451> <8775>
[8815] <checkout> <D:\projects\pytypes2\new100\cookiecutter\cookiecutter\repository.py#101:3475-3483> <8770>
[8817] <clone_to_dir> <D:\projects\pytypes2\new100\cookiecutter\cookiecutter\repository.py#102:3511-3523> <8769>
[8819] <no_input> <D:\projects\pytypes2\new100\cookiecutter\cookiecutter\repository.py#103:3547-3555> <8771>
[8824] <cloned_repo> <D:\projects\pytypes2\new100\cookiecutter\cookiecutter\repository.py#105:3602-3613> <8811>
[8832] <template> <D:\projects\pytypes2\new100\cookiecutter\cookiecutter\repository.py#109:3699-3707> <8775>
[8838] <clone_to_dir> <D:\projects\pytypes2\new100\cookiecutter\cookiecutter\repository.py#110:3735-3747> <8769>
[8839] <template> <D:\projects\pytypes2\new100\cookiecutter\cookiecutter\repository.py#110:3749-3757> <8775>
[8851] <repository_candidates> <D:\projects\pytypes2\new100\cookiecutter\cookiecutter\repository.py#114:3824-3845> <8831|8800|8823>
[8852] <repository_has_cookiecutter_json> <D:\projects\pytypes2\new100\cookiecutter\cookiecutter\repository.py#115:3859-3891> <8731>
[8853] <repo_candidate> <D:\projects\pytypes2\new100\cookiecutter\cookiecutter\repository.py#115:3892-3906> <8850>
[8741] <repo_directory> <D:\projects\pytypes2\new100\cookiecutter\cookiecutter\repository.py#56:1607-1621> <8732>
[8755] <repo_directory> <D:\projects\pytypes2\new100\cookiecutter\cookiecutter\repository.py#59:1689-1703> <8732>
[8760] <repo_directory_exists> <D:\projects\pytypes2\new100\cookiecutter\cookiecutter\repository.py#61:1745-1766> <8735>
[8761] <repo_config_exists> <D:\projects\pytypes2\new100\cookiecutter\cookiecutter\repository.py#61:1771-1789> <8744>
[8855] <repo_candidate> <D:\projects\pytypes2\new100\cookiecutter\cookiecutter\repository.py#116:3929-3943> <8850>
[8856] <cleanup> <D:\projects\pytypes2\new100\cookiecutter\cookiecutter\repository.py#116:3945-3952> <8804|8827|8843>
[11392] <mocker> <D:\projects\pytypes2\new100\cookiecutter\tests\replay\test_dump.py#67:1823-1829> <11391>
[15719] <monkeypatch> <D:\projects\pytypes2\new100\cookiecutter\tests\test_custom_extensions_in_hooks.py#30:541-552> <15718>
[20121] <monkeypatch> <D:\projects\pytypes2\new100\cookiecutter\tests\test_get_user_config.py#128:3972-3983> <20118>
[20125] <custom_config_path> <D:\projects\pytypes2\new100\cookiecutter\tests\test_get_user_config.py#128:4014-4032> <20119>
[20129] <config> <D:\projects\pytypes2\new100\cookiecutter\tests\test_get_user_config.py#130:4055-4061> <12527>
[20130] <get_user_config> <D:\projects\pytypes2\new100\cookiecutter\tests\test_get_user_config.py#130:4062-4077> <1780>
[20134] <user_config> <D:\projects\pytypes2\new100\cookiecutter\tests\test_get_user_config.py#131:4092-4103> <20128>
[20135] <custom_config> <D:\projects\pytypes2\new100\cookiecutter\tests\test_get_user_config.py#131:4107-4120> <20120>
[15734] <template> <D:\projects\pytypes2\new100\cookiecutter\tests\test_custom_extensions_in_hooks.py#37:730-738> <15728>
[15737] <output_dir> <D:\projects\pytypes2\new100\cookiecutter\tests\test_custom_extensions_in_hooks.py#39:784-794> <15729>
[15753] <project_dir> <D:\projects\pytypes2\new100\cookiecutter\tests\test_custom_extensions_in_hooks.py#46:951-962> <15730>
[15770] <readme_file> <D:\projects\pytypes2\new100\cookiecutter\tests\test_custom_extensions_in_hooks.py#48:1002-1013> <15747>
[15758] <f> <D:\projects\pytypes2\new100\cookiecutter\tests\test_custom_extensions_in_hooks.py#49:1056-1057> <15774>
[15777] <readme> <D:\projects\pytypes2\new100\cookiecutter\tests\test_custom_extensions_in_hooks.py#51:1087-1093> <15757>
[16642] <request> <D:\projects\pytypes2\new100\cookiecutter\tests\test_generate_copy_without_render.py#24:531-538> <16621>
[16645] <fin_remove_test_dir> <D:\projects\pytypes2\new100\cookiecutter\tests\test_generate_copy_without_render.py#24:552-571> <16624>
[2878] <cls> <D:\software\python\Lib\abc.py#143:4912-4915> <2874>
[3727] <JsonifyExtension> <D:\projects\pytypes2\new100\cookiecutter\cookiecutter\extensions.py#15:330-346> <3717>
[3728] <self> <D:\projects\pytypes2\new100\cookiecutter\cookiecutter\extensions.py#15:348-352> <3722>
[3732] <environment> <D:\projects\pytypes2\new100\cookiecutter\cookiecutter\extensions.py#15:363-374> <3723>
[3754] <jsonify> <D:\projects\pytypes2\new100\cookiecutter\cookiecutter\extensions.py#20:511-518> <3735>
[3749] <environment> <D:\projects\pytypes2\new100\cookiecutter\cookiecutter\extensions.py#20:478-489> <3723>
[16015] <cookiecutter> <D:\projects\pytypes2\new100\cookiecutter\tests\test_default_extensions.py#21:361-373> <15985>
[16020] <tmpdir> <D:\projects\pytypes2\new100\cookiecutter\tests\test_default_extensions.py#24:466-472> <16013>
[16031] <project_dir> <D:\projects\pytypes2\new100\cookiecutter\tests\test_default_extensions.py#26:516-527> <16014>
[16040] <changelog_file> <D:\projects\pytypes2\new100\cookiecutter\tests\test_default_extensions.py#27:571-585> <16025>
[16050] <io> <D:\projects\pytypes2\new100\cookiecutter\tests\test_default_extensions.py#29:599-601> <15976>
[16053] <changelog_file> <D:\projects\pytypes2\new100\cookiecutter\tests\test_default_extensions.py#29:607-621> <16025>
[16044] <f> <D:\projects\pytypes2\new100\cookiecutter\tests\test_default_extensions.py#30:679-680> <16058>
[16071] <expected_lines> <D:\projects\pytypes2\new100\cookiecutter\tests\test_default_extensions.py#41:917-931> <16061>
[16072] <changelog_lines> <D:\projects\pytypes2\new100\cookiecutter\tests\test_default_extensions.py#41:935-950> <16043>
[10293] <cli> <D:\projects\pytypes2\new100\cookiecutter\docs\ccext.py#23:521-524> <10239>
[10294] <main> <D:\projects\pytypes2\new100\cookiecutter\docs\ccext.py#23:525-529> <572>
[10299] <option> <D:\projects\pytypes2\new100\cookiecutter\docs\ccext.py#24:565-571> <10292>
[10307] <self> <D:\projects\pytypes2\new100\cookiecutter\docs\ccext.py#25:622-626> <10291>
[10308] <_format_option> <D:\projects\pytypes2\new100\cookiecutter\docs\ccext.py#25:627-641> <10263>
[10310] <option> <D:\projects\pytypes2\new100\cookiecutter\docs\ccext.py#25:642-648> <10292>
[10312] <self> <D:\projects\pytypes2\new100\cookiecutter\docs\ccext.py#26:672-676> <10291>
[10317] <line> <D:\projects\pytypes2\new100\cookiecutter\docs\ccext.py#26:694-698> <10306>
[16651] <generate> <D:\projects\pytypes2\new100\cookiecutter\tests\test_generate_copy_without_render.py#29:696-704> <12859>
[16652] <generate_files> <D:\projects\pytypes2\new100\cookiecutter\tests\test_generate_copy_without_render.py#29:705-719> <4486>
[16679] <dir_contents> <D:\projects\pytypes2\new100\cookiecutter\tests\test_generate_copy_without_render.py#45:1266-1278> <16671>
[16683] <dir_contents> <D:\projects\pytypes2\new100\cookiecutter\tests\test_generate_copy_without_render.py#46:1330-1342> <16671>
[16687] <f> <D:\projects\pytypes2\new100\cookiecutter\tests\test_generate_copy_without_render.py#49:1455-1456> <16697>
[16701] <f> <D:\projects\pytypes2\new100\cookiecutter\tests\test_generate_copy_without_render.py#52:1569-1570> <16711>
[16715] <f> <D:\projects\pytypes2\new100\cookiecutter\tests\test_generate_copy_without_render.py#57:1760-1761> <16725>
[16729] <f> <D:\projects\pytypes2\new100\cookiecutter\tests\test_generate_copy_without_render.py#62:1943-1944> <16739>
[16743] <f> <D:\projects\pytypes2\new100\cookiecutter\tests\test_generate_copy_without_render.py#67:2140-2141> <16753>
[16757] <f> <D:\projects\pytypes2\new100\cookiecutter\tests\test_generate_copy_without_render.py#70:2276-2277> <16767>
[23028] <mocker> <D:\projects\pytypes2\new100\cookiecutter\tests\vcs\test_clone.py#106:3015-3021> <23021>
[23039] <mocker> <D:\projects\pytypes2\new100\cookiecutter\tests\vcs\test_clone.py#112:3158-3164> <23021>
[23058] <clone_dir> <D:\projects\pytypes2\new100\cookiecutter\tests\vcs\test_clone.py#116:3311-3320> <23022>
[23059] <repo_name> <D:\projects\pytypes2\new100\cookiecutter\tests\vcs\test_clone.py#116:3322-3331> <23025>
[23070] <repo_url> <D:\projects\pytypes2\new100\cookiecutter\tests\vcs\test_clone.py#121:3397-3405> <23024>
[23071] <branch> <D:\projects\pytypes2\new100\cookiecutter\tests\vcs\test_clone.py#122:3425-3431> <23063>
[23073] <clone_dir> <D:\projects\pytypes2\new100\cookiecutter\tests\vcs\test_clone.py#123:3455-3464> <23022>
[23079] <repo_dir> <D:\projects\pytypes2\new100\cookiecutter\tests\vcs\test_clone.py#127:3510-3518> <23066>
[23080] <expected_repo_dir> <D:\projects\pytypes2\new100\cookiecutter\tests\vcs\test_clone.py#127:3522-3539> <23047>
[23083] <mock_subprocess> <D:\projects\pytypes2\new100\cookiecutter\tests\vcs\test_clone.py#129:3547-3562> <23038>
[23086] <repo_type> <D:\projects\pytypes2\new100\cookiecutter\tests\vcs\test_clone.py#130:3590-3599> <23023>
[23088] <repo_url> <D:\projects\pytypes2\new100\cookiecutter\tests\vcs\test_clone.py#130:3610-3618> <23024>
[23090] <clone_dir> <D:\projects\pytypes2\new100\cookiecutter\tests\vcs\test_clone.py#131:3634-3643> <23022>
[23098] <mock_subprocess> <D:\projects\pytypes2\new100\cookiecutter\tests\vcs\test_clone.py#134:3691-3706> <23038>
[23101] <repo_type> <D:\projects\pytypes2\new100\cookiecutter\tests\vcs\test_clone.py#135:3734-3743> <23023>
[23103] <branch> <D:\projects\pytypes2\new100\cookiecutter\tests\vcs\test_clone.py#135:3757-3763> <23063>
[23105] <expected_repo_dir> <D:\projects\pytypes2\new100\cookiecutter\tests\vcs\test_clone.py#136:3779-3796> <23047>
[16859] <generate> <D:\projects\pytypes2\new100\cookiecutter\tests\test_generate_file.py#45:1144-1152> <12859>
[16860] <generate_file> <D:\projects\pytypes2\new100\cookiecutter\tests\test_generate_file.py#45:1153-1166> <4146>
[16864] <infile> <D:\projects\pytypes2\new100\cookiecutter\tests\test_generate_file.py#47:1210-1216> <16856>
[16870] <env> <D:\projects\pytypes2\new100\cookiecutter\tests\test_generate_file.py#49:1277-1280> <16855>
[16883] <f> <D:\projects\pytypes2\new100\cookiecutter\tests\test_generate_file.py#53:1420-1421> <16897>
[16888] <generated_text> <D:\projects\pytypes2\new100\cookiecutter\tests\test_generate_file.py#54:1445-1459> <16882>
[11569] <replay> <D:\projects\pytypes2\new100\cookiecutter\tests\replay\test_load.py#31:685-691> <11244>
[11570] <load> <D:\projects\pytypes2\new100\cookiecutter\tests\replay\test_load.py#31:692-696> <8580>
[11572] <replay_test_dir> <D:\projects\pytypes2\new100\cookiecutter\tests\replay\test_load.py#31:697-712> <11566>
[8586] <template_name> <D:\projects\pytypes2\new100\cookiecutter\cookiecutter\replay.py#46:1227-1240> <8582>
[8594] <get_file_name> <D:\projects\pytypes2\new100\cookiecutter\cookiecutter\replay.py#49:1348-1361> <8499>
[8595] <replay_dir> <D:\projects\pytypes2\new100\cookiecutter\cookiecutter\replay.py#49:1362-1372> <8581>
[8596] <template_name> <D:\projects\pytypes2\new100\cookiecutter\cookiecutter\replay.py#49:1374-1387> <8582>
[8608] <replay_file> <D:\projects\pytypes2\new100\cookiecutter\cookiecutter\replay.py#51:1406-1417> <8593>
[8603] <infile> <D:\projects\pytypes2\new100\cookiecutter\cookiecutter\replay.py#52:1464-1470> <8611>
[8615] <context> <D:\projects\pytypes2\new100\cookiecutter\cookiecutter\replay.py#54:1504-1511> <8599>
[8620] <context> <D:\projects\pytypes2\new100\cookiecutter\cookiecutter\replay.py#57:1606-1613> <8599>
[16907] <generate> <D:\projects\pytypes2\new100\cookiecutter\tests\test_generate_file.py#60:1669-1677> <12859>
[16908] <generate_file> <D:\projects\pytypes2\new100\cookiecutter\tests\test_generate_file.py#60:1678-1691> <4146>
[16912] <infile> <D:\projects\pytypes2\new100\cookiecutter\tests\test_generate_file.py#62:1735-1741> <16904>
[16918] <env> <D:\projects\pytypes2\new100\cookiecutter\tests\test_generate_file.py#64:1797-1800> <16903>
[3054] <value> <D:\software\python\Lib\_py_abc.py#40:1665-1670> <3047>
[3046] <name> <D:\software\python\Lib\_py_abc.py#39:1599-1603> <3046>
[3047] <value> <D:\software\python\Lib\_py_abc.py#39:1605-1610> <3047>
[3045] <name> <D:\software\python\Lib\_py_abc.py#38:1568-1572> <3046>
[3065] <base> <D:\software\python\Lib\_py_abc.py#42:1765-1769> <3061>
[3072] <cls> <D:\software\python\Lib\_py_abc.py#43:1835-1838> <3031>
[3073] <name> <D:\software\python\Lib\_py_abc.py#43:1840-1844> <3063>
[3077] <value> <D:\software\python\Lib\_py_abc.py#44:1880-1885> <3070>
[3081] <abstracts> <D:\software\python\Lib\_py_abc.py#45:1940-1949> <3044>
[3084] <name> <D:\software\python\Lib\_py_abc.py#45:1954-1958> <3063>
[3097] <abstracts> <D:\software\python\Lib\_py_abc.py#46:2005-2014> <3044>
[3093] <cls> <D:\software\python\Lib\_py_abc.py#46:1969-1972> <3031>
[3100] <cls> <D:\software\python\Lib\_py_abc.py#48:2064-2067> <3031>
[3106] <cls> <D:\software\python\Lib\_py_abc.py#49:2103-2106> <3031>
[3112] <cls> <D:\software\python\Lib\_py_abc.py#50:2139-2142> <3031>
[3121] <ABCMeta> <D:\software\python\Lib\_py_abc.py#51:2218-2225> <3023>
[3122] <_abc_invalidation_counter> <D:\software\python\Lib\_py_abc.py#51:2226-2251> <3027>
[3118] <cls> <D:\software\python\Lib\_py_abc.py#51:2184-2187> <3031>
[3125] <cls> <D:\software\python\Lib\_py_abc.py#52:2268-2271> <3031>
[13869] <tmpdir> <D:\projects\pytypes2\new100\cookiecutter\tests\test_cli.py#399:10947-10953> <13868>
[20780] <info_logger> <D:\projects\pytypes2\new100\cookiecutter\tests\test_log.py#84:2133-2144> <20774>
[20785] <stream_handler> <D:\projects\pytypes2\new100\cookiecutter\tests\test_log.py#85:2177-2191> <20778>
[20791] <stream_handler> <D:\projects\pytypes2\new100\cookiecutter\tests\test_log.py#86:2228-2242> <20778>
[20799] <create_log_records> <D:\projects\pytypes2\new100\cookiecutter\tests\test_log.py#88:2272-2290> <20649>
[20809] <caplog> <D:\projects\pytypes2\new100\cookiecutter\tests\test_log.py#92:2372-2378> <20773>
[20812] <r> <D:\projects\pytypes2\new100\cookiecutter\tests\test_log.py#93:2399-2400> <20808>
[20815] <stream_handler> <D:\projects\pytypes2\new100\cookiecutter\tests\test_log.py#93:2412-2426> <20778>
[20808] <r> <D:\projects\pytypes2\new100\cookiecutter\tests\test_log.py#92:2367-2368> <20808>
[20803] <stream_handler> <D:\projects\pytypes2\new100\cookiecutter\tests\test_log.py#91:2329-2343> <20778>
[20806] <r> <D:\projects\pytypes2\new100\cookiecutter\tests\test_log.py#91:2351-2352> <20808>
[20822] <stream_messages> <D:\projects\pytypes2\new100\cookiecutter\tests\test_log.py#96:2454-2469> <20802>
[20823] <info_messages> <D:\projects\pytypes2\new100\cookiecutter\tests\test_log.py#96:2473-2486> <20775>
[21996] <mocker> <D:\projects\pytypes2\new100\cookiecutter\tests\test_read_user_variable.py#19:308-314> <21994>
[22005] <DEFAULT> <D:\projects\pytypes2\new100\cookiecutter\tests\test_read_user_variable.py#20:364-371> <21990>
[22002] <prompt> <D:\projects\pytypes2\new100\cookiecutter\tests\test_read_user_variable.py#20:342-348> <21995>
[22008] <VARIABLE> <D:\projects\pytypes2\new100\cookiecutter\tests\test_read_user_variable.py#22:405-413> <21987>
[22009] <DEFAULT> <D:\projects\pytypes2\new100\cookiecutter\tests\test_read_user_variable.py#22:415-422> <21990>
[22011] <DEFAULT> <D:\projects\pytypes2\new100\cookiecutter\tests\test_read_user_variable.py#22:427-434> <21990>
[22019] <VARIABLE> <D:\projects\pytypes2\new100\cookiecutter\tests\test_read_user_variable.py#24:479-487> <21987>
[22020] <DEFAULT> <D:\projects\pytypes2\new100\cookiecutter\tests\test_read_user_variable.py#24:497-504> <21990>
[10421] <name> <D:\projects\pytypes2\new100\cookiecutter\docs\conf.py#37:1237-1241> <10420>
[10429] <name> <D:\projects\pytypes2\new100\cookiecutter\docs\conf.py#39:1317-1321> <10420>
[10432] <name> <D:\projects\pytypes2\new100\cookiecutter\docs\conf.py#39:1328-1332> <10420>
[10441] <name> <D:\projects\pytypes2\new100\cookiecutter\docs\conf.py#40:1374-1378> <10420>
[10446] <mockType> <D:\projects\pytypes2\new100\cookiecutter\docs\conf.py#41:1401-1409> <10439>
[10451] <mockType> <D:\projects\pytypes2\new100\cookiecutter\docs\conf.py#42:1452-1460> <10439>
[10454] <Mock> <D:\projects\pytypes2\new100\cookiecutter\docs\conf.py#44:1496-1500> <10400>
[19250] <S_IFMT> <D:\software\python\Lib\stat.py#60:1490-1496> <19182>
[19251] <mode> <D:\software\python\Lib\stat.py#60:1497-1501> <19247>
[19186] <mode> <D:\software\python\Lib\stat.py#31:629-633> <19183>
[19253] <S_IFBLK> <D:\software\python\Lib\stat.py#60:1506-1513> <19198>
[1924] <self> <D:\software\python\Lib\__future__.py#93:3383-3387> <1921>
[17271] <generate> <D:\projects\pytypes2\new100\cookiecutter\tests\test_generate_files.py#74:2486-2494> <12859>
[17272] <generate_files> <D:\projects\pytypes2\new100\cookiecutter\tests\test_generate_files.py#74:2495-2509> <4486>
[17292] <simple_file> <D:\projects\pytypes2\new100\cookiecutter\tests\test_generate_files.py#82:2714-2725> <17284>
[17296] <io> <D:\projects\pytypes2\new100\cookiecutter\tests\test_generate_files.py#84:2748-2750> <17116>
[17299] <simple_file> <D:\projects\pytypes2\new100\cookiecutter\tests\test_generate_files.py#84:2756-2767> <17284>
[17308] <simple_text> <D:\projects\pytypes2\new100\cookiecutter\tests\test_generate_files.py#85:2812-2823> <17295>
[20765] <debug_file> <D:\projects\pytypes2\new100\cookiecutter\tests\test_log.py#78:1958-1968> <20760>
[23248] <mocker> <D:\projects\pytypes2\new100\cookiecutter\tests\vcs\test_clone.py#212:6259-6265> <23244>
[23275] <clone_dir> <D:\projects\pytypes2\new100\cookiecutter\tests\vcs\test_clone.py#223:6669-6678> <23245>
[11851] <mocker> <D:\projects\pytypes2\new100\cookiecutter\tests\replay\test_replay.py#51:1486-1492> <11849>
[11858] <mocker> <D:\projects\pytypes2\new100\cookiecutter\tests\replay\test_replay.py#52:1562-1568> <11849>
[11865] <mocker> <D:\projects\pytypes2\new100\cookiecutter\tests\replay\test_replay.py#53:1635-1641> <11849>
[11872] <mocker> <D:\projects\pytypes2\new100\cookiecutter\tests\replay\test_replay.py#54:1708-1714> <11849>
[11879] <mocker> <D:\projects\pytypes2\new100\cookiecutter\tests\replay\test_replay.py#55:1771-1777> <11849>
[11893] <mock_prompt> <D:\projects\pytypes2\new100\cookiecutter\tests\replay\test_replay.py#59:1888-1899> <11850>
[11897] <mock_gen_context> <D:\projects\pytypes2\new100\cookiecutter\tests\replay\test_replay.py#60:1919-1935> <11857>
[11901] <mock_replay_dump> <D:\projects\pytypes2\new100\cookiecutter\tests\replay\test_replay.py#61:1955-1971> <11871>
[11905] <mock_replay_load> <D:\projects\pytypes2\new100\cookiecutter\tests\replay\test_replay.py#62:1995-2011> <11878>
[11910] <mock_gen_files> <D:\projects\pytypes2\new100\cookiecutter\tests\replay\test_replay.py#63:2031-2045> <11864>
[11335] <replay> <D:\projects\pytypes2\new100\cookiecutter\tests\replay\test_dump.py#46:1226-1232> <11244>
[11336] <dump> <D:\projects\pytypes2\new100\cookiecutter\tests\replay\test_dump.py#46:1233-1237> <8522>
[11338] <replay_test_dir> <D:\projects\pytypes2\new100\cookiecutter\tests\replay\test_dump.py#46:1238-1253> <11331>
[11339] <template_name> <D:\projects\pytypes2\new100\cookiecutter\tests\replay\test_dump.py#46:1255-1268> <11332>
[13093] <cli_runner> <D:\projects\pytypes2\new100\cookiecutter\tests\test_cli.py#56:1488-1498> <13091>
[13098] <result> <D:\projects\pytypes2\new100\cookiecutter\tests\test_cli.py#57:1549-1555> <13092>
[13107] <result> <D:\projects\pytypes2\new100\cookiecutter\tests\test_cli.py#59:1660-1666> <13092>
[13110] <expected_error_msg> <D:\projects\pytypes2\new100\cookiecutter\tests\test_cli.py#59:1677-1695> <13104>
[21588] <mocker> <D:\projects\pytypes2\new100\cookiecutter\tests\test_read_repo_password.py#6:130-136> <21586>
[21594] <prompt> <D:\projects\pytypes2\new100\cookiecutter\tests\test_read_repo_password.py#7:164-170> <21587>
[21605] <prompt> <D:\projects\pytypes2\new100\cookiecutter\tests\test_read_repo_password.py#11:259-265> <21587>
[22489] <cwd> <D:\projects\pytypes2\new100\cookiecutter\tests\test_utils.py#65:1644-1647> <22439>
[22503] <TestException> <D:\projects\pytypes2\new100\cookiecutter\tests\test_utils.py#68:1743-1756> <22448>
[22496] <test_work_in> <D:\projects\pytypes2\new100\cookiecutter\tests\test_utils.py#69:1768-1780> <22453>
[22483] <ch_to> <D:\projects\pytypes2\new100\cookiecutter\tests\test_utils.py#59:1424-1429> <22445>
[22460] <cwd> <D:\projects\pytypes2\new100\cookiecutter\tests\test_utils.py#60:1469-1472> <22439>
[22461] <ch_to> <D:\projects\pytypes2\new100\cookiecutter\tests\test_utils.py#60:1474-1479> <22445>
[22471] <test_dir> <D:\projects\pytypes2\new100\cookiecutter\tests\test_utils.py#61:1522-1530> <22454>
[12592] <is_repo_url> <D:\projects\pytypes2\new100\cookiecutter\tests\repository\test_is_repo_url.py#56:1454-1465> <8661>
[12593] <local_repo_url> <D:\projects\pytypes2\new100\cookiecutter\tests\repository\test_is_repo_url.py#56:1466-1480> <12589>
[21927] <mocker> <D:\projects\pytypes2\new100\cookiecutter\tests\test_read_user_dict.py#114:2705-2711> <21923>
[21945] <mock_prompt> <D:\projects\pytypes2\new100\cookiecutter\tests\test_read_user_dict.py#122:2913-2924> <21926>
[21948] <mocker> <D:\projects\pytypes2\new100\cookiecutter\tests\test_read_user_dict.py#122:2938-2944> <21923>
[21963] <val> <D:\projects\pytypes2\new100\cookiecutter\tests\test_read_user_dict.py#129:3079-3082> <21937>
[11770] <exceptions> <D:\projects\pytypes2\new100\cookiecutter\tests\replay\test_replay.py#30:659-669> <477>
[11771] <InvalidModeException> <D:\projects\pytypes2\new100\cookiecutter\tests\replay\test_replay.py#30:670-690> <1371>
[11762] <invalid_kwargs> <D:\projects\pytypes2\new100\cookiecutter\tests\replay\test_replay.py#31:742-756> <11755>
[11968] <expand_abbreviations> <D:\projects\pytypes2\new100\cookiecutter\tests\repository\test_abbreviation_expansion.py#25:577-597> <8690>
[11975] <input_dir> <D:\projects\pytypes2\new100\cookiecutter\tests\repository\test_abbreviation_expansion.py#28:651-660> <11967>
[23958] <mocker> <D:\projects\pytypes2\new100\cookiecutter\tests\zipfile\test_unzip.py#233:6565-6571> <23953>
[23969] <mocker> <D:\projects\pytypes2\new100\cookiecutter\tests\zipfile\test_unzip.py#239:6705-6711> <23953>
[23979] <mock_download> <D:\projects\pytypes2\new100\cookiecutter\tests\zipfile\test_unzip.py#240:6765-6778> <23401>
[23405] <zf> <D:\projects\pytypes2\new100\cookiecutter\tests\zipfile\test_unzip.py#17:353-355> <23429>
[23411] <chunk> <D:\projects\pytypes2\new100\cookiecutter\tests\zipfile\test_unzip.py#18:382-387> <23404>
[23412] <chunk> <D:\projects\pytypes2\new100\cookiecutter\tests\zipfile\test_unzip.py#19:408-413> <23404>
[23416] <zf> <D:\projects\pytypes2\new100\cookiecutter\tests\zipfile\test_unzip.py#20:435-437> <23429>
[23974] <request> <D:\projects\pytypes2\new100\cookiecutter\tests\zipfile\test_unzip.py#240:6729-6736> <23968>
[23982] <mocker> <D:\projects\pytypes2\new100\cookiecutter\tests\zipfile\test_unzip.py#242:6788-6794> <23953>
[23986] <request> <D:\projects\pytypes2\new100\cookiecutter\tests\zipfile\test_unzip.py#244:6870-6877> <23968>
[23993] <tmpdir> <D:\projects\pytypes2\new100\cookiecutter\tests\zipfile\test_unzip.py#248:6932-6938> <23954>
[24000] <clone_to_dir> <D:\projects\pytypes2\new100\cookiecutter\tests\zipfile\test_unzip.py#251:7023-7035> <23992>
[24006] <existing_zip> <D:\projects\pytypes2\new100\cookiecutter\tests\zipfile\test_unzip.py#252:7068-7080> <23999>
[24020] <clone_to_dir> <D:\projects\pytypes2\new100\cookiecutter\tests\zipfile\test_unzip.py#257:7260-7272> <23992>
[24025] <output_dir> <D:\projects\pytypes2\new100\cookiecutter\tests\zipfile\test_unzip.py#260:7295-7305> <24012>
[24034] <mock_prompt_and_delete> <D:\projects\pytypes2\new100\cookiecutter\tests\zipfile\test_unzip.py#261:7352-7374> <23957>
[11590] <replay> <D:\projects\pytypes2\new100\cookiecutter\tests\replay\test_load.py#39:950-956> <11244>
[11591] <load> <D:\projects\pytypes2\new100\cookiecutter\tests\replay\test_load.py#39:957-961> <8580>
[11593] <replay_test_dir> <D:\projects\pytypes2\new100\cookiecutter\tests\replay\test_load.py#39:962-977> <11587>
[10848] <original_dir> <D:\projects\pytypes2\new100\cookiecutter\tests\conftest.py#27:481-493> <10841>
[10860] <backup_dir> <D:\projects\pytypes2\new100\cookiecutter\tests\conftest.py#31:622-632> <10842>
[10865] <backup_dir> <D:\projects\pytypes2\new100\cookiecutter\tests\conftest.py#32:657-667> <10842>
[10873] <original_dir> <D:\projects\pytypes2\new100\cookiecutter\tests\conftest.py#34:692-704> <10841>
[10874] <backup_dir> <D:\projects\pytypes2\new100\cookiecutter\tests\conftest.py#34:706-716> <10842>
[11263] <template_name> <D:\projects\pytypes2\new100\cookiecutter\tests\replay\test_dump.py#24:421-434> <11256>
[11271] <replay_test_dir> <D:\projects\pytypes2\new100\cookiecutter\tests\replay\test_dump.py#25:461-476> <11255>
[11272] <file_name> <D:\projects\pytypes2\new100\cookiecutter\tests\replay\test_dump.py#25:478-487> <11259>
[19286] <S_IFMT> <D:\software\python\Lib\stat.py#72:1836-1842> <19182>
[19287] <mode> <D:\software\python\Lib\stat.py#72:1843-1847> <19283>
[19289] <S_IFLNK> <D:\software\python\Lib\stat.py#72:1852-1859> <19207>
[22861] <mocker> <D:\projects\pytypes2\new100\cookiecutter\tests\vcs\test_clone.py#22:517-523> <22857>
[22886] <exceptions> <D:\projects\pytypes2\new100\cookiecutter\tests\vcs\test_clone.py#30:743-753> <19867>
[22887] <VCSNotInstalled> <D:\projects\pytypes2\new100\cookiecutter\tests\vcs\test_clone.py#30:754-769> <1353>
[22877] <repo_url> <D:\projects\pytypes2\new100\cookiecutter\tests\vcs\test_clone.py#31:791-799> <22871>
[22878] <clone_dir> <D:\projects\pytypes2\new100\cookiecutter\tests\vcs\test_clone.py#31:814-823> <22858>
[12643] <request> <D:\projects\pytypes2\new100\cookiecutter\tests\repository\test_repository_has_cookiecutter_json.py#16:344-351> <12642>
[22402] <existing_directory> <D:\projects\pytypes2\new100\cookiecutter\tests\test_utils.py#43:962-980> <22391|22376>
[22420] <uncreatable_directory> <D:\projects\pytypes2\new100\cookiecutter\tests\test_utils.py#46:1144-1165> <22394|22387>
[17262] <exceptions> <D:\projects\pytypes2\new100\cookiecutter\tests\test_generate_files.py#63:2137-2147> <16263>
[17263] <NonTemplatedInputDirException> <D:\projects\pytypes2\new100\cookiecutter\tests\test_generate_files.py#63:2148-2177> <1317>
[17245] <generate> <D:\projects\pytypes2\new100\cookiecutter\tests\test_generate_files.py#64:2189-2197> <12859>
[17246] <generate_files> <D:\projects\pytypes2\new100\cookiecutter\tests\test_generate_files.py#64:2198-2212> <4486>
[21826] <user_value> <D:\projects\pytypes2\new100\cookiecutter\tests\test_read_user_dict.py#62:1342-1352> <21822>
[2787] <cls> <D:\software\python\Lib\abc.py#115:3608-3611> <2782>
[2788] <subclass> <D:\software\python\Lib\abc.py#115:3613-3621> <2783>
[2510] <name> <D:\software\python\Lib\io.py#61:2604-2608> <2509>
[11996] <expand_abbreviations> <D:\projects\pytypes2\new100\cookiecutter\tests\repository\test_abbreviation_expansion.py#39:981-1001> <8690>
[12003] <input_dir> <D:\projects\pytypes2\new100\cookiecutter\tests\repository\test_abbreviation_expansion.py#42:1055-1064> <11995>
[13038] <request> <D:\projects\pytypes2\new100\cookiecutter\tests\test_cli.py#34:820-827> <13017>
[13041] <fin_remove_fake_project_dir> <D:\projects\pytypes2\new100\cookiecutter\tests\test_cli.py#34:841-868> <13020>
[12025] <expand_abbreviations> <D:\projects\pytypes2\new100\cookiecutter\tests\repository\test_abbreviation_expansion.py#54:1351-1371> <8690>
[17488] <generate> <D:\projects\pytypes2\new100\cookiecutter\tests\test_generate_files.py#141:4789-4797> <12859>
[17489] <generate_files> <D:\projects\pytypes2\new100\cookiecutter\tests\test_generate_files.py#141:4798-4812> <4486>
[17452] <generate> <D:\projects\pytypes2\new100\cookiecutter\tests\test_generate_files.py#129:4404-4412> <12859>
[17453] <generate_files> <D:\projects\pytypes2\new100\cookiecutter\tests\test_generate_files.py#129:4413-4427> <4486>
[13372] <cli_runner> <D:\projects\pytypes2\new100\cookiecutter\tests\test_cli.py#173:4981-4991> <13369>
[13375] <overwrite_cli_flag> <D:\projects\pytypes2\new100\cookiecutter\tests\test_cli.py#176:5058-5076> <13370>
[13378] <result> <D:\projects\pytypes2\new100\cookiecutter\tests\test_cli.py#179:5099-5105> <13371>
[19704] <config> <D:\projects\pytypes2\new100\cookiecutter\tests\test_get_config.py#56:1682-1688> <12527>
[19705] <get_config> <D:\projects\pytypes2\new100\cookiecutter\tests\test_get_config.py#56:1689-1699> <1695>
[19735] <conf> <D:\projects\pytypes2\new100\cookiecutter\tests\test_get_config.py#72:2357-2361> <19703>
[19736] <expected_conf> <D:\projects\pytypes2\new100\cookiecutter\tests\test_get_config.py#72:2365-2378> <19710>
[14000] <monkeypatch> <D:\projects\pytypes2\new100\cookiecutter\tests\test_cookiecutter_invocation.py#20:391-402> <13998>
[14031] <capfd> <D:\projects\pytypes2\new100\cookiecutter\tests\test_cookiecutter_invocation.py#25:578-583> <13999>
[14039] <exp_message> <D:\projects\pytypes2\new100\cookiecutter\tests\test_cookiecutter_invocation.py#27:666-677> <14036>
[14040] <err> <D:\projects\pytypes2\new100\cookiecutter\tests\test_cookiecutter_invocation.py#27:681-684> <14029>
[12572] <is_repo_url> <D:\projects\pytypes2\new100\cookiecutter\tests\repository\test_is_repo_url.py#39:1022-1033> <8661>
[12573] <remote_repo_url> <D:\projects\pytypes2\new100\cookiecutter\tests\repository\test_is_repo_url.py#39:1034-1049> <12569>
[11983] <expand_abbreviations> <D:\projects\pytypes2\new100\cookiecutter\tests\repository\test_abbreviation_expansion.py#32:735-755> <8690>
[11985] <BUILTIN_ABBREVIATIONS> <D:\projects\pytypes2\new100\cookiecutter\tests\repository\test_abbreviation_expansion.py#33:800-821> <1586>
[11988] <input_dir> <D:\projects\pytypes2\new100\cookiecutter\tests\repository\test_abbreviation_expansion.py#35:841-850> <11982>
[11151] <user_dir> <D:\projects\pytypes2\new100\cookiecutter\tests\conftest.py#185:6329-6337> <11146>
[11158] <USER_CONFIG> <D:\projects\pytypes2\new100\cookiecutter\tests\conftest.py#187:6374-6385> <10837>
[11161] <user_config_data> <D:\projects\pytypes2\new100\cookiecutter\tests\conftest.py#187:6395-6411> <11147>
[11165] <config_file> <D:\projects\pytypes2\new100\cookiecutter\tests\conftest.py#188:6418-6429> <11150>
[11168] <config_text> <D:\projects\pytypes2\new100\cookiecutter\tests\conftest.py#188:6436-6447> <11157>
[11172] <config_file> <D:\projects\pytypes2\new100\cookiecutter\tests\conftest.py#189:6465-6476> <11150>
[18583] <repo_path> <D:\projects\pytypes2\new100\cookiecutter\tests\test_generate_hooks.py#157:5039-5048> <18559>
[18593] <repo_path> <D:\projects\pytypes2\new100\cookiecutter\tests\test_generate_hooks.py#158:5088-5097> <18559>
[18600] <repo_path> <D:\projects\pytypes2\new100\cookiecutter\tests\test_generate_hooks.py#159:5144-5153> <18559>
[18606] <hook_dir> <D:\projects\pytypes2\new100\cookiecutter\tests\test_generate_hooks.py#160:5169-5177> <18577>
[18612] <template> <D:\projects\pytypes2\new100\cookiecutter\tests\test_generate_hooks.py#161:5193-5201> <18587>
[18621] <hooks_path> <D:\projects\pytypes2\new100\cookiecutter\tests\test_generate_hooks.py#163:5235-5245> <18568>
[18639] <hook_path> <D:\projects\pytypes2\new100\cookiecutter\tests\test_generate_hooks.py#165:5286-5295> <18615>
[18625] <f> <D:\projects\pytypes2\new100\cookiecutter\tests\test_generate_hooks.py#166:5317-5318> <18642>
[18631] <f> <D:\projects\pytypes2\new100\cookiecutter\tests\test_generate_hooks.py#167:5361-5362> <18642>
[18670] <FailedHookException> <D:\projects\pytypes2\new100\cookiecutter\tests\test_generate_hooks.py#170:5452-5471> <1377>
[18651] <generate> <D:\projects\pytypes2\new100\cookiecutter\tests\test_generate_hooks.py#171:5494-5502> <12859>
[18652] <generate_files> <D:\projects\pytypes2\new100\cookiecutter\tests\test_generate_hooks.py#171:5503-5517> <4486>
[18677] <excinfo> <D:\projects\pytypes2\new100\cookiecutter\tests\test_generate_hooks.py#179:5744-5751> <18672>
[13398] <cli_runner> <D:\projects\pytypes2\new100\cookiecutter\tests\test_cli.py#187:5361-5371> <13395>
[13401] <overwrite_cli_flag> <D:\projects\pytypes2\new100\cookiecutter\tests\test_cli.py#190:5438-5456> <13396>
[13404] <result> <D:\projects\pytypes2\new100\cookiecutter\tests\test_cli.py#192:5477-5483> <13397>
[19238] <S_IFMT> <D:\software\python\Lib\stat.py#56:1364-1370> <19182>
[19239] <mode> <D:\software\python\Lib\stat.py#56:1371-1375> <19235>
[19241] <S_IFCHR> <D:\software\python\Lib\stat.py#56:1380-1387> <19195>
[20184] <monkeypatch> <D:\projects\pytypes2\new100\cookiecutter\tests\test_get_user_config.py#146:4526-4537> <20172>
[20188] <_expanduser> <D:\projects\pytypes2\new100\cookiecutter\tests\test_get_user_config.py#146:4568-4579> <20173>
[20195] <config> <D:\projects\pytypes2\new100\cookiecutter\tests\test_get_user_config.py#150:4667-4673> <12527>
[20196] <get_user_config> <D:\projects\pytypes2\new100\cookiecutter\tests\test_get_user_config.py#150:4674-4689> <1780>
[20198] <config_file> <D:\projects\pytypes2\new100\cookiecutter\tests\test_get_user_config.py#150:4690-4701> <20191>
[20201] <user_config> <D:\projects\pytypes2\new100\cookiecutter\tests\test_get_user_config.py#151:4715-4726> <20194>
[20207] <user_config> <D:\projects\pytypes2\new100\cookiecutter\tests\test_get_user_config.py#152:4781-4792> <20194>
[23184] <mocker> <D:\projects\pytypes2\new100\cookiecutter\tests\vcs\test_clone.py#187:5430-5436> <23179>
[23196] <error_message> <D:\projects\pytypes2\new100\cookiecutter\tests\vcs\test_clone.py#191:5605-5618> <23181>
[23222] <exceptions> <D:\projects\pytypes2\new100\cookiecutter\tests\vcs\test_clone.py#196:5745-5755> <19867>
[23223] <RepositoryCloneFailed> <D:\projects\pytypes2\new100\cookiecutter\tests\vcs\test_clone.py#196:5756-5777> <1439>
[23209] <repository_url> <D:\projects\pytypes2\new100\cookiecutter\tests\vcs\test_clone.py#198:5820-5834> <23203>
[23210] <clone_dir> <D:\projects\pytypes2\new100\cookiecutter\tests\vcs\test_clone.py#199:5862-5871> <23180>
[23230] <err> <D:\projects\pytypes2\new100\cookiecutter\tests\vcs\test_clone.py#204:5969-5972> <23226>
[23237] <repository_url> <D:\projects\pytypes2\new100\cookiecutter\tests\vcs\test_clone.py#207:6104-6118> <23203>
[15698] <request> <D:\projects\pytypes2\new100\cookiecutter\tests\test_custom_extensions_in_hooks.py#19:311-318> <15696>
[17768] <tmpdir> <D:\projects\pytypes2\new100\cookiecutter\tests\test_generate_files.py#244:8057-8063> <17765>
[17774] <output_dir> <D:\projects\pytypes2\new100\cookiecutter\tests\test_generate_files.py#246:8087-8097> <17767>
[17802] <exceptions> <D:\projects\pytypes2\new100\cookiecutter\tests\test_generate_files.py#248:8152-8162> <16263>
[17803] <UndefinedVariableInTemplate> <D:\projects\pytypes2\new100\cookiecutter\tests\test_generate_files.py#248:8163-8190> <1383>
[17783] <generate> <D:\projects\pytypes2\new100\cookiecutter\tests\test_generate_files.py#249:8209-8217> <12859>
[17784] <generate_files> <D:\projects\pytypes2\new100\cookiecutter\tests\test_generate_files.py#249:8218-8232> <4486>
[17789] <output_dir> <D:\projects\pytypes2\new100\cookiecutter\tests\test_generate_files.py#251:8323-8333> <17767>
[17792] <undefined_context> <D:\projects\pytypes2\new100\cookiecutter\tests\test_generate_files.py#252:8357-8374> <17766>
[17810] <err> <D:\projects\pytypes2\new100\cookiecutter\tests\test_generate_files.py#255:8438-8441> <17806>
[17815] <error> <D:\projects\pytypes2\new100\cookiecutter\tests\test_generate_files.py#256:8513-8518> <17809>
[17820] <error> <D:\projects\pytypes2\new100\cookiecutter\tests\test_generate_files.py#257:8539-8544> <17809>
[17823] <undefined_context> <D:\projects\pytypes2\new100\cookiecutter\tests\test_generate_files.py#257:8556-8573> <17766>
[17826] <output_dir> <D:\projects\pytypes2\new100\cookiecutter\tests\test_generate_files.py#259:8588-8598> <17767>
[19754] <ConfigDoesNotExistException> <D:\projects\pytypes2\new100\cookiecutter\tests\test_get_config.py#80:2587-2614> <1335>
[19744] <config> <D:\projects\pytypes2\new100\cookiecutter\tests\test_get_config.py#81:2626-2632> <12527>
[19745] <get_config> <D:\projects\pytypes2\new100\cookiecutter\tests\test_get_config.py#81:2633-2643> <1695>
[21806] <user_value> <D:\projects\pytypes2\new100\cookiecutter\tests\test_read_user_dict.py#36:747-757> <21802>
[12378] <mocker> <D:\projects\pytypes2\new100\cookiecutter\tests\repository\test_determine_repo_dir_clones_repo.py#91:2482-2488> <12375>
[12404] <exceptions> <D:\projects\pytypes2\new100\cookiecutter\tests\repository\test_determine_repo_dir_clones_repo.py#97:2639-2649> <477>
[12405] <RepositoryNotFound> <D:\projects\pytypes2\new100\cookiecutter\tests\repository\test_determine_repo_dir_clones_repo.py#97:2650-2668> <1433>
[12388] <repository> <D:\projects\pytypes2\new100\cookiecutter\tests\repository\test_determine_repo_dir_clones_repo.py#98:2687-2697> <11932>
[12389] <determine_repo_dir> <D:\projects\pytypes2\new100\cookiecutter\tests\repository\test_determine_repo_dir_clones_repo.py#98:2698-2716> <8766>
[12391] <template_url> <D:\projects\pytypes2\new100\cookiecutter\tests\repository\test_determine_repo_dir_clones_repo.py#99:2731-2743> <12376>
[22613] <mocker> <D:\projects\pytypes2\new100\cookiecutter\tests\test_utils.py#114:3098-3104> <22608>
[22624] <tmpdir> <D:\projects\pytypes2\new100\cookiecutter\tests\test_utils.py#119:3235-3241> <22609>
[22634] <repo_dir> <D:\projects\pytypes2\new100\cookiecutter\tests\test_utils.py#122:3332-3340> <22623>
[22646] <mock_read_user> <D:\projects\pytypes2\new100\cookiecutter\tests\test_utils.py#124:3357-3371> <22612>
[22650] <repo_dir> <D:\projects\pytypes2\new100\cookiecutter\tests\test_utils.py#125:3391-3399> <22623>
[19262] <S_IFMT> <D:\software\python\Lib\stat.py#64:1603-1609> <19182>
[19263] <mode> <D:\software\python\Lib\stat.py#64:1610-1614> <19259>
[19265] <S_IFREG> <D:\software\python\Lib\stat.py#64:1619-1626> <19201>
[14083] <monkeypatch> <D:\projects\pytypes2\new100\cookiecutter\tests\test_cookiecutter_invocation.py#45:1154-1165> <14081>
[14108] <project_dir> <D:\projects\pytypes2\new100\cookiecutter\tests\test_cookiecutter_invocation.py#55:1383-1394> <14082>
[20964] <monkeypatch> <D:\projects\pytypes2\new100\cookiecutter\tests\test_main.py#17:637-648> <20958>
[20971] <mocker> <D:\projects\pytypes2\new100\cookiecutter\tests\test_main.py#19:705-711> <20959>
[20977] <mocker> <D:\projects\pytypes2\new100\cookiecutter\tests\test_main.py#20:749-755> <20959>
[20983] <cookiecutter> <D:\projects\pytypes2\new100\cookiecutter\tests\test_main.py#22:805-817> <20952>
[20989] <user_config_file> <D:\projects\pytypes2\new100\cookiecutter\tests\test_main.py#26:901-917> <20961>
[20993] <mock_replay_dump> <D:\projects\pytypes2\new100\cookiecutter\tests\test_main.py#29:933-949> <20970>
[20996] <user_config_data> <D:\projects\pytypes2\new100\cookiecutter\tests\test_main.py#30:984-1000> <20960>
[21000] <mocker> <D:\projects\pytypes2\new100\cookiecutter\tests\test_main.py#32:1052-1058> <20959>
[16576] <generate> <D:\projects\pytypes2\new100\cookiecutter\tests\test_generate_context.py#186:5406-5414> <12859>
[16577] <apply_overwrites_to_context> <D:\projects\pytypes2\new100\cookiecutter\tests\test_generate_context.py#186:5415-5442> <3979>
[16579] <template_context> <D:\projects\pytypes2\new100\cookiecutter\tests\test_generate_context.py#187:5453-5469> <16575>
[16585] <template_context> <D:\projects\pytypes2\new100\cookiecutter\tests\test_generate_context.py#191:5530-5546> <16575>
[23837] <mocker> <D:\projects\pytypes2\new100\cookiecutter\tests\zipfile\test_unzip.py#186:5240-5246> <23833>
[23848] <tmpdir> <D:\projects\pytypes2\new100\cookiecutter\tests\zipfile\test_unzip.py#192:5385-5391> <23834>
[23870] <InvalidZipRepository> <D:\projects\pytypes2\new100\cookiecutter\tests\zipfile\test_unzip.py#194:5433-5453> <1445>
[23861] <clone_to_dir> <D:\projects\pytypes2\new100\cookiecutter\tests\zipfile\test_unzip.py#198:5582-5594> <23847>
[20143] <mocker> <D:\projects\pytypes2\new100\cookiecutter\tests\test_get_user_config.py#135:4187-4193> <20141>
[20146] <config> <D:\projects\pytypes2\new100\cookiecutter\tests\test_get_user_config.py#135:4198-4204> <12527>
[20151] <config> <D:\projects\pytypes2\new100\cookiecutter\tests\test_get_user_config.py#137:4241-4247> <12527>
[20152] <get_user_config> <D:\projects\pytypes2\new100\cookiecutter\tests\test_get_user_config.py#137:4248-4263> <1780>
[20158] <user_config> <D:\projects\pytypes2\new100\cookiecutter\tests\test_get_user_config.py#139:4305-4316> <20150>
[20159] <config> <D:\projects\pytypes2\new100\cookiecutter\tests\test_get_user_config.py#139:4320-4326> <12527>
[20160] <DEFAULT_CONFIG> <D:\projects\pytypes2\new100\cookiecutter\tests\test_get_user_config.py#139:4327-4341> <1595>
[20164] <spy_get_config> <D:\projects\pytypes2\new100\cookiecutter\tests\test_get_user_config.py#140:4358-4372> <20142>
[13210] <mocker> <D:\projects\pytypes2\new100\cookiecutter\tests\test_cli.py#82:2532-2538> <13207>
[13220] <cli_runner> <D:\projects\pytypes2\new100\cookiecutter\tests\test_cli.py#87:2654-2664> <13208>
[13221] <template_path> <D:\projects\pytypes2\new100\cookiecutter\tests\test_cli.py#87:2665-2678> <13216>
[13226] <result> <D:\projects\pytypes2\new100\cookiecutter\tests\test_cli.py#89:2712-2718> <13219>
[13232] <mock_cookiecutter> <D:\projects\pytypes2\new100\cookiecutter\tests\test_cli.py#90:2739-2756> <13209>
[13235] <template_path> <D:\projects\pytypes2\new100\cookiecutter\tests\test_cli.py#91:2791-2804> <13216>
[1934] <self> <D:\software\python\Lib\__future__.py#101:3691-3695> <1931>
[13312] <request> <D:\projects\pytypes2\new100\cookiecutter\tests\test_cli.py#139:4030-4037> <13311>
[16945] <generate> <D:\projects\pytypes2\new100\cookiecutter\tests\test_generate_file.py#73:2089-2097> <12859>
[16946] <generate_file> <D:\projects\pytypes2\new100\cookiecutter\tests\test_generate_file.py#73:2098-2111> <4146>
[16950] <infile> <D:\projects\pytypes2\new100\cookiecutter\tests\test_generate_file.py#75:2155-2161> <16935>
[16953] <data> <D:\projects\pytypes2\new100\cookiecutter\tests\test_generate_file.py#76:2197-2201> <16938>
[16956] <env> <D:\projects\pytypes2\new100\cookiecutter\tests\test_generate_file.py#77:2217-2220> <16934>
[16969] <f> <D:\projects\pytypes2\new100\cookiecutter\tests\test_generate_file.py#81:2360-2361> <16987>
[16977] <generated_text> <D:\projects\pytypes2\new100\cookiecutter\tests\test_generate_file.py#82:2396-2410> <16968>
[16979] <data> <D:\projects\pytypes2\new100\cookiecutter\tests\test_generate_file.py#82:2415-2419> <16938>
[3267] <instance> <D:\software\python\Lib\_py_abc.py#95:4080-4088> <3263>
[3271] <subclass> <D:\software\python\Lib\_py_abc.py#96:4111-4119> <3266>
[3272] <cls> <D:\software\python\Lib\_py_abc.py#96:4123-4126> <3262>
[3282] <instance> <D:\software\python\Lib\_py_abc.py#98:4188-4196> <3263>
[3285] <subtype> <D:\software\python\Lib\_py_abc.py#99:4210-4217> <3280>
[3286] <subclass> <D:\software\python\Lib\_py_abc.py#99:4221-4229> <3266>
[3288] <cls> <D:\software\python\Lib\_py_abc.py#100:4248-4251> <3262>
[3291] <ABCMeta> <D:\software\python\Lib\_py_abc.py#101:4300-4307> <3023>
[3292] <_abc_invalidation_counter> <D:\software\python\Lib\_py_abc.py#101:4308-4333> <3027>
[3295] <subclass> <D:\software\python\Lib\_py_abc.py#102:4355-4363> <3266>
[3296] <cls> <D:\software\python\Lib\_py_abc.py#102:4367-4370> <3262>
[3305] <cls> <D:\software\python\Lib\_py_abc.py#105:4491-4494> <3262>
[3306] <__subclasscheck__> <D:\software\python\Lib\_py_abc.py#105:4495-4512> <3329>
[3308] <subclass> <D:\software\python\Lib\_py_abc.py#105:4513-4521> <3266>
[3335] <subclass> <D:\software\python\Lib\_py_abc.py#110:4725-4733> <3331>
[3342] <subclass> <D:\software\python\Lib\_py_abc.py#113:4844-4852> <3331>
[3343] <cls> <D:\software\python\Lib\_py_abc.py#113:4856-4859> <3330>
[3351] <cls> <D:\software\python\Lib\_py_abc.py#116:4965-4968> <3330>
[3354] <ABCMeta> <D:\software\python\Lib\_py_abc.py#116:4999-5006> <3023>
[3355] <_abc_invalidation_counter> <D:\software\python\Lib\_py_abc.py#116:5007-5032> <3027>
[3358] <cls> <D:\software\python\Lib\_py_abc.py#118:5092-5095> <3330>
[3367] <ABCMeta> <D:\software\python\Lib\_py_abc.py#119:5175-5182> <3023>
[3368] <_abc_invalidation_counter> <D:\software\python\Lib\_py_abc.py#119:5183-5208> <3027>
[3364] <cls> <D:\software\python\Lib\_py_abc.py#119:5141-5144> <3330>
[3372] <subclass> <D:\software\python\Lib\_py_abc.py#120:5223-5231> <3331>
[3373] <cls> <D:\software\python\Lib\_py_abc.py#120:5235-5238> <3330>
[3374] <_abc_negative_cache> <D:\software\python\Lib\_py_abc.py#120:5239-5258> <3359>
[3384] <cls> <D:\software\python\Lib\_py_abc.py#123:5335-5338> <3330>
[3387] <subclass> <D:\software\python\Lib\_py_abc.py#123:5356-5364> <3331>
[3390] <ok> <D:\software\python\Lib\_py_abc.py#124:5378-5380> <3383>
[3394] <ok> <D:\software\python\Lib\_py_abc.py#125:5435-5437> <3383>
[3398] <ok> <D:\software\python\Lib\_py_abc.py#126:5461-5463> <3383>
[3399] <cls> <D:\software\python\Lib\_py_abc.py#127:5482-5485> <3330>
[3404] <subclass> <D:\software\python\Lib\_py_abc.py#127:5501-5509> <3331>
[3408] <cls> <D:\software\python\Lib\_py_abc.py#129:5547-5550> <3330>
[3409] <_abc_negative_cache> <D:\software\python\Lib\_py_abc.py#129:5551-5570> <3359>
[3413] <subclass> <D:\software\python\Lib\_py_abc.py#129:5575-5583> <3331>
[3418] <ok> <D:\software\python\Lib\_py_abc.py#130:5605-5607> <3383>
[3422] <cls> <D:\software\python\Lib\_py_abc.py#132:5663-5666> <3330>
[3424] <subclass> <D:\software\python\Lib\_py_abc.py#132:5678-5686> <3331>
[3429] <cls> <D:\software\python\Lib\_py_abc.py#133:5717-5720> <3330>
[3434] <subclass> <D:\software\python\Lib\_py_abc.py#133:5736-5744> <3331>
[3442] <cls> <D:\software\python\Lib\_py_abc.py#136:5862-5865> <3330>
[3446] <subclass> <D:\software\python\Lib\_py_abc.py#137:5908-5916> <3331>
[3447] <rcls> <D:\software\python\Lib\_py_abc.py#137:5918-5922> <3441>
[3449] <cls> <D:\software\python\Lib\_py_abc.py#138:5942-5945> <3330>
[3454] <subclass> <D:\software\python\Lib\_py_abc.py#138:5961-5969> <3331>
[3464] <cls> <D:\software\python\Lib\_py_abc.py#141:6083-6086> <3330>
[3469] <subclass> <D:\software\python\Lib\_py_abc.py#142:6132-6140> <3331>
[3470] <scls> <D:\software\python\Lib\_py_abc.py#142:6142-6146> <3463>
[3472] <cls> <D:\software\python\Lib\_py_abc.py#143:6166-6169> <3330>
[3477] <subclass> <D:\software\python\Lib\_py_abc.py#143:6185-6193> <3331>
[3486] <cls> <D:\software\python\Lib\_py_abc.py#146:6275-6278> <3330>
[3487] <_abc_negative_cache> <D:\software\python\Lib\_py_abc.py#146:6279-6298> <3359>
[3491] <subclass> <D:\software\python\Lib\_py_abc.py#146:6303-6311> <3331>
[3320] <subclass> <D:\software\python\Lib\_py_abc.py#106:4578-4586> <3266>
[3321] <subtype> <D:\software\python\Lib\_py_abc.py#106:4588-4595> <3280>
[3319] <c> <D:\software\python\Lib\_py_abc.py#106:4572-4573> <3319>
[3314] <cls> <D:\software\python\Lib\_py_abc.py#106:4543-4546> <3262>
[3315] <__subclasscheck__> <D:\software\python\Lib\_py_abc.py#106:4547-4564> <3329>
[3317] <c> <D:\software\python\Lib\_py_abc.py#106:4565-4566> <3319>
[16840] <StrictEnvironment> <D:\projects\pytypes2\new100\cookiecutter\tests\test_generate_file.py#37:915-932> <3668>
[16843] <environment> <D:\projects\pytypes2\new100\cookiecutter\tests\test_generate_file.py#38:940-951> <16839>
[16850] <environment> <D:\projects\pytypes2\new100\cookiecutter\tests\test_generate_file.py#39:995-1006> <16839>
[22252] <mocker> <D:\projects\pytypes2\new100\cookiecutter\tests\test_specify_output_dir.py#62:1528-1534> <22248>
[22261] <template> <D:\projects\pytypes2\new100\cookiecutter\tests\test_specify_output_dir.py#64:1602-1610> <22249>
[22264] <mock_gen_files> <D:\projects\pytypes2\new100\cookiecutter\tests\test_specify_output_dir.py#66:1619-1633> <22251>
[22267] <template> <D:\projects\pytypes2\new100\cookiecutter\tests\test_specify_output_dir.py#67:1677-1685> <22249>
[22269] <context> <D:\projects\pytypes2\new100\cookiecutter\tests\test_specify_output_dir.py#68:1704-1711> <22250>
[1944] <self> <D:\software\python\Lib\__future__.py#104:3768-3772> <1941>
[1947] <self> <D:\software\python\Lib\__future__.py#105:3818-3822> <1941>
[1950] <self> <D:\software\python\Lib\__future__.py#106:3869-3873> <1941>
[2773] <cls> <D:\software\python\Lib\abc.py#107:3359-3362> <2759>
[2776] <cls> <D:\software\python\Lib\abc.py#108:3384-3387> <2759>
[10411] <Mock> <D:\projects\pytypes2\new100\cookiecutter\docs\conf.py#33:1165-1169> <10400>
[21176] <generate> <D:\projects\pytypes2\new100\cookiecutter\tests\test_output_folder.py#57:1610-1618> <12859>
[21177] <generate_context> <D:\projects\pytypes2\new100\cookiecutter\tests\test_output_folder.py#57:1619-1635> <4036>
[21184] <context> <D:\projects\pytypes2\new100\cookiecutter\tests\test_output_folder.py#60:1732-1739> <21175>
[21195] <output_folder> <D:\projects\pytypes2\new100\cookiecutter\tests\test_output_folder.py#62:1798-1811> <21183>
[21201] <output_folder> <D:\projects\pytypes2\new100\cookiecutter\tests\test_output_folder.py#63:1835-1848> <21183>
[21219] <exceptions> <D:\projects\pytypes2\new100\cookiecutter\tests\test_output_folder.py#64:1874-1884> <19867>
[21220] <OutputDirExistsException> <D:\projects\pytypes2\new100\cookiecutter\tests\test_output_folder.py#64:1885-1909> <1365>
[21206] <generate> <D:\projects\pytypes2\new100\cookiecutter\tests\test_output_folder.py#65:1921-1929> <12859>
[21207] <generate_files> <D:\projects\pytypes2\new100\cookiecutter\tests\test_output_folder.py#65:1930-1944> <4486>
[21209] <context> <D:\projects\pytypes2\new100\cookiecutter\tests\test_output_folder.py#66:1967-1974> <21175>
[13431] <tmpdir> <D:\projects\pytypes2\new100\cookiecutter\tests\test_cli.py#203:5712-5718> <13429>
[13490] <request> <D:\projects\pytypes2\new100\cookiecutter\tests\test_cli.py#231:6460-6467> <13489>
[21110] <generate> <D:\projects\pytypes2\new100\cookiecutter\tests\test_output_folder.py#33:813-821> <12859>
[21111] <generate_context> <D:\projects\pytypes2\new100\cookiecutter\tests\test_output_folder.py#33:822-838> <4036>
[21117] <generate> <D:\projects\pytypes2\new100\cookiecutter\tests\test_output_folder.py#36:919-927> <12859>
[21118] <generate_files> <D:\projects\pytypes2\new100\cookiecutter\tests\test_output_folder.py#36:928-942> <4486>
[21120] <context> <D:\projects\pytypes2\new100\cookiecutter\tests\test_output_folder.py#37:961-968> <21109>
[21137] <something> <D:\projects\pytypes2\new100\cookiecutter\tests\test_output_folder.py#45:1167-1176> <21126>
[21138] <something2> <D:\projects\pytypes2\new100\cookiecutter\tests\test_output_folder.py#45:1180-1190> <21129>
[21152] <in_folder> <D:\projects\pytypes2\new100\cookiecutter\tests\test_output_folder.py#49:1332-1341> <21141>
[21153] <in_folder2> <D:\projects\pytypes2\new100\cookiecutter\tests\test_output_folder.py#49:1345-1355> <21144>
[12562] <request> <D:\projects\pytypes2\new100\cookiecutter\tests\repository\test_is_repo_url.py#34:899-906> <12561>
[14962] <project_dir> <D:\projects\pytypes2\new100\cookiecutter\tests\test_cookiecutter_local_no_input.py#93:3129-3140> <14953>
[14985] <project_dir> <D:\projects\pytypes2\new100\cookiecutter\tests\test_cookiecutter_local_no_input.py#95:3211-3222> <14953>
[14973] <fh> <D:\projects\pytypes2\new100\cookiecutter\tests\test_cookiecutter_local_no_input.py#96:3265-3267> <14989>
[14992] <contents> <D:\projects\pytypes2\new100\cookiecutter\tests\test_cookiecutter_local_no_input.py#98:3289-3297> <14972>
[12063] <repository> <D:\projects\pytypes2\new100\cookiecutter\tests\repository\test_determine_repository_should_use_local_repo.py#10:225-235> <11932>
[12064] <determine_repo_dir> <D:\projects\pytypes2\new100\cookiecutter\tests\repository\test_determine_repository_should_use_local_repo.py#10:236-254> <8766>
[12070] <tmpdir> <D:\projects\pytypes2\new100\cookiecutter\tests\repository\test_determine_repository_should_use_local_repo.py#13:337-343> <12057>
[12011] <expand_abbreviations> <D:\projects\pytypes2\new100\cookiecutter\tests\repository\test_abbreviation_expansion.py#46:1153-1173> <8690>
[12018] <input_dir> <D:\projects\pytypes2\new100\cookiecutter\tests\repository\test_abbreviation_expansion.py#49:1224-1233> <12010>
[10891] <original_dir> <D:\projects\pytypes2\new100\cookiecutter\tests\conftest.py#41:935-947> <10882>
[10894] <original_dir_found> <D:\projects\pytypes2\new100\cookiecutter\tests\conftest.py#42:957-975> <10884>
[10895] <original_dir_is_dir> <D:\projects\pytypes2\new100\cookiecutter\tests\conftest.py#45:1070-1089> <10885>
[10901] <backup_dir> <D:\projects\pytypes2\new100\cookiecutter\tests\conftest.py#45:1108-1118> <10883>
[10907] <original_dir> <D:\projects\pytypes2\new100\cookiecutter\tests\conftest.py#46:1147-1159> <10882>
[10913] <original_dir_is_dir> <D:\projects\pytypes2\new100\cookiecutter\tests\conftest.py#50:1282-1301> <10885>
[10917] <original_dir> <D:\projects\pytypes2\new100\cookiecutter\tests\conftest.py#51:1329-1341> <10882>
[10929] <backup_dir> <D:\projects\pytypes2\new100\cookiecutter\tests\conftest.py#54:1423-1433> <10883>
[10934] <backup_dir> <D:\projects\pytypes2\new100\cookiecutter\tests\conftest.py#55:1461-1471> <10883>
[10935] <original_dir> <D:\projects\pytypes2\new100\cookiecutter\tests\conftest.py#55:1473-1485> <10882>
[10945] <original_dir> <D:\projects\pytypes2\new100\cookiecutter\tests\conftest.py#56:1509-1521> <10882>
[10950] <backup_dir> <D:\projects\pytypes2\new100\cookiecutter\tests\conftest.py#57:1546-1556> <10883>
[16336] <context> <D:\projects\pytypes2\new100\cookiecutter\tests\test_generate_context.py#65:1617-1624> <16268>
[16339] <context_with_default> <D:\projects\pytypes2\new100\cookiecutter\tests\test_generate_context.py#66:1636-1656> <16281>
[16342] <context_with_extra> <D:\projects\pytypes2\new100\cookiecutter\tests\test_generate_context.py#67:1668-1686> <16298>
[16345] <context_with_default_and_extra> <D:\projects\pytypes2\new100\cookiecutter\tests\test_generate_context.py#68:1698-1728> <16315>
[23697] <mocker> <D:\projects\pytypes2\new100\cookiecutter\tests\zipfile\test_unzip.py#128:3667-3673> <23693>
[23707] <mocker> <D:\projects\pytypes2\new100\cookiecutter\tests\zipfile\test_unzip.py#133:3795-3801> <23693>
[23716] <tmpdir> <D:\projects\pytypes2\new100\cookiecutter\tests\zipfile\test_unzip.py#138:3937-3943> <23694>
[23738] <InvalidZipRepository> <D:\projects\pytypes2\new100\cookiecutter\tests\zipfile\test_unzip.py#140:3985-4005> <1445>
[23729] <clone_to_dir> <D:\projects\pytypes2\new100\cookiecutter\tests\zipfile\test_unzip.py#144:4146-4158> <23715>
[16830] <request> <D:\projects\pytypes2\new100\cookiecutter\tests\test_generate_file.py#32:818-825> <16809>
[16833] <fin_remove_cheese_file> <D:\projects\pytypes2\new100\cookiecutter\tests\test_generate_file.py#32:839-861> <16812>
[22156] <tmpdir> <D:\projects\pytypes2\new100\cookiecutter\tests\test_specify_output_dir.py#28:579-585> <22154>
[22162] <template_dir> <D:\projects\pytypes2\new100\cookiecutter\tests\test_specify_output_dir.py#29:609-621> <22155>
[22174] <template_dir> <D:\projects\pytypes2\new100\cookiecutter\tests\test_specify_output_dir.py#30:682-694> <22155>
[23882] <mocker> <D:\projects\pytypes2\new100\cookiecutter\tests\zipfile\test_unzip.py#204:5742-5748> <23877>
[23893] <mocker> <D:\projects\pytypes2\new100\cookiecutter\tests\zipfile\test_unzip.py#210:5882-5888> <23877>
[23903] <mock_download> <D:\projects\pytypes2\new100\cookiecutter\tests\zipfile\test_unzip.py#211:5942-5955> <23401>
[23898] <request> <D:\projects\pytypes2\new100\cookiecutter\tests\zipfile\test_unzip.py#211:5906-5913> <23892>
[23906] <mocker> <D:\projects\pytypes2\new100\cookiecutter\tests\zipfile\test_unzip.py#213:5965-5971> <23877>
[23910] <request> <D:\projects\pytypes2\new100\cookiecutter\tests\zipfile\test_unzip.py#215:6047-6054> <23892>
[23917] <tmpdir> <D:\projects\pytypes2\new100\cookiecutter\tests\zipfile\test_unzip.py#219:6109-6115> <23878>
[23931] <clone_to_dir> <D:\projects\pytypes2\new100\cookiecutter\tests\zipfile\test_unzip.py#224:6273-6285> <23916>
[23936] <output_dir> <D:\projects\pytypes2\new100\cookiecutter\tests\zipfile\test_unzip.py#227:6308-6318> <23923>
[23945] <mock_prompt_and_delete> <D:\projects\pytypes2\new100\cookiecutter\tests\zipfile\test_unzip.py#228:6369-6391> <23881>
[17315] <generate> <D:\projects\pytypes2\new100\cookiecutter\tests\test_generate_files.py#90:2972-2980> <12859>
[17316] <generate_files> <D:\projects\pytypes2\new100\cookiecutter\tests\test_generate_files.py#90:2981-2995> <4486>
[17336] <newline_file> <D:\projects\pytypes2\new100\cookiecutter\tests\test_generate_files.py#98:3214-3226> <17328>
[17346] <io> <D:\projects\pytypes2\new100\cookiecutter\tests\test_generate_files.py#100:3240-3242> <17116>
[17349] <newline_file> <D:\projects\pytypes2\new100\cookiecutter\tests\test_generate_files.py#100:3248-3260> <17328>
[17340] <f> <D:\projects\pytypes2\new100\cookiecutter\tests\test_generate_files.py#101:3314-3315> <17354>
[17357] <simple_text> <D:\projects\pytypes2\new100\cookiecutter\tests\test_generate_files.py#102:3335-3346> <17339>
[16203] <request> <D:\projects\pytypes2\new100\cookiecutter\tests\test_find.py#18:283-290> <16196>
[13679] <tmpdir> <D:\projects\pytypes2\new100\cookiecutter\tests\test_cli.py#320:8755-8761> <13675>
[13690] <cli_runner> <D:\projects\pytypes2\new100\cookiecutter\tests\test_cli.py#323:8854-8864> <13676>
[13694] <output_dir> <D:\projects\pytypes2\new100\cookiecutter\tests\test_cli.py#327:8952-8962> <13677>
[13695] <template_path> <D:\projects\pytypes2\new100\cookiecutter\tests\test_cli.py#328:8973-8986> <13686>
[13698] <result> <D:\projects\pytypes2\new100\cookiecutter\tests\test_cli.py#331:9009-9015> <13689>
[13707] <error> <D:\projects\pytypes2\new100\cookiecutter\tests\test_cli.py#334:9108-9113> <13704>
[13708] <result> <D:\projects\pytypes2\new100\cookiecutter\tests\test_cli.py#334:9117-9123> <13689>
[13716] <message> <D:\projects\pytypes2\new100\cookiecutter\tests\test_cli.py#340:9266-9273> <13713>
[13717] <result> <D:\projects\pytypes2\new100\cookiecutter\tests\test_cli.py#340:9277-9283> <13689>
[13729] <template_path> <D:\projects\pytypes2\new100\cookiecutter\tests\test_cli.py#346:9452-9465> <13686>
[13737] <context> <D:\projects\pytypes2\new100\cookiecutter\tests\test_cli.py#349:9514-9521> <13722>
[13744] <context_str> <D:\projects\pytypes2\new100\cookiecutter\tests\test_cli.py#350:9561-9572> <13733>
[13745] <result> <D:\projects\pytypes2\new100\cookiecutter\tests\test_cli.py#350:9576-9582> <13689>
[21264] <preferred_encoding> <D:\projects\pytypes2\new100\cookiecutter\tests\test_preferred_encoding.py#24:739-757> <21254>
[21276] <fs_enc> <D:\projects\pytypes2\new100\cookiecutter\tests\test_preferred_encoding.py#27:825-831> <21260>
[13928] <debug_file> <D:\projects\pytypes2\new100\cookiecutter\tests\test_cli.py#426:11695-11705> <13927>
[13935] <cli_runner> <D:\projects\pytypes2\new100\cookiecutter\tests\test_cli.py#428:11731-11741> <13926>
[13940] <debug_file> <D:\projects\pytypes2\new100\cookiecutter\tests\test_cli.py#432:11826-11836> <13927>
[13945] <result> <D:\projects\pytypes2\new100\cookiecutter\tests\test_cli.py#435:11891-11897> <13934>
[13951] <debug_file> <D:\projects\pytypes2\new100\cookiecutter\tests\test_cli.py#437:11927-11937> <13927>
[13959] <context_log> <D:\projects\pytypes2\new100\cookiecutter\tests\test_cli.py#443:12091-12102> <13956>
[13960] <debug_file> <D:\projects\pytypes2\new100\cookiecutter\tests\test_cli.py#443:12106-12116> <13927>
[13968] <context_log> <D:\projects\pytypes2\new100\cookiecutter\tests\test_cli.py#444:12149-12160> <13956>
[13969] <result> <D:\projects\pytypes2\new100\cookiecutter\tests\test_cli.py#444:12164-12170> <13934>
[11551] <template_name> <D:\projects\pytypes2\new100\cookiecutter\tests\replay\test_load.py#24:428-441> <11544>
[11559] <replay_test_dir> <D:\projects\pytypes2\new100\cookiecutter\tests\replay\test_load.py#25:468-483> <11543>
[11560] <file_name> <D:\projects\pytypes2\new100\cookiecutter\tests\replay\test_load.py#25:485-494> <11547>
[12185] <exceptions> <D:\projects\pytypes2\new100\cookiecutter\tests\repository\test_determine_repository_should_use_local_repo.py#53:1507-1517> <477>
[12186] <RepositoryNotFound> <D:\projects\pytypes2\new100\cookiecutter\tests\repository\test_determine_repository_should_use_local_repo.py#53:1518-1536> <1433>
[12166] <repository> <D:\projects\pytypes2\new100\cookiecutter\tests\repository\test_determine_repository_should_use_local_repo.py#54:1555-1565> <11932>
[12167] <determine_repo_dir> <D:\projects\pytypes2\new100\cookiecutter\tests\repository\test_determine_repository_should_use_local_repo.py#54:1566-1584> <8766>
[12169] <template_path> <D:\projects\pytypes2\new100\cookiecutter\tests\repository\test_determine_repository_should_use_local_repo.py#55:1599-1612> <12156>
[12173] <tmpdir> <D:\projects\pytypes2\new100\cookiecutter\tests\repository\test_determine_repository_should_use_local_repo.py#57:1675-1681> <12153>
[13878] <debug_file> <D:\projects\pytypes2\new100\cookiecutter\tests\test_cli.py#404:11103-11113> <13877>
[13885] <cli_runner> <D:\projects\pytypes2\new100\cookiecutter\tests\test_cli.py#406:11139-11149> <13876>
[13889] <debug_file> <D:\projects\pytypes2\new100\cookiecutter\tests\test_cli.py#409:11212-11222> <13877>
[13894] <result> <D:\projects\pytypes2\new100\cookiecutter\tests\test_cli.py#412:11277-11283> <13884>
[13900] <debug_file> <D:\projects\pytypes2\new100\cookiecutter\tests\test_cli.py#414:11313-11323> <13877>
[13908] <context_log> <D:\projects\pytypes2\new100\cookiecutter\tests\test_cli.py#420:11477-11488> <13905>
[13909] <debug_file> <D:\projects\pytypes2\new100\cookiecutter\tests\test_cli.py#420:11492-11502> <13877>
[13917] <context_log> <D:\projects\pytypes2\new100\cookiecutter\tests\test_cli.py#421:11535-11546> <13905>
[13918] <result> <D:\projects\pytypes2\new100\cookiecutter\tests\test_cli.py#421:11554-11560> <13884>
[19901] <user_config_path> <D:\projects\pytypes2\new100\cookiecutter\tests\test_get_user_config.py#34:895-911> <19884>
[19906] <user_config_path> <D:\projects\pytypes2\new100\cookiecutter\tests\test_get_user_config.py#35:935-951> <19884>
[19907] <user_config_path_backup> <D:\projects\pytypes2\new100\cookiecutter\tests\test_get_user_config.py#35:953-976> <19887>
[19913] <user_config_path> <D:\projects\pytypes2\new100\cookiecutter\tests\test_get_user_config.py#36:997-1013> <19884>
[19965] <request> <D:\projects\pytypes2\new100\cookiecutter\tests\test_get_user_config.py#56:1734-1741> <19883>
[19968] <restore_original_rc> <D:\projects\pytypes2\new100\cookiecutter\tests\test_get_user_config.py#56:1755-1774> <19938>
[19971] <request> <D:\projects\pytypes2\new100\cookiecutter\tests\test_get_user_config.py#57:1781-1788> <19883>
[19974] <remove_test_rc> <D:\projects\pytypes2\new100\cookiecutter\tests\test_get_user_config.py#57:1802-1816> <19918>
[17705] <tmpdir> <D:\projects\pytypes2\new100\cookiecutter\tests\test_generate_files.py#227:7445-7451> <17702>
[17728] <exceptions> <D:\projects\pytypes2\new100\cookiecutter\tests\test_generate_files.py#229:7494-7504> <16263>
[17729] <UndefinedVariableInTemplate> <D:\projects\pytypes2\new100\cookiecutter\tests\test_generate_files.py#229:7505-7532> <1383>
[17711] <generate> <D:\projects\pytypes2\new100\cookiecutter\tests\test_generate_files.py#230:7551-7559> <12859>
[17712] <generate_files> <D:\projects\pytypes2\new100\cookiecutter\tests\test_generate_files.py#230:7560-7574> <4486>
[17717] <output_dir> <D:\projects\pytypes2\new100\cookiecutter\tests\test_generate_files.py#232:7665-7675> <17704>
[17720] <undefined_context> <D:\projects\pytypes2\new100\cookiecutter\tests\test_generate_files.py#233:7699-7716> <17703>
[17736] <err> <D:\projects\pytypes2\new100\cookiecutter\tests\test_generate_files.py#235:7741-7744> <17732>
[17741] <error> <D:\projects\pytypes2\new100\cookiecutter\tests\test_generate_files.py#236:7816-7821> <17735>
[17746] <error> <D:\projects\pytypes2\new100\cookiecutter\tests\test_generate_files.py#237:7842-7847> <17735>
[17749] <undefined_context> <D:\projects\pytypes2\new100\cookiecutter\tests\test_generate_files.py#237:7859-7876> <17703>
[17752] <output_dir> <D:\projects\pytypes2\new100\cookiecutter\tests\test_generate_files.py#239:7895-7905> <17704>
[11612] <replay> <D:\projects\pytypes2\new100\cookiecutter\tests\replay\test_load.py#45:1180-1186> <11244>
[11613] <load> <D:\projects\pytypes2\new100\cookiecutter\tests\replay\test_load.py#45:1187-1191> <8580>
[11615] <replay_test_dir> <D:\projects\pytypes2\new100\cookiecutter\tests\replay\test_load.py#45:1192-1207> <11609>
[15579] <monkeypatch> <D:\projects\pytypes2\new100\cookiecutter\tests\test_cookiecutter_local_with_input.py#33:965-976> <15578>
[17563] <generate> <D:\projects\pytypes2\new100\cookiecutter\tests\test_generate_files.py#172:5811-5819> <12859>
[17564] <generate_files> <D:\projects\pytypes2\new100\cookiecutter\tests\test_generate_files.py#172:5820-5834> <4486>
[17600] <tests_simple_file> <D:\projects\pytypes2\new100\cookiecutter\tests\test_generate_files.py#188:6308-6325> <17584>
[17621] <input_simple_file> <D:\projects\pytypes2\new100\cookiecutter\tests\test_generate_files.py#194:6480-6497> <17607>
[17628] <tests_simple_file_mode> <D:\projects\pytypes2\new100\cookiecutter\tests\test_generate_files.py#195:6527-6549> <17596>
[17629] <input_simple_file_mode> <D:\projects\pytypes2\new100\cookiecutter\tests\test_generate_files.py#195:6553-6575> <17617>
[17656] <tests_script_file> <D:\projects\pytypes2\new100\cookiecutter\tests\test_generate_files.py#206:6889-6906> <17640>
[17677] <input_script_file> <D:\projects\pytypes2\new100\cookiecutter\tests\test_generate_files.py#212:7060-7077> <17663>
[17684] <tests_script_file_mode> <D:\projects\pytypes2\new100\cookiecutter\tests\test_generate_files.py#213:7107-7129> <17652>
[17685] <input_script_file_mode> <D:\projects\pytypes2\new100\cookiecutter\tests\test_generate_files.py#213:7133-7155> <17673>
[11380] <mocker> <D:\projects\pytypes2\new100\cookiecutter\tests\replay\test_dump.py#59:1653-1659> <11379>
[21014] <monkeypatch> <D:\projects\pytypes2\new100\cookiecutter\tests\test_main.py#44:1452-1463> <21008>
[21021] <mocker> <D:\projects\pytypes2\new100\cookiecutter\tests\test_main.py#46:1520-1526> <21009>
[21027] <mocker> <D:\projects\pytypes2\new100\cookiecutter\tests\test_main.py#47:1564-1570> <21009>
[21033] <cookiecutter> <D:\projects\pytypes2\new100\cookiecutter\tests\test_main.py#49:1620-1632> <20952>
[21037] <user_config_file> <D:\projects\pytypes2\new100\cookiecutter\tests\test_main.py#52:1691-1707> <21011>
[21041] <mock_replay_load> <D:\projects\pytypes2\new100\cookiecutter\tests\test_main.py#55:1723-1739> <21020>
[21044] <user_config_data> <D:\projects\pytypes2\new100\cookiecutter\tests\test_main.py#56:1774-1790> <21010>
[12896] <exceptions> <D:\projects\pytypes2\new100\cookiecutter\tests\test_abort_generate_on_hook_error.py#19:389-399> <477>
[12897] <FailedHookException> <D:\projects\pytypes2\new100\cookiecutter\tests\test_abort_generate_on_hook_error.py#19:400-419> <1377>
[12879] <generate> <D:\projects\pytypes2\new100\cookiecutter\tests\test_abort_generate_on_hook_error.py#20:431-439> <12859>
[12880] <generate_files> <D:\projects\pytypes2\new100\cookiecutter\tests\test_abort_generate_on_hook_error.py#20:440-454> <4486>
[12884] <context> <D:\projects\pytypes2\new100\cookiecutter\tests\test_abort_generate_on_hook_error.py#22:527-534> <12868>
[12887] <tmpdir> <D:\projects\pytypes2\new100\cookiecutter\tests\test_abort_generate_on_hook_error.py#23:564-570> <12867>
[12902] <tmpdir> <D:\projects\pytypes2\new100\cookiecutter\tests\test_abort_generate_on_hook_error.py#26:601-607> <12867>
[15708] <tmpdir> <D:\projects\pytypes2\new100\cookiecutter\tests\test_custom_extensions_in_hooks.py#24:387-393> <15706>
[12944] <exceptions> <D:\projects\pytypes2\new100\cookiecutter\tests\test_abort_generate_on_hook_error.py#39:906-916> <477>
[12945] <FailedHookException> <D:\projects\pytypes2\new100\cookiecutter\tests\test_abort_generate_on_hook_error.py#39:917-936> <1377>
[12927] <generate> <D:\projects\pytypes2\new100\cookiecutter\tests\test_abort_generate_on_hook_error.py#40:948-956> <12859>
[12928] <generate_files> <D:\projects\pytypes2\new100\cookiecutter\tests\test_abort_generate_on_hook_error.py#40:957-971> <4486>
[12932] <context> <D:\projects\pytypes2\new100\cookiecutter\tests\test_abort_generate_on_hook_error.py#42:1044-1051> <12916>
[12935] <tmpdir> <D:\projects\pytypes2\new100\cookiecutter\tests\test_abort_generate_on_hook_error.py#43:1081-1087> <12915>
[12950] <tmpdir> <D:\projects\pytypes2\new100\cookiecutter\tests\test_abort_generate_on_hook_error.py#46:1118-1124> <12915>
[24122] <mocker> <D:\projects\pytypes2\new100\cookiecutter\tests\zipfile\test_unzip.py#293:8341-8347> <24118>
[24133] <mocker> <D:\projects\pytypes2\new100\cookiecutter\tests\zipfile\test_unzip.py#299:8496-8502> <24118>
[24142] <tmpdir> <D:\projects\pytypes2\new100\cookiecutter\tests\zipfile\test_unzip.py#304:8609-8615> <24119>
[24149] <clone_to_dir> <D:\projects\pytypes2\new100\cookiecutter\tests\zipfile\test_unzip.py#307:8700-8712> <24141>
[24155] <existing_zip> <D:\projects\pytypes2\new100\cookiecutter\tests\zipfile\test_unzip.py#308:8745-8757> <24148>
[24167] <zipfile_url> <D:\projects\pytypes2\new100\cookiecutter\tests\zipfile\test_unzip.py#313:8927-8938> <24161>
[24171] <clone_to_dir> <D:\projects\pytypes2\new100\cookiecutter\tests\zipfile\test_unzip.py#313:8970-8982> <24141>
[24184] <mock_requests_get> <D:\projects\pytypes2\new100\cookiecutter\tests\zipfile\test_unzip.py#315:9003-9020> <24132>
[13757] <tmpdir> <D:\projects\pytypes2\new100\cookiecutter\tests\test_cli.py#354:9676-9682> <13753>
[13768] <cli_runner> <D:\projects\pytypes2\new100\cookiecutter\tests\test_cli.py#357:9770-9780> <13754>
[13772] <output_dir> <D:\projects\pytypes2\new100\cookiecutter\tests\test_cli.py#361:9868-9878> <13755>
[13773] <template_path> <D:\projects\pytypes2\new100\cookiecutter\tests\test_cli.py#362:9889-9902> <13764>
[13776] <result> <D:\projects\pytypes2\new100\cookiecutter\tests\test_cli.py#365:9925-9931> <13767>
[13783] <result> <D:\projects\pytypes2\new100\cookiecutter\tests\test_cli.py#367:9993-9999> <13767>
[12651] <repository_has_cookiecutter_json> <D:\projects\pytypes2\new100\cookiecutter\tests\repository\test_repository_has_cookiecutter_json.py#20:428-460> <8731>
[12652] <invalid_repository> <D:\projects\pytypes2\new100\cookiecutter\tests\repository\test_repository_has_cookiecutter_json.py#20:461-479> <12650>
[22724] <mocker> <D:\projects\pytypes2\new100\cookiecutter\tests\test_utils.py#156:4321-4327> <22719>
[22735] <tmpdir> <D:\projects\pytypes2\new100\cookiecutter\tests\test_utils.py#161:4458-4464> <22720>
[22746] <repo_dir> <D:\projects\pytypes2\new100\cookiecutter\tests\test_utils.py#163:4524-4532> <22734>
[22752] <mock_read_user> <D:\projects\pytypes2\new100\cookiecutter\tests\test_utils.py#165:4568-4582> <22723>
[22757] <repo_dir> <D:\projects\pytypes2\new100\cookiecutter\tests\test_utils.py#166:4606-4614> <22734>
[22763] <deleted> <D:\projects\pytypes2\new100\cookiecutter\tests\test_utils.py#167:4636-4643> <22741>
[21887] <mocker> <D:\projects\pytypes2\new100\cookiecutter\tests\test_read_user_dict.py#95:2176-2182> <21883>
[21902] <mock_prompt> <D:\projects\pytypes2\new100\cookiecutter\tests\test_read_user_dict.py#102:2345-2356> <21886>
[21905] <mocker> <D:\projects\pytypes2\new100\cookiecutter\tests\test_read_user_dict.py#102:2370-2376> <21883>
[13012] <cli_main> <D:\projects\pytypes2\new100\cookiecutter\tests\test_cli.py#23:538-546> <12999>
[14813] <request> <D:\projects\pytypes2\new100\cookiecutter\tests\test_cookiecutter_local_no_input.py#37:1168-1175> <14732>
[14816] <fin_remove_additional_dirs> <D:\projects\pytypes2\new100\cookiecutter\tests\test_cookiecutter_local_no_input.py#37:1189-1215> <14735>
[15569] <request> <D:\projects\pytypes2\new100\cookiecutter\tests\test_cookiecutter_local_with_input.py#28:785-792> <15533>
[15572] <fin_remove_additional_dirs> <D:\projects\pytypes2\new100\cookiecutter\tests\test_cookiecutter_local_with_input.py#28:806-832> <15536>
[20059] <config> <D:\projects\pytypes2\new100\cookiecutter\tests\test_get_user_config.py#105:3287-3293> <12527>
[20060] <get_user_config> <D:\projects\pytypes2\new100\cookiecutter\tests\test_get_user_config.py#105:3294-3309> <1780>
[20063] <config> <D:\projects\pytypes2\new100\cookiecutter\tests\test_get_user_config.py#105:3315-3321> <12527>
[20064] <DEFAULT_CONFIG> <D:\projects\pytypes2\new100\cookiecutter\tests\test_get_user_config.py#105:3322-3336> <1595>
[12120] <exceptions> <D:\projects\pytypes2\new100\cookiecutter\tests\repository\test_determine_repository_should_use_local_repo.py#27:728-738> <477>
[12121] <RepositoryNotFound> <D:\projects\pytypes2\new100\cookiecutter\tests\repository\test_determine_repository_should_use_local_repo.py#27:739-757> <1433>
[12101] <repository> <D:\projects\pytypes2\new100\cookiecutter\tests\repository\test_determine_repository_should_use_local_repo.py#28:776-786> <11932>
[12102] <determine_repo_dir> <D:\projects\pytypes2\new100\cookiecutter\tests\repository\test_determine_repository_should_use_local_repo.py#28:787-805> <8766>
[12104] <template_path> <D:\projects\pytypes2\new100\cookiecutter\tests\repository\test_determine_repository_should_use_local_repo.py#29:820-833> <12091>
[12108] <tmpdir> <D:\projects\pytypes2\new100\cookiecutter\tests\repository\test_determine_repository_should_use_local_repo.py#31:896-902> <12088>
[19689] <config> <D:\projects\pytypes2\new100\cookiecutter\tests\test_get_config.py#49:1525-1531> <12527>
[19690] <merge_configs> <D:\projects\pytypes2\new100\cookiecutter\tests\test_get_config.py#49:1532-1545> <1648>
[19692] <default> <D:\projects\pytypes2\new100\cookiecutter\tests\test_get_config.py#49:1546-1553> <19634>
[19693] <user_config> <D:\projects\pytypes2\new100\cookiecutter\tests\test_get_config.py#49:1555-1566> <19651>
[19695] <expected_config> <D:\projects\pytypes2\new100\cookiecutter\tests\test_get_config.py#49:1571-1586> <19666>
[21766] <exc_info> <D:\projects\pytypes2\new100\cookiecutter\tests\test_read_user_dict.py#23:379-387> <21762>
[22218] <mocker> <D:\projects\pytypes2\new100\cookiecutter\tests\test_specify_output_dir.py#49:1163-1169> <22213>
[22227] <template> <D:\projects\pytypes2\new100\cookiecutter\tests\test_specify_output_dir.py#51:1237-1245> <22214>
[22228] <output_dir> <D:\projects\pytypes2\new100\cookiecutter\tests\test_specify_output_dir.py#51:1258-1268> <22215>
[22232] <mock_gen_files> <D:\projects\pytypes2\new100\cookiecutter\tests\test_specify_output_dir.py#53:1277-1291> <22217>
[22235] <template> <D:\projects\pytypes2\new100\cookiecutter\tests\test_specify_output_dir.py#54:1335-1343> <22214>
[22237] <context> <D:\projects\pytypes2\new100\cookiecutter\tests\test_specify_output_dir.py#55:1362-1369> <22216>
[22241] <output_dir> <D:\projects\pytypes2\new100\cookiecutter\tests\test_specify_output_dir.py#57:1427-1437> <22215>
[22678] <mocker> <D:\projects\pytypes2\new100\cookiecutter\tests\test_utils.py#138:3781-3787> <22658>
[22682] <answer> <D:\projects\pytypes2\new100\cookiecutter\tests\test_utils.py#140:3864-3870> <22662>
[22689] <tmpdir> <D:\projects\pytypes2\new100\cookiecutter\tests\test_utils.py#143:3918-3924> <22659>
[22700] <repo_dir> <D:\projects\pytypes2\new100\cookiecutter\tests\test_utils.py#145:3984-3992> <22688>
[22704] <mock_read_user> <D:\projects\pytypes2\new100\cookiecutter\tests\test_utils.py#147:4009-4023> <22677>
[22708] <repo_dir> <D:\projects\pytypes2\new100\cookiecutter\tests\test_utils.py#148:4043-4051> <22688>
[22713] <deleted> <D:\projects\pytypes2\new100\cookiecutter\tests\test_utils.py#149:4077-4084> <22695>
[24048] <mocker> <D:\projects\pytypes2\new100\cookiecutter\tests\zipfile\test_unzip.py#266:7544-7550> <24043>
[24058] <mock_download> <D:\projects\pytypes2\new100\cookiecutter\tests\zipfile\test_unzip.py#267:7604-7617> <23401>
[24053] <request> <D:\projects\pytypes2\new100\cookiecutter\tests\zipfile\test_unzip.py#267:7568-7575> <24047>
[24061] <mocker> <D:\projects\pytypes2\new100\cookiecutter\tests\zipfile\test_unzip.py#269:7627-7633> <24043>
[24065] <request> <D:\projects\pytypes2\new100\cookiecutter\tests\zipfile\test_unzip.py#271:7709-7716> <24047>
[24072] <tmpdir> <D:\projects\pytypes2\new100\cookiecutter\tests\zipfile\test_unzip.py#275:7771-7777> <24044>
[24079] <clone_to_dir> <D:\projects\pytypes2\new100\cookiecutter\tests\zipfile\test_unzip.py#278:7862-7874> <24071>
[24085] <existing_zip> <D:\projects\pytypes2\new100\cookiecutter\tests\zipfile\test_unzip.py#279:7907-7919> <24078>
[24099] <clone_to_dir> <D:\projects\pytypes2\new100\cookiecutter\tests\zipfile\test_unzip.py#284:8099-8111> <24071>
[24106] <output_dir> <D:\projects\pytypes2\new100\cookiecutter\tests\zipfile\test_unzip.py#288:8158-8168> <24091>
[13118] <cli_runner> <D:\projects\pytypes2\new100\cookiecutter\tests\test_cli.py#64:1794-1804> <13116>
[13123] <result> <D:\projects\pytypes2\new100\cookiecutter\tests\test_cli.py#65:1855-1861> <13117>
[13138] <f> <D:\projects\pytypes2\new100\cookiecutter\tests\test_cli.py#68:2036-2037> <13155>
[13256] <mocker> <D:\projects\pytypes2\new100\cookiecutter\tests\test_cli.py#106:3181-3187> <13253>
[13260] <cookiecutter> <D:\projects\pytypes2\new100\cookiecutter\tests\test_cli.py#108:3258-3270> <12988>
[13268] <cli_runner> <D:\projects\pytypes2\new100\cookiecutter\tests\test_cli.py#112:3338-3348> <13254>
[13269] <template_path> <D:\projects\pytypes2\new100\cookiecutter\tests\test_cli.py#112:3349-3362> <13264>
[13275] <result> <D:\projects\pytypes2\new100\cookiecutter\tests\test_cli.py#114:3410-3416> <13267>
[13284] <expected_error_msg> <D:\projects\pytypes2\new100\cookiecutter\tests\test_cli.py#121:3582-3600> <13281>
[13285] <result> <D:\projects\pytypes2\new100\cookiecutter\tests\test_cli.py#121:3604-3610> <13267>
[13290] <mock_cookiecutter> <D:\projects\pytypes2\new100\cookiecutter\tests\test_cli.py#123:3625-3642> <13255>
[13293] <template_path> <D:\projects\pytypes2\new100\cookiecutter\tests\test_cli.py#124:3677-3690> <13264>
[12604] <is_repo_url> <D:\projects\pytypes2\new100\cookiecutter\tests\repository\test_is_repo_url.py#64:1710-1721> <8661>
[12605] <template> <D:\projects\pytypes2\new100\cookiecutter\tests\repository\test_is_repo_url.py#64:1722-1730> <12601>
[12611] <expand_abbreviations> <D:\projects\pytypes2\new100\cookiecutter\tests\repository\test_is_repo_url.py#66:1768-1788> <8690>
[12612] <template> <D:\projects\pytypes2\new100\cookiecutter\tests\repository\test_is_repo_url.py#66:1789-1797> <12601>
[12613] <BUILTIN_ABBREVIATIONS> <D:\projects\pytypes2\new100\cookiecutter\tests\repository\test_is_repo_url.py#66:1799-1820> <1586>
[12616] <is_repo_url> <D:\projects\pytypes2\new100\cookiecutter\tests\repository\test_is_repo_url.py#67:1834-1845> <8661>
[12617] <expanded_template> <D:\projects\pytypes2\new100\cookiecutter\tests\repository\test_is_repo_url.py#67:1846-1863> <12610>
[3182] <file> <D:\software\python\Lib\_py_abc.py#74:3286-3290> <3178>
[3187] <file> <D:\software\python\Lib\_py_abc.py#75:3350-3354> <3178>
[3192] <cls> <D:\software\python\Lib\_py_abc.py#76:3377-3380> <3177>
[3195] <name> <D:\software\python\Lib\_py_abc.py#77:3407-3411> <3191>
[3202] <cls> <D:\software\python\Lib\_py_abc.py#78:3466-3469> <3177>
[3203] <name> <D:\software\python\Lib\_py_abc.py#78:3471-3475> <3191>
[3207] <value> <D:\software\python\Lib\_py_abc.py#79:3508-3513> <3200>
[3212] <value> <D:\software\python\Lib\_py_abc.py#80:3558-3563> <3200>
[3218] <file> <D:\software\python\Lib\_py_abc.py#81:3615-3619> <3178>
[2905] <cls> <D:\software\python\Lib\abc.py#162:5668-5671> <2901>
[2909] <cls> <D:\software\python\Lib\abc.py#166:5914-5917> <2901>
[2918] <cls> <D:\software\python\Lib\abc.py#171:6071-6074> <2901>
[2923] <scls> <D:\software\python\Lib\abc.py#172:6115-6119> <2917>
[2929] <cls> <D:\software\python\Lib\abc.py#173:6178-6181> <2901>
[2930] <name> <D:\software\python\Lib\abc.py#173:6183-6187> <2921>
[2934] <value> <D:\software\python\Lib\abc.py#174:6219-6224> <2927>
[2938] <abstracts> <D:\software\python\Lib\abc.py#175:6275-6284> <2913>
[2941] <name> <D:\software\python\Lib\abc.py#175:6289-6293> <2921>
[2953] <cls> <D:\software\python\Lib\abc.py#177:6375-6378> <2901>
[2960] <value> <D:\software\python\Lib\abc.py#178:6417-6422> <2951>
[2964] <abstracts> <D:\software\python\Lib\abc.py#179:6469-6478> <2913>
[2967] <name> <D:\software\python\Lib\abc.py#179:6483-6487> <2950>
[2978] <abstracts> <D:\software\python\Lib\abc.py#180:6530-6539> <2913>
[2974] <cls> <D:\software\python\Lib\abc.py#180:6494-6497> <2901>
[2981] <cls> <D:\software\python\Lib\abc.py#181:6553-6556> <2901>
[10984] <user_config_path> <D:\projects\pytypes2\new100\cookiecutter\tests\conftest.py#101:3382-3398> <10961>
[10992] <user_config_path> <D:\projects\pytypes2\new100\cookiecutter\tests\conftest.py#103:3456-3472> <10961>
[10993] <user_config_path_backup> <D:\projects\pytypes2\new100\cookiecutter\tests\conftest.py#103:3474-3497> <10970>
[10999] <user_config_path> <D:\projects\pytypes2\new100\cookiecutter\tests\conftest.py#104:3518-3534> <10961>
[11027] <backup_dir> <D:\projects\pytypes2\new100\cookiecutter\tests\conftest.py#112:3848-3858> <10840>
[11028] <cookiecutters_dir> <D:\projects\pytypes2\new100\cookiecutter\tests\conftest.py#113:3869-3886> <11008>
[11029] <cookiecutters_dir_backup> <D:\projects\pytypes2\new100\cookiecutter\tests\conftest.py#113:3888-3912> <11017>
[11051] <backup_dir> <D:\projects\pytypes2\new100\cookiecutter\tests\conftest.py#122:4238-4248> <10840>
[11052] <cookiecutter_replay_dir> <D:\projects\pytypes2\new100\cookiecutter\tests\conftest.py#123:4259-4282> <11032>
[11053] <cookiecutter_replay_dir_backup> <D:\projects\pytypes2\new100\cookiecutter\tests\conftest.py#123:4284-4314> <11041>
[11095] <request> <D:\projects\pytypes2\new100\cookiecutter\tests\conftest.py#149:5199-5206> <10958>
[11098] <restore_backup> <D:\projects\pytypes2\new100\cookiecutter\tests\conftest.py#149:5220-5234> <11056>
[22333] <f> <D:\projects\pytypes2\new100\cookiecutter\tests\test_utils.py#29:507-508> <22344>
[22347] <make_readonly> <D:\projects\pytypes2\new100\cookiecutter\tests\test_utils.py#30:533-546> <22299>
[22307] <path> <D:\projects\pytypes2\new100\cookiecutter\tests\test_utils.py#22:359-363> <22300>
[22315] <path> <D:\projects\pytypes2\new100\cookiecutter\tests\test_utils.py#23:387-391> <22300>
[22316] <mode> <D:\projects\pytypes2\new100\cookiecutter\tests\test_utils.py#23:393-397> <22303>
[22317] <stat> <D:\projects\pytypes2\new100\cookiecutter\tests\test_utils.py#23:401-405> <22289>
[22318] <S_IWRITE> <D:\projects\pytypes2\new100\cookiecutter\tests\test_utils.py#23:406-414> <19345>
[12552] <is_zip_file> <D:\projects\pytypes2\new100\cookiecutter\tests\repository\test_is_repo_url.py#21:482-493> <8675>
[12553] <zipfile> <D:\projects\pytypes2\new100\cookiecutter\tests\repository\test_is_repo_url.py#21:494-501> <12549>
[20038] <user_config_path> <D:\projects\pytypes2\new100\cookiecutter\tests\test_get_user_config.py#95:3015-3031> <20031>
[20050] <InvalidConfiguration> <D:\projects\pytypes2\new100\cookiecutter\tests\test_get_user_config.py#96:3057-3077> <1341>
[20041] <config> <D:\projects\pytypes2\new100\cookiecutter\tests\test_get_user_config.py#97:3089-3095> <12527>
[20042] <get_user_config> <D:\projects\pytypes2\new100\cookiecutter\tests\test_get_user_config.py#97:3096-3111> <1780>
[20894] <info_logger_with_file> <D:\projects\pytypes2\new100\cookiecutter\tests\test_log.py#122:3257-3278> <20886>
[20899] <file_handler> <D:\projects\pytypes2\new100\cookiecutter\tests\test_log.py#123:3311-3323> <20891>
[20906] <stream_handler> <D:\projects\pytypes2\new100\cookiecutter\tests\test_log.py#124:3369-3383> <20892>
[20912] <stream_handler> <D:\projects\pytypes2\new100\cookiecutter\tests\test_log.py#125:3420-3434> <20892>
[20920] <file_handler> <D:\projects\pytypes2\new100\cookiecutter\tests\test_log.py#126:3469-3481> <20891>
[20928] <create_log_records> <D:\projects\pytypes2\new100\cookiecutter\tests\test_log.py#128:3512-3530> <20649>
[20931] <debug_file> <D:\projects\pytypes2\new100\cookiecutter\tests\test_log.py#130:3547-3557> <20887>
[20936] <debug_file> <D:\projects\pytypes2\new100\cookiecutter\tests\test_log.py#133:3631-3641> <20887>
[20942] <debug_messages> <D:\projects\pytypes2\new100\cookiecutter\tests\test_log.py#133:3665-3679> <20888>
[22561] <mocker> <D:\projects\pytypes2\new100\cookiecutter\tests\test_utils.py#94:2510-2516> <22556>
[22572] <tmpdir> <D:\projects\pytypes2\new100\cookiecutter\tests\test_utils.py#100:2649-2655> <22557>
[22578] <repo_file> <D:\projects\pytypes2\new100\cookiecutter\tests\test_utils.py#101:2678-2687> <22571>
[22589] <repo_file> <D:\projects\pytypes2\new100\cookiecutter\tests\test_utils.py#103:2766-2775> <22571>
[22593] <mock_read_user> <D:\projects\pytypes2\new100\cookiecutter\tests\test_utils.py#105:2792-2806> <22560>
[22597] <repo_file> <D:\projects\pytypes2\new100\cookiecutter\tests\test_utils.py#106:2830-2839> <22571>
[22603] <deleted> <D:\projects\pytypes2\new100\cookiecutter\tests\test_utils.py#107:2861-2868> <22584>
[16518] <generate> <D:\projects\pytypes2\new100\cookiecutter\tests\test_generate_context.py#158:4615-4623> <12859>
[16519] <apply_overwrites_to_context> <D:\projects\pytypes2\new100\cookiecutter\tests\test_generate_context.py#158:4624-4651> <3979>
[16521] <template_context> <D:\projects\pytypes2\new100\cookiecutter\tests\test_generate_context.py#159:4662-4678> <16517>
[16528] <template_context> <D:\projects\pytypes2\new100\cookiecutter\tests\test_generate_context.py#163:4765-4781> <16517>
[17084] <expected_msg> <D:\projects\pytypes2\new100\cookiecutter\tests\test_generate_file.py#120:3648-3660> <17057>
[17058] <generate> <D:\projects\pytypes2\new100\cookiecutter\tests\test_generate_file.py#113:3375-3383> <12859>
[17059] <generate_file> <D:\projects\pytypes2\new100\cookiecutter\tests\test_generate_file.py#113:3384-3397> <4146>
[17069] <env> <D:\projects\pytypes2\new100\cookiecutter\tests\test_generate_file.py#117:3553-3556> <17056>
[14070] <request> <D:\projects\pytypes2\new100\cookiecutter\tests\test_cookiecutter_invocation.py#38:973-980> <14046>
[14073] <remove_generated_project> <D:\projects\pytypes2\new100\cookiecutter\tests\test_cookiecutter_invocation.py#38:994-1018> <14052>
[14076] <rendered_dir> <D:\projects\pytypes2\new100\cookiecutter\tests\test_cookiecutter_invocation.py#40:1034-1046> <14049>
[16535] <generate> <D:\projects\pytypes2\new100\cookiecutter\tests\test_generate_context.py#167:4857-4865> <12859>
[16536] <apply_overwrites_to_context> <D:\projects\pytypes2\new100\cookiecutter\tests\test_generate_context.py#167:4866-4893> <3979>
[16538] <template_context> <D:\projects\pytypes2\new100\cookiecutter\tests\test_generate_context.py#168:4904-4920> <16534>
[16544] <template_context> <D:\projects\pytypes2\new100\cookiecutter\tests\test_generate_context.py#172:4976-4992> <16534>
[22051] <mocker> <D:\projects\pytypes2\new100\cookiecutter\tests\test_read_user_yes_no.py#19:316-322> <22049>
[22060] <DEFAULT> <D:\projects\pytypes2\new100\cookiecutter\tests\test_read_user_yes_no.py#20:372-379> <22045>
[22057] <prompt> <D:\projects\pytypes2\new100\cookiecutter\tests\test_read_user_yes_no.py#20:350-356> <22050>
[22063] <QUESTION> <D:\projects\pytypes2\new100\cookiecutter\tests\test_read_user_yes_no.py#22:411-419> <22042>
[22064] <DEFAULT> <D:\projects\pytypes2\new100\cookiecutter\tests\test_read_user_yes_no.py#22:421-428> <22045>
[22066] <DEFAULT> <D:\projects\pytypes2\new100\cookiecutter\tests\test_read_user_yes_no.py#22:433-440> <22045>
[22074] <QUESTION> <D:\projects\pytypes2\new100\cookiecutter\tests\test_read_user_yes_no.py#25:495-503> <22042>
[22075] <DEFAULT> <D:\projects\pytypes2\new100\cookiecutter\tests\test_read_user_yes_no.py#26:522-529> <22045>
[19773] <InvalidConfiguration> <D:\projects\pytypes2\new100\cookiecutter\tests\test_get_config.py#88:2842-2862> <1341>
[19763] <config> <D:\projects\pytypes2\new100\cookiecutter\tests\test_get_config.py#89:2885-2891> <12527>
[19764] <get_config> <D:\projects\pytypes2\new100\cookiecutter\tests\test_get_config.py#89:2892-2902> <1695>
[19781] <expected_error_msg> <D:\projects\pytypes2\new100\cookiecutter\tests\test_get_config.py#96:3101-3119> <19778>
[19783] <excinfo> <D:\projects\pytypes2\new100\cookiecutter\tests\test_get_config.py#96:3127-3134> <19775>
[15009] <mocker> <D:\projects\pytypes2\new100\cookiecutter\tests\test_cookiecutter_local_no_input.py#142:4225-4231> <15006>
[15019] <mocker> <D:\projects\pytypes2\new100\cookiecutter\tests\test_cookiecutter_local_no_input.py#148:4339-4345> <15006>
[12635] <repository_has_cookiecutter_json> <D:\projects\pytypes2\new100\cookiecutter\tests\repository\test_repository_has_cookiecutter_json.py#8:157-189> <8731>
[13422] <request> <D:\projects\pytypes2\new100\cookiecutter\tests\test_cli.py#198:5636-5643> <13421>
[23341] <exceptions> <D:\projects\pytypes2\new100\cookiecutter\tests\vcs\test_identify_repo.py#58:2068-2078> <19867>
[23342] <UnknownRepoType> <D:\projects\pytypes2\new100\cookiecutter\tests\vcs\test_identify_repo.py#58:2079-2094> <1347>
[23334] <unknown_repo_type_url> <D:\projects\pytypes2\new100\cookiecutter\tests\vcs\test_identify_repo.py#59:2124-2145> <23330>
[22950] <mocker> <D:\projects\pytypes2\new100\cookiecutter\tests\vcs\test_clone.py#66:1751-1757> <22946>
[22960] <mocker> <D:\projects\pytypes2\new100\cookiecutter\tests\vcs\test_clone.py#71:1874-1880> <22946>
[22971] <mocker> <D:\projects\pytypes2\new100\cookiecutter\tests\vcs\test_clone.py#76:2021-2027> <22946>
[22980] <tmpdir> <D:\projects\pytypes2\new100\cookiecutter\tests\vcs\test_clone.py#81:2141-2147> <22947>
[22986] <clone_to_dir> <D:\projects\pytypes2\new100\cookiecutter\tests\vcs\test_clone.py#84:2222-2234> <22979>
[22998] <repo_url> <D:\projects\pytypes2\new100\cookiecutter\tests\vcs\test_clone.py#89:2410-2418> <22992>
[23000] <clone_to_dir> <D:\projects\pytypes2\new100\cookiecutter\tests\vcs\test_clone.py#89:2437-2449> <22979>
[23013] <mock_subprocess> <D:\projects\pytypes2\new100\cookiecutter\tests\vcs\test_clone.py#90:2468-2483> <22970>
[13537] <mocker> <D:\projects\pytypes2\new100\cookiecutter\tests\test_cli.py#246:6837-6843> <13533>
[13547] <cli_runner> <D:\projects\pytypes2\new100\cookiecutter\tests\test_cli.py#251:6959-6969> <13534>
[13548] <template_path> <D:\projects\pytypes2\new100\cookiecutter\tests\test_cli.py#251:6970-6983> <13543>
[13550] <user_config_path> <D:\projects\pytypes2\new100\cookiecutter\tests\test_cli.py#251:7002-7018> <13535>
[13553] <result> <D:\projects\pytypes2\new100\cookiecutter\tests\test_cli.py#253:7034-7040> <13546>
[13559] <mock_cookiecutter> <D:\projects\pytypes2\new100\cookiecutter\tests\test_cli.py#254:7061-7078> <13536>
[13562] <template_path> <D:\projects\pytypes2\new100\cookiecutter\tests\test_cli.py#255:7113-7126> <13543>
[13570] <user_config_path> <D:\projects\pytypes2\new100\cookiecutter\tests\test_cli.py#261:7264-7280> <13535>
[18251] <generate> <D:\projects\pytypes2\new100\cookiecutter\tests\test_generate_hooks.py#61:1674-1682> <12859>
[18252] <generate_files> <D:\projects\pytypes2\new100\cookiecutter\tests\test_generate_hooks.py#61:1683-1697> <4486>
[18969] <make_test_repo> <D:\projects\pytypes2\new100\cookiecutter\tests\test_generate_hooks.py#229:7552-7566> <18693>
[18701] <name> <D:\projects\pytypes2\new100\cookiecutter\tests\test_generate_hooks.py#184:5857-5861> <18694>
[18711] <name> <D:\projects\pytypes2\new100\cookiecutter\tests\test_generate_hooks.py#185:5901-5905> <18694>
[18718] <name> <D:\projects\pytypes2\new100\cookiecutter\tests\test_generate_hooks.py#186:5957-5961> <18694>
[18724] <hooks> <D:\projects\pytypes2\new100\cookiecutter\tests\test_generate_hooks.py#187:5977-5982> <18695>
[18730] <template> <D:\projects\pytypes2\new100\cookiecutter\tests\test_generate_hooks.py#188:5998-6006> <18705>
[18746] <template> <D:\projects\pytypes2\new100\cookiecutter\tests\test_generate_hooks.py#190:6038-6046> <18705>
[18733] <f> <D:\projects\pytypes2\new100\cookiecutter\tests\test_generate_hooks.py#191:6083-6084> <18751>
[18767] <hooks> <D:\projects\pytypes2\new100\cookiecutter\tests\test_generate_hooks.py#194:6187-6192> <18695>
[18797] <filename> <D:\projects\pytypes2\new100\cookiecutter\tests\test_generate_hooks.py#195:6236-6244> <18761>
[18771] <f> <D:\projects\pytypes2\new100\cookiecutter\tests\test_generate_hooks.py#196:6270-6271> <18800>
[18777] <f> <D:\projects\pytypes2\new100\cookiecutter\tests\test_generate_hooks.py#197:6306-6307> <18800>
[18783] <f> <D:\projects\pytypes2\new100\cookiecutter\tests\test_generate_hooks.py#198:6333-6334> <18800>
[18789] <f> <D:\projects\pytypes2\new100\cookiecutter\tests\test_generate_hooks.py#199:6384-6385> <18800>
[18809] <hooks> <D:\projects\pytypes2\new100\cookiecutter\tests\test_generate_hooks.py#201:6453-6458> <18695>
[18839] <filename> <D:\projects\pytypes2\new100\cookiecutter\tests\test_generate_hooks.py#202:6503-6511> <18803>
[18813] <f> <D:\projects\pytypes2\new100\cookiecutter\tests\test_generate_hooks.py#203:6537-6538> <18842>
[18819] <f> <D:\projects\pytypes2\new100\cookiecutter\tests\test_generate_hooks.py#204:6573-6574> <18842>
[18825] <f> <D:\projects\pytypes2\new100\cookiecutter\tests\test_generate_hooks.py#205:6600-6601> <18842>
[18831] <f> <D:\projects\pytypes2\new100\cookiecutter\tests\test_generate_hooks.py#206:6652-6653> <18842>
[18852] <hooks> <D:\projects\pytypes2\new100\cookiecutter\tests\test_generate_hooks.py#208:6731-6736> <18695>
[18882] <filename> <D:\projects\pytypes2\new100\cookiecutter\tests\test_generate_hooks.py#209:6779-6787> <18846>
[18856] <f> <D:\projects\pytypes2\new100\cookiecutter\tests\test_generate_hooks.py#210:6813-6814> <18885>
[18862] <f> <D:\projects\pytypes2\new100\cookiecutter\tests\test_generate_hooks.py#211:6851-6852> <18885>
[18868] <f> <D:\projects\pytypes2\new100\cookiecutter\tests\test_generate_hooks.py#212:6878-6879> <18885>
[18874] <f> <D:\projects\pytypes2\new100\cookiecutter\tests\test_generate_hooks.py#213:6932-6933> <18885>
[18891] <filename> <D:\projects\pytypes2\new100\cookiecutter\tests\test_generate_hooks.py#215:7016-7024> <18846>
[18895] <filename> <D:\projects\pytypes2\new100\cookiecutter\tests\test_generate_hooks.py#215:7034-7042> <18846>
[18899] <stat> <D:\projects\pytypes2\new100\cookiecutter\tests\test_generate_hooks.py#215:7054-7058> <18153>
[18900] <S_IXUSR> <D:\projects\pytypes2\new100\cookiecutter\tests\test_generate_hooks.py#215:7059-7066> <19360>
[18911] <hooks> <D:\projects\pytypes2\new100\cookiecutter\tests\test_generate_hooks.py#217:7103-7108> <18695>
[18941] <filename> <D:\projects\pytypes2\new100\cookiecutter\tests\test_generate_hooks.py#218:7152-7160> <18905>
[18915] <f> <D:\projects\pytypes2\new100\cookiecutter\tests\test_generate_hooks.py#219:7186-7187> <18944>
[18921] <f> <D:\projects\pytypes2\new100\cookiecutter\tests\test_generate_hooks.py#220:7224-7225> <18944>
[18927] <f> <D:\projects\pytypes2\new100\cookiecutter\tests\test_generate_hooks.py#221:7251-7252> <18944>
[18933] <f> <D:\projects\pytypes2\new100\cookiecutter\tests\test_generate_hooks.py#222:7306-7307> <18944>
[18950] <filename> <D:\projects\pytypes2\new100\cookiecutter\tests\test_generate_hooks.py#224:7391-7399> <18905>
[18954] <filename> <D:\projects\pytypes2\new100\cookiecutter\tests\test_generate_hooks.py#224:7409-7417> <18905>
[18958] <stat> <D:\projects\pytypes2\new100\cookiecutter\tests\test_generate_hooks.py#224:7429-7433> <18153>
[18959] <S_IXUSR> <D:\projects\pytypes2\new100\cookiecutter\tests\test_generate_hooks.py#224:7434-7441> <19360>
[18973] <generate> <D:\projects\pytypes2\new100\cookiecutter\tests\test_generate_hooks.py#230:7597-7605> <12859>
[18974] <generate_files> <D:\projects\pytypes2\new100\cookiecutter\tests\test_generate_hooks.py#230:7606-7620> <4486>
[18999] <shell_pre_file> <D:\projects\pytypes2\new100\cookiecutter\tests\test_generate_hooks.py#239:7988-8002> <18988>
[19007] <shell_post_file> <D:\projects\pytypes2\new100\cookiecutter\tests\test_generate_hooks.py#240:8031-8046> <18991>
[17236] <request> <D:\projects\pytypes2\new100\cookiecutter\tests\test_generate_files.py#58:1935-1942> <17155>
[17239] <fin_remove_additional_folders> <D:\projects\pytypes2\new100\cookiecutter\tests\test_generate_files.py#58:1956-1985> <17158>
[12582] <request> <D:\projects\pytypes2\new100\cookiecutter\tests\repository\test_is_repo_url.py#51:1333-1340> <12581>
[11300] <request> <D:\projects\pytypes2\new100\cookiecutter\tests\replay\test_dump.py#34:740-747> <11278>
[11303] <fin_remove_replay_file> <D:\projects\pytypes2\new100\cookiecutter\tests\replay\test_dump.py#34:761-783> <11282>
[11953] <expand_abbreviations> <D:\projects\pytypes2\new100\cookiecutter\tests\repository\test_abbreviation_expansion.py#18:422-442> <8690>
[11960] <input_dir> <D:\projects\pytypes2\new100\cookiecutter\tests\repository\test_abbreviation_expansion.py#21:494-503> <11952>
[16355] <generate> <D:\projects\pytypes2\new100\cookiecutter\tests\test_generate_context.py#78:2047-2055> <12859>
[16356] <generate_context> <D:\projects\pytypes2\new100\cookiecutter\tests\test_generate_context.py#78:2056-2072> <4036>
[16358] <input_params> <D:\projects\pytypes2\new100\cookiecutter\tests\test_generate_context.py#78:2075-2087> <16351>
[16361] <expected_context> <D:\projects\pytypes2\new100\cookiecutter\tests\test_generate_context.py#78:2092-2108> <16352>
[17044] <msg> <D:\projects\pytypes2\new100\cookiecutter\tests\test_generate_file.py#107:3205-3208> <17041>
[18372] <message> <D:\projects\pytypes2\new100\cookiecutter\tests\test_generate_hooks.py#105:3284-3291> <18367>
[18375] <err> <D:\projects\pytypes2\new100\cookiecutter\tests\test_generate_hooks.py#106:3298-3301> <18370>
[18383] <mocker> <D:\projects\pytypes2\new100\cookiecutter\tests\test_generate_hooks.py#108:3339-3345> <18366>
[18392] <err> <D:\projects\pytypes2\new100\cookiecutter\tests\test_generate_hooks.py#109:3398-3401> <18370>
[18389] <prompt> <D:\projects\pytypes2\new100\cookiecutter\tests\test_generate_hooks.py#109:3377-3383> <18382>
[18413] <FailedHookException> <D:\projects\pytypes2\new100\cookiecutter\tests\test_generate_hooks.py#111:3428-3447> <1377>
[18394] <generate> <D:\projects\pytypes2\new100\cookiecutter\tests\test_generate_hooks.py#112:3470-3478> <12859>
[18395] <generate_files> <D:\projects\pytypes2\new100\cookiecutter\tests\test_generate_hooks.py#112:3479-3493> <4486>
[18418] <message> <D:\projects\pytypes2\new100\cookiecutter\tests\test_generate_hooks.py#119:3711-3718> <18367>
[18420] <excinfo> <D:\projects\pytypes2\new100\cookiecutter\tests\test_generate_hooks.py#119:3726-3733> <18415>
[19516] <_filemode_table> <D:\software\python\Lib\stat.py#159:4702-4717> <19423>
[19520] <table> <D:\software\python\Lib\stat.py#160:4745-4750> <19515>
[19521] <mode> <D:\software\python\Lib\stat.py#161:4768-4772> <19509>
[19522] <bit> <D:\software\python\Lib\stat.py#161:4775-4778> <19517>
[19524] <bit> <D:\software\python\Lib\stat.py#161:4782-4785> <19517>
[19526] <perm> <D:\software\python\Lib\stat.py#162:4804-4808> <19512>
[19529] <char> <D:\software\python\Lib\stat.py#162:4816-4820> <19518>
[19536] <perm> <D:\software\python\Lib\stat.py#165:4873-4877> <19512>
[19549] <perm> <D:\software\python\Lib\stat.py#166:4910-4914> <19512>
[13585] <mocker> <D:\projects\pytypes2\new100\cookiecutter\tests\test_cli.py#269:7481-7487> <13581>
[13595] <cli_runner> <D:\projects\pytypes2\new100\cookiecutter\tests\test_cli.py#274:7603-7613> <13582>
[13596] <template_path> <D:\projects\pytypes2\new100\cookiecutter\tests\test_cli.py#275:7624-7637> <13591>
[13598] <user_config_path> <D:\projects\pytypes2\new100\cookiecutter\tests\test_cli.py#277:7674-7690> <13583>
[13602] <result> <D:\projects\pytypes2\new100\cookiecutter\tests\test_cli.py#281:7742-7748> <13594>
[13608] <mock_cookiecutter> <D:\projects\pytypes2\new100\cookiecutter\tests\test_cli.py#282:7769-7786> <13584>
[13611] <template_path> <D:\projects\pytypes2\new100\cookiecutter\tests\test_cli.py#283:7821-7834> <13591>
[13619] <user_config_path> <D:\projects\pytypes2\new100\cookiecutter\tests\test_cli.py#289:7972-7988> <13583>
[19176] <mode> <D:\software\python\Lib\stat.py#25:492-496> <19173>
[23121] <mocker> <D:\projects\pytypes2\new100\cookiecutter\tests\vcs\test_clone.py#155:4410-4416> <23116>
[23133] <error_message> <D:\projects\pytypes2\new100\cookiecutter\tests\vcs\test_clone.py#159:4585-4598> <23118>
[23157] <exceptions> <D:\projects\pytypes2\new100\cookiecutter\tests\vcs\test_clone.py#164:4708-4718> <19867>
[23158] <RepositoryNotFound> <D:\projects\pytypes2\new100\cookiecutter\tests\vcs\test_clone.py#164:4719-4737> <1433>
[23146] <repository_url> <D:\projects\pytypes2\new100\cookiecutter\tests\vcs\test_clone.py#166:4780-4794> <23140>
[23147] <clone_dir> <D:\projects\pytypes2\new100\cookiecutter\tests\vcs\test_clone.py#167:4822-4831> <23117>
[23165] <err> <D:\projects\pytypes2\new100\cookiecutter\tests\vcs\test_clone.py#171:4889-4892> <23161>
[23172] <repository_url> <D:\projects\pytypes2\new100\cookiecutter\tests\vcs\test_clone.py#173:4990-5004> <23140>
[23492] <mocker> <D:\projects\pytypes2\new100\cookiecutter\tests\zipfile\test_unzip.py#45:1186-1192> <23487>
[23503] <tmpdir> <D:\projects\pytypes2\new100\cookiecutter\tests\zipfile\test_unzip.py#51:1331-1337> <23488>
[23517] <clone_to_dir> <D:\projects\pytypes2\new100\cookiecutter\tests\zipfile\test_unzip.py#56:1490-1502> <23502>
[23524] <output_dir> <D:\projects\pytypes2\new100\cookiecutter\tests\zipfile\test_unzip.py#60:1553-1563> <23509>
[23533] <mock_prompt_and_delete> <D:\projects\pytypes2\new100\cookiecutter\tests\zipfile\test_unzip.py#61:1614-1636> <23491>
[23638] <mocker> <D:\projects\pytypes2\new100\cookiecutter\tests\zipfile\test_unzip.py#104:2976-2982> <23633>
[23648] <mocker> <D:\projects\pytypes2\new100\cookiecutter\tests\zipfile\test_unzip.py#109:3104-3110> <23633>
[23657] <tmpdir> <D:\projects\pytypes2\new100\cookiecutter\tests\zipfile\test_unzip.py#114:3230-3236> <23634>
[23671] <clone_to_dir> <D:\projects\pytypes2\new100\cookiecutter\tests\zipfile\test_unzip.py#119:3389-3401> <23656>
[23676] <output_dir> <D:\projects\pytypes2\new100\cookiecutter\tests\zipfile\test_unzip.py#122:3424-3434> <23663>
[23685] <mock_prompt_and_delete> <D:\projects\pytypes2\new100\cookiecutter\tests\zipfile\test_unzip.py#123:3485-3507> <23637>
[13323] <mocker> <D:\projects\pytypes2\new100\cookiecutter\tests\test_cli.py#145:4238-4244> <13319>
[13327] <cookiecutter> <D:\projects\pytypes2\new100\cookiecutter\tests\test_cli.py#147:4315-4327> <12988>
[13335] <cli_runner> <D:\projects\pytypes2\new100\cookiecutter\tests\test_cli.py#151:4395-4405> <13320>
[13336] <template_path> <D:\projects\pytypes2\new100\cookiecutter\tests\test_cli.py#151:4406-4419> <13331>
[13339] <overwrite_cli_flag> <D:\projects\pytypes2\new100\cookiecutter\tests\test_cli.py#151:4439-4457> <13321>
[13342] <result> <D:\projects\pytypes2\new100\cookiecutter\tests\test_cli.py#153:4473-4479> <13334>
[13348] <mock_cookiecutter> <D:\projects\pytypes2\new100\cookiecutter\tests\test_cli.py#155:4502-4519> <13322>
[13351] <template_path> <D:\projects\pytypes2\new100\cookiecutter\tests\test_cli.py#156:4554-4567> <13331>
[11222] <mocker> <D:\projects\pytypes2\new100\cookiecutter\tests\replay\conftest.py#25:536-542> <11221>
[11639] <mocker> <D:\projects\pytypes2\new100\cookiecutter\tests\replay\test_load.py#53:1526-1532> <11630>
[11642] <replay> <D:\projects\pytypes2\new100\cookiecutter\tests\replay\test_load.py#53:1537-1543> <11244>
[11647] <mocker> <D:\projects\pytypes2\new100\cookiecutter\tests\replay\test_load.py#55:1586-1592> <11630>
[11658] <replay> <D:\projects\pytypes2\new100\cookiecutter\tests\replay\test_load.py#57:1659-1665> <11244>
[11659] <load> <D:\projects\pytypes2\new100\cookiecutter\tests\replay\test_load.py#57:1666-1670> <8580>
[11661] <replay_test_dir> <D:\projects\pytypes2\new100\cookiecutter\tests\replay\test_load.py#57:1671-1686> <11634>
[11662] <template_name> <D:\projects\pytypes2\new100\cookiecutter\tests\replay\test_load.py#57:1688-1701> <11632>
[11665] <mock_user_config> <D:\projects\pytypes2\new100\cookiecutter\tests\replay\test_load.py#59:1721-1737> <11631>
[11670] <spy_get_replay_file> <D:\projects\pytypes2\new100\cookiecutter\tests\replay\test_load.py#60:1750-1769> <11638>
[11673] <replay_test_dir> <D:\projects\pytypes2\new100\cookiecutter\tests\replay\test_load.py#60:1794-1809> <11634>
[11674] <template_name> <D:\projects\pytypes2\new100\cookiecutter\tests\replay\test_load.py#60:1811-1824> <11632>
[11677] <mock_json_load> <D:\projects\pytypes2\new100\cookiecutter\tests\replay\test_load.py#62:1840-1854> <11646>
[11687] <mock_json_load> <D:\projects\pytypes2\new100\cookiecutter\tests\replay\test_load.py#63:1904-1918> <11646>
[11691] <infile_handler> <D:\projects\pytypes2\new100\cookiecutter\tests\replay\test_load.py#64:1941-1955> <11683>
[11694] <replay_file> <D:\projects\pytypes2\new100\cookiecutter\tests\replay\test_load.py#64:1964-1975> <11635>
[11697] <loaded_context> <D:\projects\pytypes2\new100\cookiecutter\tests\replay\test_load.py#65:1988-2002> <11657>
[11698] <context> <D:\projects\pytypes2\new100\cookiecutter\tests\replay\test_load.py#65:2006-2013> <11633>
[2868] <cls> <D:\software\python\Lib\abc.py#139:4777-4780> <2864>
[11407] <replay> <D:\projects\pytypes2\new100\cookiecutter\tests\replay\test_dump.py#78:2149-2155> <11244>
[11408] <dump> <D:\projects\pytypes2\new100\cookiecutter\tests\replay\test_dump.py#78:2156-2160> <8522>
[11410] <replay_test_dir> <D:\projects\pytypes2\new100\cookiecutter\tests\replay\test_dump.py#79:2175-2190> <11404>
[11427] <mock_ensure_failure> <D:\projects\pytypes2\new100\cookiecutter\tests\replay\test_dump.py#83:2267-2286> <11403>
[11430] <replay_test_dir> <D:\projects\pytypes2\new100\cookiecutter\tests\replay\test_dump.py#83:2311-2326> <11404>
[21792] <exc_info> <D:\projects\pytypes2\new100\cookiecutter\tests\test_read_user_dict.py#30:570-578> <21788>
[17984] <tmpdir> <D:\projects\pytypes2\new100\cookiecutter\tests\test_generate_files.py#300:10003-10009> <17981>
[17990] <output_dir> <D:\projects\pytypes2\new100\cookiecutter\tests\test_generate_files.py#302:10033-10043> <17983>
[18018] <exceptions> <D:\projects\pytypes2\new100\cookiecutter\tests\test_generate_files.py#304:10098-10108> <16263>
[18019] <UndefinedVariableInTemplate> <D:\projects\pytypes2\new100\cookiecutter\tests\test_generate_files.py#304:10109-10136> <1383>
[17999] <generate> <D:\projects\pytypes2\new100\cookiecutter\tests\test_generate_files.py#305:10155-10163> <12859>
[18000] <generate_files> <D:\projects\pytypes2\new100\cookiecutter\tests\test_generate_files.py#305:10164-10178> <4486>
[18005] <output_dir> <D:\projects\pytypes2\new100\cookiecutter\tests\test_generate_files.py#307:10268-10278> <17983>
[18008] <undefined_context> <D:\projects\pytypes2\new100\cookiecutter\tests\test_generate_files.py#308:10302-10319> <17982>
[18026] <err> <D:\projects\pytypes2\new100\cookiecutter\tests\test_generate_files.py#311:10383-10386> <18022>
[18044] <directory> <D:\projects\pytypes2\new100\cookiecutter\tests\test_generate_files.py#314:10519-10528> <18030>
[18047] <msg> <D:\projects\pytypes2\new100\cookiecutter\tests\test_generate_files.py#315:10542-10545> <18040>
[18048] <error> <D:\projects\pytypes2\new100\cookiecutter\tests\test_generate_files.py#315:10549-10554> <18025>
[18053] <error> <D:\projects\pytypes2\new100\cookiecutter\tests\test_generate_files.py#317:10577-10582> <18025>
[18056] <undefined_context> <D:\projects\pytypes2\new100\cookiecutter\tests\test_generate_files.py#317:10594-10611> <17982>
[18059] <output_dir> <D:\projects\pytypes2\new100\cookiecutter\tests\test_generate_files.py#319:10626-10636> <17983>
[11446] <mocker> <D:\projects\pytypes2\new100\cookiecutter\tests\replay\test_dump.py#91:2665-2671> <11436>
[11449] <replay> <D:\projects\pytypes2\new100\cookiecutter\tests\replay\test_dump.py#91:2676-2682> <11244>
[11454] <mocker> <D:\projects\pytypes2\new100\cookiecutter\tests\replay\test_dump.py#93:2725-2731> <11436>
[11464] <replay> <D:\projects\pytypes2\new100\cookiecutter\tests\replay\test_dump.py#95:2781-2787> <11244>
[11465] <dump> <D:\projects\pytypes2\new100\cookiecutter\tests\replay\test_dump.py#95:2788-2792> <8522>
[11467] <replay_test_dir> <D:\projects\pytypes2\new100\cookiecutter\tests\replay\test_dump.py#95:2793-2808> <11441>
[11468] <template_name> <D:\projects\pytypes2\new100\cookiecutter\tests\replay\test_dump.py#95:2810-2823> <11439>
[11469] <context> <D:\projects\pytypes2\new100\cookiecutter\tests\replay\test_dump.py#95:2825-2832> <11440>
[11472] <mock_user_config> <D:\projects\pytypes2\new100\cookiecutter\tests\replay\test_dump.py#97:2852-2868> <11438>
[11477] <mock_ensure_success> <D:\projects\pytypes2\new100\cookiecutter\tests\replay\test_dump.py#98:2881-2900> <11437>
[11480] <replay_test_dir> <D:\projects\pytypes2\new100\cookiecutter\tests\replay\test_dump.py#98:2925-2940> <11441>
[11483] <spy_get_replay_file> <D:\projects\pytypes2\new100\cookiecutter\tests\replay\test_dump.py#99:2947-2966> <11445>
[11486] <replay_test_dir> <D:\projects\pytypes2\new100\cookiecutter\tests\replay\test_dump.py#99:2991-3006> <11441>
[11487] <template_name> <D:\projects\pytypes2\new100\cookiecutter\tests\replay\test_dump.py#99:3008-3021> <11439>
[11490] <mock_json_dump> <D:\projects\pytypes2\new100\cookiecutter\tests\replay\test_dump.py#101:3037-3051> <11453>
[11501] <mock_json_dump> <D:\projects\pytypes2\new100\cookiecutter\tests\replay\test_dump.py#102:3117-3131> <11453>
[11505] <outfile_handler> <D:\projects\pytypes2\new100\cookiecutter\tests\replay\test_dump.py#103:3154-3169> <11497>
[11508] <replay_file> <D:\projects\pytypes2\new100\cookiecutter\tests\replay\test_dump.py#103:3178-3189> <11442>
[11511] <dumped_context> <D:\projects\pytypes2\new100\cookiecutter\tests\replay\test_dump.py#104:3202-3216> <11496>
[11512] <context> <D:\projects\pytypes2\new100\cookiecutter\tests\replay\test_dump.py#104:3220-3227> <11440>
[14940] <project_dir> <D:\projects\pytypes2\new100\cookiecutter\tests\test_cookiecutter_local_no_input.py#87:2873-2884> <14931>
[17364] <generate> <D:\projects\pytypes2\new100\cookiecutter\tests\test_generate_files.py#107:3484-3492> <12859>
[17365] <generate_files> <D:\projects\pytypes2\new100\cookiecutter\tests\test_generate_files.py#107:3493-3507> <4486>
[16130] <StrictEnvironment> <D:\projects\pytypes2\new100\cookiecutter\tests\test_environment.py#23:566-583> <3668>
[16136] <env> <D:\projects\pytypes2\new100\cookiecutter\tests\test_environment.py#24:667-670> <16129>
[21643] <mocker> <D:\projects\pytypes2\new100\cookiecutter\tests\test_read_user_choice.py#21:425-431> <21639>
[21655] <OPTIONS> <D:\projects\pytypes2\new100\cookiecutter\tests\test_read_user_choice.py#22:494-501> <21628>
[21649] <choice> <D:\projects\pytypes2\new100\cookiecutter\tests\test_read_user_choice.py#22:459-465> <21642>
[21659] <mocker> <D:\projects\pytypes2\new100\cookiecutter\tests\test_read_user_choice.py#24:519-525> <21639>
[21671] <user_choice> <D:\projects\pytypes2\new100\cookiecutter\tests\test_read_user_choice.py#25:587-598> <21640>
[21665] <prompt> <D:\projects\pytypes2\new100\cookiecutter\tests\test_read_user_choice.py#25:553-559> <21658>
[21676] <OPTIONS> <D:\projects\pytypes2\new100\cookiecutter\tests\test_read_user_choice.py#27:642-649> <21628>
[21678] <expected_value> <D:\projects\pytypes2\new100\cookiecutter\tests\test_read_user_choice.py#27:654-668> <21641>
[21681] <prompt> <D:\projects\pytypes2\new100\cookiecutter\tests\test_read_user_choice.py#29:676-682> <21658>
[21684] <EXPECTED_PROMPT> <D:\projects\pytypes2\new100\cookiecutter\tests\test_read_user_choice.py#30:717-732> <21635>
[21688] <OPTIONS> <D:\projects\pytypes2\new100\cookiecutter\tests\test_read_user_choice.py#31:761-768> <21628>
[11748] <request> <D:\projects\pytypes2\new100\cookiecutter\tests\replay\test_replay.py#26:568-575> <11747>
[13500] <cli_runner> <D:\projects\pytypes2\new100\cookiecutter\tests\test_cli.py#235:6539-6549> <13497>
[13501] <help_cli_flag> <D:\projects\pytypes2\new100\cookiecutter\tests\test_cli.py#235:6550-6563> <13498>
[13504] <result> <D:\projects\pytypes2\new100\cookiecutter\tests\test_cli.py#236:6577-6583> <13499>
[13510] <result> <D:\projects\pytypes2\new100\cookiecutter\tests\test_cli.py#237:6611-6617> <13499>
[13523] <tmpdir> <D:\projects\pytypes2\new100\cookiecutter\tests\test_cli.py#242:6713-6719> <13521>
[15646] <monkeypatch> <D:\projects\pytypes2\new100\cookiecutter\tests\test_cookiecutter_local_with_input.py#50:1657-1668> <15643>
[14828] <request> <D:\projects\pytypes2\new100\cookiecutter\tests\test_cookiecutter_local_no_input.py#45:1408-1415> <14822>
[3136] <subclass> <D:\software\python\Lib\_py_abc.py#59:2469-2477> <3132>
[3144] <subclass> <D:\software\python\Lib\_py_abc.py#61:2567-2575> <3132>
[3145] <cls> <D:\software\python\Lib\_py_abc.py#61:2577-2580> <3131>
[3147] <subclass> <D:\software\python\Lib\_py_abc.py#62:2603-2611> <3132>
[3152] <cls> <D:\software\python\Lib\_py_abc.py#65:2808-2811> <3131>
[3153] <subclass> <D:\software\python\Lib\_py_abc.py#65:2813-2821> <3132>
[3158] <cls> <D:\software\python\Lib\_py_abc.py#68:2987-2990> <3131>
[3163] <subclass> <D:\software\python\Lib\_py_abc.py#68:3009-3017> <3132>
[3166] <ABCMeta> <D:\software\python\Lib\_py_abc.py#69:3028-3035> <3023>
[3167] <_abc_invalidation_counter> <D:\software\python\Lib\_py_abc.py#69:3036-3061> <3027>
[3172] <subclass> <D:\software\python\Lib\_py_abc.py#70:3112-3120> <3132>
[2665] <funcobj> <D:\software\python\Lib\abc.py#24:800-807> <2662>
[2670] <funcobj> <D:\software\python\Lib\abc.py#25:848-855> <2662>
[2684] <callable> <D:\software\python\Lib\abc.py#44:1268-1276> <2683>
[2693] <callable> <D:\software\python\Lib\abc.py#45:1331-1339> <2683>
[22144] <tmpdir> <D:\projects\pytypes2\new100\cookiecutter\tests\test_specify_output_dir.py#23:491-497> <22142>
[23323] <request> <D:\projects\pytypes2\new100\cookiecutter\tests\vcs\test_identify_repo.py#54:1961-1968> <23322>
[12240] <mocker> <D:\projects\pytypes2\new100\cookiecutter\tests\repository\test_determine_repo_dir_clones_repo.py#20:541-547> <12233>
[12253] <repository> <D:\projects\pytypes2\new100\cookiecutter\tests\repository\test_determine_repo_dir_clones_repo.py#26:703-713> <11932>
[12254] <determine_repo_dir> <D:\projects\pytypes2\new100\cookiecutter\tests\repository\test_determine_repo_dir_clones_repo.py#26:714-732> <8766>
[12256] <template> <D:\projects\pytypes2\new100\cookiecutter\tests\repository\test_determine_repo_dir_clones_repo.py#27:743-751> <12234>
[12259] <user_config_data> <D:\projects\pytypes2\new100\cookiecutter\tests\repository\test_determine_repo_dir_clones_repo.py#29:802-818> <12236>
[17904] <tmpdir> <D:\projects\pytypes2\new100\cookiecutter\tests\test_generate_files.py#279:9300-9306> <17901>
[17927] <exceptions> <D:\projects\pytypes2\new100\cookiecutter\tests\test_generate_files.py#281:9349-9359> <16263>
[17928] <UndefinedVariableInTemplate> <D:\projects\pytypes2\new100\cookiecutter\tests\test_generate_files.py#281:9360-9387> <1383>
[17910] <generate> <D:\projects\pytypes2\new100\cookiecutter\tests\test_generate_files.py#282:9406-9414> <12859>
[17911] <generate_files> <D:\projects\pytypes2\new100\cookiecutter\tests\test_generate_files.py#282:9415-9429> <4486>
[17916] <output_dir> <D:\projects\pytypes2\new100\cookiecutter\tests\test_generate_files.py#284:9519-9529> <17903>
[17919] <undefined_context> <D:\projects\pytypes2\new100\cookiecutter\tests\test_generate_files.py#285:9553-9570> <17902>
[17935] <err> <D:\projects\pytypes2\new100\cookiecutter\tests\test_generate_files.py#287:9595-9598> <17931>
[17953] <directory> <D:\projects\pytypes2\new100\cookiecutter\tests\test_generate_files.py#290:9731-9740> <17939>
[17956] <msg> <D:\projects\pytypes2\new100\cookiecutter\tests\test_generate_files.py#291:9754-9757> <17949>
[17957] <error> <D:\projects\pytypes2\new100\cookiecutter\tests\test_generate_files.py#291:9761-9766> <17934>
[17962] <error> <D:\projects\pytypes2\new100\cookiecutter\tests\test_generate_files.py#293:9789-9794> <17934>
[17965] <undefined_context> <D:\projects\pytypes2\new100\cookiecutter\tests\test_generate_files.py#293:9806-9823> <17902>
[17968] <output_dir> <D:\projects\pytypes2\new100\cookiecutter\tests\test_generate_files.py#295:9842-9852> <17903>
[16554] <generate> <D:\projects\pytypes2\new100\cookiecutter\tests\test_generate_context.py#177:5129-5137> <12859>
[16555] <apply_overwrites_to_context> <D:\projects\pytypes2\new100\cookiecutter\tests\test_generate_context.py#177:5138-5165> <3979>
[16557] <template_context> <D:\projects\pytypes2\new100\cookiecutter\tests\test_generate_context.py#178:5176-5192> <16553>
[16563] <template_context> <D:\projects\pytypes2\new100\cookiecutter\tests\test_generate_context.py#182:5250-5266> <16553>
[19226] <S_IFMT> <D:\software\python\Lib\stat.py#52:1234-1240> <19182>
[19227] <mode> <D:\software\python\Lib\stat.py#52:1241-1245> <19223>
[19229] <S_IFDIR> <D:\software\python\Lib\stat.py#52:1250-1257> <19192>
[19274] <S_IFMT> <D:\software\python\Lib\stat.py#68:1722-1728> <19182>
[19275] <mode> <D:\software\python\Lib\stat.py#68:1729-1733> <19271>
[19277] <S_IFIFO> <D:\software\python\Lib\stat.py#68:1738-1745> <19204>
[19298] <S_IFMT> <D:\software\python\Lib\stat.py#76:1944-1950> <19182>
[19299] <mode> <D:\software\python\Lib\stat.py#76:1951-1955> <19295>
[19301] <S_IFSOCK> <D:\software\python\Lib\stat.py#76:1960-1968> <19210>
[12709] <name> <D:\projects\pytypes2\new100\cookiecutter\tests\test-extensions\hello_extension\hello_extension.py#14:325-329> <12705>
[16477] <generate> <D:\projects\pytypes2\new100\cookiecutter\tests\test_generate_context.py#139:4057-4065> <12859>
[16478] <generate_context> <D:\projects\pytypes2\new100\cookiecutter\tests\test_generate_context.py#139:4066-4082> <4036>
[16480] <context_file> <D:\projects\pytypes2\new100\cookiecutter\tests\test_generate_context.py#140:4093-4105> <16446>
[16481] <default_context> <D:\projects\pytypes2\new100\cookiecutter\tests\test_generate_context.py#140:4107-4122> <16447>
[16482] <extra_context> <D:\projects\pytypes2\new100\cookiecutter\tests\test_generate_context.py#140:4124-4137> <16448>
[16485] <generated_context> <D:\projects\pytypes2\new100\cookiecutter\tests\test_generate_context.py#143:4159-4176> <16476>
[16486] <expected_context> <D:\projects\pytypes2\new100\cookiecutter\tests\test_generate_context.py#143:4180-4196> <16451>
[2710] <callable> <D:\software\python\Lib\abc.py#64:1754-1762> <2709>
[2719] <callable> <D:\software\python\Lib\abc.py#65:1817-1825> <2709>
[3017] <ABCMeta> <D:\software\python\Lib\_py_abc.py#11:340-347> <3023>
[3018] <_abc_invalidation_counter> <D:\software\python\Lib\_py_abc.py#11:348-373> <3167>
[18453] <repo_path> <D:\projects\pytypes2\new100\cookiecutter\tests\test_generate_hooks.py#127:4016-4025> <18429>
[18463] <repo_path> <D:\projects\pytypes2\new100\cookiecutter\tests\test_generate_hooks.py#128:4065-4074> <18429>
[18470] <repo_path> <D:\projects\pytypes2\new100\cookiecutter\tests\test_generate_hooks.py#129:4121-4130> <18429>
[18476] <hook_dir> <D:\projects\pytypes2\new100\cookiecutter\tests\test_generate_hooks.py#130:4146-4154> <18447>
[18482] <template> <D:\projects\pytypes2\new100\cookiecutter\tests\test_generate_hooks.py#131:4170-4178> <18457>
[18491] <hooks_path> <D:\projects\pytypes2\new100\cookiecutter\tests\test_generate_hooks.py#133:4212-4222> <18438>
[18509] <hook_path> <D:\projects\pytypes2\new100\cookiecutter\tests\test_generate_hooks.py#135:4263-4272> <18485>
[18495] <f> <D:\projects\pytypes2\new100\cookiecutter\tests\test_generate_hooks.py#136:4294-4295> <18512>
[18501] <f> <D:\projects\pytypes2\new100\cookiecutter\tests\test_generate_hooks.py#137:4338-4339> <18512>
[18534] <FailedHookException> <D:\projects\pytypes2\new100\cookiecutter\tests\test_generate_hooks.py#139:4401-4420> <1377>
[18515] <generate> <D:\projects\pytypes2\new100\cookiecutter\tests\test_generate_hooks.py#140:4443-4451> <12859>
[18516] <generate_files> <D:\projects\pytypes2\new100\cookiecutter\tests\test_generate_hooks.py#140:4452-4466> <4486>
[18541] <excinfo> <D:\projects\pytypes2\new100\cookiecutter\tests\test_generate_hooks.py#148:4693-4700> <18536>
[10340] <self> <D:\projects\pytypes2\new100\cookiecutter\docs\ccext.py#30:785-789> <10330>
[10337] <node> <D:\projects\pytypes2\new100\cookiecutter\docs\ccext.py#30:769-773> <10331>
[10346] <self> <D:\projects\pytypes2\new100\cookiecutter\docs\ccext.py#31:814-818> <10330>
[10352] <self> <D:\projects\pytypes2\new100\cookiecutter\docs\ccext.py#32:851-855> <10330>
[10353] <process_actions> <D:\projects\pytypes2\new100\cookiecutter\docs\ccext.py#32:856-871> <10290>
[10357] <self> <D:\projects\pytypes2\new100\cookiecutter\docs\ccext.py#33:883-887> <10330>
[10362] <self> <D:\projects\pytypes2\new100\cookiecutter\docs\ccext.py#33:907-911> <10330>
[10363] <view_list> <D:\projects\pytypes2\new100\cookiecutter\docs\ccext.py#33:912-921> <10347>
[10366] <node> <D:\projects\pytypes2\new100\cookiecutter\docs\ccext.py#33:926-930> <10331>
[10369] <node> <D:\projects\pytypes2\new100\cookiecutter\docs\ccext.py#34:949-953> <10331>
[16997] <generate> <D:\projects\pytypes2\new100\cookiecutter\tests\test_generate_file.py#88:2610-2618> <12859>
[16998] <generate_file> <D:\projects\pytypes2\new100\cookiecutter\tests\test_generate_file.py#88:2619-2632> <4146>
[17002] <infile> <D:\projects\pytypes2\new100\cookiecutter\tests\test_generate_file.py#90:2676-2682> <16994>
[17008] <env> <D:\projects\pytypes2\new100\cookiecutter\tests\test_generate_file.py#92:2738-2741> <16993>
[17021] <f> <D:\projects\pytypes2\new100\cookiecutter\tests\test_generate_file.py#96:2881-2882> <17035>
[17026] <generated_text> <D:\projects\pytypes2\new100\cookiecutter\tests\test_generate_file.py#97:2906-2920> <17020>
[22899] <mocker> <D:\projects\pytypes2\new100\cookiecutter\tests\vcs\test_clone.py#38:1011-1017> <22895>
[22910] <mocker> <D:\projects\pytypes2\new100\cookiecutter\tests\vcs\test_clone.py#44:1154-1160> <22895>
[22922] <clone_dir> <D:\projects\pytypes2\new100\cookiecutter\tests\vcs\test_clone.py#51:1332-1341> <22896>
[22928] <mock_subprocess> <D:\projects\pytypes2\new100\cookiecutter\tests\vcs\test_clone.py#55:1380-1395> <22909>
[22935] <clone_dir> <D:\projects\pytypes2\new100\cookiecutter\tests\vcs\test_clone.py#57:1491-1500> <22896>
[16156] <exceptions> <D:\projects\pytypes2\new100\cookiecutter\tests\test_exceptions.py#9:181-191> <16089>
[16157] <UndefinedVariableInTemplate> <D:\projects\pytypes2\new100\cookiecutter\tests\test_exceptions.py#9:192-219> <1383>
[16174] <undefined_var_error> <D:\projects\pytypes2\new100\cookiecutter\tests\test_exceptions.py#21:581-600> <16155>
[16176] <expected_str> <D:\projects\pytypes2\new100\cookiecutter\tests\test_exceptions.py#21:605-617> <16170>
[18299] <generate> <D:\projects\pytypes2\new100\cookiecutter\tests\test_generate_hooks.py#74:2183-2191> <12859>
[18300] <generate_files> <D:\projects\pytypes2\new100\cookiecutter\tests\test_generate_hooks.py#74:2192-2206> <4486>
[11938] <expand_abbreviations> <D:\projects\pytypes2\new100\cookiecutter\tests\repository\test_abbreviation_expansion.py#11:254-274> <8690>
[11945] <input_dir> <D:\projects\pytypes2\new100\cookiecutter\tests\repository\test_abbreviation_expansion.py#14:326-335> <11937>
[18224] <generate> <D:\projects\pytypes2\new100\cookiecutter\tests\test_generate_hooks.py#49:1294-1302> <12859>
[18225] <generate_files> <D:\projects\pytypes2\new100\cookiecutter\tests\test_generate_hooks.py#49:1303-1317> <4486>
[11313] <replay> <D:\projects\pytypes2\new100\cookiecutter\tests\replay\test_dump.py#40:983-989> <11244>
[11314] <dump> <D:\projects\pytypes2\new100\cookiecutter\tests\replay\test_dump.py#40:990-994> <8522>
[11316] <replay_test_dir> <D:\projects\pytypes2\new100\cookiecutter\tests\replay\test_dump.py#40:995-1010> <11309>
[11317] <context> <D:\projects\pytypes2\new100\cookiecutter\tests\replay\test_dump.py#40:1018-1025> <11310>
[18195] <directories_to_delete> <D:\projects\pytypes2\new100\cookiecutter\tests\test_generate_hooks.py#41:1019-1040> <18186>
[18201] <directory> <D:\projects\pytypes2\new100\cookiecutter\tests\test_generate_hooks.py#42:1073-1082> <18194>
[18206] <directory> <D:\projects\pytypes2\new100\cookiecutter\tests\test_generate_hooks.py#43:1115-1124> <18194>
[20175] <path> <D:\projects\pytypes2\new100\cookiecutter\tests\test_get_user_config.py#145:4490-4494> <20174>
[13002] <runner> <D:\projects\pytypes2\new100\cookiecutter\tests\test_cli.py#21:494-500> <12995>
[13005] <main> <D:\projects\pytypes2\new100\cookiecutter\tests\test_cli.py#21:508-512> <572>
[13006] <cli_args> <D:\projects\pytypes2\new100\cookiecutter\tests\test_cli.py#21:514-522> <13010>
[15585] <default> <D:\projects\pytypes2\new100\cookiecutter\tests\test_cookiecutter_local_with_input.py#35:1067-1074> <15584>
[19946] <user_config_path_backup> <D:\projects\pytypes2\new100\cookiecutter\tests\test_get_user_config.py#49:1380-1403> <19887>
[19951] <user_config_path_backup> <D:\projects\pytypes2\new100\cookiecutter\tests\test_get_user_config.py#50:1431-1454> <19887>
[19952] <user_config_path> <D:\projects\pytypes2\new100\cookiecutter\tests\test_get_user_config.py#50:1456-1472> <19884>
[19958] <user_config_path_backup> <D:\projects\pytypes2\new100\cookiecutter\tests\test_get_user_config.py#51:1497-1520> <19887>
[15652] <default> <D:\projects\pytypes2\new100\cookiecutter\tests\test_cookiecutter_local_with_input.py#52:1759-1766> <15651>
[14058] <rendered_dir> <D:\projects\pytypes2\new100\cookiecutter\tests\test_cookiecutter_invocation.py#36:913-925> <14049>
[14063] <rendered_dir> <D:\projects\pytypes2\new100\cookiecutter\tests\test_cookiecutter_invocation.py#37:954-966> <14049>
[22666] <question> <D:\projects\pytypes2\new100\cookiecutter\tests\test_utils.py#133:3681-3689> <22663>
[11057] <user_config_found> <D:\projects\pytypes2\new100\cookiecutter\tests\conftest.py#129:4489-4506> <10986|11003>
[11063] <user_config_path_backup> <D:\projects\pytypes2\new100\cookiecutter\tests\conftest.py#129:4526-4549> <10970>
[11069] <user_config_path_backup> <D:\projects\pytypes2\new100\cookiecutter\tests\conftest.py#130:4577-4600> <10970>
[11070] <user_config_path> <D:\projects\pytypes2\new100\cookiecutter\tests\conftest.py#130:4602-4618> <10961>
[11076] <user_config_path_backup> <D:\projects\pytypes2\new100\cookiecutter\tests\conftest.py#131:4643-4666> <10970>
[11081] <restore_backup_dir> <D:\projects\pytypes2\new100\cookiecutter\tests\conftest.py#135:4779-4797> <10881>
[11082] <cookiecutters_dir> <D:\projects\pytypes2\new100\cookiecutter\tests\conftest.py#136:4812-4829> <11008>
[11083] <cookiecutters_dir_backup> <D:\projects\pytypes2\new100\cookiecutter\tests\conftest.py#137:4844-4868> <11017>
[11084] <cookiecutters_dir_found> <D:\projects\pytypes2\new100\cookiecutter\tests\conftest.py#138:4883-4906> <11026>
[11087] <restore_backup_dir> <D:\projects\pytypes2\new100\cookiecutter\tests\conftest.py#143:5035-5053> <10881>
[11088] <cookiecutter_replay_dir> <D:\projects\pytypes2\new100\cookiecutter\tests\conftest.py#144:5068-5091> <11032>
[11089] <cookiecutter_replay_dir_backup> <D:\projects\pytypes2\new100\cookiecutter\tests\conftest.py#145:5106-5136> <11041>
[11090] <cookiecutter_replay_dir_found> <D:\projects\pytypes2\new100\cookiecutter\tests\conftest.py#146:5151-5180> <11050>
[11288] <replay_file> <D:\projects\pytypes2\new100\cookiecutter\tests\replay\test_dump.py#32:685-696> <11279>
[11293] <replay_file> <D:\projects\pytypes2\new100\cookiecutter\tests\replay\test_dump.py#33:722-733> <11279>
[3740] <obj> <D:\projects\pytypes2\new100\cookiecutter\cookiecutter\extensions.py#18:436-439> <3736>
[19926] <user_config_path> <D:\projects\pytypes2\new100\cookiecutter\tests\test_get_user_config.py#42:1170-1186> <19884>
[19931] <user_config_path> <D:\projects\pytypes2\new100\cookiecutter\tests\test_get_user_config.py#43:1212-1228> <19884>
