ID,Title,Created At,Closed At,Issues,Errors,Messages
2054,b'Scripting for API other than HTTP/HTTPS',2022-03-21T14:35:03Z,2022-03-21T14:47:41Z,"feature request, invalid",,
2053,b'Run in docker: ERROR/locust.runners: RPCError found when receiving from client: ZMQ network broken',2022-03-20T03:52:33Z,,bug,,
2052,b'fix some typos',2022-03-17T12:12:47Z,2022-03-17T12:24:54Z,,,
2051,b'Replay a fixed data set with locust? ',2022-03-17T07:39:18Z,2022-03-17T08:29:52Z,invalid,,
2050,b'Filter tasks by method name?',2022-03-15T16:23:05Z,,feature request,,
2049,"b""Add quit event, used for getting locust's exit code just before exit""",2022-03-14T13:37:29Z,2022-03-15T10:40:41Z,,,
2048,b'SSLV3 Bad_certificate _ssl.c: 1091 Issue while using Locust FastHttpUser ',2022-03-14T04:51:12Z,2022-03-14T19:36:19Z,invalid,,
2047,b'Getting 502 bad status code with 100 concurrent users in locust.',2022-03-10T11:08:18Z,2022-03-11T10:11:20Z,invalid,,
2046,"b'Web UI stuck on ""STOPPING""'",2022-03-10T10:34:15Z,,bug,,
2045,b'Memory leak in master node when running Locust in Kubernetes ',2022-03-08T09:32:59Z,,bug,,
2044,b'Add ACK for worker connection',2022-03-07T11:13:39Z,,feature request,,
2043,b'Syntax Error ',2022-03-07T08:14:41Z,2022-03-07T11:45:18Z,"bug, invalid",SyntaxError,"SyntaxError: invalid syntax"
2042,b'Re-introduce -n option to specify the number of requests',2022-03-07T05:17:35Z,2022-03-07T07:39:12Z,"feature request, duplicate",,
2041,b'Bugfix/1947 locust does not stop all users',2022-03-04T16:06:39Z,2022-03-04T16:38:48Z,,,
2040,b'fixing mypy errors with loosest rules',2022-03-04T15:37:04Z,2022-03-08T18:35:14Z,,,
2039,b'Remove Host dialog box if env set',2022-03-03T18:34:49Z,2022-03-03T21:48:32Z,,,
2038,b'Start the WEB UI in read-only mode',2022-03-03T13:50:06Z,,feature request,,
2037,b'The latest docker image has a lot of vulnerabilities',2022-03-03T01:11:54Z,2022-03-03T08:38:41Z,"bug, cantfix",,
2036,b'Multiple resetting connection after RPCError',2022-03-02T14:49:17Z,,bug,,
2035,"b""FastHttpUser client does persist the auth headers across requests like Httpuser's client""",2022-03-02T02:54:47Z,,bug,,
2034,b'no any request sent when fasthttpuser under redhat8.5',2022-02-28T06:21:52Z,,,,
2033,b'Add test_stopping event',2022-02-25T15:51:04Z,2022-03-01T16:23:26Z,,,
2032,"b'Ran pyupgrade on the code base, removing various ""Python2-isms"".'",2022-02-25T14:16:53Z,2022-02-25T14:44:58Z,,,
2031,b'Introduce test_stopping event',2022-02-25T10:43:15Z,2022-03-01T16:23:26Z,feature request,,
2030,b'Funny resource URL prefix disallows using locust behind nginx proxy',2022-02-25T01:26:26Z,,,,
2029,b'Task ratio calculations in the html report are incorrect',2022-02-24T13:20:06Z,,bug,,
2028,"b""Unlike Httpuser's client, FastHttpUser's client does not persist headers. """,2022-02-23T15:27:54Z,2022-03-02T02:50:18Z,"feature request, invalid",,
2027,"b""Change default locust file name from 'locustfile' to 'locustfile.py'""",2022-02-23T07:56:59Z,2022-02-23T07:58:11Z,,,
2026,"b""Could not find any locustfile! Ensure file ends in '.py' and see --help for available options.""",2022-02-22T16:44:25Z,2022-02-22T17:07:57Z,"bug, invalid",,
2025,b'Ensure users are distributed evently across hosts during ramp up',2022-02-21T17:40:11Z,2022-02-22T11:07:09Z,,,
2024,b'Added option for handling an exception from execute_task',2022-02-21T13:09:11Z,2022-02-22T11:37:57Z,,"requests.exceptions.HTTPError, locust.exception.RescheduleTaskImmediately","requests.exceptions.HTTPError: 503 Server Error for url: https://my_faulty_server.comlocust.exception.RescheduleTaskImmediately: True"
2023,b'Bump minimum required gevent version to 20.12.1',2022-02-21T11:35:46Z,2022-02-21T11:39:04Z,,,
2022,b'Fix typos',2022-02-21T11:17:52Z,2022-02-22T08:27:59Z,,,
2021,b'response.failure() does not work without context manager',2022-02-18T22:46:55Z,2022-02-19T07:54:35Z,invalid,,
2020,b'runner-j2nyww-s-project-33093087-concurrent-0/ERROR/locust.main: Unknown User(s):',2022-02-17T15:52:30Z,,bug,,
2019,b'Fix typos in documentation',2022-02-16T12:50:46Z,2022-03-21T10:45:10Z,,,
2018,"b'In the case of Web mode and users greater than 1, the chart still adds data after using the quit () method'",2022-02-16T07:56:28Z,,bug,,
2017,b'CSV report in Chinese and not English',2022-02-14T17:48:13Z,2022-02-16T17:58:03Z,"bug, invalid",,
2016,b'Dockerfile: Fix permissions in venv to allow installing packages in derived images',2022-02-14T11:01:10Z,2022-02-14T11:01:18Z,,,
2015,b'Issue to install python libraries inside locust container when using the locust docker image version 2.8.1',2022-02-14T10:14:52Z,2022-02-14T11:01:18Z,bug,,
2014,b'Fix locust version in docker image (lose the .dev0)',2022-02-13T21:29:54Z,2022-02-13T21:30:15Z,,,
2013,b'Dockerfile: use a builder image to further optimize image size',2022-02-13T19:51:01Z,2022-02-13T19:51:10Z,,,
2012,b'Dockerfile use a builder image (further optimizing image size)',2022-02-13T19:48:45Z,2022-02-13T19:49:09Z,,,
2011,b'Dockerfile: only install build dependencies on arm64 (everyone else has pre-built wheels)',2022-02-12T08:41:56Z,2022-02-12T09:13:42Z,,,
2010,b'fixed load/users getting distributed to missing worker',2022-02-11T22:57:53Z,2022-03-01T23:12:42Z,,,
2009,"b'Shrink docker image, mainly by switching base image to python3.9-slim'",2022-02-11T22:14:24Z,2022-02-11T23:02:35Z,,,
2008,b'Load being distributed to missing workers too Version 2.7.4.dev14',2022-02-11T15:13:48Z,2022-02-13T18:51:59Z,bug,,
2007,b'Fix link to distributed load generation documentation in CPU log warning',2022-02-11T12:47:14Z,2022-02-11T15:15:02Z,,,
2006,"b'error: ambiguous option: --expect-worker could match --expect-workers, --expect-workers-max-wait'",2022-02-11T03:55:13Z,2022-02-11T06:59:50Z,"bug, invalid",,
2005,b'Allow to customize rounded_response_time',2022-02-09T20:31:07Z,,feature request,,
2004,b'added tags/exclude_tags to web UI',2022-02-09T16:05:50Z,,,,
2003,b'Mark package as being typed and add some missing type hints',2022-02-09T15:51:13Z,2022-02-10T07:08:25Z,,,
2002,"b'Hi My scripts have started to fail with the same error as below, was fine until last week'",2022-02-08T22:06:54Z,2022-02-09T21:25:01Z,"bug, invalid","simplejson.scanner.JSONDecodeError, requests.exceptions.JSONDecodeError","simplejson.scanner.JSONDecodeError: Expecting value: line 1 column 1 (char 0)requests.exceptions.JSONDecodeError: [Errno Expecting value] : 0"
2001,b'Fix empty tasks section in UI and static report bug',2022-02-06T23:14:35Z,2022-02-07T11:37:13Z,,,
2000,b'Add type hints',2022-02-06T16:11:21Z,2022-02-10T07:08:25Z,feature request,,
1999,"b""Support locust-plugin's Playwright User: Import trio before gevent patching if LOCUST_PLAYWRIGHT is set""",2022-02-06T14:16:44Z,2022-02-06T14:17:37Z,,,
1998,b'Stats CSV is overwritten on autoquit',2022-02-04T16:31:25Z,2022-02-07T12:45:15Z,"bug, invalid",,
1997,b'#1994 Fixing to fallback in case of local execution',2022-02-04T15:49:57Z,2022-02-04T19:47:27Z,,,
1996,b'Reverse parts of PR #1992',2022-02-03T20:08:45Z,2022-02-03T20:15:25Z,,,
1995,"b'locust:2.7.1 exits when clicking ""Stop Tests"" in the UI'",2022-02-03T18:06:21Z,2022-02-03T20:15:25Z,bug,,
1994,"b""'Tasks' section remains empty for html on v 2.7.0""",2022-02-03T13:28:09Z,2022-02-08T08:10:31Z,,,
1993,b'Allow repeated runs of run_single_user ',2022-01-31T12:39:37Z,2022-01-31T12:40:32Z,,,
1992,b'fix --html report in web mode',2022-01-29T14:20:38Z,2022-01-30T12:17:02Z,,,
1991,"b'Fix ""socket operation on non-socket"" at shutdown, by reverting #1935'",2022-01-28T16:24:35Z,2022-01-29T13:29:07Z,,,
1990,b'unit tests: add extra validations in integration tests',2022-01-28T16:03:56Z,2022-01-28T16:04:02Z,,,
1989,b'Add 99%ile for Web UI',2022-01-28T15:59:16Z,2022-01-28T16:26:48Z,,,
1988,b'add a configuration option for specifying a worker heartbeat interval',2022-01-28T13:51:32Z,2022-01-28T21:21:55Z,,,
1987,b'Documentation Update Centos Python Dependencies',2022-01-27T20:24:50Z,2022-01-29T13:28:06Z,"bug, wontfix",,
1986,b'`test_start` event triggered multiple times on workers',2022-01-27T12:03:06Z,,bug,,
1985,b'Add run_single_user and documentation on how to debug Users/locustfiles',2022-01-27T07:51:21Z,2022-01-27T08:40:47Z,,,
1984,b'Response time graph does not work for distributed configuration',2022-01-27T04:54:59Z,2022-03-19T06:19:08Z,bug,,
1983,b'hardening Environment.shape_class for distinct usage',2022-01-26T14:26:55Z,2022-01-29T13:26:23Z,,,
1982,b'Fire requests through Environment.events',2022-01-26T00:12:08Z,2022-01-26T07:21:47Z,,,
1981,b'Error when executing Environment.runner.start_shape',2022-01-24T16:52:49Z,,bug,TypeError,"TypeError: reset_time() missing 1 required positional argument: 'self'"
1980,b'Update Changelog to 2.6.0 version',2022-01-24T14:21:51Z,2022-01-24T15:19:57Z,"bug, invalid",,
1979,b'Fix docs with underscore postfix for hyperlink?',2022-01-24T10:20:24Z,2022-01-24T13:14:29Z,,,
1978,b'Repair broken hyperlinks in documentation',2022-01-24T09:08:37Z,2022-01-24T09:28:03Z,,,
1977,"b'Fixing issue #1961 with incorrect ""All users spawned"" log messages wh\xe2\x80\xa6'",2022-01-23T21:32:40Z,2022-01-28T08:22:30Z,,,
1976,b'Pass tags and exclude-tags to workers. ',2022-01-20T15:06:43Z,2022-01-23T17:59:56Z,,,
1975,b'WorkerRunner: read --expect-workers from job parameters',2022-01-20T12:31:14Z,2022-01-20T12:37:46Z,,,
1974,b'Update README.md',2022-01-18T14:32:10Z,2022-01-18T17:50:22Z,,,
1973,b'Clean up some logging messages',2022-01-14T15:28:46Z,2022-01-14T15:35:50Z,,,
1972,b'Ensure heartbeat_worker doesnt try to re-establish connection to workers when quit has been called',2022-01-14T12:46:35Z,2022-01-14T15:22:07Z,,,
1971,b'Quitting master doesnt prevent its heartbeat_worker greenlet from trying to re-establish connections',2022-01-14T12:37:13Z,,bug,"zmq.error.ZMQError, locust.exception.RPCError","zmq.error.ZMQError: Socket operation on non-socketlocust.exception.RPCError: ZMQ sent failure"
1970,b'Modify task weights on the fly',2022-01-13T00:16:46Z,,"feature request, stale",,
1969,b'Locust while running as library with grpc client not outputting stats',2022-01-12T15:44:44Z,2022-03-13T13:26:59Z,bug,,
1968,b'The locust report count number was different to redis',2022-01-06T03:33:00Z,2022-01-07T06:45:58Z,"bug, duplicate",,
1967,b'locust\xe6\x94\xaf\xe6\x8c\x81\xe6\xb5\x81\xe5\xaa\x92\xe4\xbd\x93\xe5\x8e\x8b\xe6\xb5\x8b\xe5\x90\x97\xef\xbc\x9f',2022-01-05T03:17:57Z,2022-01-05T08:52:24Z,"feature request, invalid",,
1966,b'I hope to add a column of 99%ile on the Web UI',2021-12-30T08:13:32Z,2022-01-28T16:26:48Z,feature request,,
1965,b'I hope that locust supports transaction control',2021-12-29T09:14:45Z,2021-12-29T12:49:24Z,"feature request, invalid",,
1964,b'fixed_count: ability to spawn a specific number of users (as opposed to just using weights)',2021-12-25T23:20:45Z,2022-01-21T08:44:57Z,,,
1963,b'master performance issues',2021-12-25T07:26:15Z,2022-03-07T01:57:42Z,"feature request, stale",,
1962,b'how to debug locustscript?',2021-12-20T08:09:46Z,2022-02-19T07:53:02Z,"feature request, stale",,
1961,"b'Incorrect ""All users spawned"" log messages when running distributed'",2021-12-17T09:31:12Z,2022-02-28T01:54:15Z,"bug, stale",,
1960,b'Argument to configure max concurrent calls',2021-12-13T16:43:20Z,2021-12-15T05:40:36Z,"feature request, invalid",,
1959,b'Docs: Missing locustfile.py in code structure example',2021-12-13T11:56:52Z,2021-12-13T13:41:30Z,bug,,
1958,b'Update running-cloud-integration.rst',2021-12-11T19:34:04Z,2021-12-11T21:22:40Z,,,
1957,b'Error when setting multiple host values',2021-12-09T19:32:40Z,2021-12-09T21:25:38Z,bug,,
1956,b'Fix running the web UI with class defined hosts',2021-12-09T13:33:37Z,2021-12-09T20:37:57Z,,requests.exceptions.MissingSchema,"requests.exceptions.MissingSchema: Invalid URL '/index.html': No schema supplied. Perhaps you meant http:///index.html?"
1955,b'Throw exception when calling response.success()/.failure() if with-block has not been entered',2021-12-08T09:26:07Z,2021-12-08T15:15:02Z,,,
1954,b'Support more powerful analysis and persisting test results in a database (Timescale+Grafana)',2021-12-07T15:40:10Z,2022-02-17T01:49:10Z,"feature request, stale",,
1953,"b'After running the locust, on UI can not see any aggregation report, although the request is successful'",2021-12-07T07:12:14Z,2021-12-08T07:45:53Z,"bug, invalid",,
1952,"b'[FIXED] Not able to run locust due to ""No module named pkg_resources"" issue on Manjaro (Arch based Linux)'",2021-12-05T16:42:19Z,2022-02-04T07:43:47Z,"bug, stale",,
1951,"b'Gracefully fail to resize stats command line output if terminal doesnt support it, instead of crashing'",2021-12-02T13:18:27Z,2021-12-02T13:25:30Z,,,
1950,b'Have the ability to run one task once to test it',2021-12-02T08:59:52Z,2022-02-06T09:04:16Z,"feature request, stale",,
1949,b'Locust install issue - M1 Mac',2021-11-30T16:43:42Z,2021-12-14T15:51:39Z,"bug, invalid",,
1948,"b'Stop declaring ""fake"" class level variables in Environment, User and StatsEntry'",2021-11-29T19:11:17Z,2021-12-08T08:37:30Z,,,
1947,b'Locust does not stop all users',2021-11-29T15:24:13Z,2022-03-04T16:38:48Z,bug,,
1946,b'locust requests dropped suddenly',2021-11-29T03:02:31Z,2021-11-30T08:33:10Z,"bug, invalid",,
1945,"b'fix misspellings in doc (mostly ""it\'s"")'",2021-11-28T15:23:19Z,2021-11-28T18:49:41Z,,,
1944,b'--html doesnt work in web mode',2021-11-25T10:12:18Z,2022-01-30T12:17:02Z,bug,,
1943,b'Fixed typo in writing-a-locustfile.rst',2021-11-19T16:08:08Z,2021-11-19T17:55:30Z,,,
1942,b'Add a toggle for displaying absolute vs. relative time',2021-11-17T21:35:27Z,2022-01-28T01:50:02Z,"feature request, stale",,
1941,b'Website needs a meta image',2021-11-17T20:23:34Z,2022-01-29T14:33:56Z,"bug, stale",,
1940,b'Include a graph that shows the number of total requests',2021-11-17T18:48:56Z,2022-01-28T01:50:05Z,"feature request, stale",,
1939,b'Possibility to set the exact number of users to spawn (instead weight)',2021-11-17T14:45:19Z,2022-01-21T11:32:53Z,feature request,,
1938,b'Set default stop timeout to 10s',2021-11-17T12:05:33Z,2022-01-28T01:50:06Z,stale,,
1937,b'Silence Error Report ',2021-11-16T19:38:20Z,2022-01-28T01:50:08Z,"feature request, stale",,
1936,b'Number of Requests sent shown in locust is different from the requests sent',2021-11-16T09:52:59Z,2022-01-29T01:48:53Z,"bug, stale",,
1935,b'fix master runner not close rpc server',2021-11-16T02:29:22Z,2021-12-20T10:28:19Z,,,
1934,b'Fix docs issues from distributed execution with IaC',2021-11-15T17:41:04Z,2021-11-15T18:05:43Z,,,
1933,b'New Provisioning Example for Distributed Execution Using IaC - Terraform/AWS/EC2',2021-11-14T14:57:44Z,2021-11-14T23:12:19Z,,,
1932,b'Ensure terminal is restored at exit',2021-11-12T08:00:47Z,2021-11-12T08:19:15Z,,,
1931,b'Ensure terminal is restored even after sys.exit or something similar ',2021-11-11T15:10:57Z,2021-11-11T20:14:33Z,,,
1930,b'Doc Issue | docker-compose.yml pointing to /mnt/locust and Dockerfile using /home/locust',2021-11-10T22:22:22Z,2022-01-11T08:27:56Z,"bug, stale",,
1929,b'Introduce current execution elapsed time when using --headless -t/--run-time',2021-11-10T14:11:12Z,2022-02-05T01:44:47Z,"feature request, stale",,
1927,b'Change request event url field to contain absolute URL not just path.',2021-11-05T10:06:53Z,2021-11-05T10:23:11Z,,,
1926,b'Suppress warnings for patch version mismatch between master and worker (and make them debug level instead)',2021-11-03T16:37:06Z,2021-11-03T16:38:06Z,,,
1925,b'Make each virtual user to share same connections',2021-11-03T10:15:02Z,2021-11-03T11:19:20Z,"feature request, wontfix",,
1924,"b""module 'signal' has no attribute 'SIGWINCH'  on 2.4.2    """,2021-11-02T03:40:42Z,2021-11-02T07:08:51Z,bug,AttributeError,"AttributeError: module 'signal' has no attribute 'SIGWINCH'"
1923,b'The response time is not accurate and the timeout setting is not effective',2021-11-02T01:43:53Z,2021-11-02T10:54:05Z,"bug, invalid",,
1922,b'Add --expect-workers-max-wait parameter',2021-11-01T14:21:22Z,2021-11-01T14:29:04Z,,,
1921,b'the report cant show the right String',2021-11-01T09:47:43Z,2022-02-01T01:50:40Z,"bug, stale",,
1920,b'I hope to add a running time on the UI interface. Add a running time setting under the host input box.',2021-10-31T04:13:05Z,2022-01-10T01:52:53Z,"feature request, stale",,
1919,b'cant close the port    ',2021-10-29T09:21:47Z,2021-10-30T11:03:01Z,"bug, invalid",,
1918,b'Fixed #1909 -- Return UTC datetime with the POSIX timestamp for API /stats/report',2021-10-27T15:56:37Z,2021-10-28T17:31:03Z,,,
1917,b'Track worker memory',2021-10-26T22:14:40Z,2021-10-27T06:03:15Z,,,
1916,b'Fix issue #1915',2021-10-26T12:53:41Z,2021-11-12T16:47:27Z,,,
1915,b'Exception then test stops if run in headless mode and autoquit != -1',2021-10-26T12:42:00Z,2022-01-19T17:12:26Z,"bug, stale",AttributeError,"AttributeError: 'NoneType' object has no attribute 'stop'"
1914,b'Auto-resize stats table when terminal window is resized',2021-10-26T09:12:31Z,2021-10-26T10:47:13Z,,,
1913,b'Allow previous worker client id  to reconnect after a restart',2021-10-25T07:16:26Z,2022-01-04T01:53:03Z,"feature request, stale",,
1912,b'Fix typos in documentation',2021-10-21T14:59:28Z,2021-10-21T16:34:32Z,,,
1911,b'Fix missing data in stats_history/HTML chart when running LoadShape',2021-10-21T11:25:02Z,2021-10-21T16:35:17Z,,,
1910,b'KeyboardInterrupt does not gracefully exit custom load shape',2021-10-21T08:08:54Z,2022-01-01T01:53:34Z,"bug, stale",,
1909,b'the report cant show the right time',2021-10-21T08:06:27Z,2021-10-28T17:31:07Z,bug,,
1908,b'cant show html chart version locust 2.4.0',2021-10-20T09:24:57Z,2021-10-21T16:35:18Z,bug,,
1907,b'Fix stat printing when using shapes',2021-10-18T10:41:46Z,2021-10-18T12:31:43Z,,,
1906,b'No longer logging interval stats when using LoadTestShape after 2.1.x',2021-10-17T08:22:59Z,2021-10-18T12:31:42Z,bug,,
1905,b'Locust logs everything to stderr',2021-10-13T03:57:09Z,2021-10-20T07:59:16Z,"bug, wontfix",,
1904,b'Change docker image to use Python 3.9',2021-10-11T18:40:37Z,2021-10-11T18:41:46Z,,,
1903,b'multipart-form upload fails after 1st run',2021-10-11T10:05:37Z,2021-10-11T10:18:26Z,"bug, invalid",,
1902,b'Missing colons after else keyword in Event Hooks doc',2021-10-11T00:01:44Z,2021-10-11T05:13:32Z,,,
1901,b'Support (and test) Python 3.10',2021-10-10T21:46:36Z,2021-10-10T21:52:09Z,,,
1900,b'Add start_time and url parameters to request event.',2021-10-10T13:52:26Z,2021-10-11T09:58:23Z,,,
1899,"b""Can't install locust""",2021-10-09T21:37:05Z,2021-11-14T23:23:53Z,"bug, invalid",,
1898,"b""Can't install locust""",2021-10-09T21:34:37Z,2021-10-09T21:53:34Z,"bug, duplicate",,
1897,b'Configurable heartbeat values for workers',2021-10-06T18:55:00Z,2021-12-17T01:52:29Z,"feature request, stale",,
1896,"b""RPS doesn't fall to 0 after test has finished if raise StopUser() in on_stop() method""",2021-09-29T08:55:58Z,2021-11-14T23:28:02Z,"bug, invalid",,
1895,b'Make User.run/TaskSet.run final and raise an exception if someone marks it with @task',2021-09-27T19:40:05Z,2021-09-27T19:49:29Z,,,
1894,b'Ensure target_user_count is set before test_start event is fired',2021-09-27T14:59:20Z,2021-09-27T17:27:34Z,,,
1893,"b""Locust will not work, if there is a custom 'run' @task / function """,2021-09-27T09:26:25Z,2021-09-27T19:50:25Z,bug,,
1892,b'CatchResponseError  <locust.contrib.fasthttp.ResponseContextManager object at 0x7f8e6bf22a68>',2021-09-27T08:29:08Z,2021-12-07T01:52:22Z,"bug, stale",,
1891,b'Ensure target_user_count is set before ramping-up or down',2021-09-25T15:03:16Z,2021-09-27T08:41:11Z,,,
1890,b'Pytest and Locust Integration',2021-09-24T16:52:00Z,2021-09-24T18:17:52Z,duplicate,,
1889,b'Release docker image for arm64.',2021-09-21T11:38:39Z,2021-10-10T20:40:16Z,,,
1888,b'Fix issue with custom arguments in config file when not running headless',2021-09-20T09:11:43Z,2021-09-20T09:17:47Z,,,
1887,b'failed APIs in Report with different parameters while using FastHttp in Locust are not Grouped.',2021-09-17T11:11:07Z,2021-11-28T01:49:22Z,"bug, stale",,
1886,b'#1884 User distribution should happen when new workers comes in',2021-09-15T10:46:22Z,2021-09-20T13:12:35Z,,,
1885,b'Version information in Docker image is incorrect',2021-09-15T06:58:02Z,2021-09-15T10:35:07Z,bug,,
1884,b'User distribution should happen when new workers comes in',2021-09-14T09:54:31Z,2021-11-15T06:14:29Z,bug,,
1883,b'MasterRunner target_user_count no longer set for test_start event listeners',2021-09-14T03:41:28Z,2021-09-27T17:27:34Z,bug,,
1882,b'--tags / --exclude-tags seems not taken in consideration when running distributed unless they are specified in every worker',2021-09-14T02:05:43Z,2021-11-25T01:50:05Z,"bug, stale",,
1881,b'Ability to hide extra args from web ui',2021-09-12T04:16:14Z,2021-09-12T11:48:14Z,,,
1880,b'Refactor (remove duplication) headless/autostart mechanism.',2021-09-11T08:06:34Z,2021-09-11T08:06:50Z,,,
1879,b'Wait for --expect-workers when running --autostart',2021-09-10T12:49:34Z,2021-09-10T12:54:12Z,,,
1878,"b'Dont launch autostart greenlet on workers, even if they happened to get the --autostart flag'",2021-09-10T12:14:45Z,2021-09-10T12:15:09Z,,,
1877,b'After Version 2.2.0 I am getting error while running test on worker.',2021-09-08T11:07:48Z,2021-09-17T06:49:46Z,"bug, invalid",,
1876,b'Ability to explicitly set which arguments will be exposed/visible in the web ui',2021-09-06T04:32:21Z,2021-09-12T11:48:14Z,feature request,,
1875,b'docs: add homebrew install instruction',2021-09-04T19:37:29Z,2021-09-11T12:28:48Z,,,
1874,b'Added documentation for start_shape',2021-09-04T15:10:47Z,2021-09-04T15:16:29Z,,,
1873,b'Fix Regression in Full History CSV Percentiles',2021-09-03T22:59:54Z,2021-09-04T21:45:26Z,,,
1872,b'Ability to inject custom html elements in the `head` element',2021-09-03T06:20:43Z,2021-09-03T08:47:46Z,,,
1871,b'Disable setting custom parameters of None or boolean type in web UI. Fixes #1870',2021-09-02T11:26:40Z,2021-09-02T11:26:52Z,,,
1870,b'Importing any locust plugin breaks the UI and distributed load generation.',2021-09-02T08:07:35Z,2021-09-02T11:26:56Z,bug,,
1869,"b""Locust doesn't exit when a load shape returns None""",2021-09-01T14:41:35Z,2021-10-20T14:46:45Z,invalid,,
1868,b'#1832 Displaying locustfile and tasks ratio information on index.html',2021-09-01T08:21:14Z,2021-09-01T10:36:38Z,,,
1867,b' How to deal with multiple host\xef\xbc\x9f',2021-09-01T06:40:46Z,2021-09-03T10:21:35Z,"feature request, invalid",,
1866,b'Locust Automation',2021-08-31T08:32:54Z,2021-08-31T08:37:45Z,,,
1865,b'Bind web ui socket using SO_REUSEADDR',2021-08-30T06:39:47Z,2021-08-30T07:17:46Z,,,
1864,"b'Add --autostart and --autoquit parameters, fixes #831'",2021-08-29T14:45:16Z,2021-08-30T06:26:26Z,,,
1863,b'Add constant_throughput wait time (the inverse of constant_pacing)',2021-08-23T10:41:49Z,2021-08-23T11:07:48Z,,,
1862,"b""Runner doesn't look on shape_class of environment""",2021-08-22T11:51:14Z,2021-11-04T20:01:50Z,"bug, stale",,
1861,b'Improve some of the doc issues that were missed from the previous PR',2021-08-21T17:18:30Z,2021-08-21T17:20:42Z,,,
1860,b'Handle user classes with weight = 0',2021-08-19T21:39:53Z,2021-08-20T12:27:42Z,,,
1859,b'fix(examples): fix multiple_hosts.py example',2021-08-19T18:32:59Z,2021-08-19T20:15:48Z,,,
1858,b'Alternative grouping',2021-08-19T13:37:18Z,2021-08-21T14:37:11Z,,,
1857,b'Possibility of changing the tag while locust is running',2021-08-19T09:56:52Z,2021-10-30T01:49:25Z,"feature request, stale",,
1856,b'semaphore wait not use on master with worker  run ',2021-08-19T08:32:19Z,2021-10-31T01:50:19Z,"bug, stale",,
1855,b'HttpUser: Unpack known exceptions',2021-08-18T12:42:49Z,2021-08-19T07:24:44Z,,,
1854,b'Memory usage monitoring',2021-08-18T07:26:53Z,2021-08-18T11:45:03Z,"feature request, wontfix",,
1853,b'fix(charts): prevent displaying stats before requests are made',2021-08-17T17:42:48Z,2021-08-19T20:15:04Z,,,
1852,b'Response times get graphed as zero before first request is made',2021-08-17T07:07:26Z,2021-08-22T06:59:04Z,,,
1851,"b'Use UTC time for server stats history, localize times on the client'",2021-08-16T16:12:58Z,2021-08-17T06:34:14Z,,,
1850,b'Exceptions are not logged when running in distributed mode',2021-08-16T02:11:09Z,2021-10-27T01:49:41Z,"bug, stale",,
1849,"b'FastHttpUser: Add it directly under locust package, make the documentation less scary.'",2021-08-14T13:44:53Z,2021-08-14T14:25:52Z,,,
1848,b'Adjust github actions',2021-08-10T10:20:03Z,2021-08-10T10:20:10Z,,,
1847,b'Auto-generate version number using setuptools_scm and git tags',2021-08-10T09:14:38Z,2021-08-10T09:17:06Z,,,
1846,"b""locust in subprocess don't start""",2021-08-09T02:10:09Z,2021-08-09T08:04:05Z,"bug, invalid",,
1845,b'Fix docker builds',2021-08-08T10:52:24Z,2021-08-08T11:00:12Z,,,
1844,b'Fix for issue #1837 - Do not write rows to stats_history.csv when a \xe2\x80\xa6',2021-08-06T21:13:25Z,2021-11-14T23:22:16Z,,,
1843,"b'Workers go down with message: failed to send heartbeat, setting state to missing.'",2021-08-06T20:53:05Z,2021-08-17T13:14:46Z,"bug, invalid",,
1842,b'Add equal weights flag',2021-08-06T17:32:53Z,2021-08-09T21:22:17Z,,,
1841,b'Show custom arguments in web ui and forward them to worker',2021-08-05T23:18:46Z,2021-08-09T14:06:04Z,,,
1840,b'locust timeout does not work as expected',2021-08-05T12:55:41Z,2021-08-09T06:02:23Z,"bug, invalid",,
1839,b'Bump dependency on pyzmq to fix #1372 (OOM on windows)',2021-08-05T10:02:41Z,2021-08-05T10:12:30Z,,,
1838,b'Add flag to run with uniform weights',2021-08-04T17:58:11Z,2021-08-11T08:47:00Z,feature request,,
1837,b'Stats History CSV is always growing',2021-08-03T14:59:19Z,2021-11-04T01:50:21Z,stale,,
1836,b'Use 1 as default in web UI start form + lots of documentation updates',2021-08-01T20:24:01Z,2021-08-01T21:25:59Z,,,
1835,b'time display in live charts switches to the local time upon refresh',2021-07-31T14:41:04Z,2021-08-17T06:34:14Z,bug,,
1834,"b'update grpc example, because grpc gevent issue has been fixed'",2021-07-31T10:06:00Z,2021-08-01T12:58:15Z,,,
1833,b'#1832 Displaying locustfile and tasks ratio information on index.html',2021-07-30T16:20:54Z,2021-09-01T08:12:32Z,,,
1832,b'Display current testscript used',2021-07-30T13:02:01Z,2021-10-09T01:49:26Z,"feature request, stale",,
1831,b'Speed up tests',2021-07-29T14:08:52Z,2021-07-29T14:57:01Z,,,
1830,b'Allow workers to bypass version check by sending -1 as version',2021-07-29T08:47:14Z,2021-07-29T15:03:49Z,,,
1829,b'Specify `LoadTestShape` instead of having it declared in the locust file',2021-07-29T04:41:47Z,2021-10-08T01:52:26Z,"feature request, stale",,
1828,b'Alternative authentication/authorisation protocols for web UI',2021-07-28T13:33:26Z,2021-10-25T01:50:39Z,"feature request, stale",,
1827,b'How can we stablize the client-server protocol?',2021-07-28T06:34:51Z,2021-11-14T23:25:08Z,"feature request, stale",,
1826,b'Improve logging messages and clean up code after dispatch refactoring (#1809)',2021-07-28T00:33:01Z,2021-07-28T20:17:28Z,,,
1825,b'Remove `user_classes_count` from heartbeat payload',2021-07-25T19:36:59Z,2021-07-28T20:17:43Z,,,
1824,b'Locust as library throwing Master-Server connection error in Distributed mode',2021-07-25T09:09:36Z,2021-07-26T16:31:00Z,"bug, invalid",,
1823,b'Added blocks to start and edit',2021-07-23T19:47:27Z,2021-07-29T16:50:15Z,,,
1822,b'locust should add extending blocks to index.html to change the start test and edit test options',2021-07-23T12:59:45Z,2021-08-09T14:06:09Z,feature request,,
1821,b'Update locustio/locust Docker image to Python 3.9.6',2021-07-21T22:09:03Z,2021-10-19T17:04:34Z,feature request,,
1820,b'raw response time without statistical processing',2021-07-20T15:38:25Z,2021-09-30T01:53:13Z,"feature request, stale",,
1819,b'Runner::send_message should support polymorphic form',2021-07-17T15:50:20Z,2021-09-30T01:53:14Z,"feature request, stale",,
1818,b'LocalRunner to also send worker reports - to assist test dev',2021-07-17T13:49:22Z,2021-09-29T01:49:09Z,"feature request, stale",,
1817,b'Add support for multi test on UI / command line',2021-07-16T00:16:18Z,2021-10-06T01:50:25Z,"feature request, stale",,
1816,"b'Remove ""missing"" workers from the counter'",2021-07-15T20:11:20Z,2021-11-11T01:49:55Z,"feature request, stale",,
1815,b'Allow locust to download a locustfile from an http URL',2021-07-15T20:06:30Z,2021-10-06T01:50:26Z,"feature request, stale",,
1814,"b'In master mode, locust should not require a locustfile'",2021-07-15T19:58:22Z,2021-07-15T21:05:10Z,"bug, invalid",,
1813,b'Locust not reading from locust.conf',2021-07-14T21:20:22Z,2021-07-14T22:51:01Z,"bug, invalid",,
1812,b'Add option to set concurrency of FastHttpUser/Session',2021-07-13T08:58:50Z,2021-07-13T10:57:02Z,,,
1811,b'Auto shrink request stats table to fit terminal',2021-07-12T12:16:12Z,2021-07-12T12:30:57Z,,,
1810,b'FastHttpUser requests are blocking',2021-07-08T20:11:02Z,2021-07-13T10:57:02Z,bug,,
1809,b'Refactoring of the dispatch logic to improve performance',2021-07-07T21:51:34Z,2021-07-12T12:17:29Z,,,
1808,b'Troubles when load testing multiple AWS EC2 instances behind a load balancer for deep-learning inference',2021-07-07T08:57:51Z,2021-07-07T09:50:34Z,"bug, invalid",,
1807,b'Introduce `LOCUST_SPAWN_AT_LEAST_ONE_USER_OF_EACH_USER_CLASS`',2021-07-06T14:43:09Z,2021-07-23T19:35:06Z,,,
1806,"b'CSV files only including data up until run time, terminal output includes all data'",2021-07-06T08:25:26Z,2021-09-16T01:51:58Z,stale,,
1805,"b'Check version of workers when they connect. Warn if there is a mismatch, refuse 1.x workers to connect'",2021-07-05T20:38:44Z,2021-07-05T21:13:21Z,,,
1804,b'ERROR:locust.user.task:A new response began before end of HTTPSocketPoolResponse',2021-07-05T03:59:35Z,2021-09-16T01:51:59Z,"bug, stale",,
1803,b'Change the default User weight to 1 instead of 10.',2021-07-03T14:39:34Z,2021-07-05T19:50:49Z,,,
1802,b'Issue with locust master on Python and locust client on JAVA',2021-07-03T12:42:29Z,2021-07-15T21:08:37Z,"bug, invalid",KeyError,"KeyError: 'current_cpu_usage'"
1801,b'Task weight as set is not working',2021-07-01T06:53:14Z,2021-10-13T05:12:10Z,"bug, stale",,
1800,b'The user task is blocked when I want a pymilvus client',2021-06-30T02:41:37Z,2021-06-30T09:30:25Z,"bug, invalid",,
1799,b'Added last request timestamp validation to join the dots connection i\xe2\x80\xa6',2021-06-28T15:50:08Z,2021-07-03T14:47:23Z,,,
1798,b'UI not getting updated with Locust library usage',2021-06-27T07:34:01Z,2021-09-06T01:50:43Z,"bug, stale",,
1797,b'Remotely trigger load tests',2021-06-23T13:39:50Z,2021-09-05T01:50:01Z,"feature request, stale",,
1796,b'fs module causing errors in UI mode',2021-06-22T21:18:27Z,2021-09-02T01:49:31Z,"bug, stale",,
1795,b'Use `None` instead of mutable `[]` default argument',2021-06-21T21:54:22Z,2021-07-05T19:50:09Z,,,
1794,b'Different line plots for different hosts',2021-06-21T21:00:05Z,2021-08-31T01:49:22Z,"feature request, stale",,
1793,b'Add CORS functionality to Locust',2021-06-21T01:57:14Z,2021-06-22T13:19:46Z,,,
1792,"b""Locust 1.5.3 greenlet AttributeError: 'RetriesExceeded' object has no attribute 'kwargs_text'""",2021-06-20T16:59:43Z,2021-08-31T01:49:23Z,"bug, stale",AttributeError,"AttributeError: 'RetriesExceeded' object has no attribute 'kwargs_text'"
1791,b'Return the new users on Runner.spawn_users',2021-06-19T15:45:03Z,2021-08-31T21:12:50Z,,,
1790,b'Request to have a button on UI or an event hook to free the memory occupied by stats.',2021-06-18T01:56:21Z,2021-08-18T05:51:31Z,"feature request, stale",,
1789,b'Stop stress test once avg. response time crosses 300 ms',2021-06-16T10:24:05Z,2021-08-18T05:50:56Z,"feature request, stale",,
1788,b'Make FastHttpUser use the same name for request_meta as HttpUser (no leading underscore)',2021-06-14T11:16:11Z,2021-06-14T11:33:11Z,,,
1787,b'Enable to define the heartbeat liveness from the cmdline',2021-06-14T06:34:54Z,2021-08-25T01:49:13Z,"feature request, stale",,
1786,b'All workers failed to make targeted api requests in distributed mode.',2021-06-11T16:09:03Z,2021-08-17T07:12:38Z,"bug, stale",,
1785,b'filename from locustfile',2021-06-11T10:21:24Z,2021-06-11T14:10:35Z,"feature request, invalid",,
1784,b'Ensure that the exception dictionaries are not mutated when generating a html report',2021-06-09T22:11:49Z,2021-06-11T20:26:15Z,,AttributeError,"AttributeError: 'str' object has no attribute 'add'"
1783,b'Define tests in extras_require too',2021-06-08T23:01:21Z,2021-06-09T12:15:12Z,,,
1782,b'Allow cross process communication using custom messages',2021-06-07T17:29:11Z,2021-06-23T19:53:58Z,,,
1781,b'Determine user weights at runtime',2021-06-07T14:13:22Z,2021-09-01T01:50:39Z,"feature request, stale",,
1780,b'Allow master node to supply data to worker nodes directly',2021-06-07T13:57:10Z,2021-06-23T19:53:58Z,feature request,,
1779,b'Locust http://localhost:8089/ not showing up ',2021-06-06T22:19:53Z,2021-09-03T01:49:33Z,stale,,
1778,b'test_start/stop event hook are never called in 1.5.3',2021-06-05T18:12:34Z,2021-06-05T18:27:56Z,"bug, invalid",,
1777,b'Fire test_start and test_stop events on worker nodes',2021-06-04T20:22:27Z,2021-07-12T20:56:50Z,,,
1776,b'Restore locust_start_hatching functionality',2021-06-03T23:03:04Z,2021-07-12T20:56:50Z,feature request,,
1775,b'Issue with multiple_hosts.py',2021-06-03T21:01:06Z,2021-08-15T01:49:26Z,"bug, stale",TypeError,"TypeError: __init__() missing 2 required positional arguments: 'request_event' and 'user'"
1774,"b""Can't start the Web UI on another machine""",2021-06-02T11:50:19Z,2021-06-16T10:18:04Z,"bug, invalid",,
1773,b'Web UI mode to run load test not working for Python 3.6 version',2021-06-01T11:34:07Z,2021-06-01T15:11:25Z,"bug, invalid",AttributeError,"AttributeError: 'Token' object has no attribute 'test'"
1772,b'send ready to master when the initialization of worker completes',2021-06-01T07:08:54Z,2021-08-15T20:33:18Z,,,
1771,b'Require locust images for ARM64',2021-06-01T06:38:43Z,2021-08-12T01:49:41Z,"feature request, stale",,
1770,"b""Can't start Locust on localhost - getting an OSError""",2021-05-31T20:34:22Z,2021-06-02T11:36:39Z,"bug, invalid",OSError,"OSError: [Errno 97] Address family not supported by protocol"
1769,b'modified check_stopped condition',2021-05-27T20:48:18Z,2021-05-28T07:06:44Z,,,
1768,b'WebUI report option',2021-05-27T09:47:13Z,2021-05-28T01:46:40Z,"feature request, invalid",,
1767,"b'If I implement dart-locust, will it be accepted?'",2021-05-25T14:17:02Z,2021-05-26T16:48:32Z,"feature request, wontfix",,
1766,b'User Count Drops when Worker Abruptly Leaves The Test In Distributed Mode',2021-05-24T15:48:10Z,2021-07-31T12:45:48Z,bug,,
1765,b'Locust support from Jenkinsfile',2021-05-21T11:01:51Z,2021-08-01T01:53:01Z,"feature request, stale",,
1764,b'Upgrade to flask 2',2021-05-21T09:48:07Z,2021-07-05T19:44:14Z,,,
1763,b'Timeout master after waiting for workers for x amount of time',2021-05-20T19:47:22Z,2021-07-31T01:49:49Z,"feature request, stale",,
1762,"b'status ""stopped"" instead of ""spawning"", tick() method of LoadShape called only once'",2021-05-19T08:34:33Z,2021-05-28T07:06:54Z,bug,,
1761,b'Register stats from request_success and request_failure',2021-05-17T12:33:20Z,2021-05-17T14:26:50Z,,,
1760,b'Pin flask version to 1.1.2. Fixes #1759',2021-05-12T10:33:03Z,2021-05-12T10:33:18Z,,,
1759,b'Locust stopped working after Flast 2.0 got released',2021-05-12T10:05:47Z,2021-05-12T10:33:19Z,bug,KeyError,"KeyError: 'extensions'"
1758,b'Measure elapsed time using time.perf_counter() ',2021-05-07T07:52:56Z,2021-05-07T10:25:19Z,,,
1757,"b""TypeError: 'EventHook' object is not callable""",2021-05-05T15:48:04Z,2021-05-06T05:59:01Z,"bug, invalid",,
1756,b'allow passage of arguments to main if used externally',2021-05-05T10:28:54Z,2021-07-05T19:55:05Z,,,
1755,b'Add gRPC load test example',2021-05-04T16:30:50Z,2021-05-05T08:06:21Z,,,
1754,b'remove accidentally added start_time parameter to request event',2021-05-04T12:07:22Z,2021-05-04T12:16:54Z,,,
1753,"b'New request event ""start_time"" param is not described in docs'",2021-05-04T11:28:16Z,2021-05-04T12:31:13Z,"bug, invalid",,
1752,b'Add response object to request event',2021-05-03T18:33:42Z,2021-05-04T07:40:57Z,,,
1751,b'[SGP-16069] Modify WebUI to allow locust users to select a test client from a dropdown',2021-04-23T14:57:42Z,2021-04-23T14:57:55Z,,,
1750,b'Updated request event with context and deprecate request_failure/success',2021-04-23T13:07:05Z,2021-05-03T14:15:17Z,,,
1749,b'[SGP-16076] update ReadMe to avoid accidentally messing up locustio/locust',2021-04-21T16:22:30Z,2021-04-21T16:23:28Z,,,
1748,"b'Can Locust be integrated with Selenium script of UI automation, to check UI performance '",2021-04-20T10:10:02Z,2021-04-20T10:12:42Z,"feature request, invalid",,
1747,"b'Adding TLS cert causes Errors in debug log, using container image'",2021-04-14T01:53:49Z,2021-04-21T17:58:57Z,"bug, wontfix",ssl.SSLEOFError,"ssl.SSLEOFError: EOF occurred in violation of protocol (_ssl.c:1125)"
1746,b'Bump minimum versions of various dependencies',2021-04-09T13:54:02Z,2021-04-11T19:44:51Z,,,
1745,b'How to perform web-auth in locust?',2021-04-08T13:45:35Z,2021-04-08T14:43:35Z,"bug, invalid",,
1744,b'Distributed Mode : possible to access current total user count from worker ?',2021-04-05T08:37:20Z,2021-04-05T09:31:08Z,"feature request, wontfix",,
1743,"b'Add a ""rolling"" charts graph option'",2021-04-01T07:13:46Z,2021-06-12T01:50:08Z,"feature request, non-critical, stale",,
1742,"b""'locust' is not recognized as an internal or external command, operable program or batch file.""",2021-03-30T21:56:45Z,2021-04-01T07:22:28Z,"bug, invalid",,
1741,b'Kernel panic on M1 MBA at 3000 users',2021-03-25T08:42:19Z,2021-03-25T11:47:43Z,"bug, invalid",,
1740,b'Port test',2021-03-24T12:50:46Z,2021-03-24T12:51:59Z,,,
1739,b'Fix test issue probably caused by updated configargparse version.',2021-03-23T15:03:06Z,2021-03-23T15:03:16Z,,,
1738,b'Call shape_class.reset_time() after test_start event so that tick time is correct',2021-03-23T13:42:43Z,2021-03-23T15:03:50Z,,,
1737,b'A simple TypeError\xef\xbc\x88str + int\xef\xbc\x89 in runners.py',2021-03-23T12:35:46Z,2021-03-24T19:55:27Z,,,
1736,b'fix doc error in the running-locust-docker.rst file',2021-03-23T03:01:48Z,2021-03-23T20:32:51Z,,,
1735,b'Able to extend locust docker image to add pip dependencies',2021-03-18T17:48:27Z,2021-05-21T15:23:01Z,"feature request, waiting on contributor, invalid",,
1734,b'Bring back Step Load Pattern or support a centralized load scheduler to ensure load consistency in distributed mode',2021-03-18T05:59:27Z,2021-08-27T01:50:05Z,"feature request, stale",,
1733,b'Locust greenlets not terminating - using locust as a library',2021-03-17T18:57:15Z,2021-05-27T02:14:41Z,"bug, stale",,
1732,"b""Can't run post request with JSON body for authentication issue even after login success""",2021-03-17T09:33:02Z,2021-03-17T21:26:14Z,"bug, invalid",,
1731,"b'When I run Locust in the scene, it does not execute in the order I specified.'",2021-03-16T06:56:23Z,2021-05-26T02:11:18Z,"bug, stale",,
1730,b'events.init.add_listener runs after Users are created on worker',2021-03-15T21:51:13Z,2021-10-05T01:50:20Z,"bug, stale",,
1729,"b""Can't trace the test data of locust?""",2021-03-12T07:21:48Z,2021-03-12T08:52:48Z,"bug, invalid",,
1728,b'Ensure runner.quit finishes even when users are broken',2021-03-11T12:10:30Z,2021-03-11T18:06:26Z,,,
1727,"b'user count on events ""request success""'",2021-03-11T05:48:01Z,2021-03-11T06:21:45Z,"feature request, invalid",`AttributeError,`AttributeError: 'NoneType' object has no attribute 'user_count'`
1726,"b""self.quit() fails test doesn't stop""",2021-03-10T11:40:47Z,2021-03-15T13:12:11Z,bug,IndexError,"IndexError: tuple index out of range"
1725,"b""Wasn't able to test COBRA IIOP protocol """,2021-03-09T18:38:40Z,2021-03-09T21:38:31Z,"bug, invalid",,
1724,"b'Rename ""request"" to ""sample"", and refactor request_success/failure into one event'",2021-03-09T08:19:15Z,2021-06-26T01:49:08Z,"feature request, stale",,
1723,"b""constant_pacing doesn't work as expected with nested TaskSets""",2021-03-04T17:42:33Z,2021-05-14T01:59:52Z,"bug, stale",,
1722,b'Add tag in web ui',2021-03-03T18:05:50Z,2021-03-03T19:29:42Z,"feature request, duplicate",,
1721,b'ID mark for each user',2021-03-03T10:56:41Z,2021-05-15T01:58:02Z,"feature request, stale",,
1720,b'Python3.8 logging issue',2021-03-02T00:12:33Z,2021-03-15T14:18:48Z,invalid,TypeError,"TypeError: findCaller() takes from 1 to 2 positional arguments but 3 were given"
1719,b'make runner / user count available to LoadTestShape',2021-03-01T15:46:07Z,2021-03-03T15:55:49Z,,,
1718,b'LoadTestShape run_time broken when using test_start and test_stop decorators',2021-03-01T10:26:58Z,2021-03-23T15:03:50Z,bug,,
1717,b'rps statistics function',2021-03-01T09:38:51Z,2021-05-13T01:59:43Z,"feature request, non-critical, stale",,
1716,b'How to use multiple hosts in multiple classes',2021-03-01T06:24:59Z,2021-03-01T17:23:21Z,"bug, invalid",,
1715,b'Dwell-time based load shape testing',2021-02-26T19:51:15Z,2021-03-03T15:59:47Z,feature request,,
1714,b'Fix typo in ~examples/dynamic_user_credentials.py',2021-02-24T14:27:39Z,2021-02-24T15:06:09Z,,,
1713,b'webUI #Requests and # Fails count error when api failed',2021-02-24T08:44:56Z,2021-03-15T14:19:49Z,"bug, invalid",,
1712,b'HTML output includes all errors resulting in enormous unusable files ',2021-02-23T17:39:29Z,2021-07-11T01:50:31Z,"bug, stale",,
1711,b'Test stops / resets unexpectedly',2021-02-23T14:41:21Z,2021-02-23T21:22:41Z,"bug, invalid",,
1710,b'Fix automatic distributed test shutdown',2021-02-22T11:54:37Z,2021-02-26T11:15:15Z,,,
1709,"b""Reset Stats doesn't work""",2021-02-20T12:30:00Z,2021-05-02T01:59:03Z,"bug, stale",,
1708,b'test_webserver and test_custom_exit_code test failures',2021-02-19T03:06:56Z,2021-02-23T06:55:56Z,"bug, invalid, non-critical",,
1707,b'Distributed test stopped despite workers running',2021-02-18T11:41:00Z,2021-02-26T11:15:15Z,bug,,
1706,b'`FastHttpResponse` has less cookies than `HttpResponse`',2021-02-17T11:20:57Z,2021-05-05T01:50:33Z,"bug, non-critical, stale",,
1705,b'fix type hinting on Events',2021-02-15T12:43:10Z,2021-02-16T07:12:51Z,,,
1704,b'tests failures when running on Debian',2021-02-14T04:53:24Z,2021-02-14T21:08:22Z,"bug, invalid","ConnectionRefusedError, urllib3.exceptions.NewConnectionError, urllib3.exceptions.MaxRetryError, requests.exceptions.ProxyError, FileNotFoundError, AssertionError","ConnectionRefusedError: [Errno 111] Connection refusedurllib3.exceptions.NewConnectionError: <urllib3.connection.HTTPConnection object at 0x7fc653344b20>: Failed to establish a new connection: [Errno 111] Connection refusedurllib3.exceptions.MaxRetryError: HTTPConnectionPool(host='127.0.0.1', port=9): Max retries exceeded with url: http://127.0.0.1:36575/exceptions (Caused by ProxyError('Cannot connect to proxy.', NewConnectionError('<urllib3.connection.HTTPConnection object at 0x7fc653344b20>: Failed to establish a new connection: [Errno 111] Connection refused')))requests.exceptions.ProxyError: HTTPConnectionPool(host='127.0.0.1', port=9): Max retries exceeded with url: http://127.0.0.1:36575/exceptions (Caused by ProxyError('Cannot connect to proxy.', NewConnectionError('<urllib3.connection.HTTPConnection object at 0x7fc653344b20>: Failed to establish a new connection: [Errno 111] Connection refused')))FileNotFoundError: [Errno 2] No such file or directory: 'locust'AssertionError: 'Spawning 1 users at the rate 100 users/s' not found in '/bin/sh: 1: locust: not found\n'"
1703,b'There is a bug when the command line locust is running',2021-02-10T08:46:45Z,2021-02-14T21:09:10Z,"bug, invalid",,
1702,b'Part of response times chart lines are missing',2021-02-09T11:30:34Z,2021-08-22T07:04:13Z,bug,,
1701,b'Test length command line parameter without --headless',2021-02-09T10:48:47Z,2021-04-29T01:53:09Z,"feature request, non-critical, stale",,
1700,b'Force tls1.2 with HttpUser and FastHttpUser?',2021-02-08T05:07:10Z,2021-02-16T07:36:10Z,"feature request, invalid",,
1699,"b'on_stop method not work, tuple index out of range'",2021-02-05T03:13:50Z,2021-05-01T01:56:35Z,"bug, waiting on contributor, stale",IndexError,"IndexError: tuple index out of range"
1698,b'updated double wave load shape docs to reflect peak times',2021-02-03T08:05:55Z,2021-02-03T08:45:53Z,,,
1697,b'non interactive command line support',2021-02-01T22:01:07Z,2021-04-22T01:54:36Z,"feature request, waiting on contributor, stale",,
1696,"b'add LoadTestShape to __all__ in order to fix warning ""\'LoadTestShape\'\xe2\x80\xa6'",2021-02-01T16:20:20Z,2021-02-22T18:37:43Z,,,
1695,b'Select tasks on UI for load test',2021-02-01T13:38:33Z,2021-08-01T01:53:02Z,"feature request, non-critical, stale",,
1694,b'when i run locust with workers mode.different workers use the same data.',2021-02-01T03:37:09Z,2021-02-16T07:37:10Z,"bug, invalid",,
1693,b'New HTML reports are missing data',2021-01-29T14:20:12Z,2021-05-10T07:15:53Z,"bug, stale",,
1692,b'Is there to show response of task to UI?',2021-01-28T16:35:24Z,2021-03-15T21:41:41Z,"feature request, invalid, non-critical",,
1691,b'fix stats values for chart tooltips',2021-01-27T22:25:07Z,2021-01-28T00:16:52Z,,,
1690,b'Charts not working well in version 1.4.2',2021-01-27T11:57:22Z,2021-01-28T00:29:58Z,bug,,
1689,b'Idle user when tasks are disabled/enabled with @tag',2021-01-26T04:50:53Z,2021-04-29T01:53:11Z,"bug, non-critical, stale",,
1688,b'Basic Authentication Support',2021-01-25T10:55:52Z,2021-01-25T11:41:21Z,invalid,,
1687,b'Verify docker build & create PyPI releases through Github Actions when tags are pushed',2021-01-22T18:22:32Z,2021-01-22T18:32:11Z,,,
1686,b'Use Github Actions for CI',2021-01-22T14:54:00Z,2021-01-22T15:00:35Z,,,
1685,b'Fix Test by use report file as bytes',2021-01-21T15:40:29Z,2021-01-22T15:34:42Z,,"ImportError, ModuleNotFoundError","ImportError: Failed to import test module: locust.test.test_runnersModuleNotFoundError: No module named 'configargparse'"
1684,b'create_master_runner does not load the task to test the qps',2021-01-21T12:45:15Z,2021-01-22T06:12:25Z,"bug, invalid",,
1683,b'Shutdown workers when using LoadTestShape and headless mode',2021-01-20T15:58:37Z,2021-01-20T17:59:37Z,,,
1682,b'Locust failed to launch if installed from latest revision',2021-01-20T14:58:13Z,2021-01-21T07:30:34Z,"bug, invalid",NameError,"NameError: name 'Environment' is not defined"
1681,b'Stats charts data persistance',2021-01-20T00:11:55Z,2021-01-20T09:25:00Z,,,
1680,b'Fix issues with render_template',2021-01-19T22:01:36Z,2021-01-19T22:04:00Z,,,
1679,b'Improve stats data sharing from python to js',2021-01-19T20:27:48Z,2021-01-19T21:08:09Z,,,
1678,b'Feature chart sync',2021-01-19T19:32:14Z,2021-01-19T19:58:50Z,,,
1677,b'Report charts plot data points after the test has ended',2021-01-19T16:20:41Z,2021-01-19T19:58:50Z,bug,,
1676,b'GRPC compatibility : Locust load test throws greenlet.GreenletExit exception on reaching test time limit',2021-01-18T08:30:00Z,2021-05-05T10:35:36Z,bug,,
1675,b'Add scenario concept',2021-01-15T23:42:45Z,2021-03-03T00:35:24Z,,,
1674,b'Feature stats exceptions csv',2021-01-11T18:09:13Z,2021-01-13T16:22:31Z,,,
1673,"b'currently locust is supporting for stas, failures, stas history in csv format while running without web'",2021-01-08T11:44:35Z,2021-01-13T16:26:28Z,feature request,,
1672,b'Proxies provision in FastHTTPUser Approach',2021-01-08T04:09:30Z,2021-02-16T08:25:36Z,"bug, invalid",,
1671,b'/swarm adjusted for tests with shape class',2021-01-04T11:21:28Z,2021-01-04T14:36:15Z,,,
1670,b'/swarm web endpoint should not require user_count and spawn_rate when shape_class is used',2021-01-04T11:01:23Z,2021-01-04T14:36:15Z,feature request,,
1669,b'What is an HTTP 0 response?',2020-12-29T09:57:18Z,2021-01-05T08:56:17Z,invalid,,
1668,b'Show legends on charts #1651',2020-12-26T20:23:56Z,2020-12-26T20:25:47Z,,,
1667,b'FastHttpUser  error: only SOCK_STREAM type sockets are supported',2020-12-22T10:18:58Z,2020-12-25T15:04:08Z,"bug, invalid",ValueError,"ValueError: only SOCK_STREAM type sockets are supported"
1666,b'the FastHttpUser will change the uppercase in the headers into lowwercase.',2020-12-22T07:27:30Z,2020-12-22T14:38:33Z,"bug, invalid",,
1665,b'Fix a typo',2020-12-20T13:10:10Z,2020-12-20T14:09:03Z,,,
1664,b'Test suite failure (packaging for GNU Guix)',2020-12-19T19:41:27Z,2020-12-21T12:13:14Z,"bug, wontfix","subprocess.CalledProcessError, ConnectionRefusedError, urllib3.exceptions.NewConnectionError, urllib3.exceptions.MaxRetryError, requests.exceptions.ConnectionError, AssertionError","subprocess.CalledProcessError: Command '['locust', '-f', '/tmp/guix-build-python-locust-1.4.1.drv-0/locust-1.4.1/locust/test/mock_locustfile_1608407678_1009326_26670.py', '--host', 'https://test.com/', '--run-time', '1s', '--headless']' returned non-zero exit status 1.ConnectionRefusedError: [Errno 111] Connection refusedurllib3.exceptions.NewConnectionError: <urllib3.connection.HTTPConnection object at 0x7fffefda5670>: Failed to establish a new connection: [Errno 111] Connection refusedurllib3.exceptions.MaxRetryError: HTTPConnectionPool(host='127.0.0.1', port=32949): Max retries exceeded with url: / (Caused by NewConnectionError('<urllib3.connection.HTTPConnection object at 0x7fffefda5670>: Failed to establish a new connection: [Errno 111] Connection refused'))requests.exceptions.ConnectionError: HTTPConnectionPool(host='127.0.0.1', port=32949): Max retries exceeded with url: / (Caused by NewConnectionError('<urllib3.connection.HTTPConnection object at 0x7fffefda5670>: Failed to establish a new connection: [Errno 111] Connection refused'))AssertionError: 'running my_task' != ""System open file limit '1024' is below m[250 chars]task"""
1663,b'Cannot install locustio on nixos machine in nix-shell environment.',2020-12-17T05:10:47Z,2020-12-17T16:05:29Z,"bug, invalid",,
1662,"b'Ubuntu / anaconda3 / locust keeps getting installed into ""base"" instead of current ""active"" conda env.'",2020-12-16T01:05:21Z,2020-12-16T01:32:37Z,"bug, invalid",,
1661,b'curl IP/stop does not actually terminate Locust swarms',2020-12-15T23:49:31Z,2021-05-25T02:04:00Z,"bug, non-critical, stale",,
1660,b'Unnecessary Traceback after keyboard interrupt',2020-12-15T00:46:54Z,2021-01-13T16:43:45Z,"feature request, invalid",,
1659,b'add default values and validation for Web UI swarm form values',2020-12-14T19:51:03Z,2021-04-19T21:41:50Z,,,
1658,b'Feature chart tooltip custom values - show user count',2020-12-14T19:18:18Z,2020-12-15T01:49:36Z,,,
1657,b'Check if running from a tty on windows',2020-12-11T15:20:54Z,2020-12-11T15:26:45Z,,,
1656,b'Add feature locust launcher useful for run/debug on IDEs like PyCharm',2020-12-10T23:09:08Z,2020-12-11T14:34:35Z,,,
1655,b'Bump Echarts version to show charts legends',2020-12-10T22:31:30Z,2020-12-11T09:24:30Z,,,
1654,b'SetConsoleMode throws an error when locust is run from Jenkins Powershell',2020-12-10T17:24:39Z,2020-12-11T15:26:45Z,bug,pywintypes.error,"pywintypes.error: (6, 'SetConsoleMode', 'The handle is invalid.')"
1653,b'locust should exit when a load shape returns None in headless mode',2020-12-10T16:36:34Z,2021-01-20T17:59:37Z,bug,,
1652,b'incompatibility with the tenacity retry library',2020-12-10T15:53:21Z,2021-04-22T01:54:39Z,"feature request, non-critical, stale",,
1651,b'Show legends on charts',2020-12-10T07:06:26Z,2020-12-11T09:24:30Z,"feature request, non-critical",,
1650,b'Installation Issue',2020-12-08T18:59:35Z,2021-02-16T07:51:59Z,"bug, invalid",,
1649,"b'Locust exception ImportError(""cannot import name \'HttpUser\'"",)'",2020-12-07T03:51:27Z,2020-12-07T10:10:55Z,"bug, invalid",,
1648,b'minor refactorings of User class',2020-12-06T09:58:53Z,2021-05-02T01:59:10Z,"feature request, stale",,
1647,"b'How to fix ""Connection pool is full, discarding connection"" warning?'",2020-12-04T06:37:14Z,2021-07-02T01:50:17Z,"non-critical, stale",,
1646,b'Locust 1.4.X@win32 needs win32api & win32console',2020-12-03T18:01:25Z,2020-12-08T14:21:17Z,invalid,ImportError,"ImportError: DLL load failed while importing win32api: The specified module could not be found."
1645,b'Add example that manually adds stats entries',2020-12-03T11:45:53Z,2020-12-03T14:58:11Z,,,
1644,b'Use SASS for CSS styling + UI improvements',2020-12-02T23:38:57Z,2020-12-03T16:19:21Z,,,
1643,"b""URLs with non default (param=value) query strings doesn't work with FastHttpUser""",2020-12-02T21:49:05Z,2021-04-19T21:42:23Z,,,
1642,b'FR for configuration summary on locust page; happy to implement if reasonable',2020-12-02T01:23:03Z,2021-04-29T01:53:13Z,"feature request, non-critical, stale",,
1641,b'Fix bug causing test_stop event to be fired twice in master node',2020-12-01T15:06:57Z,2020-12-01T16:51:43Z,,,
1640,b'Locust is sending empty content',2020-11-30T09:32:06Z,2021-04-29T01:53:15Z,"bug, non-critical, stale",,
1639,b'Add proxy to requests always got error in distributed mode',2020-11-30T09:10:34Z,2020-12-01T01:34:17Z,invalid,,
1638,b'test_stop is fired twice when Locust is running in \xe2\x80\x93master/worker mode',2020-11-27T02:26:15Z,2020-12-01T16:58:19Z,bug,,
1637,b'Added --html option to save HTML report',2020-11-24T03:12:52Z,2020-11-24T08:04:40Z,,,
1636,b'WIP: added example for influxdb listener',2020-11-23T23:21:18Z,2020-11-24T15:23:43Z,,,
1635,b'Only the first user class is being spawned when running locust as library',2020-11-20T20:26:57Z,2020-11-26T18:38:54Z,"bug, duplicate",,
1634,b'Latests changes to locust',2020-11-18T06:51:24Z,2020-11-18T06:52:30Z,,,
1633,b'Install on Windows 10 19041 with Python 3.9 Fails',2020-11-17T20:00:40Z,2020-11-18T17:59:38Z,"bug, invalid",,
1632,b'Parametrized LoadTestShape',2020-11-16T14:49:36Z,2021-04-22T01:54:41Z,"feature request, non-critical, stale",,
1631,b'Fix 100% cpu usage when running in docker/non-tty terminal',2020-11-16T13:25:28Z,2020-11-16T15:03:29Z,,,
1630,b'Fix bug causing 100% CPU usage when starting Locust without interactive shell',2020-11-16T13:16:18Z,2020-11-16T15:15:06Z,,,
1629,b'Locust docker version 1.4.0 using 100% CPU on idle',2020-11-16T08:58:46Z,2020-11-16T15:11:54Z,bug,,
1628,b'Improve logging about users spawned/stopped',2020-11-13T15:14:04Z,2020-11-13T15:19:15Z,,,
1627,"b'When I set --run-time, occasionally it won\xe2\x80\x99t stop'",2020-11-13T07:20:52Z,2020-11-18T18:12:59Z,"bug, invalid",,
1626,b'Make zero wait time the default',2020-11-11T21:23:57Z,2020-11-12T15:15:39Z,,,
1625,b'Make infinite run time the default when running headless',2020-11-11T17:33:49Z,2020-11-11T17:40:11Z,,,
1624,b'The FastHttpUser Bug',2020-11-11T10:23:28Z,2020-11-11T10:42:56Z,"bug, invalid",ValueError,"ValueError: only SOCK_STREAM type sockets are supported"
1623,b'bugfix fail_ratio calculation error',2020-11-11T04:07:55Z,2020-11-12T07:49:11Z,,,
1622,b'FAILURES Calculation error',2020-11-10T09:54:47Z,2020-11-10T10:46:20Z,"bug, invalid",,
1621,b'Move User selection responsibility from worker to master in order to fix unbalanced distribution of users and uneven ramp-up',2020-11-08T16:21:14Z,2021-07-05T19:11:37Z,,,
1620,b'ERROR/locust.main: No User class found!',2020-11-07T21:54:04Z,2020-11-09T01:11:49Z,"bug, invalid",,
1619,b'Locust UI not capturing API details of the test run',2020-11-07T15:24:17Z,2020-11-12T21:56:53Z,"bug, invalid",,
1618,b'Distribution of user classes is not respected and some user classes are just never spawned',2020-11-07T00:06:01Z,2021-07-05T19:11:37Z,bug,,
1617,b'issue-1571 : Added a logging line when workers connect',2020-11-06T00:16:21Z,2020-11-06T15:47:49Z,,,
1616,b'Ability to group and Sum the duration of multiple sequential requests under the same Label',2020-11-04T18:14:13Z,2020-11-05T19:56:46Z,"feature request, invalid",,
1615,b'After installing the locust i am unable to get locust version.',2020-11-03T13:54:40Z,2020-11-03T16:48:33Z,"bug, invalid",ImportError,"ImportError: cannot import name 'InterruptTaskSet'"
1614,b'One DNS Request / User yields misleading results if the DNS Server is flood protected',2020-11-02T17:32:43Z,2021-04-22T01:54:44Z,"non-critical, stale",,
1613,b'Creating a Customized Stats Report by Exposing a `summary_stats` object? ',2020-11-02T16:30:46Z,2021-04-22T01:54:45Z,"feature request, non-critical, stale",,
1612,b'Add key commands for increasing and stopping users ',2020-11-02T15:39:25Z,2020-11-13T13:41:05Z,,,
1611,b'Added --html option to generate HTML report',2020-11-01T00:53:15Z,2020-11-24T08:05:07Z,,,
1610,b'Download Report in multi-worker setup',2020-10-28T14:30:07Z,2020-11-07T10:38:03Z,"bug, invalid",,
1609,b'How to use locust to test the server program of tcp and udp protocols?',2020-10-27T16:16:18Z,2020-10-28T07:52:57Z,"feature request, invalid",,
1608,b'Explicit deprecated locustio on pypi',2020-10-27T14:03:29Z,2020-10-28T14:01:25Z,"feature request, invalid",,
1607,b'Run builds for python 3.9',2020-10-26T21:23:16Z,2020-10-27T07:50:00Z,,,
1606,b'Add note and link to k8s Helm chart',2020-10-26T14:00:49Z,2020-10-26T17:27:34Z,,,
1605,b'Memory leak',2020-10-24T07:02:46Z,2020-10-25T00:19:58Z,invalid,,
1604,"b""Docker run Could not find any locustfile! Ensure file ends in '.py'""",2020-10-23T23:33:41Z,2020-10-24T14:04:46Z,"bug, invalid",,
1603,"b""Replace '<' and '>' for swarm 'host' field. Fix for XSS attack.""",2020-10-22T11:08:37Z,2020-10-22T12:25:54Z,,,
1602,b'Cannot create security advisory',2020-10-22T10:13:08Z,2020-10-22T12:27:54Z,"bug, invalid",,
1601,b'Worker processes should have an id number',2020-10-22T09:13:00Z,2021-04-23T01:57:41Z,"feature request, non-critical, stale",,
1600,b'Control user count from terminal',2020-10-20T06:59:27Z,2020-11-13T13:41:05Z,feature request,,
1599,"b""Locust as library: Web GUI doesn't show the spawned users over time and stucked at 1 user""",2020-10-20T03:27:45Z,2020-10-20T05:49:49Z,"bug, invalid",,
1598,b'Introduce sensible default settings for run time',2020-10-18T16:49:00Z,2020-11-11T21:43:25Z,feature request,,
1597,b'How to exit locust process  after the specified run time?',2020-10-17T02:57:57Z,2020-10-17T09:47:25Z,"feature request, invalid",,
1596,b'Can we simulate single class?',2020-10-16T14:33:46Z,2020-10-16T22:14:40Z,invalid,,
1595,b'The master have no  result output\xef\xbc\x8cbug the csv file have~',2020-10-16T06:15:15Z,2020-10-16T06:26:12Z,"bug, invalid",,
1594,b'Move the kubernetes helm chart stable/locust to this repo',2020-10-15T06:51:37Z,2021-04-22T01:54:47Z,"bug, non-critical, stale",,
1593,b'Bring back the `-n` parameter for number of requests',2020-10-14T22:56:15Z,2020-10-15T05:18:07Z,"feature request, duplicate",,
1592,b'custom field in locust report',2020-10-14T06:48:34Z,2021-06-22T01:50:23Z,"feature request, non-critical, stale",,
1591,"b'rewrite ""host"" functionality, replacing it with base url'",2020-10-11T08:29:53Z,2021-06-21T01:55:27Z,"feature request, non-critical, stale",,
1590,b'Locust Test not starting',2020-10-11T01:08:31Z,2020-10-12T15:19:15Z,"bug, invalid",,
1589,b'Weights on test HTTPUser tasks not matching results',2020-10-09T14:38:59Z,2020-10-12T06:51:22Z,"bug, invalid",,
1588,b'locust does not respond when the time to complete a single request is (very) long',2020-10-09T13:38:34Z,2020-10-09T22:18:14Z,"bug, invalid",,
1587,"b""Cannot import name 'HttpUser' from 'locust' error when running Locust in Kubernetes""",2020-10-08T02:55:27Z,2020-10-08T09:11:15Z,"bug, invalid",,
1586,"b'""Stop"" button doesn\'t always stop workers'",2020-10-07T18:49:45Z,2020-10-20T06:29:42Z,"bug, invalid",,
1585,b'Start web_ui later to avoid race adding UI routes',2020-10-07T00:08:20Z,2020-10-09T06:37:29Z,,,
1584,b'Remove step load feature',2020-10-06T11:32:38Z,2020-10-12T15:42:45Z,,,
1583,b'independent LoadTestShapes for users',2020-10-06T08:27:31Z,2021-04-22T01:54:48Z,"feature request, non-critical, stale",,
1582,b'Add more type hints',2020-10-01T14:54:16Z,2020-10-01T16:16:18Z,,,
1581,b'Run time relative to start when using LoadTestShape',2020-09-30T14:55:14Z,2020-10-01T14:54:51Z,,,
1580,"b""Don't log state change if it's the same""",2020-09-30T07:36:33Z,2020-09-30T08:41:14Z,,,
1579,b'SequentialTaskSet improvements',2020-09-30T06:56:14Z,2020-09-30T11:09:53Z,,,
1578,b'Fixed documentation for tags to link properly.',2020-09-30T02:15:35Z,2020-09-30T06:54:44Z,,,
1577,"b'After starting and then stopping a load test, master is updating state in a loop'",2020-09-29T15:18:27Z,2020-09-30T08:41:14Z,bug,,
1576,b'run locusts -f .yml --master and --worker  via linux function bug ',2020-09-29T09:00:30Z,2020-09-29T09:10:38Z,"bug, invalid",,
1575,b'Remove step load feature now that LoadTestShape is possible?',2020-09-29T08:45:43Z,2020-10-12T15:42:45Z,"feature request, hacktoberfest",,
1574,b'More easily extend web UI',2020-09-28T23:20:39Z,2020-10-01T05:30:39Z,,,
1573,b'Only warn about open file limit when not running as master',2020-09-28T13:07:05Z,2020-09-28T15:43:31Z,,,
1572,b'Misleading log message in distributed mode',2020-09-28T12:35:01Z,2020-09-28T15:43:31Z,bug,,
1571,b'Connection status for workers in distributed mode',2020-09-28T12:26:06Z,2021-06-22T01:50:24Z,"feature request, non-critical, stale",,
1570,b'Adding more debug logging for runners.py',2020-09-28T10:06:46Z,2020-09-28T11:12:37Z,,,
1569,b'Wrong operation',2020-09-27T15:47:59Z,2020-09-27T15:48:26Z,,,
1568,b'Error when running locust: Unknown User(s): locust',2020-09-25T01:02:03Z,2020-09-25T20:30:23Z,"bug, invalid",,
1567,"b""Using locust helm chart, not getting any stats. Not sure if it's doing anything really""",2020-09-24T23:31:28Z,2020-09-25T19:19:26Z,"bug, invalid",,
1566,b'Add friendlier message about expected limit',2020-09-17T09:47:41Z,2020-09-18T13:39:24Z,,,
1565,b'Update documentation for schedule_task parameters in TaskSet (task.py)',2020-09-16T22:18:58Z,2020-09-17T07:08:52Z,,,
1564,b'Windows Exception: Access Violation on Locust worker nodes',2020-09-16T22:05:08Z,2020-09-24T07:36:56Z,"waiting on contributor, invalid",,
1563,b'stats - statistics are not precise because of rounding (i.e. 99th percentile sometimes has higher value than max)',2020-09-16T12:56:38Z,2020-09-28T19:23:22Z,"bug, invalid, non-critical",,
1562,b'docker locusts + httprunner',2020-09-16T09:44:36Z,2020-09-20T10:18:56Z,"bug, invalid",,
1561,b'Added comment for clarity',2020-09-16T01:55:49Z,2020-09-16T06:31:50Z,,,
1560,b'Refactor and fix delayed user stopping in combination with on_stop',2020-09-15T21:00:50Z,2020-09-16T06:32:03Z,,,
1559,b'Remove legacy code that was only needed for py2',2020-09-13T22:17:22Z,2020-09-13T22:19:36Z,,,
1558,b'Clean up code and tighten flake8 linting',2020-09-13T21:09:16Z,2020-09-13T21:33:57Z,,,
1557,b'LoadTestShape.get_run_time is not relative to start of test',2020-09-10T18:29:20Z,2020-10-01T14:57:15Z,"bug, hacktoberfest",,
1556,b'Detailed step by step guide to understand the csv report produced by locust',2020-09-10T16:53:23Z,2020-11-12T17:53:32Z,"documentation, feature request, wontfix, non-critical",,
1555,b'OSError: [Errno 16] Device or resource busy',2020-09-10T16:19:06Z,2020-09-10T21:17:13Z,"bug, invalid",OSError,"OSError: [Errno 16] Device or resource busy"
1554,b'quickstart example is broken',2020-09-09T16:37:47Z,2020-09-10T21:18:13Z,invalid,,
1553,b'Cannot get custom database client to report metrics',2020-09-09T00:46:48Z,2020-09-09T15:03:24Z,invalid,,
1552,b'On Stop causes the task to continue',2020-09-07T10:04:59Z,2020-09-16T06:32:03Z,bug,,
1551,b'Typo in generating-custom-load-shape.rst',2020-09-03T23:45:05Z,2020-09-16T06:46:28Z,"bug, invalid",,
1550,b'Multiple hosts example no longer works.',2020-08-28T15:35:01Z,2020-08-28T18:37:47Z,"bug, invalid",,
1549,b'Various linting fixes',2020-08-27T21:23:49Z,2020-08-28T07:04:46Z,,,
1548,b'Unable to install packages using pip',2020-08-27T12:55:32Z,2020-08-27T12:59:23Z,bug,,
1547,b'Reformat code using black. Also add black --check to build.',2020-08-27T07:35:35Z,2020-08-27T19:33:47Z,,,
1546,b'Auto format using Black (20.8b1) Added black --check to build.',2020-08-27T07:28:11Z,2020-08-27T07:35:07Z,,,
1545,b'Cant start: Werkzeug: TypeError: code() takes at least 14 arguments (13 given)',2020-08-26T05:51:18Z,2020-08-27T20:36:42Z,bug,TypeError,"TypeError: code() takes at least 14 arguments (13 given)"
1544,b'locust status ready but 0 users',2020-08-25T23:36:53Z,2020-08-30T00:40:40Z,"bug, invalid",,
1543,b'fix use_as_lib example',2020-08-25T14:15:46Z,2020-08-25T15:53:10Z,,,
1542,b'use_as_lib.py example getting stuck when running',2020-08-25T10:40:36Z,2020-08-25T14:15:13Z,bug,,
1541,b'Fix stopping and restarting of LoadTestShape test',2020-08-24T10:16:07Z,2020-08-24T10:44:09Z,,,
1540,"b'Locust stuck in ""Shape worker starting"" when restarting a test from the webUI'",2020-08-21T12:47:25Z,2020-08-24T10:44:09Z,bug,,
1539,b'Fix load shape worker in headless.',2020-08-21T12:13:00Z,2020-08-21T13:15:51Z,,,
1538,b'Add test case for stats_history',2020-08-21T02:20:30Z,2020-08-21T05:57:53Z,,,
1537,b' Error: No tasks defined. use the @task decorator or set the tasks property of the User ',2020-08-20T17:36:57Z,2020-08-21T19:50:20Z,"bug, invalid",Exception,"Exception: No tasks defined. use the @task decorator or set the tasks property of the User"
1536,b'Update README.md to have full links to images',2020-08-20T14:33:57Z,2020-08-20T16:45:01Z,,,
1535,"b""After starting test from UI, state shows as STOPPED even though it's running""",2020-08-20T13:42:46Z,2021-03-16T13:37:21Z,"bug, invalid, non-critical",,
1534,b'fix #1531 (ValueError: StatsEntry.use_response_times_cache must be set to True)',2020-08-20T13:01:17Z,2020-08-20T13:07:59Z,,,
1533,b'Add missing parameter to render_template to grey out UI fields',2020-08-20T12:28:27Z,2020-08-20T12:43:21Z,,,
1532,"b'Update repo README with new wording, locust example, screenshots'",2020-08-20T10:47:08Z,2020-08-20T12:54:34Z,,,
1531,b'ValueError: StatsEntry.use_response_times_cache must be set to True',2020-08-20T09:16:09Z,2020-08-20T13:08:01Z,bug,ValueError,"ValueError: StatsEntry.use_response_times_cache must be set to True if we should be able to calculate the _current_ response time percentile"
1530,b'Add ability to easily extend Locust web UI',2020-08-19T19:12:33Z,2020-10-01T18:40:26Z,"feature request, non-critical",,
1529,b'Screenshot in locust.io still shows old terminology',2020-08-19T09:13:56Z,2021-04-22T01:54:50Z,"bug, non-critical, stale",,
1528,b'Doc review changes',2020-08-19T04:26:26Z,2020-08-19T07:20:33Z,,,
1527,b'Major rework of documentation & many small fixes',2020-08-18T17:07:16Z,2020-08-18T17:09:13Z,,,
1526,b'Make hatch-rate parameter deprecated instead of killing it right away.',2020-08-18T13:55:25Z,2020-08-18T15:33:36Z,,,
1525,b'Move dividers (pipe characters) in stats command line output. Also shrink percentiles output and remove 99.999 percentile by default Fixes #1514',2020-08-18T09:31:32Z,2020-08-18T11:09:15Z,,,
1524,b'Grey out UI input fields when LoadTestShape is in use',2020-08-18T08:40:57Z,2020-08-18T08:50:29Z,,,
1523,b'Rename hatch rate to spawn rate. Fixes #1405',2020-08-18T07:20:05Z,2020-08-18T10:16:42Z,,,
1522,b'Keep csv files open',2020-08-16T10:00:10Z,2020-08-18T12:00:29Z,,,
1521,b'Prefill web ui form with user count & hatch rate',2020-08-15T12:08:28Z,2020-08-17T14:31:50Z,"feature request, invalid",,
1520,b'Allow setting pass/fail... result - Add status url',2020-08-14T15:44:33Z,2020-08-28T12:30:03Z,,,
1519,b'Number of Open files issue',2020-08-14T11:25:20Z,2020-08-15T15:25:16Z,"bug, invalid",,
1518,b'Report average request content size ',2020-08-14T07:55:02Z,2021-04-22T01:54:51Z,"feature request, non-critical, stale",,
1517,"b'Fix issue with non str, non Exception type failure messages'",2020-08-13T18:22:00Z,2020-08-17T10:17:39Z,,,
1516,b' Add Feature: Download Report File',2020-08-13T10:25:02Z,2020-08-18T16:54:34Z,,,
1515,"b'This is a suggestion. In order to better use the custom client system stress test, we may need more examples'",2020-08-13T08:37:11Z,2020-08-14T07:55:28Z,"feature request, duplicate",,
1514,b'Change the position of dividers in command line report',2020-08-12T10:22:19Z,2020-08-18T11:09:17Z,feature request,,
1513,b'test_cpu_warning test is flakey',2020-08-11T15:56:20Z,2020-08-14T10:27:09Z,"bug, invalid",,
1512,b'Fix typos',2020-08-10T15:34:23Z,2020-08-10T15:43:28Z,,,
1511,b'Fix typo of failure_percentage in test_stats.py',2020-08-10T10:30:01Z,2020-08-15T15:30:06Z,,,
1510,b'Fix typo of redirect_response_codes',2020-08-10T10:23:06Z,2020-09-10T08:27:42Z,,,
1509,b'Fix typos',2020-08-10T10:18:33Z,2020-08-10T15:17:27Z,,,
1508,b'Fix old HttpLocust reference in docs',2020-08-10T09:45:02Z,2020-08-10T15:07:52Z,,,
1507,b'How to run a single test? It would make development and debugging much faster',2020-08-10T08:56:26Z,2021-01-21T13:38:11Z,"bug, invalid",,
1506,b'Supplying data centrally. Coordinating in cluster mode.',2020-08-07T18:15:30Z,2021-04-22T01:54:53Z,"feature request, non-critical, stale",,
1505,b'Adding ability to generate any custom load shape with LoadTestShape class',2020-08-06T13:58:43Z,2020-08-17T12:08:50Z,,,
1504,b'Download full history - see issue 1468',2020-08-06T10:31:27Z,2020-08-18T08:55:13Z,,,
1503,b'Fix csv stats precision',2020-08-05T11:22:39Z,2020-08-07T20:38:06Z,,,
1502,b'Allow ramping down of users',2020-08-04T15:24:13Z,2020-08-14T13:52:37Z,,,
1501,b'Excessive precision of metrics in losust csv stats ',2020-08-04T11:48:29Z,2020-08-08T21:45:51Z,bug,,
1500,b'WorkerRunner spawns heartbeat before setting worker_state',2020-08-03T19:41:09Z,2020-08-04T15:14:37Z,bug,Exception,"Exception: WorkerRunner object does not have member 'worker_state'"
1499,b'Stop load test after one iteration',2020-08-03T15:48:17Z,2020-08-20T20:11:57Z,"feature request, waiting on contributor, invalid",,
1498,b'Add 2 things to .gitignore',2020-08-03T15:19:18Z,2020-08-13T18:28:14Z,,,
1497,b'how rps works and how to increase it',2020-07-30T16:20:09Z,2020-07-31T00:52:36Z,invalid,,
1496,b'Print valid URL when --web-host is not specified',2020-07-28T19:34:08Z,2020-07-30T12:05:45Z,,,
1495,b'Locust skips class task',2020-07-28T08:37:55Z,2020-08-10T15:34:08Z,invalid,,
1494,b'Autoformat using Black. Also fix a few style complaints (trailing whitespaces)',2020-07-25T19:28:05Z,2020-08-13T18:29:44Z,,,
1493,b'The locust python instance can use max 1 cpu core on macOS',2020-07-25T01:09:45Z,2020-07-25T10:23:26Z,"bug, invalid",,
1492,b'Replace time.time() with time.monotonic()',2020-07-23T16:03:17Z,2020-07-23T17:21:34Z,,,
1491,"b'Remove ""Loadgen"" from CPU warning log messages'",2020-07-23T15:58:57Z,2020-07-23T16:09:12Z,,,
1490,b'Fix small typo in docker docs',2020-07-23T15:56:52Z,2020-07-23T17:19:55Z,,,
1489,"b""Let's fix code to be PEP8 compliant?""",2020-07-23T13:40:04Z,2020-08-27T19:33:47Z,feature request,"locust/exception.py:4:1, locust/exception.py:7:1, locust/exception.py:10:1, locust/exception.py:13:1, locust/exception.py:17:1, locust/exception.py:20:80, locust/exception.py:25:1, locust/exception.py:28:1, locust/exception.py:31:1, locust/exception.py:32:80, locust/exception.py:32:87, locust/exception.py:33:80, locust/exception.py:36:1, locust/exception.py:38:80, locust/exception.py:41:1, locust/exception.py:48:1, locust/exception.py:55:1","locust/exception.py:4:1: E302 expected 2 blank lines, found 1locust/exception.py:7:1: E302 expected 2 blank lines, found 1locust/exception.py:10:1: E302 expected 2 blank lines, found 1locust/exception.py:13:1: E302 expected 2 blank lines, found 1locust/exception.py:17:1: W293 blank line contains whitespacelocust/exception.py:20:80: E501 line too long (91 > 79 characters)locust/exception.py:25:1: E302 expected 2 blank lines, found 1locust/exception.py:28:1: E302 expected 2 blank lines, found 1locust/exception.py:31:1: W293 blank line contains whitespacelocust/exception.py:32:80: E501 line too long (86 > 79 characters)locust/exception.py:32:87: W291 trailing whitespacelocust/exception.py:33:80: E501 line too long (85 > 79 characters)locust/exception.py:36:1: E302 expected 2 blank lines, found 1locust/exception.py:38:80: E501 line too long (81 > 79 characters)locust/exception.py:41:1: E302 expected 2 blank lines, found 1locust/exception.py:48:1: E302 expected 2 blank lines, found 1locust/exception.py:55:1: E302 expected 2 blank lines, found 1"
1488,b'Allow negative hatch rate for ramping down',2020-07-23T09:24:43Z,2020-08-14T13:52:37Z,feature request,,
1487,b'Negative min_response_time shown in stats',2020-07-22T16:00:36Z,2020-07-23T17:21:34Z,bug,,
1486,"b'when locust call teardown(), the param environment is Object, but the fire() param  **kwargs needs dict '",2020-07-17T10:11:56Z,2020-08-10T15:34:30Z,"bug, invalid",,
1485,b'Resource utilization metrics based on users',2020-07-16T19:52:46Z,2020-07-24T17:29:07Z,"feature request, invalid",,
1484,"b'using locust as a library, events.test_stop.add_listener is not work'",2020-07-16T06:12:32Z,2020-07-16T11:26:46Z,"bug, invalid",,
1483,b'Can not install locust on windows due to geventhttpclient',2020-07-16T04:33:39Z,2020-07-16T08:42:25Z,"bug, invalid",,
1482,b'Locust1.0.3 Master is not receiving all metrics from workers',2020-07-14T22:44:25Z,2020-07-24T18:39:34Z,"bug, invalid",,
1481,b'All HttpUsers share single session',2020-07-13T20:43:42Z,2020-07-20T18:42:51Z,"bug, invalid",,
1480,b'1.1.1 version is missing in Pypi',2020-07-13T14:51:39Z,2020-07-13T22:03:22Z,"feature request, invalid",,
1479,b'fade into the running screen before getting a response from the server',2020-07-11T05:01:21Z,2020-07-13T12:28:35Z,,,
1478,b'Event hooks are not working as per the documentation',2020-07-10T14:56:57Z,2020-07-10T15:15:30Z,"bug, invalid",,
1477,b'Refactoring stats to handle custom percentiles',2020-07-10T09:45:50Z,2020-08-13T18:26:49Z,,,
1476,b'[Need Help] I want build a docker-compose for run with locust old version 0.14.6',2020-07-10T08:14:22Z,2020-07-10T11:30:37Z,"feature request, invalid",,
1475,b'Handle connection reset error in fast http client',2020-07-08T15:49:35Z,2020-07-08T19:45:41Z,,,
1474,b'Ignores the host parameter',2020-07-08T15:03:17Z,2020-07-10T18:57:24Z,"bug, invalid",TypeError,TypeError: code() takes at least 14 arguments (13 given)
1473,b'can add RPS mode\xef\xbc\x9f',2020-07-08T07:38:21Z,2020-08-30T05:59:22Z,"feature request, wontfix",,
1472,"b'Unhandled exception:  ConnectionResetError, Connection reset by peer (FastHttpUser)'",2020-07-07T22:28:03Z,2020-07-08T19:46:17Z,bug,"AttributeError, ConnectionResetError","AttributeError: _cached_contentConnectionResetError: [Errno 104] Connection reset by peer"
1471,b'Improve logging when locust master port is busy.',2020-07-07T08:34:18Z,2020-07-07T15:16:39Z,,,
1469,b'Mouse over in charts view should show number of users for all graphs',2020-07-04T14:50:57Z,2021-04-22T01:54:54Z,"feature request, non-critical, stale",,
1468,b'Missing URL to download full csv history',2020-07-04T14:44:32Z,2020-08-18T12:20:53Z,"feature request, non-critical",,
1467,b'Badly named commandline argument --host',2020-07-04T14:39:32Z,2021-04-22T01:54:56Z,"feature request, non-critical, stale",,
1466,b'Inconsistent naming of commandline options and environment variables',2020-07-04T14:34:55Z,2021-04-22T01:54:57Z,"non-critical, stale",,
1465,b'Add endpoint to get execution status (an API to control locust)',2020-07-04T14:00:27Z,2020-11-12T17:55:48Z,"feature request, wontfix, non-critical",,
1464,b'Handle http parse exceptions',2020-07-04T08:18:19Z,2020-07-04T08:40:24Z,,,
1463,b'test_start event blocks the UI',2020-07-03T17:53:51Z,2020-09-28T19:19:47Z,"bug, wontfix, non-critical",,
1462,b'Gracefully handle exceptions in event listeners',2020-07-03T03:48:30Z,2020-07-04T19:56:27Z,,,
1461,b'--run-time flag is not respected if there is an exception in a test_stop listener',2020-07-03T03:48:10Z,2020-07-07T19:44:27Z,bug,ZeroDivisionError,"ZeroDivisionError: division by zero"
1460,"b""FastHttpUser: Show error codes on 'Failures' page for 'BadStatusCode' exception""",2020-07-02T16:39:29Z,2020-07-06T08:13:09Z,feature request,,
1459,b'environment object properties does not change.',2020-07-02T10:54:52Z,2020-07-02T12:52:52Z,"bug, invalid",,
1458,b'Distributed command line cannot run ',2020-07-01T07:26:04Z,2020-07-07T19:41:03Z,"bug, invalid",,
1457,b'Unhandled exception: stream ended at an unexpected time',2020-06-29T22:31:57Z,2020-07-04T08:40:23Z,bug,"AttributeError, _parser.HTTPParseError","AttributeError: _cached_content_parser.HTTPParseError: ('stream ended at an unexpected time', 11)"
1456,b'Change master/slave naming convention or offer an alternative',2020-06-29T17:50:34Z,2020-06-29T17:55:32Z,"feature request, invalid",,
1455,b'master/slave terminology is inappropriate and unnecessary',2020-06-28T02:31:27Z,2020-06-28T06:35:55Z,"bug, invalid",,
1454,b'Fixes a typo',2020-06-26T08:05:00Z,2020-06-26T11:48:23Z,,,
1453,b'minor typos in docs',2020-06-25T11:09:31Z,2020-06-25T12:18:29Z,,,
1452,b'Allow grouping of endpoints',2020-06-25T09:23:40Z,2020-06-25T09:26:34Z,"feature request, invalid",,
1451,"b""Can't extend docker image with pip3 install <any-package>""",2020-06-24T20:07:03Z,2020-06-25T16:45:06Z,"bug, invalid",,
1450,b'fixed up environment.parsed_options',2020-06-24T09:38:04Z,2020-06-24T10:21:15Z,,,
1449,b'more csv output option',2020-06-24T00:50:28Z,2020-10-03T18:27:15Z,"feature request, invalid, non-critical",,
1448,b'Allow Users to stop the runner by calling self.environment.runner.quit() (without deadlocking sometimes)',2020-06-23T22:34:13Z,2020-06-25T19:23:41Z,,,
1447,b' Unhandled `UnicodeDecodeError` exception if response with status 400 and request contains binary payload (for FastHttpUser)',2020-06-23T11:08:18Z,2020-07-02T13:26:13Z,bug,UnicodeDecodeError,"UnicodeDecodeError: 'utf-8' codec can't decode byte 0x95 in position 41: invalid start byte"
1446,b'Different readings on chart and in csv',2020-06-22T19:49:51Z,2020-08-30T06:40:19Z,"bug, invalid",,
1445,b'Add line explanation to chart pictures',2020-06-22T13:31:13Z,2020-07-07T19:49:08Z,"feature request, wontfix, non-critical",,
1444,b'Custom path for csv reports',2020-06-22T12:00:06Z,2020-06-24T22:31:28Z,"feature request, invalid, non-critical",,
1443,b'Cut to only 5% free space on the top of the graphs',2020-06-21T12:09:07Z,2020-06-22T07:03:33Z,,,
1442,b'Unable to stop load from web UI with 1.0.3',2020-06-19T18:05:13Z,2020-09-20T10:38:29Z,"bug, waiting on contributor, invalid",,
1441,b'Add a /health endpoint for the worker',2020-06-19T13:23:24Z,2020-06-24T16:32:43Z,"feature request, wontfix",,
1440,b'Charts are twice as high as they need to',2020-06-18T15:03:18Z,2020-06-22T07:03:32Z,bug,,
1439,"b'django\xe4\xb8\xad\xe7\x9a\x84views\xe8\xb0\x83\xe7\x94\xa8 \xe8\x84\x9a\xe6\x9c\xac\xe4\xb8\xad\xe7\x9a\x84\xe5\x87\xbd\xe6\x95\xb0\xe6\x97\xb6\xef\xbc\x8c\xe6\x8a\xa5\xe9\x94\x99\xef\xbc\x8c\xe5\x8f\x82\xe8\x80\x83\xe7\xbd\x91\xe4\xb8\x8a\xe5\xbb\xba\xe8\xae\xae\xe4\xbf\xae\xe6\x94\xb9monkey.patch_all(thread=False)\xef\xbc\x8c\xe6\x8a\xa5\xe9\x94\x99\xe8\xaf\xa6\xe6\x83\x85\xe5\xa6\x82\xe4\xb8\x8b When views in Django calls the function in the script, an error is reported. Please refer to the online suggestions for modification monkey.patch_ All (thread = false), the details of error reporting are as follows'",2020-06-18T08:43:13Z,2020-06-20T20:28:12Z,"bug, invalid",RuntimeError,"RuntimeError: cannot release un-acquired lock"
1438,b'Module object is not callable in locust 0.13.0',2020-06-18T07:20:35Z,2020-06-18T13:45:42Z,invalid,,
1437,b'Consider changing the master/slave terminology',2020-06-17T21:57:30Z,2020-06-17T22:04:00Z,invalid,,
1436,b'High Loadgen CPU Usage in Distributed Mode with 1 Master & 10 Worker Configuration',2020-06-17T16:24:11Z,2020-06-17T16:58:15Z,invalid,,
1435,b'Base Locust Docker image on non-alpine python image',2020-06-17T11:59:11Z,2020-06-17T12:37:18Z,,,
1434,b'Quickstart documentation clarification.',2020-06-17T00:35:21Z,2020-06-17T10:12:52Z,,,
1433,b'Number of http request is greater than number of user given in UI',2020-06-16T18:43:19Z,2020-06-16T20:07:20Z,"bug, invalid",,
1432,b'Support for completely custom load pattern / shape',2020-06-16T12:59:48Z,2020-08-17T12:08:50Z,"feature request, non-critical",,
1431,b'Can the event hooks for requests include a status code?',2020-06-15T21:33:45Z,2020-06-17T10:56:01Z,"feature request, wontfix",,
1430,b'The median shows different values than the 50 percentile',2020-06-15T21:29:27Z,2020-06-17T11:51:54Z,invalid,,
1429,b'Support Needed- How to clear cache after a test run or close the session',2020-06-15T14:29:25Z,2020-06-15T22:23:49Z,invalid,,
1428,b'Use csv module to generate csv data',2020-06-15T06:37:30Z,2020-06-15T22:38:58Z,,,
1427,"b'Call the runners.locust_runner.stop() function, sometimes it can be stopped, sometimes it cannot be stopped, and it stays within Time limit reached. Stopping Locust. or on_stop'",2020-06-15T05:37:10Z,2020-06-15T06:48:27Z,"bug, invalid",,
1426,"b'Distributed-mode (Discrepancy in total stats) : Locust master fails to acknowledge the ""last stats"" from slave during end of test'",2020-06-14T06:36:01Z,2021-03-15T21:43:39Z,"bug, invalid, non-critical",,
1425,b'Running locust with docker breaks pip install for some packages',2020-06-12T13:44:57Z,2020-06-12T20:01:56Z,"bug, invalid",,
1424,b'Master-host IP is not overrided by environment variable.',2020-06-12T13:17:13Z,2020-06-15T08:06:28Z,bug,,
1423,b'The documentation for writing your own client / testing other systems is unclear',2020-06-11T17:31:26Z,2020-11-12T17:56:19Z,"documentation, wontfix, non-critical",,
1422,b'ZMQ Error when running locust in distributed mode',2020-06-11T13:54:59Z,2020-06-30T13:37:48Z,"bug, waiting on contributor, invalid",,
1421,b'Two test_stop events triggered when --run-time expires',2020-06-11T04:58:36Z,2020-06-23T15:26:04Z,bug,,
1420,b'Unable to avoid user session persistence after first run - HttpUser',2020-06-10T16:24:14Z,2020-06-10T17:17:20Z,"bug, invalid",KeyError,"KeyError: ""name='Session', domain=None, path=None"""
1419,b'Old locust releases no longer available on pypi',2020-06-09T10:56:45Z,2020-06-09T13:11:06Z,invalid,,
1418,b'Locust Installation error on Ubuntu 16.04 and Debian Stretch',2020-06-08T16:59:31Z,2020-06-09T00:01:08Z,bug,,
1417,"b""locust doesn't escape the double quotes in the csv output """,2020-06-08T08:58:31Z,2020-06-16T13:34:26Z,bug,,
1416,"b'Locust Improvements for recording, reporting and inputs.'",2020-06-06T15:27:10Z,2020-06-07T19:36:16Z,"feature request, wontfix",,
1415,b'Add simple documentation with use case for init event',2020-06-06T04:24:50Z,2020-06-06T07:58:16Z,,,
1414,b'Simplify documentation of catch_response & add example of response time validation.',2020-06-05T10:59:10Z,2020-06-06T08:08:59Z,,,
1413,b'the event request_success should pass request and response to the listener',2020-06-05T09:34:13Z,2021-05-14T03:06:27Z,"feature request, non-critical, stale",,
1412,b'Is there any way to set source request ip of Locust',2020-06-05T02:01:32Z,2020-06-06T17:15:21Z,"feature request, invalid",,
1411,b'Remove Bad Apostrophe',2020-06-04T22:00:16Z,2020-06-05T07:31:41Z,,,
1410,b'locustio 1.0.2 PyPI release',2020-06-03T17:45:49Z,2020-06-04T06:56:25Z,wontfix,,
1409,b'update __init__ file',2020-06-03T07:07:15Z,2020-06-03T08:10:59Z,,,
1408,b'Ability to run test_start on workers.',2020-06-02T22:35:26Z,2020-06-06T08:27:17Z,feature request,,
1407,b'workers do not terminate tasks when master exits ',2020-06-01T16:19:58Z,2020-06-20T20:29:49Z,"bug, waiting on contributor, invalid",,
1406,b'CSV results do not match calculated response times',2020-06-01T15:59:51Z,2020-06-02T13:41:37Z,invalid,,
1405,"b'rename ""hatch rate"" to ""spawn rate""'",2020-06-01T09:07:37Z,2020-08-18T10:16:44Z,feature request,,
1404,b'Feature request: Statistics about number pending requests',2020-05-31T15:25:29Z,2020-09-28T19:24:36Z,"feature request, wontfix, non-critical",,
1403,b'Response time stats with timestamp',2020-05-29T11:54:59Z,2020-09-28T19:25:07Z,"feature request, wontfix, non-critical",,
1402,b'how to assign wait time for particular task',2020-05-29T10:24:44Z,2020-05-30T17:02:26Z,invalid,,
1401,"b'Locust run is not working somehow because of libraries ""src/gevent/greenlet.py"", line 854, in gevent._greenlet.Greenlet.run'",2020-05-29T07:49:32Z,2020-05-30T18:21:12Z,invalid,,
1400,b'Rename 3 remaining instances of slave to worker',2020-05-28T04:10:47Z,2020-05-28T12:52:53Z,,,
1399,b'Inconsistencies in latencies reported by locust and %D apache custom log directive',2020-05-28T00:57:46Z,2020-05-28T22:40:05Z,"bug, invalid",,
1398,b'The format for providing host can be confusing at times',2020-05-28T00:09:27Z,2020-05-30T13:59:16Z,,,
1397,b'Debian 9 - Python 3.7 installed Locust but is not available to use',2020-05-27T09:31:10Z,2020-05-27T14:48:55Z,cantfix,,
1396,"b""Ability to control the Locust process' exit code""",2020-05-25T22:24:18Z,2020-05-31T21:20:40Z,,,
1395,b'Update flask requirement. Fixes #1394',2020-05-25T14:53:37Z,2020-05-25T15:29:21Z,,,
1394,b'Update flask version',2020-05-25T06:53:41Z,2020-05-25T15:29:22Z,bug,,
1393,b'stop-timeout option is not working. Tests are stopped immediately after configured run time.',2020-05-23T17:49:35Z,2020-05-30T18:21:44Z,"bug, waiting on contributor, invalid",,
1392,b'Is there a way to have the Master send the current --tags setting to the Workers at the start of each test',2020-05-22T18:27:33Z,2021-04-22T01:54:58Z,"feature request, non-critical, stale",,
1391,b'Search is broken on readthedocs',2020-05-22T13:51:24Z,2020-06-01T07:49:01Z,"bug, documentation",,
1390,b'OSError: [Errno 98] Address already in use in locust',2020-05-22T09:55:23Z,2020-05-22T10:28:50Z,"bug, invalid",,
1389,b'Using deprecated classes cause a crash',2020-05-22T09:26:05Z,2020-05-22T11:28:33Z,"bug, invalid",,
1388,b'Bump geventhttpclient and switch back to use its original repo + fix windows issue with resource module',2020-05-22T06:57:00Z,2020-05-25T07:32:20Z,,,
1387,"b""'Module' object is not callable""",2020-05-20T02:13:04Z,2020-07-02T20:43:13Z,"bug, invalid",,
1386,b'run locust 1.0.1 directly from .py file',2020-05-19T20:26:02Z,2020-05-22T11:30:05Z,"feature request, wontfix",,
1385,"b'Got ""unknown user exception"" when use --step-load and --step-clients'",2020-05-19T12:47:10Z,2020-05-19T13:29:03Z,"bug, documentation",,
1384,b'Rework quickstart documentation and update some documentation for 1.0',2020-05-19T09:29:21Z,2020-05-22T09:57:38Z,,,
1383,b'Can we distribute the Locust each task over each Locust slave',2020-05-19T07:01:29Z,2020-06-06T08:55:01Z,"feature request, invalid",,
1382,"b'Listens on IPv6 only, not IPv4...'",2020-05-18T20:02:42Z,2020-05-18T20:06:20Z,invalid,,
1381,b'Configuration File command line argument',2020-05-18T19:46:02Z,2020-06-04T15:13:53Z,"documentation, needs reproducing, invalid",,
1380,"b'Make TaskSet .user and .parent read only properties, avoids / fixes #1379'",2020-05-18T19:08:01Z,2020-05-22T07:00:04Z,,,
1379,b'SequentialTaskSet is broken when using local class members (headless mode)',2020-05-18T04:22:06Z,2020-05-18T11:57:20Z,bug,,
1378,b'Fixed typo',2020-05-17T11:26:35Z,2020-05-18T09:06:22Z,,,
1377,b'Add metadata for the locust PyPI package that marks the locustio package as obsolete',2020-05-16T11:16:37Z,2020-05-16T11:16:46Z,,,
1376,"b""dynamic credentials examples refers to HttpUser which doesn't exist in module locust""",2020-05-15T20:04:57Z,2020-05-16T20:16:42Z,"bug, invalid",,
1375,b'Try to increase open files limit and warn if it is still too low afterwards',2020-05-15T08:24:58Z,2020-05-22T06:59:06Z,,,
1374,b'Test app for locust',2020-05-14T21:13:37Z,2020-06-30T13:35:52Z,"feature request, waiting on contributor, invalid",,
1373,b'Fixing docker-compose example',2020-05-14T16:22:24Z,2020-05-14T16:24:35Z,invalid,,
1372,"b'OOM error with master/slaves setup (zeromq, windows)'",2020-05-13T11:30:07Z,2021-08-05T10:12:32Z,bug,,
1371,b'GET instead of POST when using --no-web',2020-05-13T06:29:04Z,2020-05-13T06:39:04Z,invalid,,
1370,b'Remove task arguments',2020-05-12T09:42:44Z,2020-05-12T10:39:29Z,,,
1369,b'FastHttpLocust + SNI',2020-05-12T00:43:07Z,2020-05-18T19:36:28Z,bug,,
1368,b'We should check limits (ulimit) and warn if they are too low',2020-05-08T12:22:06Z,2020-05-22T06:59:06Z,feature request,,
1367,b'ModuleNotFoundError in Python 3.8.2 OSX 10.15.2',2020-05-08T08:51:20Z,2020-05-08T09:27:46Z,invalid,,
1366,b'fix the doc',2020-05-08T01:13:25Z,2020-05-08T11:59:31Z,,,
1365,b'Update requests library to 2.23.0',2020-05-07T13:55:01Z,2020-05-07T13:57:16Z,,,
1364,"b""installation is successful but it's not available""",2020-05-07T03:52:32Z,2020-06-06T08:26:05Z,"bug, invalid",,
1363,b'Ability to exclude response time of failed requests from time based metrics',2020-05-04T20:56:07Z,2020-06-06T08:58:21Z,"feature request, non-critical, stale",,
1362,b'Fixing syntax error in env.py',2020-05-01T16:43:02Z,2020-05-03T19:22:39Z,invalid,,
1361,b'Split core.py into two files in separate python package',2020-04-30T23:38:30Z,2020-05-01T09:52:37Z,,,
1360,"b""FastHttpUser doesn't use the SNI TLS extension""",2020-04-30T13:49:04Z,2020-05-04T20:02:56Z,bug,,
1359,b'--config command line argument',2020-04-30T08:43:04Z,2020-05-01T13:55:14Z,,,
1358,b'Add task marking for running more specific tests',2020-04-30T07:46:30Z,2020-05-12T10:38:57Z,,,
1357,b'custom_xmlrpc_client seems broken',2020-04-30T07:38:12Z,2020-04-30T09:15:00Z,invalid,,
1356,b'Cluster mode: Upload the locustfile.py via the web interface or the command line...',2020-04-29T09:40:51Z,2020-06-06T08:50:21Z,"feature request, wontfix",,
1355,b'Environment variable configuration changes',2020-04-28T16:44:15Z,2020-04-29T08:39:06Z,,,
1354,b'Add CLI params for TLS cert and key - serves over HTTPS',2020-04-25T23:06:09Z,2020-04-27T16:20:34Z,,,
1353,b'Let hatch rate be provided by a callable',2020-04-23T21:26:24Z,2020-09-28T19:20:47Z,"feature request, invalid, non-critical",,
1352,b'Reset time (-t) when using (--reset-stats) when all locusts have hatched',2020-04-23T17:58:47Z,2020-11-12T17:54:50Z,"feature request, wontfix, non-critical",,
1351,b'Retrieving response time on Master while execution is going on through custom code in no-web mode',2020-04-23T07:02:42Z,2020-04-29T15:26:09Z,,,
1350,b'Docs correction request',2020-04-22T18:10:01Z,2020-04-23T13:09:27Z,invalid,AttributeError,"AttributeError: __enter___"
1349,"b'""Order of events"" clarification'",2020-04-22T17:24:59Z,2020-04-22T17:54:37Z,feature request,,
1348,b'Response time stats not available on terminal in no-web mode',2020-04-22T05:56:34Z,2020-04-23T13:54:05Z,"waiting on contributor, invalid",,
1347,b'Step load mode improvements',2020-04-21T10:41:25Z,2020-09-28T19:27:08Z,"feature request, invalid, non-critical",,
1346,b'Fix the package name in the sample pip3 command',2020-04-21T05:05:53Z,2020-04-21T07:29:09Z,invalid,,
1345,b'@seq_task does not appear to be working',2020-04-20T22:12:08Z,2020-04-23T09:59:07Z,invalid,,
1344,b'Add allow_redirects parameter to FastHttpLocust.client.request(). Fixes #1238',2020-04-20T21:17:19Z,2020-04-21T07:40:23Z,,,
1343,"b""Give better error message when kubernetes env vars collide with locust's""",2020-04-20T17:53:30Z,2020-04-20T20:29:00Z,,,
1342,"b""Give better error message when kubernetes env vars collide with locust's""",2020-04-20T17:49:59Z,2020-04-20T17:51:31Z,,,
1341,b'Allow overriding redirect response codes for FastHttpLocust',2020-04-20T17:30:58Z,2020-04-20T21:13:59Z,,,
1340,b'Fix web options',2020-04-20T01:17:44Z,2020-04-20T09:44:00Z,,,
1339,"b'Populate UI fields with -c, -r, --step-clients, and --step-time options'",2020-04-19T16:40:37Z,2020-04-21T08:13:34Z,,,
1338,b'Remove docker_start.sh and set locust as entrypoint for official Docker image',2020-04-19T15:55:20Z,2020-04-20T09:45:51Z,,,
1337,b'DEBUG output in docker is not working',2020-04-18T01:59:05Z,2020-04-19T15:56:39Z,bug,,
1336,b'Allow multiple calls to response.failure() or response.success() within the same with block',2020-04-17T16:26:39Z,2020-04-18T10:47:25Z,,,
1335,"b'resp.failure() shouldnt immediately log a failed request, just mark it a such'",2020-04-17T09:13:10Z,2020-04-18T10:57:33Z,feature request,,
1334,b'Add --config parameter',2020-04-17T06:01:23Z,2020-05-01T13:55:14Z,feature request,,
1333,b'Hotfix - CLI Failing on start due to Service Unknown',2020-04-17T05:11:12Z,2020-04-17T15:04:33Z,,"socket.gaierror, TypeError","socket.gaierror: [Errno -2] Name or service not known: ('*', 8089)TypeError: start() got an unexpected keyword argument 'host'"
1332,b'Removed double consideration of same timestamp',2020-04-16T20:21:21Z,2020-04-16T20:39:25Z,,,
1331,"b'Make all LocustRunners aware of their target_user_count, not just MasterLocustRunner'",2020-04-16T19:57:30Z,2020-04-16T20:50:24Z,,,
1330,b'Import wait functions from locust instead of locust.wait_time',2020-04-15T12:13:03Z,2020-04-16T06:45:13Z,,,
1329,"b'Stop exposing exceptions on locust module, remove old wait api (step 1 of fixing #1328)'",2020-04-15T11:12:59Z,2020-04-15T12:08:28Z,,,
1328,b'clean up core.py & __init__.py',2020-04-14T21:34:16Z,2020-05-01T13:54:05Z,feature request,,
1327,"b'Add Runners, WebUI and Environment to the public API'",2020-04-14T15:11:45Z,2020-04-16T19:28:12Z,,,
1326,b'Update main.py about gevent.signal()',2020-04-14T10:40:15Z,2020-04-14T11:31:12Z,,,
1325,b'Improve how we do logging',2020-04-13T17:44:01Z,2020-04-14T10:14:38Z,,,
1324,b'Worker quitting then stopping via web UI bug fix',2020-04-13T05:01:47Z,2020-04-16T18:16:44Z,,,
1323,b'Fixed some spelling/grammar on docstrings in core.py',2020-04-12T01:20:38Z,2020-04-12T10:04:43Z,,,
1322,b'Docker image: worker mode not starting correctly',2020-04-10T06:26:22Z,2020-04-10T06:42:50Z,bug,,
1321,b'Graph capabilities export in no web UI mode (CLI) ',2020-04-09T14:06:39Z,2020-06-06T08:26:57Z,"feature request, wontfix",,
1320,b'No Locust class found!',2020-04-09T09:59:37Z,2020-04-17T15:19:23Z,invalid,,
1319,"b'when use --master --slave, setup and teardown in locust class will run the count of slaves'",2020-04-09T03:48:21Z,2020-04-09T09:30:36Z,invalid,,
1318,b'Debugging not possible due to Fatal Python error: Cannot recover from stack overflow.',2020-04-07T14:19:07Z,2020-04-10T08:07:35Z,"bug, invalid",,
1317,b'Change CSV column names',2020-04-07T12:19:46Z,2020-04-09T13:33:07Z,feature request,,
1316,b'Add User count to CSV history stats',2020-04-07T12:06:27Z,2020-04-07T15:29:27Z,,,
1315,"b""Can't run Locust distributed with --csv-full-history """,2020-04-06T11:51:09Z,2020-04-06T22:02:43Z,bug,,
1314,b'Rename locust to user',2020-04-06T04:54:54Z,2020-04-23T12:44:03Z,,,
1313,b'Add basic auth for webui',2020-04-06T03:17:35Z,2020-04-08T12:58:44Z,,,
1312,b'Httpbasicauth',2020-04-06T02:11:56Z,2020-04-06T03:01:56Z,,,
1311,b'Group related command line options together',2020-04-05T23:40:24Z,2020-04-06T14:08:44Z,,,
1310,b'Replace TaskSequence and @seq_task with SequentialTaskSet',2020-04-05T19:46:22Z,2020-04-06T16:37:26Z,,,
1309,b'Replace locust setup teardown with events',2020-04-04T16:06:09Z,2020-04-05T14:35:14Z,,,
1308,b'Make wait_time default to zero (vote up/down for this ticket please :)',2020-04-03T10:13:39Z,2020-11-12T15:15:39Z,"feature request, non-critical",,
1307,b'network_timeout is not respected',2020-04-03T10:12:03Z,2020-04-06T18:27:41Z,"bug, invalid",,
1306,b'Decouple Runner and Locust code by introducing Locust.start and Locust.stop methods',2020-04-02T15:15:37Z,2020-04-03T15:35:12Z,,,
1305,b'Run locust as a job but still have access to the API.',2020-04-01T09:05:41Z,2020-05-22T11:32:45Z,feature request,,
1304,b'Allow tasks to be declared directly under Locust classes',2020-03-31T23:28:00Z,2020-04-03T15:28:06Z,,,
1303,b'Rename slave to worker (except changelog)',2020-03-29T01:15:51Z,2020-03-31T20:13:36Z,,,
1302,b'Update package name to locustio',2020-03-27T14:48:11Z,2020-03-29T10:13:14Z,,,
1301,b'Upgrade docker image',2020-03-27T14:18:54Z,2020-03-27T14:34:32Z,wontfix,,
1300,b'Empty aggregated result with example.py',2020-03-26T12:42:00Z,2020-04-06T09:53:54Z,"bug, invalid",,
1299,b'Support parametrization of FastHttpLocust ',2020-03-25T22:51:48Z,2020-03-28T10:06:49Z,,,
1298,b'Fix typo in running-locust-in-step-load-mode.rst',2020-03-25T19:13:33Z,2020-03-25T22:52:27Z,,,
1297,b'[1292] Fix detailed results statistics in csv reports',2020-03-25T13:10:14Z,2020-04-05T16:51:06Z,,,
1296,b'Task hatching in locust',2020-03-24T08:05:58Z,2020-04-13T21:18:43Z,"bug, invalid",,
1295,b'on_master_stop_hatching is not triggered on master when hatching terminates',2020-03-23T19:43:30Z,2020-06-06T08:52:53Z,bug,,
1294,b'Persist charts',2020-03-22T15:12:55Z,2020-10-11T09:31:58Z,"feature request, wontfix, non-critical",,
1293,b'Exception throws on attempt to report request results to master',2020-03-20T08:32:05Z,2020-03-20T08:46:46Z,bug,,
1292,b'More information in csv reports',2020-03-17T09:03:14Z,2020-04-07T15:29:27Z,feature request,,
1291,b'Add reference to LocustRunner instance and WebUI instance on Environment',2020-03-16T13:40:35Z,2020-03-21T17:59:08Z,,,
1290,b'[WIP] Add multi core/cpu support when running in distributed mode',2020-03-14T22:57:09Z,2020-04-06T07:23:50Z,,,
1289,b'Allow creating a Locust without specifying an environment ',2020-03-13T14:23:02Z,2020-03-16T20:35:44Z,,,
1288,"b""Can't access web interface""",2020-03-12T09:20:33Z,2020-03-17T06:03:37Z,bug,,
1287,b'Give a more descriptive error when the Locust or TaskSet has no tasks.',2020-03-11T22:11:12Z,2020-03-16T10:56:44Z,,,
1286,b'Remove @seq_task and instead add a SequentialTaskSet class',2020-03-10T15:12:34Z,2020-04-06T16:37:25Z,,,
1285,b'Change how logging is handled',2020-03-10T15:11:37Z,2020-04-14T10:14:38Z,,,
1284,b'Remove the Locust.setup and Locust.teardown hooks in favour of adding test_start and test_stop events',2020-03-10T15:10:47Z,2020-04-05T14:35:14Z,,,
1283,b'Rename Locust to User/LocustUser',2020-03-10T15:09:17Z,2020-04-23T12:44:03Z,,,
1282,b'Clean up among the command line arguments',2020-03-10T15:08:10Z,2020-04-06T14:08:44Z,,,
1281,b'Enable statistically meaningful constant RPS load generation distributions',2020-03-10T03:27:47Z,2020-06-04T11:23:06Z,,,
1280,b'ensure the connection between master and slave in heartbeat',2020-03-09T10:00:40Z,2020-04-05T12:36:52Z,,,
1279,b'Web page is confused when I shutdown the only slave',2020-03-06T16:20:13Z,2020-04-16T18:16:44Z,"web interface, bug",,
1278,b'[Documentation] Bleeding Edge link is broken',2020-03-03T12:47:05Z,2020-03-03T15:37:12Z,bug,,
1277,"b'I had increase open file limit but still exception ""Device or resource busy""? '",2020-03-03T03:29:00Z,2020-04-12T22:16:43Z,"bug, invalid",,
1276,"b'Locust Web Dashboard Charts, Slaves sections not working after certain time'",2020-03-03T01:13:18Z,2020-03-12T13:16:18Z,"web interface, bug",,
1275,b'Add @only decorator to TaskSets',2020-03-02T21:27:50Z,2020-05-12T10:38:57Z,feature request,,
1274,"b'Introduce SimpleTaskSet, a way to make super simple locust files without having to define a Locust class'",2020-03-02T12:07:17Z,2020-04-01T09:25:13Z,,,
1269,b'Fix simple typo: betwen -> between',2020-02-25T18:58:21Z,2020-02-25T20:39:51Z,,,
1268,b'Fix simple typo: betwen -> between',2020-02-25T18:58:10Z,2020-02-25T20:39:51Z,,,
1267,"b""FastHttpLocust doesn't support url method""",2020-02-24T13:12:01Z,2020-04-13T21:20:41Z,"feature request, invalid",,
1266,b'Work towards 1.0. Refactoring of runners/events/web ui. Getting rid of global state.',2020-02-23T16:08:50Z,2020-03-10T14:58:57Z,,,
1265,b'Changes made during setup only effect the first user',2020-02-21T21:08:05Z,2020-05-08T09:46:27Z,wontfix,,
1264,b'Rename and restructure Locust/TaskSet',2020-02-21T14:57:34Z,2020-04-13T21:21:25Z,feature request,,
1263,"b""Connection pool is full, discarding connection | 'Connection aborted.', RemoteDisconnected('Remote end closed connection without response""",2020-02-20T18:49:58Z,2020-03-03T00:58:07Z,bug,,
1262,b'Malformed urls when passing a relative path without initial slash to HttpSession.get and similar methods',2020-02-20T12:20:09Z,2020-11-12T17:54:30Z,"bug, invalid, non-critical",,
1261,b'print log :  all about time log is %d but the time is float',2020-02-20T10:59:19Z,2020-04-12T22:17:32Z,"feature request, wontfix",,
1260,b'Type hinting for common functions',2020-02-20T08:34:32Z,2020-10-01T16:16:18Z,feature request,,
1259,b'add json() method to FastHttpLocust (to match regular HttpLocust)',2020-02-19T09:23:45Z,2020-02-20T07:16:35Z,,,
1258,b'Code blocks in docs not rendered',2020-02-18T12:51:53Z,2020-02-19T09:15:18Z,bug,,
1257,b'Issue with gevent ',2020-02-14T03:45:38Z,2020-03-23T18:16:26Z,"bug, invalid",,
1256,b'Performance Testing of Desktop Application',2020-02-13T04:54:34Z,2020-02-15T19:17:46Z,invalid,,
1255,b'docs: remove the description of port 5558',2020-02-06T16:42:32Z,2020-02-06T18:04:24Z,,,
1254,b'Unable to install on windows',2020-02-05T11:01:31Z,2020-02-06T10:34:33Z,bug,"""ERROR","""ERROR: Could not build wheels for gevent which use PEP 517 and cannot be installed directly"""
1253,b'Remove six and other 2.7 compatibility code',2020-02-04T13:34:01Z,2020-02-10T09:07:04Z,,,
1252,b'locust.contrib.fasthttp.FastHttpLocust does not support multipart/form-data',2020-02-04T04:47:29Z,2021-03-15T21:44:51Z,"bug, invalid, non-critical",,
1251,b'Asyncio support',2020-01-31T16:16:58Z,2020-01-31T16:34:06Z,"feature request, wontfix",,
1250,b'Multi thread master node',2020-01-30T23:15:39Z,2020-01-31T16:15:50Z,"feature request, wontfix",,
1249,b'Provide a way to change the host name from taskset',2020-01-30T00:04:58Z,2020-02-20T14:08:37Z,"feature request, invalid",,
1248,b'Limit on Locust subclasses ',2020-01-29T13:06:09Z,2020-01-31T02:29:23Z,invalid,,
1247,b'Docker image should not require TARGET_URL',2020-01-28T13:07:40Z,2020-04-20T09:45:51Z,feature request,,
1246,b'FastHttpLocust times out when HttpLocust does not',2020-01-27T15:44:07Z,2020-02-03T13:55:26Z,bug,,
1245,b'Save failures.csv in --no-web mode',2020-01-27T00:26:23Z,2020-01-28T08:16:25Z,,,
1244,b'Network Stats',2020-01-24T15:03:07Z,2020-02-10T09:13:52Z,"feature request, wontfix",,
1243,b'Drop support for pre 3.6 Python versions (give error during installation)',2020-01-24T08:51:29Z,2020-01-28T08:21:15Z,,,
1242,b'How to call a method every hour in Locust?',2020-01-23T15:37:39Z,2020-01-23T15:46:51Z,"feature request, invalid",,
1241,b'Introduce total iterations-per-second limiting timers',2020-01-23T13:09:26Z,2020-04-16T19:57:41Z,,,
1240,b'Add some sleeps to fix intermittent unit test errors in test_web.py',2020-01-22T13:31:42Z,2020-01-29T08:05:04Z,,,
1239,b'Run a sequence only once',2020-01-22T10:24:53Z,2020-01-23T15:47:41Z,invalid,,
1238,b'Add `allow_redirects` option to FastHttpSession.request',2020-01-21T19:42:57Z,2020-04-20T21:21:57Z,feature request,,
1237,b'Retrieve failures.csv in --no-web mode',2020-01-20T16:33:25Z,2020-04-16T18:22:05Z,feature request,,
1236,b'Warn if CPU usage is too high (>90%) #1161',2020-01-20T10:50:39Z,2020-01-22T18:16:43Z,,,
1235,b'Update docs for running locust in Step Load Mode',2020-01-19T09:53:04Z,2020-01-19T13:37:28Z,,,
1234,b'Exceptions raised in setup method causes Locust to break',2020-01-18T21:15:41Z,2020-06-06T08:33:45Z,invalid,,
1233,"b""\xe5\xbd\x93'content-encoding': 'utf-8'\xe6\x97\xb6\xe4\xbc\x9a\xe5\x87\xba\xe7\x8e\xb0\xe5\xbc\x82\xe5\xb8\xb8""",2020-01-17T07:23:28Z,2020-01-17T10:11:24Z,"bug, invalid",,
1232,b'Time units are wrong for response times',2020-01-16T14:20:45Z,2020-02-10T09:07:59Z,"bug, waiting on contributor, invalid",,
1231,b'Stop Locust Master Pod when --run-time is completed',2020-01-16T12:52:58Z,2020-01-16T13:01:00Z,invalid,,
1230,b'allow 1 percent codecov degradation before failing build (because it is flaky)',2020-01-16T12:14:58Z,2020-01-16T12:19:36Z,,,
1229,"b'Disable codecov patch analysis, because it fails all the time'",2020-01-16T11:59:59Z,2020-01-16T12:04:50Z,,,
1228,b'Locust with in parallel abandoned sessions',2020-01-16T08:35:54Z,2020-01-16T11:37:59Z,"feature request, invalid",,
1227,b'Relax host checking for FastHttpLocust to be more in line with HttpLocust. Fixes #1222',2020-01-15T16:22:05Z,2020-01-16T14:09:50Z,,,
1226,b'error: argument --master-port: invalid int value bug',2020-01-15T12:18:27Z,2020-05-22T07:08:33Z,,,
1225,b'Report statistical errors',2020-01-15T08:56:02Z,2020-02-10T09:08:22Z,"bug, waiting on contributor, invalid",,
1224,b'Locust Web Ui not Accessible When Running on Mac OS Docker Desktop',2020-01-15T05:40:31Z,2020-02-10T09:07:37Z,"bug, waiting on contributor, invalid",,
1223,b'\xe6\x8a\xa5\xe5\x91\x8a\xe6\x95\xb0\xe6\x8d\xae\xe7\xbb\x9f\xe8\xae\xa1\xe4\xb8\x8d\xe5\x87\x86\xe7\xa1\xae',2020-01-15T03:09:17Z,2020-01-15T08:49:51Z,invalid,,
1222,b'FastHttpLocust gives error when using valid url.',2020-01-14T13:01:48Z,2020-01-16T14:09:54Z,bug,LocustError,"LocustError: Invalid host (`https://hostname/path`). The specified host string must be a base URL without a trailing slash."
1221,"b'Add ""Running Locust with Docker"" to the TOC'",2020-01-10T01:17:59Z,2020-01-10T11:52:50Z,,,
1220,b'Calculating formula  Rps',2020-01-08T07:13:26Z,2020-01-13T17:19:55Z,"waiting on contributor, invalid",,
1219,b'Fix link formatting for the Helm chart',2020-01-07T09:46:08Z,2020-01-08T08:59:46Z,,,
1218,b'fix: change typo UserBehavior to UserBehaviour',2020-01-07T08:15:48Z,2020-01-07T09:15:13Z,,,
1217,b'Build URLs using urljoin',2020-01-06T20:53:58Z,2020-02-07T19:14:30Z,,,
1216,b'Remove leading backslashs from URLs.',2020-01-06T13:11:23Z,2020-01-06T22:08:16Z,,,
1215,"b""Fix 'd rop-in' typo to 'drop-in'""",2020-01-06T07:31:52Z,2020-01-06T09:43:02Z,,,
1214,"b""ModuleNotFoundError when importing 'locust'""",2020-01-04T22:24:59Z,2020-01-13T17:20:38Z,"bug, waiting on contributor, invalid",,
1213,b'Users are not evenly balanced across slaves when adding new slaves during test',2020-01-02T15:54:29Z,2020-06-30T13:36:19Z,"bug, waiting on contributor, invalid",,
1212,b'Update running-locust-distributed.rst',2020-01-02T15:44:56Z,2020-01-03T18:34:18Z,,,
1211,b'Warn if spawn rate is too high. Adresses bug #1174 for example.',2019-12-30T20:26:13Z,2020-01-19T18:17:40Z,,,
1210,b'Locust Helm Chart update',2019-12-27T15:16:47Z,2021-08-01T08:01:25Z,"waiting on contributor, invalid, stale",,
1209,b'Got 400 Bad Request when using FastHttpLocust',2019-12-26T13:07:41Z,2020-01-17T08:43:16Z,"bug, waiting on contributor, invalid",,
1208,b'Cannot install locust',2019-12-26T08:53:33Z,2020-01-02T11:20:29Z,"waiting on contributor, invalid",,
1207,"b"" ModuleNotFoundError: No module named 'locust""",2019-12-26T08:09:06Z,2019-12-29T20:58:57Z,invalid,ModuleNotFoundError,"ModuleNotFoundError: No module named 'locust'"
1206,"b""[Nested TaskSet] Child TaskSet's on_stop method is not called when GreenletExit""",2019-12-24T01:45:27Z,2020-04-03T15:35:14Z,bug,,
1205,b'Table of the results sorting and missing issues',2019-12-23T07:23:02Z,2019-12-29T20:58:04Z,"feature request, wontfix",,
1204,"b'Allow users to override encoding when decoding requests (maybe using chardet, as was the default before)'",2019-12-22T21:02:36Z,2020-01-07T09:16:42Z,,,
1203,"b""Using FastHttpLocust gives a 'dict object """,2019-12-21T05:17:01Z,2021-03-15T21:45:42Z,"bug, invalid, non-critical",,
1202,b'--csv-full-history throws error when in master/slave mode',2019-12-20T20:35:58Z,2020-06-06T08:55:40Z,"bug, invalid",,
1201,b'Locust Slaves take a long time to attach to master when there are lots of slaves (>500)',2019-12-18T12:03:27Z,2020-06-30T13:37:11Z,"bug, needs reproducing, waiting on contributor, invalid",,
1200,b'Slave failed with unknown error',2019-12-18T10:24:19Z,2020-01-11T19:22:14Z,"waiting on contributor, invalid",P/ERROR/stderr,"P/ERROR/stderr: Traceback (most recent call last):"
1199,b'Allow min_wait and max_wait times of 0',2019-12-18T06:46:17Z,2019-12-18T14:49:04Z,,,
1198,b'Fix percentiles printed in _stats.csv file',2019-12-16T19:23:54Z,2019-12-16T20:47:25Z,bug,,
1197,b'Use `response_time_percentile` for <name>_stats.csv file instead of `current_response_time_percentile`',2019-12-16T19:19:18Z,2019-12-16T19:46:42Z,,,
1196,"b'Send Accept-Encoding: gzip, deflate as default in FastHttpLocust.'",2019-12-13T12:56:21Z,2019-12-17T07:50:14Z,,,
1195,"b'set default Accept-Encoding to ""gzip, deflate"" in FastHttpLocust to match HttpLocust behaviour'",2019-12-13T12:48:28Z,2019-12-17T07:50:14Z,bug,,
1194,b'Get encoding from content-type header instead of autodetecting using chardet (which is slow)',2019-12-12T18:41:57Z,2019-12-17T07:50:01Z,,,
1193,b'FastHttpLocust is very slow at returning the response text',2019-12-12T14:21:24Z,2019-12-17T07:50:01Z,bug,,
1192,b'Ability to Stop Locust Client from within the test script',2019-12-11T17:30:34Z,2020-06-25T19:26:50Z,,,
1191,b'Error generating request statistics CSV in master\xe2\x80\x93slave mode',2019-12-10T01:20:19Z,2019-12-17T09:46:30Z,bug,,
1190,b'Complete in-flight load after run time.',2019-12-09T16:54:18Z,2020-01-11T20:47:58Z,"feature request, duplicate",,
1189,b'Set names of Locust classes to run from web or from master to slaves',2019-12-08T12:27:39Z,2019-12-17T09:44:30Z,,,
1188,b'SSLV3_ALERT_HANDSHAKE_FAILURE error with FastHttpLocust',2019-12-06T08:51:52Z,2020-04-12T22:19:01Z,"bug, invalid",,
1187,b'ability to start the web ui on timed runs',2019-12-04T06:59:41Z,2021-08-07T01:48:55Z,"feature request, non-critical, stale",,
1186,b'command line arguments for clients and spawn rate should populate ui in the same way as url',2019-12-04T06:57:51Z,2020-04-21T08:13:34Z,feature request,,
1185,b'scale clients up and down during a run',2019-12-03T21:18:20Z,2020-01-03T11:08:44Z,feature request,,
1184,b'How to use Locust for UI performance testing?',2019-12-03T07:57:35Z,2019-12-03T16:41:29Z,invalid,,
1183,b'How can I get all locusts request concurrently?',2019-12-03T04:20:33Z,2019-12-03T13:51:04Z,"feature request, wontfix",,
1182,b'Time response graph is not working on master/slave configuration',2019-12-02T11:07:54Z,2019-12-02T13:11:54Z,bug,,
1181,b'EDIT - \xed\x99\x98\xea\xb2\xbd\xeb\xb3\x80\xec\x88\x98 BRAND \xeb\xa1\x9c \xec\x97\x85\xec\xb2\xb4\xeb\xa5\xbc \xed\x8a\xb9\xec\xa0\x95\xed\x95\xa0 \xec\x88\x98 \xec\x9e\x88\xea\xb2\x8c',2019-12-02T09:09:41Z,2019-12-02T09:10:14Z,,,
1180,"b'""Percentage of the requests.."" table has missing column headers'",2019-12-01T23:33:36Z,2019-12-11T17:41:05Z,,,
1179,b'Using gitter for chat',2019-11-29T16:52:18Z,2020-02-15T19:21:28Z,"feature request, wontfix",,
1178,b'MonkeyPatchWarning in locust/core.py:17',2019-11-29T14:56:49Z,2019-12-04T10:06:15Z,invalid,,
1177,"b'Unable to properly connect multiple slaves,  master Automatic disconnection'",2019-11-29T07:23:24Z,2020-01-11T19:33:58Z,"bug, invalid",,
1176,"b'Unable to properly connect multiple slaves,  master '",2019-11-29T07:23:22Z,2019-11-29T08:47:02Z,bug,,
1175,b'Can i get a failed API error report similar to distribution and request csv in no-web mode',2019-11-29T07:14:31Z,2020-09-21T19:48:43Z,"feature request, wontfix, non-critical",,
1174,b'RuntimeError: Set changed size during iteration on Python 3.6',2019-11-27T18:49:54Z,2020-01-16T15:13:21Z,"bug, invalid",,
1173,b'renamed slave to drone',2019-11-27T15:44:49Z,2019-11-28T19:22:42Z,"invalid, duplicate",,
1172,b'Zero exit code on exception',2019-11-26T06:56:06Z,2019-11-28T18:28:54Z,bug,,
1171,b'In the on_start function variable values are not updating but methods under the on_start function were triggered',2019-11-25T13:03:20Z,2020-01-11T19:38:33Z,"bug, invalid",,
1170,b'Some exceptions occurred during installation of version >0.13.0 (exclude 0.13.0)',2019-11-23T15:10:30Z,2019-12-02T14:04:37Z,"bug, wontfix",,
1169,b'Got error using locust when it is installed using python -m',2019-11-23T11:16:46Z,2020-01-11T19:25:28Z,"bug, invalid",pkg_resources.DistributionNotFound,"pkg_resources.DistributionNotFound: The 'psutil>=5.6.1; platform_python_implementation == ""CPython"" or sys_platform != ""win32"" and extra == ""recommended""' distribution was not found and is required by the application"
1168,b'Stats are reset when re-balancing users across slave nodes',2019-11-20T16:54:04Z,2020-01-24T12:35:16Z,bug,,
1167,"b'Use ConfigArgParse instead of argparse, to support getting parameters from config file and/or env vars.'",2019-11-20T13:23:19Z,2019-11-25T15:51:39Z,,,
1166,b'Set locust parameters via env vars & config file',2019-11-20T07:54:04Z,2019-11-28T20:31:55Z,feature request,,
1165,b'Add toolbox control for for downloading chart as png',2019-11-19T21:03:40Z,2019-11-20T07:29:07Z,,,
1164,b'locust \xe2\x80\x9clocal DNS\xe2\x80\x9d resolution',2019-11-19T19:59:07Z,2019-11-20T10:42:30Z,"feature request, wontfix",,
1163,b'Cannot implement database load testing because I have to override Locust class',2019-11-19T17:10:45Z,2019-11-20T12:13:38Z,invalid,,
1162,b'`--stop-timeout` is not respected when changing number of running Users in distributed mode',2019-11-19T15:25:24Z,2019-11-19T15:46:08Z,bug,,
1161,b'Locust should warn if CPU usage is too high',2019-11-19T13:48:19Z,2020-01-22T18:16:46Z,feature request,,
1160,b'Weight attribute on Locust class does not work',2019-11-19T13:28:23Z,2019-11-20T15:18:35Z,"bug, needs reproducing, invalid",,
1159,b'Allow locust to get SIGTERM(aka Ctrl+C) messages.',2019-11-18T19:49:43Z,2019-11-18T22:08:52Z,,,
1158,"b'Slave count stuck at 3 instead of decreasing to 1 due to ""missing""'",2019-11-18T17:08:12Z,2020-01-03T12:31:37Z,bug,,
1157,b'Response Times graph broken (drops to 0 after a while)',2019-11-18T15:00:38Z,2019-11-18T16:37:57Z,bug,,
1156,b'If the locust support tcp client ? ',2019-11-18T11:46:58Z,2019-12-17T09:36:32Z,invalid,,
1155,b'fix spelling error',2019-11-17T06:51:25Z,2019-11-17T11:34:31Z,wontfix,,
1154,"b""Web UI doesn't start on Python 3.8.0""",2019-11-16T01:14:50Z,2019-11-16T01:17:02Z,bug,,
1153,b'UI shows STOPPED when it is running',2019-11-15T22:43:37Z,2020-01-19T20:37:40Z,"bug, waiting on contributor, invalid",,
1152,b'When locust exits the current RPS is outputted instead of the total RPS',2019-11-15T17:46:42Z,2019-11-15T17:50:33Z,bug,,
1151,b'Missing headline columns in response time percentile stats printed to console',2019-11-15T15:41:31Z,2019-11-15T15:41:47Z,bug,,
1150,b'Docker: add home directory for locust user to install pip packages',2019-11-15T14:08:14Z,2019-11-15T15:47:47Z,,,
1149,b'Be able to install pip packages using the docker image',2019-11-15T13:54:48Z,2019-11-15T15:47:47Z,feature request,FileNotFoundError,"FileNotFoundError: [Errno 2] No usable temporary directory found in ['/tmp', '/var/tmp', '/usr/tmp', '/']"
1148,"b'Revert ""update build_url function in Locust HttpSession ""'",2019-11-15T13:32:39Z,2019-11-15T15:45:39Z,,,
1147,b'Error while installing Locust on Windows',2019-11-15T09:21:57Z,2019-11-15T12:32:01Z,invalid,,
1146,"b'Stats: New argument ""--csv-full-history"" appends stats entries every interval in a new ""_stats_history.csv"" File'",2019-11-14T19:18:58Z,2019-12-05T13:27:00Z,,,
1145,b'Can I do a Chinese tutorial based on the locust documentation?',2019-11-13T15:01:27Z,2019-11-18T10:38:58Z,"documentation, invalid",,
1144,b'Add response_length to request_failure event',2019-11-13T11:23:47Z,2019-11-13T16:06:58Z,,,
1143,b'autoscaling slaves resets users',2019-11-13T07:12:33Z,2019-11-13T11:20:18Z,bug,,
1142,b'gevent error when locust server started and browse the website',2019-11-12T16:30:20Z,2021-11-19T12:13:01Z,"needs reproducing, invalid",,
1141,"b'When the response time increases, the RPS decreases. How do we keep it stable'",2019-11-12T07:06:46Z,2019-11-13T09:53:47Z,invalid,,
1140,b'Add failure per seconds as a series in the chart',2019-11-12T04:23:03Z,2019-11-12T17:14:05Z,,,
1139,"b""Fix AttributeError: 'CompatRequest' object has no attribute 'type' in Cookiejar""",2019-11-11T15:56:37Z,2019-11-11T18:42:00Z,,,
1138,b'Repeated secure requests with FastHttpLocust crashes in cookie management',2019-11-11T15:30:31Z,2019-11-11T18:41:59Z,bug,AttributeError,"AttributeError: 'CompatRequest' object has no attribute 'type'"
1137,"b""FastHttpLocust gives ssl error with let's encrypt certs""",2019-11-11T13:32:56Z,2019-11-13T16:49:44Z,bug,,
1136,b'slaves do not stop when master is recreated',2019-11-09T15:48:01Z,2019-11-11T16:31:30Z,wontfix,,
1135,b'Mock UI to support multiple load test patterns with Locust load testing tool.',2019-11-09T07:00:45Z,2019-11-10T11:56:19Z,duplicate,,
1134,b'update build_url function in Locust HttpSession ',2019-11-08T22:07:37Z,2019-11-09T14:59:55Z,,,
1133,b'To improve build_url method in Locust HttpSession',2019-11-08T17:04:04Z,2019-11-09T15:00:23Z,feature request,,
1132,b'Duplicate API section in navigation of document',2019-11-07T02:13:57Z,2019-11-07T09:50:30Z,documentation,,
1131,b'Cannot install locust into conda env with python 3.8.0',2019-11-06T15:37:29Z,2019-11-07T13:36:26Z,"bug, invalid",,
1130,b'FastHttpLocust bug...',2019-11-06T15:27:58Z,2019-11-06T19:49:02Z,invalid,"`UnboundLocalError, UnboundLocalError","`UnboundLocalError: local variable 'e' referenced before assignment`UnboundLocalError: local variable 'e' referenced before assignment"
1129,b'Locust support for goal based load test mix pattern. (Per user - Per Hour)',2019-11-04T17:53:41Z,2019-11-06T10:36:35Z,"feature request, invalid",,
1128,b'Graph for failed requests per second under Charts section of Web UI.',2019-11-04T17:49:28Z,2019-11-06T10:34:41Z,"feature request, duplicate",,
1127,b'Fix and add test for when locusts fail to exit at end of iteration during stop timeout.',2019-10-30T15:11:35Z,2019-10-31T11:12:26Z,,,
1126,"b""Let's stop calling the package beta!""",2019-10-28T09:13:08Z,2019-10-28T13:55:04Z,,,
1125,b'Add p99.9 and p99.99 to request stats distribution csv',2019-10-26T19:32:25Z,2019-10-30T16:16:05Z,,,
1124,b'Automatically break and restart tasks on failure',2019-10-26T14:08:48Z,2020-10-11T07:53:39Z,"feature request, wontfix, non-critical",,
1123,b'fix self.client call in code examples',2019-10-26T08:32:04Z,2019-10-26T13:15:16Z,,,
1122,b'Basic authentication ',2019-10-24T13:21:42Z,2019-11-18T09:33:39Z,"bug, needs reproducing, invalid",,
1121,b'Auth locust problem',2019-10-24T12:07:15Z,2019-10-24T13:10:53Z,invalid,,
1120,b'Remove support for Python 2.7 & 3.5',2019-10-23T14:39:53Z,2020-02-04T07:33:59Z,feature request,,
1119,b'Escape HTML entities in endpoint names #374',2019-10-23T14:01:41Z,2019-10-23T17:08:35Z,,,
1118,b'New API for specifying wait time',2019-10-22T23:41:34Z,2019-11-13T11:35:26Z,,,
1117,b'stop_timeout defined in Locust class takes precedence over --run-time option',2019-10-22T09:39:33Z,2019-10-30T10:59:30Z,bug,,
1116,"b'Installing 0.12.1 requires ""pipenv lock --pre""'",2019-10-22T04:03:44Z,2020-06-06T08:39:45Z,bug,,
1115,"b'Revert ""Exit with code 1 on greenlet exceptions""'",2019-10-22T00:11:09Z,2019-10-22T00:11:30Z,invalid,,
1114,b'Table layout fix to use available space better',2019-10-21T19:57:47Z,2019-10-21T21:35:26Z,web interface,,
1113,b'Fix rounding error when spawning users from multiple locust classes',2019-10-20T17:52:21Z,2019-10-21T00:06:56Z,,,
1112,b'Add __main__.py file',2019-10-19T23:05:16Z,2019-10-20T07:55:06Z,,,
1111,"b""Remove 'dist: xenial' from Travis configuration""",2019-10-19T22:11:02Z,2019-10-19T22:42:44Z,,,
1110,b'Add Python 3.8 to the test matrix',2019-10-19T22:08:02Z,2019-10-19T22:41:44Z,,,
1109,b'0.12 released on GitHub but not on PyPI',2019-10-10T22:07:31Z,2019-10-18T20:10:54Z,,,
1108,b'Throughput (RPS) value is not same in Locust WEBUI and http://localhost:8089/stats/requests/csv for same number of requests',2019-10-08T18:12:30Z,2019-10-08T20:18:06Z,,,
1107,b'Test execution is getting aborted  due to Memory Error : [SSL] malloc failure (_ssl.c:2508)',2019-10-05T15:48:54Z,2019-10-18T13:20:55Z,invalid,,
1106,"b""Facing 'NewConnectionError' while installing steup wheel in windows""",2019-10-04T10:09:08Z,2019-10-04T12:58:24Z,invalid,,
1105,"b""Fix empty bytearray(b'') returned when using catch_response=True""",2019-10-03T20:45:38Z,2019-10-18T14:31:07Z,,,
1104,b'Disable SSL: CERITIFICATE_VERIFY_FAILED',2019-10-03T19:44:34Z,2019-10-03T19:49:53Z,,,
1103,"b""Can't run locust on the remote server""",2019-10-02T07:32:38Z,2019-10-02T17:16:18Z,invalid,,
1102,b'Remove concurrency from coverage',2019-10-01T19:20:33Z,2019-10-01T19:20:46Z,,,
1101,b'Adding TCP Keep Alive to guarantee master-slave communication after i\xe2\x80\xa6',2019-10-01T16:44:58Z,2019-10-01T19:21:44Z,,,
1100,b'Distributed load test k8s and openshift',2019-09-30T18:10:43Z,2019-09-30T19:06:57Z,,,
1099,b'Add an option (--stop-timeout) to allow tasks to finish running their iteration before exiting ',2019-09-30T08:39:22Z,2019-10-26T13:13:20Z,,,
1098,b'http return code as 0',2019-09-29T18:25:48Z,2019-09-29T19:58:15Z,invalid,AssertionError,"AssertionError: unexpected http return code as 0"
1097,b'How do i control diving into nested tasksets?',2019-09-27T22:47:20Z,2019-10-03T15:54:05Z,,,
1096,b'Running into libzmq issue for running locust in a docker container',2019-09-27T22:27:18Z,2019-10-30T13:23:04Z,"waiting on contributor, invalid",ImportError,"ImportError: libzmq.so.5: cannot open shared object file: No such file or directory"
1095,b'Resolve time import error in exception_handler',2019-09-27T06:29:08Z,2019-10-01T19:28:13Z,,,
1094,b'Locust shows an exception when running after sending the request successfully',2019-09-27T00:43:51Z,2019-10-21T22:23:19Z,invalid,TypeError,"TypeError: unhashable type: 'dict'"
1093,b'Improvements for Dockerfile',2019-09-26T19:08:28Z,2019-10-01T12:29:24Z,,,
1092,b'Official docker image does not actually exist',2019-09-26T17:59:18Z,2019-09-29T20:13:18Z,,,
1091,b'Using docker multi-stage for 50% smaller image',2019-09-26T11:39:24Z,2019-09-26T15:47:03Z,,,
1090,b'Add an option to allow tasks to finish running their iteration before exiting',2019-09-25T19:27:01Z,2019-09-27T15:06:08Z,,,
1089,b'Min and max response times rounded to nearest int in web view',2019-09-23T07:29:43Z,2019-09-24T07:33:48Z,,,
1088,b'Allow None response time for requests',2019-09-22T08:14:29Z,2019-10-24T14:57:07Z,,,
1087,b'Samples with response_time None crashes stats.py',2019-09-22T08:06:56Z,2019-10-24T14:57:07Z,hacktoberfest,TypeError,"TypeError: unsupported operand type(s) for +=: 'int' and 'NoneType'"
1086,b'Connection Refused for http://localhost:8089/stats/requests  in Locust non web UI mode',2019-09-20T18:23:34Z,2019-09-21T14:06:31Z,,,
1085,b'Re-introduce -n option to specify the number of requests',2019-09-18T09:53:56Z,2020-09-20T16:10:06Z,"feature request, invalid",,
1084,b'Locust with custom clients only displays maximum response time',2019-09-17T17:40:46Z,2019-10-31T16:37:20Z,needs reproducing,,
1083,"b'Allow options to be passed to locust in docker, update docs'",2019-09-09T14:53:34Z,2019-10-01T12:27:40Z,,,
1082,b'Fix error percentage cli output',2019-09-06T01:46:30Z,2019-09-07T13:48:30Z,,,
1081,b'response time has too many decimal places in the web statistics page',2019-09-05T07:10:08Z,2019-09-26T13:22:22Z,bug,,
1080,b'Sequence does not get past first nested sequence.',2019-09-04T21:58:59Z,2019-09-05T00:15:48Z,,,
1079,b'Support for asynchronous requests',2019-09-04T10:13:41Z,2019-09-24T07:37:20Z,,,
1078,b'Use docker_start.sh in docker image',2019-09-01T02:36:57Z,2019-09-03T01:17:29Z,,,
1077,b'windows7_64: error in lancher: unable to find an appended archive',2019-08-29T09:06:50Z,2019-10-21T22:24:55Z,invalid,,
1076,b'Monitoring of server system information being tested',2019-08-28T06:50:09Z,2019-08-29T14:33:19Z,,,
1075,b'Fix fail percentage',2019-08-27T20:20:39Z,2019-09-07T19:14:05Z,,,
1074,b'Logged stats show incorrect failure percentage',2019-08-27T18:03:40Z,2019-09-09T16:18:33Z,,,
1073,b'Identical exceptions are not aggregated and counted together',2019-08-27T14:56:32Z,2019-08-27T17:12:24Z,,,
1072,b'drop Python 3.4 support',2019-08-23T17:36:03Z,2019-09-05T15:05:48Z,,,
1071,b'--no-web -r 1 -c 10 -t 5s  --expect-slaves=1',2019-08-22T07:54:35Z,2019-08-22T08:11:19Z,,,
1070,b'Is it possible to start all tests in locust immediately? ',2019-08-22T03:58:57Z,2019-08-23T13:04:39Z,,,
1069,b'KeyError when defining task attribute in `__init__`.',2019-08-20T00:00:20Z,2019-10-21T22:47:44Z,invalid,KeyError,"KeyError: 1"
1068,b'UI stops updating stats/charts when connection is interupted',2019-08-19T16:10:24Z,2019-08-23T13:04:00Z,,,
1067,"b'When running distributed, stop the test if certain condition is met'",2019-08-16T12:30:50Z,2019-08-23T18:41:29Z,,,
1066,b'Is it possible to autoscale slaves?',2019-08-16T10:00:59Z,2019-08-23T18:40:28Z,,,
1065,b'Exception in task method is handled but not reported as a failure',2019-08-15T08:02:40Z,2019-11-08T14:52:43Z,wontfix,,
1064,b'docs.locust.io out of date',2019-08-13T11:34:55Z,2019-08-13T13:15:59Z,,,
1063,b'Assert failures within a task do not fail the current task. How to force a fail?',2019-08-13T04:54:27Z,2019-10-20T19:12:37Z,invalid,AssertionError,"AssertionError: Cache MISS"
1062,b'Stop locusts graceful',2019-08-08T17:15:50Z,2019-10-31T09:30:35Z,,,
1061,b'unable to load testing of webmethod (.asmx)',2019-08-07T11:10:35Z,2019-08-07T13:35:40Z,,,
1060,b'Fixed issue with Total Requests Per Second plot',2019-08-06T23:53:01Z,2019-10-20T07:54:42Z,,,
1059,b'Requests Per Second Plot Breaks When There are too Many Unique URLs',2019-08-05T23:15:26Z,2019-10-21T23:05:20Z,,,
1058,b'Distributed master hangs',2019-08-05T20:15:28Z,2019-08-07T21:14:58Z,,,
1057,b'Added a session_info',2019-07-31T10:17:33Z,2019-08-06T15:47:30Z,,,
1056,b'locust swarm can not control the machine over internet',2019-07-30T07:28:48Z,2019-07-30T13:59:08Z,,,
1055,b'Total Requests per Second not plotting',2019-07-26T18:15:54Z,2019-07-26T18:24:14Z,,,
1054,"b""No module named 'HTTPLocust'""",2019-07-26T15:01:15Z,2019-07-26T15:19:13Z,,,
1053,b'Call wait function in on_start',2019-07-24T21:16:42Z,2019-08-12T14:23:47Z,,,
1052,b'Validation of hatch rate with the number of users',2019-07-23T11:34:11Z,2019-10-21T23:08:39Z,wontfix,,
1051,b'Typo fix',2019-07-22T18:01:34Z,2019-07-22T18:55:36Z,,,
1050,b'The locust interface does not start',2019-07-16T19:12:31Z,2019-07-16T19:56:43Z,,ERROR/stderr,"ERROR/stderr: Traceback (most recent call last):"
1049,b'Locust Execution Ends intermittently without completing all tasks',2019-07-15T10:17:41Z,2019-10-26T18:53:38Z,wontfix,,
1048,"b'why drop the ""-n ""prameter after version 0.8'",2019-07-13T02:35:04Z,2019-07-13T03:28:34Z,,,
1047,"b""UI 'stop' button does not stop test""",2019-07-12T14:07:57Z,2019-10-20T21:39:59Z,,,
1046,b'stop looking for proxy settings',2019-07-11T05:47:43Z,2019-07-12T06:32:21Z,,,
1045,b'add additional info on request meta for extensions metrics',2019-07-10T11:48:28Z,2019-07-10T21:00:54Z,,,
1044,b'Looking for proxy settings will slow down the default http client',2019-07-10T09:59:53Z,2019-07-12T13:29:28Z,,,
1043,b'Does the statistic data use int type?',2019-07-06T07:59:27Z,2019-07-27T21:17:46Z,,,
1042,b'Performance degradation for constant wait time',2019-07-03T11:09:06Z,2019-10-19T20:36:35Z,,,
1041,b'simplejson.errors.JSONDecodeError: Expecting value: line 1 column 1 (char 0)',2019-07-02T03:16:04Z,2019-08-23T18:43:08Z,,"simplejson.errors.JSONDecodeError, KeyError","simplejson.errors.JSONDecodeError: Expecting value: line 1 column 1 (char 0)KeyError: 'gamecode'"
1040,b'could we report 99.9% percentile in CSV file?',2019-06-28T01:49:54Z,2019-10-30T16:17:33Z,feature request,,
1039,b'Tox: Add flake8 tests to find Python syntax errors and undefined names',2019-06-26T11:57:18Z,2019-10-21T00:20:08Z,,,
1038,b'Use print() function in both Python 2 and Python 3',2019-06-26T11:55:09Z,2019-06-26T14:06:40Z,,,
1037,b'Travis CI: The sudo tag is now depricated in Travis CI',2019-06-26T11:52:49Z,2019-06-26T14:07:46Z,,,
1036,b'Locust decorators',2019-06-25T21:21:46Z,2019-10-21T22:18:53Z,,,
1035,b'Is there a way to tell how many users/locusts are currently executing tasks in python?',2019-06-25T19:57:30Z,2019-10-19T20:53:41Z,wontfix,,
1034,b'Locust load testing for websites',2019-06-25T06:43:29Z,2019-06-25T13:19:04Z,,,
1033,b'Failure Control',2019-06-24T16:55:50Z,2019-06-24T21:51:30Z,,,
1032,b'Add required --host option to examples',2019-06-21T19:48:11Z,2019-10-20T08:09:52Z,,,
1031,b'Number of users reduce after running for 1min',2019-06-21T07:48:32Z,2019-06-22T03:23:04Z,,,
1030,"b'Even with min_wait and max_wait == 0, I cannot break 100 requests per second. Why is that?'",2019-06-19T22:11:51Z,2019-07-12T15:33:46Z,,,
1029,b'some Strongly expectation of Locust as a Senior performance test engineer',2019-06-19T04:31:12Z,2019-06-19T14:12:17Z,,,
1028,b'The \xe2\x80\x9cFAILURES\xe2\x80\x9d show on  Web UI is error ',2019-06-19T04:02:55Z,2019-06-19T14:14:02Z,,,
1027,b'Post requests not functioning properly',2019-06-18T20:17:52Z,2019-10-31T09:43:33Z,"needs reproducing, invalid",,
1026,b'Provide a max timelimit for web ui initiated test runs',2019-06-13T21:01:08Z,2020-02-15T19:23:57Z,"feature request, wontfix",,
1025,b'Ensure that the last samples get sent by slave and received by master.',2019-06-11T11:09:44Z,2019-09-26T15:40:15Z,,,
1024,b'Fix grammatical error in statistic reporting',2019-06-09T09:52:13Z,2019-06-10T16:37:27Z,,,
1023,"b""AttributeError: 'module' object has no attribute 'sleep'""",2019-06-04T03:38:08Z,2019-10-01T19:28:32Z,bug,,
1022,b'Is  there any approach to share a file among hatched users?',2019-05-31T23:16:48Z,2019-08-23T18:50:24Z,,,
1021,b'Does the web UI has authentication?',2019-05-30T18:29:17Z,2019-05-30T18:34:29Z,,,
1020,b'Adding TCP Keep Alive to guarantee master-slave communication after idle periods',2019-05-29T15:07:55Z,2019-10-01T16:45:30Z,,,
1019,b'what dose total number means in distribution csv?',2019-05-29T10:24:58Z,2019-05-29T15:35:15Z,,,
1018,b'What does hatch_rate mean?',2019-05-29T06:29:28Z,2019-07-19T15:17:56Z,,,
1017,b'Multi tenancy?',2019-05-22T16:32:01Z,2019-05-22T17:41:52Z,,,
1016,b'Add grpc compatibility.',2019-05-22T13:11:59Z,2019-05-23T03:01:36Z,,,
1015,b'500 RPS per client limit?',2019-05-22T00:35:37Z,2019-05-22T15:12:35Z,,,
1014,b'FastHttpLocust',2019-05-16T10:29:58Z,2019-09-27T01:16:20Z,,,
1013,b'Update setup.py',2019-05-16T06:14:53Z,2019-05-16T18:27:14Z,,,
1012,"b""locustfile as configmap -> Could not find any locustfile! Ensure file ends in '.py'""",2019-05-13T14:46:58Z,2019-05-13T16:31:14Z,,,
1011,b'Add easy way to use FastHttpLocust',2019-05-13T00:54:22Z,2019-05-13T16:33:06Z,,,
1010,b'Allow custom options to be passed to locust test',2019-05-11T18:25:50Z,2019-05-16T18:40:09Z,,,
1009,b'How to custom the Web UI',2019-05-07T09:12:41Z,2019-05-07T19:47:21Z,,,
1008,b'Fix for the examples regarding semaphore_wait.py',2019-05-02T16:10:05Z,2019-05-03T14:20:41Z,,,
1007,b'Statistics: Provide distribution trend over time in CSV format',2019-05-02T07:48:52Z,2019-11-28T20:56:25Z,,,
1006,b'Failure percentage being reported incorrectly',2019-04-29T15:29:52Z,2019-10-21T23:27:44Z,,,
1005,b'TaskSet min_wait and max_wait not ignored',2019-04-28T20:53:31Z,2019-10-31T15:29:59Z,,,
1004,b'Add option to start hatching after setup',2019-04-24T20:03:27Z,2019-10-30T13:27:09Z,wontfix,,
1003,b'Run results show tasks action ratio may be incomprehensible\xe3\x80\x82',2019-04-21T05:55:23Z,2019-04-23T15:05:43Z,,,
1002,b'Support Step Load Pattern',2019-04-19T08:38:03Z,2019-12-09T08:09:58Z,,,
1001,b'Support Step Load Pattern (up & down)',2019-04-19T06:58:54Z,2019-12-17T09:35:08Z,,,
1000,b'Reset exceptions and failures when stats are reset',2019-04-14T18:19:18Z,2019-04-15T15:46:11Z,,,
999,b'Add failures csv download',2019-04-14T16:52:38Z,2019-04-15T15:44:03Z,,,
998,b'Start on stop bugged',2019-04-10T14:15:30Z,2019-04-10T19:47:45Z,,,
997,b'RPS always lower than User counts',2019-04-10T04:10:03Z,2019-04-10T21:11:27Z,,,
996,b'springboot restapi HTTPError 500',2019-04-10T01:41:38Z,2019-04-10T21:04:03Z,,,
995,b'help: I think my result is False?',2019-04-08T05:59:11Z,2019-04-08T14:21:46Z,,,
994,b'Correct fail ratio calculation. Fixes #991.',2019-04-07T03:23:20Z,2019-04-07T04:48:43Z,,,
993,b'Add errors grouping for dynamic endpoint',2019-04-06T22:34:37Z,2019-10-30T13:16:55Z,,,
992,b'Add command line argument to specify exit code on response errors',2019-04-06T17:32:18Z,2019-04-29T00:20:39Z,,,
991,b'Fail ratio calculation for individual requests is incorrect',2019-04-06T14:16:21Z,2019-04-07T04:48:53Z,bug,,
990,b'Fix the issue that num_locusts could be 0',2019-04-03T10:47:42Z,2019-10-22T00:19:49Z,,,
989,b'Run locust with 1 concurrent users on 3 Locust clients exit without warnings/errors',2019-04-03T10:44:41Z,2019-10-22T00:19:57Z,duplicate,,
988,b'Website: broken links to ESN and Younited',2019-04-02T11:25:47Z,2019-04-10T21:13:04Z,,,
987,b'Custom Credentials Example Broken? ',2019-03-31T22:19:48Z,2019-10-20T19:19:40Z,"waiting on contributor, invalid",,
986,b'Request: automatic RPS \\ max workers',2019-03-28T12:21:10Z,2019-03-28T14:31:28Z,,,
985,b'Multi-threading Tasks?',2019-03-21T22:10:59Z,2019-03-24T19:57:18Z,,,
984,"b'When time to run (-t) timed out, pending requests seems to be aborted, and the (latest) responses get lost'",2019-03-21T19:35:28Z,2019-04-06T23:29:40Z,,,
983,b'error: no commands supplied ....!!!!!',2019-03-21T02:52:11Z,2019-03-21T02:53:26Z,,,
982,"b'Add ""stopping"" state.'",2019-03-18T20:54:10Z,2019-03-19T01:09:07Z,,,
981,b'Unable to stop load from web UI with 0.11.0',2019-03-15T22:57:45Z,2019-03-19T01:09:07Z,,,
980,"b""locust master crashes on Python 3.7: AttributeError: 'bytes' object has no attribute 'encode'""",2019-03-15T10:22:37Z,2019-03-15T10:34:44Z,,AttributeError,"AttributeError: 'bytes' object has no attribute 'encode'"
979,b'Failure events not being recorded ',2019-03-14T18:01:34Z,2019-03-19T18:54:02Z,waiting on contributor,,
978,b'Locust can not run in distributed mode in v0.10.0',2019-03-14T11:59:55Z,2019-03-14T15:59:47Z,,,
977,b'Fix RPS graph',2019-03-09T00:06:00Z,2019-10-20T08:08:26Z,,,
976,b'Installed in virtualenv but locust command not found (macOS Mojave 10.14)',2019-03-08T18:59:44Z,2019-03-09T16:59:01Z,,,
975,b'remove references to submitting feature requests',2019-03-06T23:14:10Z,2019-03-06T23:14:34Z,,,
974,"b'Add ""step-down"" capabilities'",2019-03-06T20:35:52Z,2019-10-24T16:46:17Z,duplicate,,
973,b'add retry in zmqrpc',2019-03-05T09:51:52Z,2019-03-14T15:27:43Z,,,
972,b'fix inconsistency in zmqrpc',2019-03-04T03:34:18Z,2019-03-14T15:28:19Z,,,
971,b'RPS will become to 0 in distributed mode',2019-03-03T12:41:29Z,2019-09-26T16:27:08Z,,,
970,b'balance/recover the load distribution when new slave joins',2019-03-01T09:10:28Z,2019-03-13T13:47:18Z,,,
969,b'Start on_stop not before on_start has finished',2019-02-28T18:49:42Z,2019-10-26T13:17:35Z,hacktoberfest,,
968,b'updated the client listener',2019-02-27T09:47:14Z,2019-10-30T13:05:07Z,,,
967,b'Add basic auth capabilities',2019-02-22T05:42:40Z,2019-10-31T11:53:44Z,,,
966,b'how can I send https request  with locust when I already have been authentication..',2019-02-20T08:00:12Z,2019-02-20T15:23:03Z,,,
965,b'How to understand -c when I run locust with no-web mode?',2019-02-20T03:02:59Z,2019-02-20T15:17:23Z,,,
964,"b""FunctionNotFound('random_uuid is not found.',)""",2019-02-18T02:37:22Z,2019-02-19T02:25:12Z,waiting on contributor,,
963,b'Ui headings',2019-02-16T23:29:50Z,2019-02-16T23:30:30Z,,,
962,b'better horizontal scrolling',2019-02-16T06:16:02Z,2019-02-16T21:42:50Z,,,
961,b'add users 1 time per minute',2019-02-15T10:51:22Z,2019-02-15T16:20:18Z,,,
960,b'Update change logs & release 0.10.0',2019-02-14T22:14:52Z,2019-03-13T21:23:08Z,,,
959,b'Stddev and SEM',2019-02-14T02:51:19Z,2019-04-06T23:39:29Z,,,
958,b'ERROR: manifest for locustio/locust:latest not found',2019-02-08T16:22:45Z,2019-03-26T04:56:01Z,,,
957,b'HttpLocust class instance variable not set for all users during setup',2019-02-06T20:22:00Z,2019-02-06T20:22:23Z,,,
956,b'locust.runners.MasterLocustRunner failed with ExtraData',2019-02-05T10:03:58Z,2019-02-05T15:00:57Z,,,
955,b'Use pytest tests as locust tasks',2019-02-04T04:35:24Z,2021-07-03T01:49:07Z,"non-critical, stale",,
954,"b'""IndexError: Cannot choose from an empty sequence"" between tasks'",2019-02-04T00:29:51Z,2019-10-22T00:21:07Z,invalid,IndexError,"IndexError: Cannot choose from an empty sequence"
953,"b'Time limit reached,but test does not stop,throw GreenletExit exception'",2019-01-29T02:50:07Z,2019-01-31T16:44:16Z,,,
952,b'Add charts for number of failures in the Web UI',2019-01-23T22:37:12Z,2019-11-18T09:04:02Z,,,
951,"b""Bug: Locust master doesn't remove killed slave""",2019-01-23T09:49:33Z,2019-01-23T09:50:38Z,,,
950,b'Locust slaves are never become ready and get null responce (locust 0.9.0)',2019-01-22T13:32:51Z,2019-10-22T00:40:09Z,,,
949,"b""Nested task sets don't inherit their parents properties""",2019-01-21T11:43:16Z,2019-10-31T12:43:41Z,invalid,,
948,"b'How to pass multiple request under same @task. Eg: If I need to pass diferrent key for same get, how to do that? Is parameterization exist?'",2019-01-17T21:04:10Z,2019-01-17T23:18:28Z,,,
947,b'multiple user behaviour ',2019-01-17T10:08:19Z,2019-01-17T10:08:51Z,,,
946,b'Possible typo in docs',2019-01-16T21:55:39Z,2019-10-26T13:15:57Z,documentation,,
945,b'add 90th %ile to the stats page',2019-01-15T09:06:12Z,2019-10-31T11:18:02Z,,,
944,b'Kill locust slaves when test duration for test is completed',2019-01-12T22:59:46Z,2019-10-22T00:47:30Z,duplicate,,
943,b'Masters/slaves will block when entropy is low',2019-01-10T23:17:48Z,2019-10-31T12:00:51Z,wontfix,,
942,b' Include export of information as json',2019-01-08T11:57:01Z,2019-10-18T21:25:09Z,,,
941,b'Allow loading of a locustfile with multiple dots in filename',2019-01-07T14:12:14Z,2019-01-19T04:26:04Z,,,
940,b'filenames with several dots fails',2019-01-04T09:37:31Z,2019-01-19T04:32:07Z,bug,,
939,b'Both succeeded and failed requests are counted in total number of requests',2019-01-04T04:23:00Z,2019-01-19T04:28:33Z,,,
938,b'Support horizontal scrolling for the stats table',2018-12-28T18:18:13Z,2018-12-29T22:08:36Z,,,
937,b'seq_task does not work',2018-12-20T10:48:07Z,2018-12-21T01:32:18Z,,,
936,b'Remove repeated imports of mock',2018-12-18T18:50:50Z,2018-12-19T23:42:16Z,,,
935,b'Speed up task sequence tests',2018-12-18T15:52:17Z,2018-12-20T15:20:18Z,,,
934,b' All locusts dead: runners.py has round error when percent is value that rounds to zero',2018-12-17T22:26:36Z,2019-10-22T00:57:34Z,"bug, duplicate",,
933,b'locust no-web mode',2018-12-17T10:22:02Z,2018-12-17T14:14:07Z,,,
932,b'node_id on Message is ignored by slaves',2018-12-14T11:32:35Z,2019-11-08T14:55:38Z,invalid,,
931,b'reqs/sec is much lower than expected',2018-12-12T03:49:01Z,2018-12-12T15:33:37Z,,,
930,b'HttpSession should use response.elapsed for response time',2018-12-11T00:17:17Z,2019-11-18T09:17:47Z,wontfix,,
929,b'Make stdout/stderr wrappers identify themselves as not being a tty',2018-12-09T19:14:29Z,2019-10-28T09:27:25Z,,,
928,"b'Execute `locust` command,  ""ImportError: DLL load failed""'",2018-12-05T13:18:48Z,2019-10-19T20:38:48Z,"needs reproducing, invalid",ImportError,"ImportError: DLL load failed: "
927,b'Add heartbeat to detect down slaves',2018-12-04T21:47:27Z,2019-02-06T20:12:17Z,,,
926,b'feature request: expose locust class execution groups through UI',2018-12-04T00:57:25Z,2021-04-22T01:55:05Z,"feature request, non-critical, stale",,
925,b'clarifying locust class usage when no classes specified on CLI',2018-12-04T00:39:15Z,2018-12-04T23:11:40Z,,,
924,b'support async tasks?',2018-12-01T02:09:50Z,2019-04-06T23:41:26Z,,,
923,b'EGYPT03784: Add HTTP Error Graph to locust charts',2018-11-30T21:00:13Z,2018-11-30T21:01:21Z,,,
922,b'--only-summary does not show the summary results',2018-11-20T17:18:34Z,2018-11-23T12:10:28Z,,,
921,b'locust http request size',2018-11-18T09:45:20Z,2018-11-20T23:37:20Z,,,
920,b'Retrieving/saving current number of users',2018-11-17T03:02:46Z,2018-11-20T23:47:33Z,,,
919,b'Include LICENSE in the sdist.',2018-11-14T21:46:19Z,2018-12-04T23:13:15Z,,,
918,"b'OpenVAS - ERROR: (\'Connection aborted.\', BadStatusLine(""\'\'"",))'",2018-11-14T11:13:58Z,2018-11-14T11:15:07Z,,,
917,b'Missing explanation or formulas of results in docs / README / web page',2018-11-14T09:00:46Z,2020-10-03T18:23:23Z,"documentation, invalid, non-critical",,
916,b'Develop',2018-11-12T11:02:32Z,2018-11-12T11:02:48Z,,,
915,b'Include json stats',2018-11-12T10:51:38Z,2018-11-12T10:57:16Z,,,
914,b'fix About link',2018-11-10T14:35:25Z,2018-11-10T14:36:32Z,,,
913,b'git changelog page on v0.9.0 return 404',2018-11-10T06:00:27Z,2018-11-10T14:36:32Z,,,
912,b'locust: error: no such option: -n',2018-11-08T05:34:25Z,2018-11-08T05:43:57Z,,,
911,b'Web UI does not stop slave servers',2018-11-07T17:41:46Z,2019-09-24T16:01:28Z,,,
910,b'Fix Dockerfile add docker_start.sh ENTRYPOINT',2018-11-07T07:54:16Z,2018-11-26T08:27:28Z,,,
909,b'400: Bad Requests unable to be passed into catch_response',2018-11-06T14:37:26Z,2020-02-05T12:14:46Z,invalid,,
908,b'Fixed #903 to allow requests/sec UI column to display.',2018-11-05T16:55:50Z,2018-11-10T14:38:05Z,,,
907,b'Next version plans',2018-11-05T16:25:31Z,2018-11-10T14:39:05Z,,,
906,"b'Need a way for ""Device"" Locust class to pass a value to the TaskSet'",2018-11-01T16:49:06Z,2018-11-06T19:55:00Z,,TypeError,"TypeError: 'DeviceBehavior' object is not callable"
905,b'--only-summary does not show the summary results',2018-10-31T13:10:37Z,2018-11-10T14:40:35Z,needs reproducing,,
904,b'Update browse_docs_sequence_test',2018-10-29T11:06:30Z,2018-10-29T14:43:06Z,,,
903,b'Locust Report Ui Last column is not displaying',2018-10-26T12:39:02Z,2018-11-10T14:38:05Z,,,
902,b'mogul\xef\xbc\x8chelp me\xef\xbc\x8cwhen i use \xe2\x80\x9csudo pip install locustio\xe2\x80\x9dto install\xef\xbc\x8c after i use\xe2\x80\x9clocust --help\xe2\x80\x9d\xef\xbc\x8cWhat should I do if I give an error',2018-10-16T09:15:41Z,2018-10-29T15:37:44Z,,,
901,b'Unable to Get Statistics with --csv or Web Mode when running distributed.',2018-10-15T13:31:39Z,2018-10-16T10:20:06Z,,,
900,b'Locust slave will not start when attempting to start via Node.js SSH2 connection.',2018-10-10T16:54:26Z,2018-10-10T17:21:19Z,,,
899,b'fix #145',2018-10-06T09:14:59Z,2018-10-06T16:46:37Z,,,
898,b'Changelog page in github referenced from docs.locust.io returns a 404 ',2018-10-03T08:39:03Z,2018-11-10T14:41:00Z,,,
897,b'Create Multi-tab recording',2018-10-01T15:08:59Z,2018-10-01T18:27:38Z,,,
896,b'Hatch rate in distributed mode spawns users in batches equal to number of slaves',2018-10-01T11:57:55Z,2021-07-05T19:11:37Z,non-critical,,
895,b'Use uuid4 to generate slave client_id',2018-09-27T22:27:20Z,2018-09-28T20:53:33Z,,,
894,b'slave client_id collisions in large environments',2018-09-27T17:02:24Z,2018-09-28T20:53:33Z,,,
893,"b'Put a big sign ""you must reload this page before any stats are displayed"" somewhere on the web interface'",2018-09-27T10:04:17Z,2018-09-29T01:08:37Z,,,
892,b'Wrong statistic of total request count with 0.9.0',2018-09-25T05:58:24Z,2018-09-25T13:40:16Z,,,
891,b'TaskSet min_wait and max_wait are ignored',2018-09-21T12:47:25Z,2019-11-18T11:11:23Z,bug,,
890,b'Questions: ',2018-09-20T12:45:03Z,2018-10-10T16:58:40Z,,,
889,"b'Strange behavior of ""Total Requests per Second"" chart'",2018-09-19T01:40:41Z,2019-10-20T08:33:17Z,"bug, hacktoberfest",,
888,"b'Strange behavior of ""Total Requests per Second"" chart'",2018-09-18T04:46:49Z,2018-09-18T13:33:05Z,,,
887,b'Locust 0.9.0 slave TypeError: __init__() takes exactly 1 argument (2 given)',2018-09-17T17:55:05Z,2018-09-21T12:11:03Z,,,
886,b'KeyError on weighted tasks',2018-09-17T16:43:17Z,2018-09-24T12:35:23Z,,KeyError,"KeyError: 38"
885,b'Python37',2018-09-16T23:35:50Z,2018-09-20T20:06:17Z,,,
884,b'Change # requests to # successes',2018-09-16T05:38:16Z,2019-01-19T04:29:06Z,,,
883,b'Test metrics are not preserved on Stop click in the UI',2018-09-14T17:45:25Z,2019-11-06T12:56:30Z,bug,,
882,b'Official Docker image and documentation V2',2018-09-13T16:18:38Z,2018-09-21T01:36:29Z,,,
881,b'Performance drops when many env vars are defined',2018-09-13T09:17:13Z,2019-10-31T09:40:16Z,invalid,,
880,b'How do I view the maximum concurrency in 1 second during runtime?',2018-09-13T01:45:22Z,2018-09-13T15:11:45Z,,,
879,b'Request template',2018-09-11T12:24:59Z,2019-09-03T08:29:41Z,,,
878,"b'locust command is not found on parrot security, even when it is successfully installed'",2018-09-11T11:28:40Z,2018-09-11T14:03:28Z,waiting on contributor,,
877,b'Fix links to changelog in changelog',2018-09-10T13:39:59Z,2018-09-10T14:27:28Z,,,
876,b'Locust slows down over time',2018-09-05T13:42:30Z,2019-10-19T20:41:58Z,"needs reproducing, invalid",,
875,b'Fix Sphinx build warnings',2018-09-05T04:13:57Z,2018-09-05T14:36:54Z,,,
871,b'update Makefile so build also creates a wheel',2018-08-31T19:56:06Z,2018-09-01T19:58:36Z,,,
870,b'Fix deprecation warnings',2018-08-31T19:45:31Z,2018-09-01T19:57:05Z,,,
869,b'a crash bug for master',2018-08-30T08:11:10Z,2018-08-30T16:26:43Z,,,
868,b'Restarting a master that died unexpectedly does not sync up with running slaves ',2018-08-21T16:33:55Z,2019-10-31T12:42:59Z,"feature request, wontfix",,
867,b'Release 0.9.0',2018-08-20T18:34:48Z,2018-09-01T20:00:15Z,,,
866,"b'I started 50 users, but i found there are 100 tomcat connections established at that time, why....'",2018-08-20T09:06:18Z,2018-08-20T09:59:35Z,,,
865,"b""Error is raised: AttributeError: 'RequestStats' object has no attribute 'log_request'""",2018-08-16T05:49:47Z,2018-08-20T01:12:39Z,,AttributeError,"AttributeError: 'RequestStats' object has no attribute 'log_request'"
864,b'Support detailed logging for failed requests',2018-08-15T14:49:22Z,2019-10-31T09:49:48Z,wontfix,,
863,b'Two locust packages in pypi',2018-08-14T15:01:09Z,2018-08-14T15:12:13Z,,,
862,"b'Locust ""ConnectionError(ProtocolError(\'Connection aborted.\', error(111, \'Connection refused\')),)""'",2018-08-14T14:14:02Z,2018-08-14T14:19:34Z,,,
861,"b'use the FastHttpLocust,how to get cookies ?'",2018-08-09T11:30:57Z,2018-09-05T09:17:59Z,,,
860,b'Fix uneven distribution of locust classes between running locusts',2018-08-05T10:24:54Z,2019-10-28T09:19:49Z,,,
859,b'Comparison of performance test results between locust and jmeter',2018-08-03T11:06:36Z,2018-08-03T17:08:48Z,,,
858,b'Separate release into build and release steps',2018-08-02T14:43:03Z,2018-08-02T14:51:48Z,,,
857,b'Install instructions',2018-07-31T14:01:59Z,2018-07-31T14:13:25Z,,,
856,b'Specify seconds for the `timeout` parameter',2018-07-30T18:41:08Z,2018-07-30T18:43:23Z,,,
855,b'bump dev version to 0.9.0.dev0',2018-07-29T14:37:01Z,2018-07-29T14:42:27Z,,,
854,b'Locust fails to execute from Windows 10',2018-07-29T12:00:30Z,2018-07-29T12:55:32Z,,,
853,b'How to programatically quit Locust when all tasksets are done?',2018-07-27T07:06:22Z,2019-10-31T12:27:04Z,wontfix,,
852,b'Immediate crash under python 3.7',2018-07-26T21:03:47Z,2018-09-20T20:07:18Z,,,
851,b'Cannot run locust without specifying the Host parameter',2018-07-25T14:17:35Z,2019-10-31T09:32:16Z,wontfix,,
850,b'Official Docker image and documentation',2018-07-25T02:20:14Z,2018-09-25T13:39:08Z,,,
849,b'Provide an official Docker image',2018-07-24T19:49:00Z,2019-10-31T15:08:44Z,feature request,,
848,b'Tests fail to run when providing a small number of clients',2018-07-20T15:05:31Z,2019-10-21T00:06:56Z,duplicate,,
847,b'Assign Locust Behavior Programmatically -- Code Example',2018-07-19T16:53:45Z,2018-07-19T16:58:43Z,,,
846,b'Wrong statistic of total request count',2018-07-18T10:02:37Z,2018-07-19T01:13:23Z,,,
845,b'Feature Request: Cause requests to be ignored from stats collection',2018-07-17T16:58:40Z,2019-10-31T09:42:26Z,wontfix,,
844,b'fixing bug team configuration access',2018-07-17T11:35:54Z,2018-07-17T11:37:05Z,,,
843,b'Locust freezes after a while (python 3.7)',2018-07-15T18:30:39Z,2018-07-16T14:56:57Z,,,
842,b'Release 0.9.0 and document release steps',2018-07-13T21:44:58Z,2018-09-01T20:00:15Z,,,
841,b'Change name of msgpack dependency.',2018-07-11T21:39:32Z,2018-07-13T21:55:49Z,,,
840,b'how to send post reqeusts body type is raw',2018-07-11T06:40:46Z,2018-07-11T08:30:21Z,,,
839,b'Segmentation Fault (core dumped) under python 3.7',2018-07-10T20:34:02Z,2018-07-11T00:30:23Z,,,
838,b'Geventhttpclientmergeconflicts',2018-07-09T20:40:52Z,2019-09-27T01:16:24Z,,,
837,"b""Don't rely on obsolete msgpack-python""",2018-07-07T13:21:25Z,2018-07-13T21:55:49Z,,,
836,b'master slave locust problem show only 2 users ?',2018-07-06T16:53:12Z,2019-10-30T13:22:21Z,invalid,,
835,b'--master-host only accepts ipv4 formatted strings',2018-07-05T19:52:12Z,2019-10-31T12:49:13Z,invalid,,
834,b'how to install locust 0.8 instead locust 0.8.1 hand ',2018-07-05T18:42:08Z,2018-07-05T19:06:19Z,,,
833,b'does have url to get the response time distribution?',2018-07-05T08:44:02Z,2018-07-11T08:30:52Z,,"`{""errors""","`{""errors"": [], ""stats"": [{""median_response_time"": 22, ""min_response_time"": 13, ""current_rps"": 5.2, ""name"": ""/portal/info"", ""num_failures"": 0, ""max_response_time"": 517, ""avg_content_length"": 287, ""avg_response_time"": 25.88888888888889, ""method"": ""GET"", ""num_requests"": 1143}, {""median_response_time"": 22, ""min_response_time"": 13, ""current_rps"": 5.2, ""name"": ""Total"", ""num_failures"": 0, ""max_response_time"": 517, ""avg_content_length"": 287, ""avg_response_time"": 25.88888888888889, ""method"": null, ""num_requests"": 1143}], ""fail_ratio"": 0.0, ""slave_count"": 2, ""state"": ""stopped"", ""user_count"": 0, ""total_rps"": 5.2}`"
832,b'stats with all zeros for clients > 1',2018-07-03T18:35:44Z,2018-07-04T15:29:34Z,,,
831,b'Starting load test from the cli but monitoring from the web UI',2018-06-29T22:48:29Z,2021-08-30T06:26:30Z,feature request,,
830,"b""response time doesn't need to be cast to int, as this is implicit in \xe2\x80\xa6""",2018-06-27T11:02:11Z,2018-06-28T20:36:11Z,,,
829,b'setup() should always run after __init__()',2018-06-26T12:22:24Z,2018-07-13T22:10:46Z,,,
828,b'How locust calculate average response time and R/S for users',2018-06-23T16:01:11Z,2018-06-23T18:08:23Z,,,
827,b'Add tasks sequence support',2018-06-23T14:41:32Z,2018-06-28T15:48:49Z,,,
826,b'Reset failures and/or exceptions',2018-06-21T20:25:29Z,2019-04-15T16:35:48Z,feature request,,
825,b'Add support to modify request name (with dynamic parameters) through global handler',2018-06-21T19:50:06Z,2019-11-10T18:16:05Z,"feature request, wontfix",,
824,b'Please check my contribution.',2018-06-20T12:33:24Z,2018-06-20T15:04:16Z,,,
823,b'changed to monotonic timestamps. response times remain floating points.',2018-06-19T12:28:22Z,2018-06-19T12:29:43Z,,,
822,b'Fix frontend bugs.',2018-06-19T07:58:45Z,2019-10-19T10:13:49Z,,,
821,b'Synthetic monitoring ',2018-06-15T14:15:18Z,2018-06-15T15:32:27Z,,,
820,b'Fix some typos in events.py',2018-06-14T16:54:41Z,2018-06-14T17:11:46Z,,,
819,b'Locust communication protocol extension',2018-06-11T04:02:19Z,2019-11-10T18:06:33Z,wontfix,,
818,b'Update all pypi.python.org URLs to pypi.org',2018-06-10T00:56:15Z,2018-06-10T01:57:59Z,,,
817,b'Duplicate/confusing entry in pypi',2018-06-07T18:07:38Z,2020-05-22T06:58:18Z,documentation,,
816,b'Locust slaves eat all available memory when working with a failing service',2018-06-07T15:50:47Z,2018-06-17T23:03:34Z,,,
815,b'Add is_taskset and load_taskfile functions',2018-06-04T13:44:56Z,2019-10-18T20:54:32Z,,,
814,b'Add function to load TaskSet file and refactoring load_locustfile',2018-06-04T13:29:03Z,2018-06-04T13:41:56Z,,,
813,b'Add function to load TaskSet file and refactoring load_locustfile',2018-06-04T12:43:18Z,2018-06-04T13:20:18Z,,,
812,"b""Using Python's multiprocessing on Master""",2018-06-01T03:47:26Z,2018-06-01T16:33:16Z,,,
811,b'How to perform basic authentication?',2018-05-31T10:23:53Z,2018-05-31T15:28:06Z,,,
810,b'No module named pkg_resources',2018-05-31T09:23:45Z,2018-06-01T16:12:45Z,,ImportError,"ImportError: No module named pkg_resources"
809,b'Locust does not work because gevent has been updated to 1.3.2',2018-05-30T06:16:28Z,2018-05-30T13:44:10Z,,`ValueError,"`ValueError: gevent._queue.Queue has the wrong size, try recompiling. Expected 80, got 72"
808,b'Update third-party-tools.rst',2018-05-29T23:46:12Z,2018-06-25T14:30:02Z,,,
807,b'fixed relative file paths for js and css source',2018-05-29T21:08:34Z,2018-05-29T21:08:45Z,,,
806,b'Remove unused nosetest settings',2018-05-28T20:23:29Z,2018-05-29T17:58:46Z,,,
805,b'Run locust programmatically',2018-05-28T10:09:32Z,2019-11-28T20:53:27Z,,,
804,b'Drop Python 3.3 support',2018-05-28T09:44:30Z,2018-05-28T14:18:40Z,,,
803,b'IndexError: Cannot choose from an empty sequence',2018-05-26T12:56:37Z,2018-05-27T17:12:09Z,,IndexError,"IndexError: Cannot choose from an empty sequence"
802,b'self.locust.drop_current_runner()',2018-05-23T09:44:36Z,2018-05-30T18:16:39Z,,,
801,b'Added a log handler to write metrics for all the requests into a specific file.',2018-05-22T15:57:11Z,2019-10-19T19:36:36Z,,,
800,b'Scraping google search result',2018-05-22T06:38:07Z,2018-05-22T07:21:19Z,,,
799,b'Allow running tests programmatically',2018-05-18T15:09:27Z,2018-05-28T10:08:47Z,,,
798,b'Changes to allow running Locust programmatically',2018-05-18T14:59:25Z,2018-05-18T14:59:45Z,,,
797,b'docs: Syntax highlight code and commands',2018-05-18T12:06:23Z,2018-05-20T19:32:57Z,,,
796,b'update geventhttpclient',2018-05-16T03:17:55Z,2018-06-15T02:56:39Z,,,
795,b'branch geventhttpclient need a update',2018-05-16T02:15:43Z,2018-05-16T07:02:10Z,,,
794,b'How to get process start time and the last of end time on Distribution mode',2018-05-15T08:26:00Z,2019-10-30T13:22:46Z,invalid,,
793,b'New release to PyPi for gevent 1.3 compatibility',2018-05-15T07:42:43Z,2019-10-20T19:11:51Z,,,
792,b'Control time window for RPS calculation',2018-05-14T18:55:11Z,2019-10-20T19:18:17Z,,,
791,b'locust inactivity after reaching 9000 user issue',2018-05-11T16:49:48Z,2018-05-12T16:09:12Z,,,
790,b'Ensure median does not have impossible values',2018-05-10T17:46:22Z,2019-10-19T20:31:56Z,,,
789,b'Adding more Percentiles to request stats web endpoint',2018-05-09T20:18:38Z,2019-10-20T18:16:53Z,,,
788,b'Include LICENSE file in sdist',2018-05-09T15:22:39Z,2018-05-29T15:31:50Z,,,
787,b'How to have Locust Master dynamically allocate users to slaves',2018-05-08T20:40:23Z,2018-05-08T21:47:15Z,,,
786,b'500 URL limit',2018-05-08T14:18:31Z,2019-10-18T20:36:43Z,,,
785,b'Added user-defined wait_function to locust and TaskSet',2018-04-27T10:03:44Z,2018-04-27T18:34:10Z,,,
784,"b""slave run in docker didn't work.""",2018-04-26T08:02:20Z,2018-04-27T08:02:46Z,,,
783,b'Adding default dummy locustfile so masters can be run more easily',2018-04-25T13:30:01Z,2019-10-24T15:00:21Z,wontfix,,
782,b'[Question] Why locust masters running on distributed mode require a locustfile ?',2018-04-25T11:56:21Z,2019-10-31T09:45:05Z,wontfix,,
781,"b'How to call on_start before each testcase, like setup in unittest?'",2018-04-23T08:53:00Z,2018-04-23T14:41:17Z,,,
780,"b'Locust clusters, but workers never hatch'",2018-04-21T16:01:01Z,2018-04-21T17:58:41Z,,,
779,b'expand and re-order documentation index',2018-04-21T12:25:35Z,2018-04-21T17:54:37Z,,,
778,"b'When maximum num=1 this will raise exception ""Maximum number of requests reached""'",2018-04-20T09:26:09Z,2018-04-21T04:22:31Z,,,
777,b'100% number smaller than 99% in Percentage of the requests completed within given times',2018-04-19T05:44:29Z,2018-04-19T09:11:27Z,,,
776,b'Extended socket protocol',2018-04-17T15:15:04Z,2018-11-30T13:10:55Z,,,
775,"b""Can't define unique characteristics for each locust""",2018-04-14T06:18:25Z,2018-04-14T06:41:04Z,,TypeError,"TypeError: __init__() takes 1 positional argument but 2 were given"
774,b'Save responses to a file',2018-04-12T14:00:35Z,2019-10-18T20:17:57Z,feature request,,
773,b'invaild Locust(HttpLocust) class attribute: host',2018-04-09T06:57:50Z,2018-04-15T05:19:31Z,,,
772,"b""drop unitt2 and use tox in 'make test' target""",2018-04-08T19:48:24Z,2018-04-21T17:21:50Z,,,
771,"b""custom client from locust documentation doesn't work at all""",2018-04-04T14:21:41Z,2019-10-18T20:13:03Z,documentation,,
770,b'Remove compatibility workarounds for Python 2.6',2018-04-02T18:16:43Z,2018-04-28T15:54:37Z,,,
769,b'Switch from using optparse to argparse for command line arguments',2018-04-02T14:41:39Z,2019-10-19T22:47:24Z,,,
768,b'URL requests containing \xe2\x80\x9c/#/\xe2\x80\x9d are all seen as \xe2\x80\x9c/\xe2\x80\x9d then failing when running on Locust.io',2018-03-29T17:24:45Z,2018-03-30T15:41:28Z,,,
767,b'Docker image and Kubernetes chart out of date at 0.7.5',2018-03-28T16:31:44Z,2018-03-29T14:00:45Z,documentation,,
766,"b""Wrong tasks weight calculation over several TaskSet's""",2018-03-28T14:09:56Z,2018-07-13T22:18:30Z,,,
765,b'Need multi level rampup pattern ',2018-03-28T13:52:53Z,2018-03-28T21:10:30Z,,,
764,"b""Documentation link at https://docs.locust.io doesn't point to current release docs""",2018-03-28T13:30:02Z,2018-03-28T14:42:24Z,,,
763,b'website down',2018-03-28T07:57:58Z,2018-03-28T09:32:12Z,,,
762,b'Fix bytes/text confusion with response objects',2018-03-25T17:42:33Z,2018-03-26T00:56:31Z,,,
761,b'Remove unused environment variables form tox configuration',2018-03-25T15:10:47Z,2018-04-07T18:55:12Z,,,
760,b'Enable pip cache in Travis CI',2018-03-25T15:04:19Z,2018-05-20T19:30:54Z,,,
759,b'Trim trailing white space throughout the project',2018-03-25T14:56:47Z,2019-10-30T12:03:44Z,,,
758,b'Use https:// URLs where available',2018-03-25T14:48:43Z,2018-03-26T00:38:24Z,,,
757,b'Update tox.ini so as to not respecify package dependency pyzmq',2018-03-23T16:51:32Z,2018-04-07T18:52:20Z,,,
756,b'Distribute package as a universal wheel',2018-03-23T16:16:03Z,2018-05-20T19:33:41Z,,,
755,b'Remove test dependency unittest2',2018-03-23T16:03:36Z,2018-03-23T16:07:07Z,,,
754,"b'TypeError: must be string or buffer, not None'",2018-03-22T08:01:58Z,2018-03-22T14:16:32Z,,,
753,b'Replace average response times with percentiles & min/max',2018-03-21T16:39:17Z,2019-12-30T20:44:26Z,"feature request, wontfix",,
752,b'Does POST request create a entry in the DB?',2018-03-19T11:45:14Z,2018-03-19T16:22:02Z,,,
751,b'SSL Error when using Http Request',2018-03-16T19:59:01Z,2018-03-19T17:55:37Z,,,
750,b'print statements are not appearing on console when -n is 1',2018-03-16T12:43:58Z,2018-03-16T15:28:09Z,,,
749,b'Removed unused parameters in web.start method',2018-03-16T11:13:55Z,2019-10-18T17:23:57Z,,,
748,"b""Error - Get_next_task return random.choice(self.tasks) and Random.py choice raise IndexError('Cannot choose from an empty sequence') from None)""",2018-03-12T22:32:06Z,2018-03-13T04:06:52Z,,,
747,b'Docs: update test statistics page with example responses',2018-03-09T17:03:21Z,2018-04-23T20:34:52Z,,,
746,b'Introduce **kwargs to request_success/failure parameter list',2018-03-07T13:00:54Z,2018-04-27T18:43:54Z,,,
745,b'Default implementation of on_request_success and _failure lacks **kwargs declaration',2018-03-07T12:40:45Z,2018-04-27T18:43:54Z,,,
744,b'Question: https://pypi.python.org/pypi/locust/0.8',2018-03-06T19:41:38Z,2018-03-29T16:27:49Z,documentation,,
743,b'Change Locust website url to https',2018-03-05T14:04:37Z,2018-03-06T20:45:58Z,,,
742,b'Adding unit to Response Time chart',2018-03-02T00:37:20Z,2018-03-02T14:23:04Z,,,
741,b'Specifying Response Time unit',2018-03-02T00:32:05Z,2018-03-02T00:32:48Z,,,
740,b'Adding TCP Keep Alive to guarantee master-slave communication',2018-03-01T20:03:24Z,2019-02-20T16:52:30Z,,,
739,b'Not able to record failures in report',2018-02-26T14:52:46Z,2018-02-26T15:26:47Z,,,
738,b'Allow skipping the logging setup',2018-02-22T21:36:45Z,2019-10-20T19:00:58Z,,,
737,b'Tested website unresponsive',2018-02-21T13:57:05Z,2018-02-26T14:00:33Z,,,
736,b'New Connection in locust',2018-02-21T10:09:58Z,2018-02-21T15:17:04Z,,,
735,"b""Instead of measuring response time in Locust, it's better to use elapsed time from requests.""",2018-02-20T00:44:06Z,2018-02-20T10:25:46Z,,,
734,b'Does locust creates a new instance/thread per locust user of httplocust class ?',2018-02-17T22:00:20Z,2018-04-14T23:04:14Z,,,
733,b'How I share auth cookie with the rest of tasks only for current locust user?',2018-02-13T01:11:45Z,2018-02-14T15:00:56Z,,,
732,b'how to run the master branch',2018-02-12T08:22:39Z,2018-03-19T17:56:10Z,,ValueError,"ValueError: Attempted relative import in non-package"
731,b'Update installation.rst',2018-02-09T18:02:05Z,2018-04-07T18:53:25Z,,,
730,b'Compactability for Distributed Load test via console',2018-02-03T08:47:01Z,2018-02-03T08:49:26Z,,,
729,b'Fix typo in docstring',2018-01-31T18:38:51Z,2018-02-01T19:01:37Z,,,
728,b'feat:argument --locustfile support URL',2018-01-27T15:19:28Z,2018-01-27T15:46:43Z,,,
727,b'On the same server\xef\xbc\x8cjmeter can run 20000rps\xef\xbc\x8cbut locust only 5000rps',2018-01-24T08:55:20Z,2018-01-26T09:11:55Z,,,
726,b'Connect slave nodes from remote server to master node on local machine',2018-01-24T03:54:01Z,2018-01-24T15:32:23Z,,,
725,b'Use flask.jsonify for json responses',2018-01-23T10:58:14Z,2018-01-23T11:49:45Z,,,
724,b'Number of Users Dependent on Number of slaves ? ',2018-01-22T12:43:19Z,2019-11-10T18:31:18Z,,,
723,b'a report plugin.Anyone interested?',2018-01-22T10:12:13Z,2018-03-29T16:28:40Z,,,
722,b'Severe difference in RPS when adding more than two URLs ',2018-01-12T15:09:25Z,2018-01-12T16:50:08Z,,,
721,b'Start distributed test with multiple slaves with one command.',2018-01-12T03:45:49Z,2018-01-23T19:48:22Z,,,
720,b'Add failure rate chart to charts',2018-01-05T01:04:10Z,2019-11-07T12:18:29Z,,,
719,b'Add failure rate chart to charts',2018-01-04T03:41:17Z,2018-01-05T01:04:40Z,,,
718,b'Add failure rate chart',2018-01-04T01:32:25Z,2018-01-04T03:32:48Z,,,
717,b'fix error message on invalid time format',2017-12-28T14:46:19Z,2017-12-28T18:42:54Z,,,
716,b'Logo changes',2017-12-22T22:40:31Z,2018-01-16T13:03:10Z,,,
715,b'Locust does not count RPS if all requests fails',2017-12-21T22:03:11Z,2017-12-26T15:33:32Z,,,
714,b'Looking for a different flavor of on_start() behavior',2017-12-19T22:56:46Z,2018-01-23T16:06:18Z,,,
713,b'Added FastHttpLocust with HTTP client that uses geventhttpclient',2017-12-19T15:18:44Z,2019-04-03T15:33:58Z,,,
712,b'Per locust hatching',2017-12-19T04:20:31Z,2019-10-21T06:42:29Z,wontfix,,
711,b'Option to Print Failure to Console?',2017-12-18T06:54:41Z,2017-12-18T14:38:17Z,feature request,,
710,b'Reach to 3k RPS',2017-12-17T19:59:30Z,2017-12-20T10:38:01Z,,,
709,b'Rename RPS',2017-12-17T07:33:14Z,2017-12-18T14:47:11Z,,,
708,b'fixing bug switch locustfile',2017-12-17T06:36:22Z,2017-12-17T06:36:35Z,,,
707,b'AWS locust sitting idle ',2017-12-15T06:03:16Z,2017-12-15T14:51:40Z,,,
706,"b'Changed the spelling of ""occurences"" on the output text'",2017-12-14T23:24:49Z,2017-12-15T01:39:43Z,,,
705,"b""Couldn't pass 200 request / second""",2017-12-14T11:04:04Z,2017-12-14T15:56:42Z,needs reproducing,,
704,b'Added link to an Ansible role as a 3rd party tool.',2017-12-09T18:47:38Z,2019-10-21T10:24:35Z,,,
703,b'Webui runtime',2017-12-09T08:52:16Z,2019-10-18T17:12:37Z,,,
702,b'chart download',2017-12-09T06:56:25Z,2019-10-30T13:08:43Z,,,
701,b'Merge 0.8 branch.',2017-12-03T01:55:35Z,2017-12-03T14:58:00Z,,,
700,b'Preparing a Linux server for Locust load tests',2017-11-29T11:10:46Z,2017-11-29T15:02:34Z,,,
699,"b'When a slave process crashes and restarts, the master counts and waits for input from both'",2017-11-28T15:18:16Z,2017-12-11T18:50:31Z,,,
698,b'added introduction to Locust4j',2017-11-28T09:00:04Z,2017-12-03T14:58:40Z,,,
697,b'Resolve improper display of About in Web UI',2017-11-24T08:16:12Z,2017-11-25T16:41:46Z,web interface,,
696,b'About displays improperly',2017-11-24T08:13:42Z,2017-11-25T16:41:55Z,"web interface, bug",,
695,b'Allow the option to run a single Locust through the UI',2017-11-22T14:40:43Z,2019-10-31T11:30:56Z,,,
694,b'Allow the option to run a single Locust through the UI',2017-11-21T21:18:49Z,2017-11-22T14:41:21Z,,,
693,b'graph error rates and make charts downloadable',2017-11-21T19:03:49Z,2019-10-18T17:23:16Z,,,
692,b'Make UI URL links relative',2017-11-21T11:42:44Z,2018-05-29T23:34:48Z,,,
691,b'SQL Locust adapter',2017-11-17T15:21:44Z,2017-12-11T18:52:08Z,,,
690,b'Unusual behavior from graphs',2017-11-16T23:43:13Z,2018-05-07T19:24:15Z,needs reproducing,,
689,b'Chart is wrong',2017-11-16T09:24:45Z,2017-11-16T15:54:03Z,,,
688,b'separate charts for requests per second and average response time',2017-11-16T07:36:32Z,2019-10-18T16:45:18Z,feature request,,
687,b'Add codecov integration',2017-11-15T23:45:32Z,2017-11-16T02:44:33Z,,,
686,b'Allow passing additional args to locusts from the command line',2017-11-14T10:07:57Z,2019-10-31T11:29:53Z,,,
685,b'fix: typo',2017-11-13T17:09:37Z,2018-01-04T04:49:03Z,,,
684,b'ioerror cannot watch more than 1024 sockets',2017-11-13T07:13:42Z,2017-11-13T21:51:09Z,,,
683,b'Provide a way to specify locust counts and hatch rate per locust class',2017-11-13T06:23:14Z,2019-12-30T20:43:09Z,feature request,,
682,b'Locust distributed noweb does not honour --num-request option',2017-11-13T04:26:22Z,2017-12-11T18:52:44Z,documentation,,
681,b'fix missing import in socketrpc.py (branch 0.8)',2017-11-12T21:38:18Z,2017-11-12T23:25:06Z,,,
680,"b'Locust pure python RPC not working in distributed mode (this makes, message seem confusing)'",2017-11-11T21:53:55Z,2017-11-12T15:13:10Z,,,
679,b'Limit of 500 requests in /stats/requests end-point',2017-11-10T08:54:21Z,2017-11-12T23:27:02Z,,,
678,b'No users count send in hatch_complete',2017-11-09T11:58:53Z,2017-12-11T18:52:59Z,,,
677,b'Please ignore',2017-11-08T19:05:11Z,2017-11-08T19:06:29Z,,,
676,b'Small python 3 syntax improvement in docs',2017-11-06T16:07:36Z,2017-11-06T16:55:52Z,,,
675,b'Add support for downloading all failures to a CSV',2017-11-02T16:20:04Z,2019-04-15T16:34:47Z,feature request,,
674,b'Do not reset statistics on hatch complete ',2017-10-31T15:49:34Z,2017-10-31T19:42:39Z,,,
673,b'Support receive and handle custom stats',2017-10-30T05:59:13Z,2017-10-30T05:59:30Z,,,
672,b'--no-reset-stats should be on by default ',2017-10-27T16:54:50Z,2017-10-31T19:46:31Z,,,
671,"b""'Response' object has no attribute 'failure' in python3.5.3""",2017-10-27T04:22:07Z,2017-11-03T02:11:33Z,,AttributeError,"AttributeError: 'Response' object has no attribute 'failure'"
670,b'Sometimes the rps is 0',2017-10-26T12:41:14Z,2017-11-14T15:36:52Z,,,
669,b'Switch to pytest',2017-10-25T19:49:22Z,2018-05-29T23:39:07Z,,,
668,b'Install breaks on Win7 Py3.3 Locust 0.8.1',2017-10-24T16:37:42Z,2017-12-03T22:15:07Z,,UnicodeDecodeError,"UnicodeDecodeError: 'charmap' codec can't decode byte 0x8d in position 3997: character maps to <undefined>"
667,b'Response time graph seems to be an average of all data',2017-10-23T23:42:58Z,2019-10-20T18:58:44Z,bug,,
666,b'Add feature: user can choose locust file through web UI',2017-10-23T08:00:27Z,2017-10-23T08:13:49Z,,,
665,b'Exit with code 1 on greenlet exceptions',2017-10-16T09:38:49Z,2019-10-21T00:54:27Z,"bug, invalid",,
664,b'Adding CSV output over time and fixing long-time typo',2017-10-12T03:53:37Z,2019-10-18T17:08:39Z,,,
663,b'Inaccurate response time?',2017-10-11T06:56:09Z,2017-11-11T13:09:32Z,,,
662,b'all tests results suddenly turned to all 0',2017-10-06T16:29:07Z,2017-10-10T08:10:28Z,,,
661,b'Angga/fb ramp in distributed mode',2017-10-05T14:43:29Z,2017-10-06T03:10:04Z,,,
660,b'clarify that the CSV is only written to once',2017-09-28T20:19:16Z,2017-09-29T01:43:02Z,,,
659,b'How do we control the Clients in Locust?',2017-09-21T06:07:25Z,2017-09-21T14:22:24Z,,,
658,"b'Adds support for setup, teardown, and on_stop methods'",2017-09-20T18:56:08Z,2018-03-20T15:56:03Z,feature request,,
657,b'Release new Locust version',2017-09-18T14:51:42Z,2017-09-19T11:33:09Z,,,
656,b'Remove --num-requests/-n in favor of --run-time/-t',2017-09-18T12:57:40Z,2017-09-19T13:02:22Z,,,
655,b'Infinite recursion error when testing https sites',2017-09-15T02:30:25Z,2017-09-16T11:08:57Z,,,
654,b'Bump version to 0.8a3 for another pre-release candidate',2017-09-11T19:10:08Z,2017-09-15T11:09:03Z,,,
653,b'Move Locust to the Erlang BEAM',2017-09-08T09:30:02Z,2017-09-08T15:45:39Z,,,
652,b'Standardize utf8 file coding declarations',2017-09-08T08:02:39Z,2017-09-08T16:14:37Z,,,
651,b'Sort all Python imports',2017-09-08T07:56:31Z,2017-09-08T16:36:19Z,,,
650,b'Modify gevent wsgi and libev dependencies',2017-09-08T07:24:32Z,2017-09-11T19:01:15Z,,,
649,b'Libev over libevent and gevent suggested wsgi?',2017-09-08T07:08:15Z,2017-09-11T19:04:14Z,,,
648,b' failure to install the latest version locust',2017-09-06T10:20:34Z,2017-10-18T15:37:35Z,windows,,
647,b'How to filter certain requests when generating reports?',2017-09-04T06:48:36Z,2017-09-05T18:29:13Z,,,
646,b'Allow a fixed RPS rate',2017-08-28T18:19:32Z,2019-11-14T08:55:25Z,feature request,,
645,b'Always get errors when I run testing.',2017-08-23T03:48:45Z,2017-11-13T22:18:05Z,,,
644,b'website SSL',2017-08-22T15:25:44Z,2017-09-18T14:50:38Z,,,
643,"b""Can't find new charts in v0.8a2""",2017-08-09T12:56:53Z,2017-08-18T16:03:38Z,,,
642,b'Have anyone tried setting up locust on Azure scale set ?',2017-08-09T12:53:11Z,2017-08-18T16:04:08Z,,,
641,b'Issue with indendation on a PUT request (Newbie) ',2017-08-03T19:19:17Z,2017-08-07T15:30:21Z,,,
640,b'How to know why the server is down ?',2017-08-02T09:22:42Z,2017-08-04T08:32:21Z,,,
639,b'Locust test results',2017-08-01T04:35:37Z,2017-11-11T13:10:52Z,,,
638,b'Locust throwing connection error failures ',2017-07-28T19:21:37Z,2017-08-03T14:03:35Z,,,
637,b'make test is failing on 0.7 tags due to Flask 0.12',2017-07-28T12:58:57Z,2017-09-19T16:14:08Z,,"AssertionError, AttributeError","AssertionError: 0 != 56AttributeError: 'NoneType' object has no attribute 'top'"
636,b'memory issue',2017-07-26T17:07:00Z,2017-11-12T01:11:18Z,,,
635,"b""Can't run test via locust command line""",2017-07-26T02:35:37Z,2017-07-27T01:54:55Z,,ModuleNotFoundError,"ModuleNotFoundError: No module named 'core'"
634,b'Expose an on_hatch event? And/or hatch number (e.g. we just hatched user number X) as well',2017-07-24T02:03:01Z,2020-09-21T19:48:01Z,"feature request, wontfix, non-critical",,
633,b'schedule_task and data driven load test methodology',2017-07-24T00:48:17Z,2019-10-18T16:25:08Z,,,
632,b'stop/interrupt weighting/logic for nested tasks that execute a single task',2017-07-23T01:51:27Z,2019-10-18T16:24:44Z,,,
631,b'self interrupt for inline nested TaskSets?',2017-07-23T01:37:58Z,2019-10-18T16:27:56Z,,,
630,"b'ImportError if there is a ""core"" module in project'",2017-07-22T08:34:31Z,2017-07-22T09:13:53Z,,,
629,b'Totals Clarity in Web Results',2017-07-21T19:17:03Z,2019-10-18T16:26:21Z,"web interface, bug",,
628,b'Add new members to Committers Team in the Locust.io Organization',2017-07-21T18:10:56Z,2019-10-18T16:27:42Z,,,
627,b'ModuleNotFoundError in Python 3.6 OSX 10.12',2017-07-21T13:58:32Z,2017-07-21T16:41:14Z,,ModuleNotFoundError,"ModuleNotFoundError: No module named 'core'"
626,"b""locust's statistic collect N/A records""",2017-07-21T13:47:30Z,2019-10-18T16:35:09Z,,,
625,"b'Stderr connection error ( python3.6), but no failures on UI'",2017-07-21T10:58:18Z,2017-12-18T14:48:29Z,needs reproducing,,
624,b'Fix rst formatting error in quickstart.rst',2017-07-20T13:20:01Z,2017-07-21T20:39:05Z,,,
623,b'the edit has bugs in distributed mode',2017-07-20T08:43:41Z,2017-07-20T22:43:31Z,,,
622,b'added a prometheus metrics endpoint',2017-07-17T15:56:25Z,2018-06-03T16:17:43Z,,,
621,b'No Locust class found',2017-07-11T15:27:09Z,2017-07-12T04:00:01Z,needs reproducing,,
620,b'Display website on dashboard',2017-07-08T12:46:08Z,2017-07-08T15:56:29Z,,,
619,b'Ability to disable SSL certificate verify',2017-07-08T12:45:23Z,2018-04-08T19:51:47Z,,,
618,"b""Latest 0.8a2 version build doesn't meet changelog""",2017-07-05T10:10:10Z,2017-07-06T01:42:31Z,,,
617,b'History & get_next_task refactor',2017-07-05T04:08:24Z,2019-10-18T17:01:11Z,,,
616,b'Add order argument',2017-07-04T22:50:55Z,2019-10-20T18:17:03Z,,,
615,"b""locust doesn't record all the requests""",2017-06-29T09:43:34Z,2017-08-18T16:00:50Z,,,
614,b'Add GH issue template and update readme',2017-06-27T16:29:58Z,2017-08-15T19:10:01Z,documentation,,
613,b'Question: debugging in pycharm (or other arbitrary IDE)',2017-06-26T22:49:30Z,2017-07-06T02:26:33Z,documentation,,
612,b'Add ability to write csv stats files  ',2017-06-26T22:17:37Z,2017-09-07T19:48:41Z,,,
611,b'how to make all locust users wait after executing on_start method ?',2017-06-26T15:57:26Z,2019-10-18T16:25:29Z,,,
610,b'Summary shows 0 when request(num_request) completed before all users get hatched',2017-06-23T06:54:49Z,2017-09-08T16:14:44Z,,,
609,b'find locustfile in the root directory',2017-06-21T12:38:16Z,2017-09-18T13:48:09Z,,,
608,b'Adding name argument in the http post call with catch response argument',2017-06-20T20:09:49Z,2019-10-18T16:24:09Z,,,
607,b'Unable to run the locustfile example ',2017-06-20T10:47:40Z,2017-08-18T16:05:06Z,,,
606,b'Fix spelling error in README.md',2017-06-20T08:56:12Z,2017-06-20T15:56:09Z,,,
605,b'How many locust-workers can I add to a locust-master?',2017-06-15T11:49:13Z,2017-08-18T16:00:19Z,,,
604,b'EventHook() fired when locust user has stopped',2017-06-13T09:20:46Z,2019-10-18T16:23:22Z,,,
603,b'Is there a way to de-register slave with master on a slave node shutdown?',2017-06-09T15:53:06Z,2019-10-18T16:22:56Z,,,
602,b'Unable to Stop locust from Web interface occasionally',2017-06-09T00:12:25Z,2019-10-18T16:22:25Z,,UnboundLocalError,"UnboundLocalError: local variable 'bypass' referenced before assignment"
601,b'no-web performance data saved',2017-06-08T08:08:59Z,2019-10-18T15:35:16Z,,,
600,b'Distributed mode question/concern',2017-06-07T15:53:35Z,2017-08-18T16:15:24Z,,,
599,b'Bump gevent version',2017-06-07T00:38:37Z,2017-07-01T00:15:49Z,,,
598,b'bump gevent version',2017-06-07T00:35:29Z,2017-07-01T00:17:07Z,,,
597,b'unlimited users',2017-06-05T21:37:51Z,2017-06-27T15:59:45Z,,,
596,b'Requests per minute?',2017-06-05T03:52:56Z,2019-10-31T09:48:25Z,wontfix,,
595,b'Windows Authentication support?',2017-06-03T18:34:09Z,2017-06-10T18:25:03Z,,,
594,b'Non-200 i.e. 202 status codes are note logged as successes',2017-06-02T16:33:55Z,2017-06-02T17:05:27Z,,,
593,b'Adding 90th %ile to the stats page',2017-05-28T06:11:09Z,2019-10-30T08:50:09Z,,,
592,"b'Add sequential-execute tasks support for <TaskSet> class, if want to \xe2\x80\xa6'",2017-05-25T09:57:47Z,2019-10-25T08:58:47Z,invalid,,
591,b'tasks are not shown in locust UI statistics',2017-05-23T19:01:58Z,2018-01-03T14:54:41Z,,,
590,b'Running locust tests as a list of scenarios',2017-05-23T12:12:00Z,2017-08-18T16:08:03Z,,,
589,b'Port locust.io to HTTPS',2017-05-19T12:37:44Z,2017-05-19T14:11:45Z,,,
588,b'Added failures per second as a series in the chart',2017-05-17T22:23:55Z,2019-10-28T10:30:54Z,,,
587,b'Custom Request/sec exit code',2017-05-15T23:08:21Z,2020-05-31T21:20:40Z,feature request,,
586,b'reqs/sec is lower than other tools result',2017-05-15T09:31:31Z,2017-05-16T12:31:30Z,,,
585,b'Inform users about unsuccessful POST requests',2017-05-11T11:59:26Z,2017-05-21T16:51:55Z,,,
584,"b""HttpSession can't handle HTTP 301 with Location: `https,https://`""",2017-05-10T13:41:04Z,2017-05-10T15:48:38Z,,,
583,b'Not have option --no-reset-stats',2017-05-08T03:10:20Z,2017-07-21T16:49:38Z,,,
582,b'Installation failure on Mac OS 10.12.4',2017-05-07T11:21:10Z,2017-11-15T22:23:37Z,,,
581,b'Specify host header and send request against IP',2017-05-04T17:19:51Z,2018-07-03T19:20:29Z,,,
580,"b""ModuleNotFoundError: No module named 'cobra.core.model' in python3""",2017-05-03T10:14:44Z,2017-05-03T18:21:47Z,,ModuleNotFoundError,"ModuleNotFoundError: No module named 'cobra.core.model'"
579,b'Add description of RPS breakdown between multiple locusts.',2017-04-27T15:07:36Z,2019-10-18T16:58:02Z,,,
578,b'Summary result',2017-04-27T10:51:54Z,2017-08-18T16:08:39Z,,,
577,b'Fix formatting issue combining double dashes into single dash',2017-04-26T15:16:31Z,2017-04-28T18:32:32Z,,,
576,b'Can you add or can I create a Pull Request to accept a command line option that would enable ALL events (http requests) to be logged to a file/location?',2017-04-19T03:06:45Z,2019-10-18T16:21:28Z,,,
575,b'Ability to set a specific number of simulated users per Locust class',2017-04-17T18:52:12Z,2018-07-13T22:29:56Z,,,
574,b'OSX limited to running ~200 users',2017-04-07T20:21:28Z,2017-04-17T15:25:08Z,,,
573,b'How to create multiple task_set in http locust class?',2017-04-07T14:32:36Z,2017-08-18T16:21:06Z,,,
572,"b""ImportError: No module named 'core - Python 3.5.0, 3.5.2""",2017-04-05T04:36:20Z,2017-04-05T04:47:25Z,,ImportError,"ImportError: No module named 'core'`"
571,b'Slave hangs when started before master',2017-04-05T03:51:42Z,2017-12-18T23:28:19Z,,,
570,b'Add slack signup link to readme',2017-04-03T17:59:54Z,2017-04-03T19:22:14Z,,,
569,b'Using locust to query Cassandra',2017-03-31T05:19:11Z,2017-09-16T11:14:17Z,,,
568,b'Successfully installed but locust command not found on macOS Sierra 10.12',2017-03-30T16:53:57Z,2017-04-06T00:30:16Z,,,
567,"b""How to stop once a user finishes it's set of Tasks.""",2017-03-27T14:30:41Z,2017-03-29T15:33:56Z,,,
566,b'Fix off by 1 error in stats.py resulting in additional request always being off',2017-03-22T22:04:12Z,2017-03-23T12:23:11Z,,,
565,b'Median response times off',2017-03-21T18:59:44Z,2019-10-19T20:35:24Z,,,
564,b'Dedicated Vuser for each API',2017-03-14T10:06:30Z,2019-10-18T15:36:14Z,,,
563,b'rendezvous implementation of Locust?',2017-03-13T06:52:43Z,2017-04-04T19:43:27Z,,,
562,b'Missing not reset stats option.',2017-03-10T18:38:20Z,2017-03-10T18:41:02Z,,,
561,b'Is there a way to share data among emmulated users?',2017-03-09T22:10:15Z,2017-03-10T18:38:58Z,,,
560,b'Locust exits with 1 on timeouts / errors',2017-03-08T18:26:09Z,2019-04-29T00:20:39Z,feature request,,
559,"b'locust run in windows 10 ,error: failed to create process'",2017-03-07T15:45:10Z,2017-04-04T19:44:08Z,,,
558,b'#331:  Use rounded_response_time for min/max/total response times',2017-03-06T13:48:53Z,2017-10-01T19:27:53Z,,,
557,b'Add more formatting and class links to quickstart page.',2017-03-02T09:43:20Z,2017-03-02T12:23:55Z,,,
556,"b'\xe3\x80\x90Question\xe3\x80\x91""Address family not supported by protocol"" when start the test'",2017-02-28T11:02:51Z,2017-02-28T15:02:02Z,,,
555,b'Web UI bug when url is very long',2017-02-27T13:24:34Z,2017-03-03T11:49:47Z,bug,,
554,b'Where to find the RPS chart?',2017-02-24T14:03:28Z,2017-02-25T10:54:35Z,,,
553,b'Is there a way to setup/teardown before running the load tests',2017-02-24T06:24:05Z,2018-07-13T22:27:52Z,,,
552,b'Remove unused imports',2017-02-23T14:04:57Z,2017-02-23T18:21:52Z,,,
551,b'request: bandwidth consumption',2017-02-23T13:12:58Z,2017-02-23T19:57:41Z,,,
550,b'self._sleep() should not be private.',2017-02-23T01:29:55Z,2017-02-28T02:38:58Z,,,
549,"b""Refactored stats code and display median as well as 95% percentile response times in web UI's charts""",2017-02-22T21:25:16Z,2017-09-19T14:12:55Z,,,
548,b'MQTT with python over proxy',2017-02-22T08:44:06Z,2017-02-22T15:34:56Z,,,
547,b'Update installation doc with supported py versions',2017-02-21T02:50:46Z,2017-02-21T15:55:57Z,,,
546,"b""Prohibits the locustfile from being named 'locust.py'""",2017-02-20T16:05:20Z,2017-02-20T16:33:00Z,bug,,
545,"b'""Connection reset by peer""  failure When doing local test with lost ( >1000) concurent users'",2017-02-20T10:49:11Z,2017-04-17T15:26:11Z,,,
544,b'How to monitor cpu and memory?',2017-02-20T03:09:14Z,2017-02-20T09:31:42Z,,,
543,b'Stress test with probobuf format?',2017-02-19T02:09:14Z,2017-02-19T10:05:43Z,,,
542,b'Setting a CookieJar',2017-02-17T14:47:06Z,2017-02-17T16:12:04Z,,,
541,b'Started working on a more modern and (hopefully) better looking design',2017-02-17T14:44:21Z,2017-02-22T16:31:54Z,,,
540,b'Bugs in show_task_ratio and show_task_ratio_json',2017-02-17T03:26:59Z,2017-02-17T11:20:51Z,,,
539,b'Styling of charts + only show charts for total stats + clean up & refactoring of charts JS code',2017-02-17T00:32:24Z,2017-02-22T18:30:40Z,,,
538,b'Incorrect calculation of avg_response_time and current_rps in no_web mode',2017-02-16T07:06:49Z,2017-02-16T08:19:30Z,,,
537,b'Add units to table',2017-02-15T12:55:02Z,2017-02-16T02:06:50Z,web interface,,
536,b'Updated installation.rst',2017-02-15T08:41:52Z,2017-02-15T09:09:53Z,,,
535,b'update travis config for slack integration',2017-02-13T18:18:12Z,2017-02-13T18:19:00Z,,,
534,b'Web UI: Free up header space',2017-02-13T03:36:52Z,2017-02-13T12:21:25Z,,,
533,b'Release for 0.8.0',2017-02-12T20:04:38Z,2017-02-13T14:16:49Z,,,
532,b'Truncate number of errors displayed in the web UI',2017-02-12T18:46:15Z,2017-02-12T19:44:57Z,bug,,
531,"b""No module named 'core' error""",2017-02-06T22:16:17Z,2017-02-06T23:01:02Z,,ImportError,"ImportError: No module named 'core'"
530,b'Fix/on start run one time',2017-02-06T16:01:10Z,2017-02-06T16:21:16Z,,,
529,b'on_start function calls for every hatch',2017-02-06T15:17:27Z,2017-02-06T16:14:20Z,,,
528,b'Python 3.6',2017-01-27T20:57:17Z,2017-01-28T23:33:25Z,,,
527,b'Add Python 3.6 to build pipeline',2017-01-27T20:55:58Z,2017-01-28T23:33:32Z,,,
526,"b""Python v2 exception on import ipdb - StdOutWrapper has no attribute 'flush'""",2017-01-26T23:41:38Z,2017-01-30T17:08:19Z,,,
525,b'Update supported Python versions in docs',2017-01-26T02:44:18Z,2017-01-26T02:54:54Z,,,
524,b'SSL error:self signed certificate',2017-01-26T01:06:35Z,2017-02-12T19:18:50Z,,,
523,b'Specify host in web ui',2017-01-25T07:14:35Z,2019-11-07T17:45:51Z,priority,,
522,b'How to use locust?',2017-01-21T06:58:38Z,2017-01-22T03:45:16Z,,,
521,b'Sending multipart/form-data  ',2017-01-19T17:15:34Z,2017-02-15T03:10:55Z,,**TypeError,"**TypeError: post() takes at most 4 arguments (5 given)**"
520,b'How to display QOS metrics ?',2017-01-19T09:39:10Z,2017-01-20T15:54:34Z,,,
519,b'Allow importing swagger files',2017-01-17T13:04:42Z,2017-01-17T15:52:25Z,,,
518,"b""'module' object has no attribute 'NSIG'""",2017-01-13T23:14:28Z,2019-10-18T16:33:41Z,needs reproducing,,
517,b'Unpin pyzmq',2017-01-12T12:57:19Z,2017-01-12T15:15:23Z,,,
516,b'Commandline csv',2017-01-11T21:33:01Z,2017-01-12T16:28:43Z,,,
515,b'seems sane to not support py26 anymore',2017-01-11T16:44:48Z,2017-01-25T21:27:52Z,,,
514,b'Expose number of clients to TaskSet',2017-01-11T16:42:26Z,2019-10-20T18:09:02Z,,,
513,b'stats & counters are reset during test',2017-01-09T14:47:34Z,2017-01-13T18:25:09Z,,,
512,b'num-requests bug',2017-01-09T14:35:48Z,2017-09-19T13:03:31Z,,,
511,b'slack channel for locust dev',2017-01-09T09:48:44Z,2017-02-15T03:13:29Z,,,
510,b'Added introduction of Boomer',2017-01-09T02:58:53Z,2017-06-23T17:08:13Z,,,
509,b'Add charts for RPS and average response time in the WebUI',2017-01-09T02:50:23Z,2017-02-16T02:19:14Z,priority,,
508,b'Variance/Standard Dev. or something',2017-01-06T17:07:15Z,2017-01-07T16:26:09Z,,,
507,b'RPS value drops after a long run',2016-12-06T07:37:11Z,2017-01-09T01:41:51Z,,,
506,b'raise an error in Python3',2016-12-01T06:44:32Z,2016-12-02T12:24:39Z,,ImportError,ImportError: No module named 'core'
505,b'Function result does not get saved into variable if function call spans two lines',2016-11-30T15:47:46Z,2017-01-09T01:42:40Z,,,
504,b'calling taskset and tasks on if else conditions',2016-11-24T07:12:15Z,2017-02-15T03:15:30Z,,,
503,b'Header not entirely on camel case',2016-11-21T15:28:32Z,2016-11-22T20:08:31Z,,,
502,b'pip install old version',2016-11-10T13:24:47Z,2016-11-30T08:40:18Z,,,
501,b'docs: clarify locust invocation norms',2016-11-09T00:18:41Z,2016-12-13T18:17:59Z,,,
500,b'Documentation for directory structure and working directory for complex locust projects',2016-11-08T17:20:35Z,2017-02-15T03:17:08Z,,,
499,b'pydoc.locate breaks after importing locust',2016-11-07T11:27:01Z,2017-02-12T19:32:46Z,,pydoc.ErrorDuringImport,"pydoc.ErrorDuringImport: problem in tasks.Klass - <type 'exceptions.ImportError'>: No module named Klass"
498,b'How to build locust on local machine ',2016-11-07T09:43:56Z,2017-01-09T01:43:16Z,,,
497,b'Match min/max_weight equal sign style across project',2016-11-04T11:15:22Z,2016-11-08T17:02:04Z,,,
496,b'Locust starts throwing failures when users > 130 (OS X)',2016-11-03T10:20:54Z,2016-11-03T11:54:51Z,,,
495,b'Update quickstart.rst',2016-10-31T14:35:31Z,2016-11-01T19:13:57Z,,,
494,b'Use super() for HttpSession init call',2016-10-27T13:56:58Z,2016-10-27T14:54:07Z,,,
493,b'Multiple Locust swarms override each-others stats',2016-10-27T11:59:56Z,2016-10-27T12:23:15Z,,,
492,b'running-locust-distributed missing information on worker model',2016-10-27T07:21:08Z,2019-10-18T16:20:43Z,documentation,,
491,b'Secure data transfer between master/slave in different geographical regions',2016-10-24T16:07:29Z,2017-02-13T14:17:38Z,,,
490,b'Closing old issues and PRs',2016-10-21T20:10:50Z,2017-02-13T01:01:11Z,,,
489,b'Proposal: apdex in reports',2016-10-18T12:43:08Z,2017-02-06T16:23:50Z,,,
488,b'Problem with nested dictionary',2016-10-18T11:46:44Z,2017-02-13T01:00:37Z,,,
487,b'Remove unsupported language classifiers',2016-10-17T07:18:59Z,2016-10-17T08:14:31Z,,,
486,b'[question] how do you quantify your master/slave need',2016-10-13T06:35:10Z,2017-02-13T01:31:42Z,,,
485,b'loop() got unexpected keyword argument',2016-10-05T13:14:16Z,2016-10-07T11:04:06Z,,,
484,b'make sure the current working dir is in the sys.path',2016-09-27T18:22:16Z,2019-10-31T15:44:32Z,documentation,,
483,b'Problems installing on Mac 10.11.6',2016-09-25T07:02:48Z,2016-10-07T11:02:57Z,,,
482,b'user spawn too slow',2016-09-21T21:43:10Z,2017-02-15T03:19:04Z,,,
481,b'Cannot decode 502',2016-09-21T14:40:10Z,2016-09-21T15:27:41Z,,{'errors',"{'errors': [{'error': HTTPError(u'502 Server Error: Bad Gateway for url: http://st-service/api/v1',), 'method': 'GET', 'occurences': 2, 'name': '/api/v1/complex'}, {'error': HTTPError(u'502 Server Error: Bad Gateway for url: http://st-service/api/v1f4084ce9-2bc9-440b-aae3-9f62ae626531',), 'method': 'GET', 'occurences': 1, 'name': '/api/v1/f4084ce9-2bc9-440b-aae3-9f62ae626531'}], 'stats': [{'median_response_time': 410, 'min_response_time': 48, 'current_rps': 92.88888888888889, 'name': '/api/v1', 'num_failures': 2, 'max_response_time': 4980, 'avg_content_length': 7413, 'avg_response_time': 528.8645655877342, 'method': 'GET', 'num_requests': 1174}, {'median_response_time': 370, 'min_response_time': 45, 'current_rps': 48.333333333333336, 'name': '/api/v1/f4084ce9-2bc9-440b-aae3-9f62ae626531', 'num_failures': 1, 'max_response_time': 4878, 'avg_content_length': 54, 'avg_response_time': 492.1566666666667, 'method': 'GET', 'num_requests': 600}, {'median_response_time': 370, 'min_response_time': 43, 'current_rps': 50.0, 'name': '/api/v1/f4084ce9-2bc9-440b-aae3-9f62ae626534', 'num_failures': 0, 'max_response_time': 4878, 'avg_content_length': 313, 'avg_response_time': 482.47611202635915, 'method': 'GET', 'num_requests': 607}, {'median_response_time': 370, 'min_response_time': 43, 'current_rps': 191.22222222222223, 'name': 'Total', 'num_failures': 3, 'max_response_time': 4980, 'avg_content_length': 3748, 'avg_response_time': 507.7883242335153, 'method': None, 'num_requests': 2381}], 'state': 'hatching', 'total_rps': 191.22222222222223, 'fail_ratio': 0.0012583892617449664, 'user_count': 944}"
480,b'Locust can not count failure request number in WEB GUI',2016-09-20T05:39:35Z,2016-09-20T09:34:33Z,,,
479,b'Overly strict dependency on gevent==1.1.1',2016-09-14T05:36:03Z,2016-11-24T10:32:24Z,,,
478,b'\xe3\x80\x90Question\xe3\x80\x91How locust allocate the user number with distributed mode?',2016-09-14T02:31:03Z,2016-09-14T05:28:06Z,,,
477,"b'For master mode,we need to set host option as well'",2016-09-12T18:52:22Z,2018-01-04T23:10:12Z,documentation,,
476,b'Unique user id per locust',2016-09-12T13:39:17Z,2017-08-18T16:22:37Z,,,
475,"b""Python v3 error: 'StdOutWrapper' object has no attribute 'flush'""",2016-09-10T19:12:02Z,2016-10-07T11:07:47Z,,,
474,b'Converting optparse to argpase',2016-09-09T15:45:30Z,2016-09-09T15:45:43Z,,,
473,b'[Question] How can I set up a thousand concurrent http server as soon as possible with python?',2016-09-08T10:55:25Z,2016-09-08T14:14:16Z,,,
472,b'[Question] How can I control the speed of sending requests?',2016-09-04T17:08:19Z,2016-09-04T17:28:43Z,,,
471,b'Get exception during simulating 5000 users on one mechine',2016-09-04T16:27:29Z,2016-09-04T17:30:48Z,,IOError,IOError: cannot watch more than 1024 sockets
470,b'Improve the language in writing-a-locustfile.rst',2016-09-04T14:45:40Z,2017-02-12T21:35:37Z,documentation,,
469,b'\xe3\x80\x90Question\xe3\x80\x91Can I make request with python requests lib?',2016-09-02T07:45:47Z,2016-09-02T09:28:57Z,,,
468,b'\xe3\x80\x90Question\xe3\x80\x91How can I send https request with locust?',2016-09-02T07:44:55Z,2016-09-02T09:27:46Z,,,
467,b'add 90% line support',2016-08-29T11:09:28Z,2017-02-12T20:41:37Z,,,
466,b'401 Unauthorized Error using HTTPLocust',2016-08-26T16:15:53Z,2016-10-29T09:43:29Z,,,
465,b'Import issue when the locustfile.py contains importing self-defined class sentence',2016-08-25T19:22:24Z,2016-08-30T16:14:31Z,,,
464,b'Embedded html resources',2016-08-22T13:50:29Z,2016-10-07T11:21:30Z,,,
463,"b""Could not find any locustfile! Ensure file ends in '.py'""",2016-08-22T10:34:28Z,2016-08-25T19:41:11Z,,,
462,b'Update gevent==1.1.2',2016-08-16T21:08:12Z,2016-10-07T10:54:45Z,,,
461,b'Contradiction on supported versions',2016-08-12T17:06:26Z,2016-10-07T10:53:23Z,,,
460,"b""Fix document bug concerning '--host' option.""",2016-08-11T22:42:59Z,2016-08-12T09:31:17Z,,,
459,b'Add charts for RPS and average response time in the WebUI',2016-08-11T06:34:52Z,2017-01-09T01:58:29Z,,,
458,b'How do I set cookies',2016-08-10T09:20:48Z,2016-08-10T09:25:24Z,,,
457,b'Preserve Locust Stats?',2016-08-08T18:26:34Z,2016-08-09T19:27:06Z,,,
456,b'Python 3 compatibility with --no-web option',2016-07-28T15:00:55Z,2016-09-19T08:15:25Z,,,
455,b'locust executes more number of times than I expected',2016-07-22T10:15:15Z,2019-10-18T15:34:42Z,,,
454,b'locust RPS too low',2016-07-22T02:27:08Z,2016-07-22T07:41:55Z,,,
453,"b""Python 3.4,run locust error\xef\xbc\x9aNo module named 'core'""",2016-07-20T02:43:19Z,2016-10-07T10:49:54Z,,,
452,b'Failure grouping in UI',2016-07-19T21:26:47Z,2016-10-07T11:22:22Z,,,
451,b'Changes to consolidate errors',2016-07-19T21:25:53Z,2016-09-20T09:31:01Z,,,
450,"b""TypeError: 'str' object is not callable""",2016-07-19T13:54:00Z,2016-10-07T11:23:03Z,,TypeError,TypeError: 'str' object is not callable
449,b'ERROR/locust.main: No Locust class found!',2016-07-15T08:18:24Z,2016-07-15T08:23:14Z,,,
448,b'Typo fix in locust API documentation',2016-07-14T00:38:59Z,2016-07-14T05:45:04Z,,,
447,b'Adds host name to the header',2016-07-13T16:16:39Z,2017-04-09T02:26:13Z,,,
446,b'Random Resets and Invalid Stats',2016-07-12T19:22:35Z,2017-02-13T01:32:23Z,,,
445,b'Save stats to file with --statfile option',2016-07-11T15:06:57Z,2017-09-08T04:18:53Z,priority,,
444,"b""Locust won't run http request and instead just, skips ahead to the next line in the code???""",2016-07-09T01:33:55Z,2016-07-12T19:04:53Z,,,
443,"b""Python 3 compatibility for slave mode. (Fixes 'locust --slave')""",2016-07-07T10:44:20Z,2016-07-08T14:07:24Z,,,
442,b'add an ability for click actions such as video play button',2016-07-06T04:22:44Z,2016-09-12T19:20:20Z,,,
441,b'access to locust frontend from another computer',2016-07-06T02:12:58Z,2016-07-12T20:58:31Z,,,
440,"b""how can i add some methods to test but don't want restart locust""",2016-07-05T10:22:12Z,2016-10-07T11:23:38Z,,,
439,"b""selenium web driver giving error 'Fire fox has stopped working' while opening firefox window""",2016-06-27T09:07:41Z,2016-06-27T14:30:28Z,,socket.error,socket.error: [Errno 10054] An existing connection was forcibly closed by the re
438,b'Fix an import error on Python 3',2016-06-25T16:05:19Z,2016-09-19T08:16:05Z,,,
437,b'Location',2016-06-24T13:25:40Z,2016-10-07T11:24:22Z,,,
436,b'Locust web interface not starting on Windows',2016-06-22T07:11:18Z,2016-06-28T05:46:53Z,,,
435,b'aborting task in on_start ',2016-06-21T15:27:59Z,2016-10-07T13:23:46Z,,,
434,b'Can I use locust for live streaming load testing',2016-06-21T10:57:54Z,2016-10-07T11:29:09Z,,,
433,b'URLs with `#` in them are not evaluated',2016-06-20T13:53:00Z,2016-06-23T12:16:57Z,,,
432,"b'In light of #431, is it ok to migrate to pytest?'",2016-06-13T11:47:52Z,2016-06-13T12:35:24Z,,,
431,"b""AttributeError: 'NoneType' object has no attribute 'replace'""",2016-06-13T11:21:53Z,2016-06-13T12:42:06Z,,AttributeError,AttributeError: 'NoneType' object has no attribute 'replace'
430,b'Remove installation of libevent from the build',2016-06-08T06:33:06Z,2019-10-18T16:56:21Z,,,
429,b'Added PyPy to the build matrix',2016-06-08T06:25:27Z,2019-10-18T16:54:37Z,,,
428,b'Missing tags for versions above v0.7.2',2016-06-07T12:47:58Z,2016-06-07T16:42:18Z,,,
427,b'using interrupt while respecting the min_time',2016-06-05T14:26:44Z,2016-06-14T12:19:11Z,,,
426,"b'Locust, NTLM, & Requests Sessions '",2016-06-03T19:22:47Z,2016-06-07T16:11:21Z,,,
425,b'Is their any plan to support python 3.x?',2016-06-02T08:30:17Z,2016-06-02T10:12:51Z,,,
424,"b""TypeError: __init__() got an unexpected keyword argument 'server_hostname'""",2016-05-31T08:12:57Z,2016-06-01T10:46:46Z,,,
423,b'SSO on different site support',2016-05-28T06:11:12Z,2016-05-30T08:21:21Z,,,
422,b'Test failures',2016-05-27T22:52:55Z,2016-10-07T10:57:13Z,,,
421,b'Mac install locust by pip in error of gevent',2016-05-26T07:22:06Z,2016-05-31T07:38:57Z,,,
420,b'Automate validation of locust',2016-05-23T18:43:02Z,2016-10-07T11:29:41Z,,,
419,b'can someone help me to build a http request  content header',2016-05-18T12:47:04Z,2016-05-18T14:06:57Z,,,
418,b'Release updates for v0.7.4',2016-05-16T00:10:47Z,2016-05-17T19:12:36Z,,,
417,b'SSL errors when testing certain HTTPS sites',2016-05-13T20:19:36Z,2016-12-03T22:33:06Z,,,
416,b'Add host setting in HttpLocust initialization',2016-05-13T19:59:12Z,2017-02-13T18:22:42Z,,,
415,b'locust not making any request when deployed on docker',2016-05-11T15:52:44Z,2016-05-12T11:38:07Z,,,
414,b'Locus process never exits',2016-05-09T11:13:12Z,2020-01-22T19:46:12Z,invalid,,
413,b'How to get more info from the load test?',2016-05-09T10:49:18Z,2017-02-13T21:16:14Z,,,
412,"b""Export exceptions to CSV didn't work""",2016-05-06T20:03:28Z,2017-02-15T03:25:30Z,,,
411,b'Replaying access pattern',2016-05-05T16:38:58Z,2017-02-13T01:00:13Z,,,
410,b'Add starting events',2016-05-02T13:46:03Z,2019-10-18T16:54:17Z,,,
409,b'Simulating multiple independent user web behaviour',2016-04-29T16:20:03Z,2016-05-10T14:15:43Z,,,
408,b'Python3',2016-04-28T18:30:54Z,2016-04-28T18:31:12Z,,,
407,b'v0.7.4',2016-04-28T02:20:15Z,2016-05-17T19:23:24Z,,,
406,b'Webclient authentication',2016-04-27T21:14:14Z,2016-04-28T17:32:15Z,,,
405,b'Make logging timestamps etc optional',2016-04-27T15:42:20Z,2017-02-13T01:42:24Z,,,
404,b'Unable to install on Mac OS X due to errors with greenlet',2016-04-27T10:57:58Z,2016-10-07T10:56:00Z,,pkg_resources.DistributionNotFound,pkg_resources.DistributionNotFound: greenlet>=0.4.9
403,b'Factor out remote execution engine',2016-04-12T18:28:19Z,2016-09-22T23:59:00Z,,,
402,b'Install error on ubuntu 14.04',2016-04-10T14:44:15Z,2016-04-13T15:41:06Z,,,
401,b'bump version of requests module in setup.py',2016-04-02T16:25:37Z,2016-04-02T18:50:38Z,,,
400,b'Master node to configure slaves before hatching.',2016-04-01T11:38:35Z,2019-10-18T16:50:28Z,,,
399,b'on_request_xxx checks exiting condition against the wrong number',2016-03-31T23:27:55Z,2019-10-18T15:30:36Z,bug,,
398,b'Python 3 support needed.',2016-03-29T17:24:44Z,2016-04-01T16:36:13Z,,,
397,"b'gevent.hub.LoopExit exeption, python threading and twisted reactor'",2016-03-19T10:06:48Z,2017-02-13T01:56:20Z,bug,,
396,b'OpenSSL handshake error',2016-03-19T09:57:31Z,2017-08-18T16:23:15Z,bug,,
395,b'Added introduction of Boomer',2016-03-18T06:08:24Z,2017-01-09T02:29:44Z,,,
394,b'main function accepts direct call.',2016-03-17T19:05:56Z,2019-10-19T21:13:26Z,,,
393,b'The pycurl client',2016-03-14T09:57:00Z,2016-12-07T11:40:44Z,,,
392,b'Quick start example using l for a variable name',2016-03-13T21:51:59Z,2016-04-02T00:36:27Z,,,
391,b'zero out negative response time',2016-03-13T00:25:41Z,2019-10-19T21:11:27Z,,,
390,b'Could you give me some examples of the schedule tasks?',2016-03-11T09:35:18Z,2016-04-01T16:42:35Z,,,
389,b'The data between the different locusts',2016-03-10T11:36:46Z,2016-04-02T00:39:02Z,,,
388,b'Rich report format',2016-03-04T13:33:34Z,2016-04-02T00:55:15Z,,,
387,b'Pinging and benchmarking utilities',2016-02-25T04:49:35Z,2016-04-02T15:40:43Z,,,
386,b'Working with long running user flows',2016-02-24T09:17:35Z,2017-02-13T01:09:23Z,,,
385,b'Integration with CI and test frameworks',2016-02-22T11:53:03Z,2016-02-24T08:31:33Z,,,
384,b'[0.7.3] Total fails percentage calculated wrong on console',2016-02-16T10:53:37Z,2019-10-18T15:30:58Z,bug,,
383,b'Does locust support DB connection?',2016-02-09T17:35:40Z,2016-04-02T01:02:07Z,,,
382,b'multisession confusion',2016-02-03T17:59:27Z,2016-02-03T20:05:24Z,,,
381,b'[#62] Correctly update slave count when drops below 1.',2016-02-01T14:14:19Z,2016-02-15T12:13:20Z,,,
380,b'Cannot pass the arguments to the tasks',2016-01-27T17:32:45Z,2019-10-18T20:14:15Z,,,
379,b'Update LICENSE',2016-01-27T02:27:18Z,2017-02-12T19:28:46Z,,,
378,b'why used the requests module',2016-01-20T11:55:38Z,2016-01-28T14:34:01Z,,,
377,b'Have you compared the Locust with the Tsung?',2016-01-20T06:33:29Z,2016-01-20T11:33:03Z,,,
376,b'set source_address for requests',2016-01-15T20:42:20Z,2019-10-31T12:46:50Z,wontfix,,
375,"b""Web GUI can't handle many unique URLs - Is it possible to aggregate stats entries?""",2016-01-14T23:02:40Z,2016-01-18T15:34:54Z,,,
374,b'URL names in dashboard are not HTML escaped',2016-01-11T22:56:01Z,2019-10-24T14:46:03Z,"web interface, bug, hacktoberfest",,
373,b'cookies',2016-01-08T08:17:59Z,2017-02-13T01:47:33Z,,,
372,b'Allow running --no-web in distributed with multiple locustfiles',2016-01-07T19:19:43Z,2016-06-13T02:23:44Z,,,
371,"b'Multiple locustfile discovery and ability to ""switch"" between locustfiles while running'",2016-01-04T21:33:36Z,2018-05-17T17:53:34Z,priority,,
370,b'How to understand the requests in main webui?',2015-12-29T04:44:21Z,2017-02-13T01:47:49Z,,,
369,b'Test performance of predictionio',2015-12-25T03:02:18Z,2017-02-13T02:45:08Z,,,
368,b'Gevent gcc error. Unable to install locust',2015-12-24T09:03:14Z,2015-12-30T08:33:32Z,,,
367,b'Some uncertain for RPS',2015-12-24T02:13:18Z,2019-10-18T15:39:07Z,needs reproducing,,
366,b'pip install failed mac el capitan ',2015-12-17T11:57:17Z,2015-12-17T12:09:10Z,,,
365,b'Documentation: Update writing-a-locustfile.rst',2015-12-10T07:04:54Z,2016-02-15T12:12:19Z,,,
364,b'sending POST image in client.post() never receives Request.FILES',2015-12-07T05:00:47Z,2017-02-13T01:27:16Z,bug,,
363,b'Python 3 support',2015-12-02T22:11:14Z,2016-06-13T02:17:26Z,,,
362,b'Error during installation',2015-11-20T12:58:16Z,2016-04-02T01:22:49Z,,,
361,b'doc fixes',2015-11-19T17:23:45Z,2016-02-15T12:14:18Z,,,
360,b'Removing apostrophe from possessive its.',2015-11-03T15:47:35Z,2019-10-19T21:06:29Z,,,
359,b'does not work in python 3.4 virtualenv',2015-11-03T10:26:11Z,2015-11-03T10:27:56Z,,ImportError,ImportError: No module named 'core'
358,b'Fixed failures percentage calculation in Total',2015-10-29T17:24:29Z,2019-01-27T13:25:35Z,"bug, priority",,
357,b'Percentage of fails in Total line is greater than 100%',2015-10-29T16:44:18Z,2019-10-18T15:37:58Z,bug,,
356,b'How do I start a new session',2015-10-28T18:51:49Z,2015-10-28T23:55:18Z,,,
355,b'Reviewing PRs',2015-10-28T15:19:28Z,2016-11-30T18:28:28Z,,,
354,b'Added totals for print_stats (command line output)',2015-10-27T20:27:12Z,2019-10-20T18:54:50Z,,,
353,b'Integrating Locust API with python requests',2015-10-27T15:55:28Z,2015-10-27T15:59:29Z,,,
352,b'Added full request history (available via report download)',2015-10-26T18:56:55Z,2015-11-24T20:24:34Z,,,
351,"b'""Its"" vs ""It\'s"" grammar correction'",2015-10-24T14:25:52Z,2015-12-12T10:29:27Z,,,
350,b'Some of the requets total stats are missing when printing them to console',2015-10-22T14:22:48Z,2017-02-15T04:04:16Z,bug,,
349,b'Unique task id available ?',2015-10-20T11:51:55Z,2019-10-31T12:29:02Z,,,
348,b'Convert to Python 3.4+. Removing 2.7+ support.',2015-10-19T15:26:37Z,2015-10-19T15:28:00Z,,,
347,b'Update working gevent versions',2015-10-19T09:52:04Z,2016-04-01T19:39:29Z,,,
346,b'Added the Test run time to the Locust UI',2015-10-19T02:17:55Z,2019-10-19T21:05:31Z,web interface,,
345,b'Support for distributing arbitrary arguments to Locust [Proposal]',2015-10-12T15:04:17Z,2019-10-18T15:38:45Z,,,
344,b'Optional HTTP Request failure step down',2015-10-08T14:08:40Z,2017-02-13T02:31:07Z,,,
343,b'Enhancement: make the total row more easily visible',2015-10-05T20:39:06Z,2019-10-19T21:03:45Z,needs reproducing,,
342,b'ar',2015-10-05T12:31:51Z,2015-10-05T12:32:05Z,,,
341,b'updated gevent version to support El Capitan release for MacOS',2015-10-02T21:21:13Z,2016-04-01T19:46:40Z,,,
340,b'Unable to install locust on OS X',2015-09-25T15:34:37Z,2015-09-26T18:50:08Z,,,
339,b'Simulate chunk upload',2015-09-21T08:40:36Z,2016-04-02T16:07:00Z,,,
338,b'Locust 0.7.3: TypeError trying to run test',2015-09-16T12:31:03Z,2015-09-16T12:38:29Z,,,
337,b'Update writing-a-locustfile.rst',2015-09-14T10:22:54Z,2016-02-15T12:15:44Z,,,
336,b'Unable to install locusio',2015-09-13T11:24:10Z,2015-12-12T10:41:30Z,,TypeError,TypeError: unsupported operand type(s) for >>: 'builtin_function_or_method' and '_io.TextIOWrapper'
335,b'Lock gevent version',2015-09-10T07:30:33Z,2015-09-10T08:30:59Z,,,
334,b'Separate TCP connection for each virtual user',2015-09-10T07:27:06Z,2015-10-20T07:59:41Z,,,
333,b'Allow --no-web together with --master for automation',2015-09-03T10:37:20Z,2017-04-12T21:40:33Z,priority,,
332,b'Unix timestamp in stats/requests',2015-09-02T14:14:14Z,2017-08-18T16:23:35Z,,,
331,b'Percentiles rounding error',2015-08-27T13:28:11Z,2018-12-03T20:31:30Z,bug,,
330,"b'include the full request history in the web UI stats, hence /stats/re\xe2\x80\xa6'",2015-08-26T01:04:35Z,2015-08-26T15:07:33Z,,,
329,b'Added websocket support and an example',2015-08-26T00:06:48Z,2019-10-19T21:03:24Z,,,
328,b'Add python3 support',2015-08-25T18:47:56Z,2016-04-01T19:45:02Z,,,
327,b'url of this command /web/{var}  should have one final output in browser',2015-08-21T12:30:32Z,2015-08-24T09:13:20Z,,,
326,b'Load testing a site whose domain name is not pointed/registered . ',2015-08-21T11:32:19Z,2016-04-02T01:43:23Z,,,
325,b'Load Testing multiple sites on a single VPS.',2015-08-21T11:05:53Z,2016-04-02T01:43:58Z,,,
324,b'Python3 support',2015-08-21T03:45:37Z,2016-04-02T01:46:02Z,,,
323,b'Support for websockets?',2015-08-20T14:05:02Z,2015-09-01T18:42:38Z,,,
322,b'step through locust source',2015-08-17T20:16:16Z,2016-04-02T02:04:18Z,,ValueError,ValueError: Attempted relative import in non-package
321,b'bumped requests version to 2.7.0',2015-08-17T19:50:02Z,2016-04-02T16:26:15Z,,,
320,b'rps degradation when using https.',2015-08-17T16:47:49Z,2016-04-02T16:10:48Z,,,
319,"b'Status reports only shown in terminal, not on the Web interface.'",2015-08-12T18:09:21Z,2015-08-12T20:18:42Z,,,
318,b'percentiles in /stats/requests?',2015-08-12T14:31:11Z,2015-09-02T15:24:06Z,,,
317,b'real-time graphing',2015-08-10T17:03:12Z,2015-10-22T09:30:08Z,,,
316,b'locust google group',2015-08-06T16:10:19Z,2015-08-19T13:41:48Z,,,
315,b'unlikely response times ',2015-08-06T13:57:31Z,2015-08-10T17:02:34Z,,,
314,b'Fix handler argument names.',2015-08-05T21:54:53Z,2016-02-15T12:15:23Z,,,
313,b'rps bottleneck ',2015-08-05T17:24:50Z,2015-08-06T13:51:19Z,,,
312,b'Are requests asynchronous?',2015-08-04T10:43:51Z,2015-08-15T19:53:54Z,,,
311,b'run each task in sequence',2015-08-03T11:41:21Z,2015-08-26T15:59:04Z,,,
310,"b""ImportError: No module named 'core'""",2015-07-31T09:57:25Z,2016-04-02T02:13:29Z,,ImportError,ImportError: No module named 'core'
309,b'Web UI Freezing',2015-07-27T16:49:43Z,2017-02-13T01:29:37Z,"web interface, bug",,
308,"b'ConnectionError(ProtocolError(\'Connection aborted.\', BadStatusLine(""\'\'"",)),)'",2015-07-23T06:20:57Z,2016-04-02T02:15:51Z,,,
307,b'Web UI Freezing',2015-07-21T19:55:11Z,2017-02-13T01:29:55Z,,,
306,b'Update writing-a-locustfile.rst',2015-07-21T07:37:05Z,2015-07-26T09:37:58Z,,,
305,"b'Added a slaves-tab to show the id, status and number of users running on each slave.'",2015-07-13T10:21:47Z,2017-10-27T20:56:52Z,web interface,,
304,b'Support multiple test files',2015-07-11T21:12:06Z,2016-04-02T02:17:18Z,,,
303,b'Unclear how to interpret numbers',2015-07-09T13:32:37Z,2018-04-08T14:24:07Z,"web interface, bug, documentation, priority",,
302,b'Never loads?',2015-07-03T06:14:54Z,2017-11-12T00:54:19Z,,,
301,"b'Tasks running, no stats collected.'",2015-06-26T16:15:32Z,2016-04-02T02:20:43Z,,"{""errors""","{""errors"": [], ""stats"": [{""median_response_time"": null, ""min_response_time"": 0, ""current_rps"": 0, ""name"": ""Total"", ""num_failures"": 0, ""max_response_time"": 0, ""avg_content_length"": 0, ""avg_response_time"": 0, ""method"": null, ""num_requests"": 0}], ""state"": ""hatching"", ""total_rps"": 0, ""fail_ratio"": 0.0, ""user_count"": 2}"
300,b'OpenSSL errors when testing HTTPS',2015-06-25T18:28:31Z,2016-04-02T02:21:42Z,,,
299,b'Inconsistent stats resetting',2015-06-24T17:20:11Z,2017-04-19T19:41:29Z,,,
298,b'Introduce docs for increasing the max number of open files limit',2015-06-22T18:29:34Z,2015-06-22T22:14:51Z,,,
297,b'Web UI freezes',2015-06-22T11:34:43Z,2015-06-22T11:55:47Z,,,
296,b'250 users on single machine fails',2015-06-22T04:18:56Z,2015-06-23T02:02:51Z,,,
295,b'adding visual representation of host in Locust UI',2015-06-19T23:13:11Z,2017-05-10T17:32:05Z,,,
294,b'slave not connecting to master and no error reported',2015-06-17T12:34:20Z,2016-04-02T14:17:50Z,,,
293,"b""Can't start swarming when in master/slave mode on Ubuntu 14.04""",2015-06-11T00:44:47Z,2015-07-04T21:39:40Z,,,
292,b'How to interpret RPS on distributed setup?',2015-06-04T21:38:47Z,2015-08-21T16:28:30Z,,,
291,b'Add an option to persist request stats to a file on disk.',2015-06-02T18:08:50Z,2017-02-14T18:41:55Z,priority,,
290,b'Retrieving stats when running with --no-web',2015-06-02T01:17:39Z,2018-07-13T18:24:50Z,,,
289,b'Make resetting stats after hatching configurable',2015-05-30T17:49:57Z,2017-02-16T18:47:44Z,priority,,
288,b'Added an event to specifically signal when a test is stopped (either \xe2\x80\xa6',2015-05-29T16:22:35Z,2019-10-18T17:02:24Z,,,
287,b'Add headless flags',2015-05-29T16:22:20Z,2019-10-20T18:17:57Z,,,
286,b'Added a handler that will allow locusts and task sets to be notified \xe2\x80\xa6',2015-05-29T16:22:05Z,2019-10-19T21:02:30Z,,,
285,b'Fixed a bug causing blank lines to be printed in stdout.',2015-05-29T16:21:48Z,2017-02-12T21:46:45Z,,,
284,b'Web auth',2015-05-29T16:21:30Z,2017-02-12T19:42:38Z,,,
283,b'Add locust id tracking',2015-05-29T16:21:20Z,2019-10-19T21:00:32Z,,,
282,b'Web ssl',2015-05-29T16:21:10Z,2017-02-13T13:00:43Z,,,
281,b'Add csv report to file',2015-05-29T16:20:47Z,2017-02-14T18:46:25Z,,,
280,b'Fix arguments in example event listener',2015-05-26T14:22:59Z,2017-09-08T12:29:53Z,,,
279,b'Python 3 support',2015-05-14T23:44:52Z,2016-05-31T04:39:21Z,,,
278,b'Locust Improvements of various sorts',2015-05-12T15:07:17Z,2015-05-29T16:23:32Z,,,
277,"b'Why the ""RPS"" generated by locust is much fewer than other performance testing tools ?'",2015-05-12T09:31:46Z,2019-06-17T16:43:35Z,,,
276,"b""Don't warn about pure Python socket when not using distributed mode""",2015-05-11T17:51:06Z,2017-02-13T21:24:04Z,,,
275,b'Implemented master mode without the web interface',2015-05-08T09:19:15Z,2017-09-08T05:00:28Z,,,
274,b'problem with select library',2015-05-06T13:55:47Z,2016-04-02T15:03:52Z,,,
273,"b""requests.exceptions.ConnectionError: ('Connection aborted.', ResponseNotReady('Request-sent',))""",2015-05-04T21:02:31Z,2016-04-02T18:50:38Z,bug,requests.exceptions.ConnectionError,"requests.exceptions.ConnectionError: ('Connection aborted.', ResponseNotReady('Request-sent',))"
272,b'miss',2015-05-03T09:37:37Z,2015-05-28T14:24:25Z,,,
271,b'Error running distributed mode on Fedora and CentOS ',2015-04-20T14:40:03Z,2019-10-18T16:18:38Z,needs reproducing,,
270,b'Web UI should show what host is being used',2015-04-07T19:39:53Z,2017-02-13T22:15:10Z,web interface,,
269,b'Exceptions tab not working for on_start method',2015-04-06T11:27:05Z,2019-10-18T15:27:10Z,bug,,
268,b'Update writing-a-locustfile.rst',2015-03-25T19:45:30Z,2015-03-25T20:39:06Z,,,
267,"b'changed how request_meta[""method""] is set'",2015-03-25T01:03:52Z,2015-03-28T10:51:50Z,,,
266,b'Revert 1 dantagg patch 1',2015-03-25T00:50:41Z,2017-02-12T20:48:43Z,,,
265,"b""Slaves can't connect to Master""",2015-03-23T10:47:16Z,2015-08-27T13:00:06Z,,,
264,b'locust support testing against HTTP/2 servers ?',2015-03-21T03:20:39Z,2017-02-13T02:32:28Z,,,
263,b'Template request name too long ',2015-03-20T12:22:41Z,2017-02-13T01:54:02Z,"web interface, bug",,
262,b'RPS for Total shows the instant RPS',2015-03-20T07:30:20Z,2019-10-18T15:39:48Z,web interface,,
261,b'list supported Python versions',2015-03-19T14:04:38Z,2015-03-28T10:42:00Z,,,
260,b'list supported Python versions in README and setup.py.',2015-03-18T22:55:36Z,2016-02-29T21:25:05Z,,,
259,b'Getting import requests.packages.urllib3 error in Google App Engine',2015-03-18T06:36:36Z,2016-04-02T15:08:47Z,,ImportError,ImportError: No module named 'requests.packages.urllib3'
258,b'Configurable precision',2015-03-17T20:03:46Z,2017-02-12T20:49:30Z,,,
257,b'Tablib and tabulate',2015-03-17T15:53:46Z,2019-10-19T21:01:43Z,,,
256,b'Confidence intervals',2015-03-17T15:52:03Z,2019-10-19T20:58:14Z,,,
255,b'Rounding of percentiles (premature optimization?)',2015-03-16T13:36:31Z,2015-03-16T15:26:21Z,,,
254,b'Percentile response time anomalies at 100%',2015-03-15T18:36:45Z,2019-10-18T15:26:15Z,bug,,
253,b'Feature request: initiate a test without entering the browser',2015-03-14T16:05:57Z,2015-03-15T13:44:52Z,,,
252,b'Add distribution and request csvs to commandline usage.',2015-03-09T18:22:57Z,2017-09-08T04:19:55Z,,,
251,b'grouping requests after redirect',2015-03-05T19:15:23Z,2019-10-18T15:34:12Z,,,
250,b'add host cli arg to quickstart',2015-03-04T17:26:18Z,2015-03-10T10:39:37Z,,,
249,b'Add missing event hook descriptions.',2015-03-02T11:18:18Z,2017-02-12T21:42:56Z,,,
248,b'Feature request: on_quit()',2015-02-27T22:06:03Z,2018-11-16T16:39:59Z,,,
247,b'Update what-is-locust.rst',2015-02-19T12:45:00Z,2015-03-28T10:43:01Z,,,
246,b'Error to login to webapp in Locust',2015-02-16T18:20:21Z,2017-02-13T01:12:38Z,,IndexError,IndexError: list index out of range
245,b'Fixed typo in the quickstart doc.',2015-02-16T04:31:06Z,2015-02-16T12:17:09Z,,,
244,b'Environment Variables for Locust playbooks',2015-02-15T19:15:04Z,2015-02-17T22:17:51Z,,,
243,b'Support for custom time metrics',2015-02-12T21:31:22Z,2017-02-13T22:27:33Z,,,
242,b'recommended AWS EC2 instance types?',2015-02-08T01:32:38Z,2017-02-13T01:11:03Z,,,
241,b'how to deploy it in heroku or aws ?',2015-02-06T05:13:05Z,2017-02-13T01:13:01Z,,,
240,b'Failures not detected when web server is shutdown',2015-02-04T16:21:57Z,2015-02-06T18:54:32Z,,,
239,b'client.post is not working for https',2015-02-03T09:57:09Z,2015-02-03T10:26:08Z,,,
238,b'How to retrieve host argument for custom client',2015-02-01T12:02:36Z,2017-02-15T04:07:37Z,,,
237,b'ValueError when missing hatchrate',2015-01-27T14:27:51Z,2021-06-21T01:55:28Z,"web interface, bug, non-critical, stale",,
236,b'confused by multiple requests in on_start',2015-01-27T01:00:09Z,2015-03-30T16:46:16Z,,IndexError,IndexError: list index out of range
235,b'Extra / at start of request paths',2015-01-25T05:32:52Z,2017-02-16T20:46:36Z,needs reproducing,,
234,b'SSL broken on Python 2.7.9',2015-01-23T02:16:26Z,2017-02-13T02:41:30Z,,,
233,b'Parameterizing each Locust on a distributed load test',2015-01-22T03:01:22Z,2017-02-15T04:14:38Z,,,
232,b'Empty stats on get aggregated stats',2015-01-20T00:33:14Z,2015-02-11T17:59:42Z,,,
231,b'Suggest Python version ',2015-01-19T11:46:08Z,2017-02-13T15:24:10Z,,,
230,b'Documentation on retrieving real-time stats ',2015-01-16T13:15:29Z,2015-08-04T09:22:20Z,,,
229,b'return_response a valid request argument ',2015-01-16T10:50:37Z,2015-01-16T11:12:08Z,,,
228,b'Allow developer to reduce unique URLs to their paths for reporting purposes',2015-01-12T19:45:29Z,2015-01-12T19:47:27Z,,,
227,"b""Fixed link to ESN's Twitter page""",2015-01-06T02:10:31Z,2015-01-06T14:23:24Z,,,
226,b'Fixed wrong syntax on doc:quickstart',2015-01-05T02:12:17Z,2015-01-05T02:19:12Z,,,
225,b'Be able to define bursty traffic ',2015-01-01T02:09:29Z,2017-02-13T22:28:27Z,,,
224,b'How to serve templates for custom routes ?',2014-12-23T07:33:57Z,2017-02-13T22:29:17Z,,,
223,"b'Locust never gets past 10 req/s, despite the server being much quicker than that'",2014-12-22T18:57:13Z,2014-12-22T20:02:34Z,,,
222,b'How to run test programatically',2014-12-22T11:21:24Z,2020-04-16T19:28:12Z,,,
221,b'Fix a missing backtick',2014-12-17T09:08:27Z,2015-01-06T15:32:41Z,,,
220,"b'Alternative terminology for ""slave""'",2014-12-16T19:12:12Z,2020-04-01T00:30:07Z,,,
219,b'How to send Ajax requestes ?',2014-12-15T09:02:51Z,2014-12-15T11:44:41Z,,,
218,b'Trigger UI events',2014-12-12T07:58:40Z,2015-01-07T18:37:58Z,,,
217,"b""In distributed mode, not all stats are collected/displayed in the 'main' UI """,2014-12-11T19:35:03Z,2018-07-13T22:19:56Z,,,
216,b'Fix typo in docs',2014-12-07T05:21:23Z,2014-12-09T20:24:19Z,,,
215,b'Clients support gzip / deflate ?',2014-12-04T01:14:34Z,2014-12-05T09:43:43Z,,,
214,b'nodequery api integration & charting ?',2014-12-04T00:11:26Z,2014-12-05T09:54:16Z,,,
213,b'Test run time number of requests / rps ?',2014-12-04T00:02:37Z,2014-12-06T13:46:47Z,,,
212,b'Clients support keepalive connections ?',2014-12-03T04:40:51Z,2014-12-06T13:07:07Z,,,
211,"b'master slave config, master not doing any work ?'",2014-12-02T23:18:35Z,2014-12-02T23:29:23Z,,,
210,b'multiple slaves of different server specs ?',2014-12-02T16:05:17Z,2014-12-06T13:45:25Z,,,
209,b'Changing locustfile.py on master via UI and having  master / slave replication',2014-12-02T12:37:52Z,2017-02-13T22:33:50Z,,,
208,b'multiple url tests ?',2014-12-02T10:49:45Z,2014-12-02T23:27:30Z,,,
207,b'Failure response time not displaying in UI.',2014-11-26T21:52:28Z,2019-11-08T14:51:44Z,invalid,,
206,b'how to get the recorded data ',2014-11-19T07:25:50Z,2014-12-06T13:55:59Z,,,
205,b'Option to prevent stats from being reset when all locusts are hatched',2014-11-13T02:23:43Z,2017-02-24T19:37:53Z,priority,,
204,b'PUT requests are shown as GET',2014-10-29T16:27:29Z,2017-02-13T15:26:28Z,,,
203,b'http proxy support',2014-10-29T14:34:48Z,2014-11-03T09:17:13Z,,,
202,b'error report is not included in `--logfile` nor is it available for download as a csv',2014-10-28T23:08:17Z,2014-11-01T13:50:28Z,,,
201,b'Stats get corrupted when the number of swarm users reaches the objective',2014-09-25T14:35:55Z,2014-12-06T14:17:58Z,,,
200,b'Add test duration no-web option',2014-09-19T14:04:50Z,2017-09-08T05:02:58Z,,,
199,b'Add start and stop hatching events',2014-09-18T19:06:13Z,2014-09-18T19:20:47Z,,,
198,b'Parallel tasks?',2014-09-17T18:29:26Z,2014-09-22T23:10:31Z,,,
197,b'Ability to schedule a call',2014-09-16T11:42:26Z,2014-09-23T12:23:30Z,,,
196,b'Run the tests for the specified time',2014-09-14T00:21:30Z,2017-09-19T13:02:52Z,priority,,
195,b'Execution order? task lifetime?',2014-09-11T17:06:47Z,2014-09-16T13:37:46Z,,,
194,b'Ugly hack for monitoring stats overtime',2014-09-04T04:21:27Z,2017-02-12T21:45:46Z,,,
193,b'Typos in docs.',2014-09-03T17:54:59Z,2014-09-25T13:52:23Z,,,
192,b'Add start and stop hatching events',2014-08-28T23:58:33Z,2014-09-18T19:05:31Z,,,
191,b'API for invoking load',2014-08-21T18:19:31Z,2014-12-06T14:49:55Z,,,
190,b'Locust slaves slowing dying and then coming back to life?',2014-08-21T12:16:30Z,2014-10-02T13:04:40Z,,,
189,b' Locust can not run distributed with the web interface disabled',2014-08-18T01:55:55Z,2019-10-18T15:27:29Z,,,
188,b'CPU bound from locust vs CPU bound from the web app?',2014-08-16T02:17:08Z,2014-08-18T09:15:34Z,,,
187,b'testing single page application',2014-08-07T09:16:26Z,2014-08-07T14:18:21Z,,,
186,b'Show test hostname',2014-08-06T20:19:47Z,2017-05-10T17:31:41Z,,,
185,b'failed with AttributeError',2014-08-05T21:54:34Z,2014-09-24T13:44:35Z,,,
184,b'Problem running tests',2014-07-24T10:16:23Z,2014-07-24T11:37:41Z,,,
183,b'recieve -> receive; locsutfile -> locustfile',2014-07-23T06:35:10Z,2014-09-25T13:51:45Z,,,
182,"b""fixed typo: your're -> you are""",2014-07-22T22:59:35Z,2014-07-23T00:09:53Z,,,
181,b'choosed -> chosen',2014-07-22T21:50:27Z,2014-07-23T00:10:56Z,,,
180,b'typo: locsutfile -> locustfile',2014-07-21T23:31:03Z,2014-07-23T06:30:54Z,,,
179,"b""Web UI doesn't work in Firefox""",2014-07-18T15:14:25Z,2014-07-18T16:23:53Z,,,
178,b'Cannot simulate one single user',2014-07-14T10:34:45Z,2017-02-13T01:14:01Z,,,
177,b'Include percentile response times in the requests stats csv',2014-07-12T14:52:30Z,2019-10-18T17:00:49Z,,,
176,b'Include method name in percentile distribution reports',2014-07-12T14:50:32Z,2014-07-12T15:27:05Z,,,
175,"b""Don't reset stats after hatching is complete""",2014-07-09T20:59:54Z,2014-07-10T12:39:58Z,,,
174,b'Request name not pertinent in case of redirection',2014-07-04T09:58:40Z,2014-09-06T19:09:24Z,,,
173,b'Reuse the code',2014-07-01T09:48:28Z,2014-07-01T10:56:29Z,,,
172,b'RPS droping to 0 at the end of the user ramp-up period',2014-06-30T14:56:08Z,2014-07-12T13:24:13Z,,,
171,b'Support for scenarios',2014-06-27T11:53:28Z,2016-03-24T11:47:35Z,,,
170,b'Recorder and script generator',2014-06-26T19:16:36Z,2014-07-12T13:36:29Z,documentation,,
169,b'Added event hatch_starting for pre-simulation setup.',2014-06-26T18:21:44Z,2016-02-05T17:11:22Z,,,
168,b'Feature request: Stepped hatch rate',2014-06-25T06:46:50Z,2017-02-13T02:12:24Z,,,
167,"b'Handle invalid inputs in ""start swarm"" form better'",2014-06-24T12:08:49Z,2017-02-12T20:48:08Z,,,
166,b'IndexError: list index out of range',2014-06-19T21:48:53Z,2014-12-06T14:49:14Z,,IndexError,IndexError: list index out of range
165,"b'got AttributeError while using ""with client.get(...) as response""'",2014-06-18T17:37:15Z,2014-06-24T08:53:47Z,,AttributeError,AttributeError: **exit**
164,b'Redefine err message for locustfile',2014-06-13T05:18:25Z,2014-06-13T06:38:08Z,,,
163,"b""log.py's StdErrWrapper swallows fatal stacktraces""",2014-05-28T23:47:45Z,2019-10-20T22:04:10Z,bug,,
162,"b""Request time doesn't include download time.""",2014-05-26T00:31:05Z,2014-09-15T08:54:41Z,,,
161,"b'Having a locust ""die"" or stop after one task'",2014-05-22T21:16:21Z,2017-02-13T01:13:35Z,,,
160,b'Changes to reports',2014-05-22T17:42:05Z,2014-07-12T15:29:49Z,,,
159,b'Fixed typos in events.py example',2014-05-15T12:32:41Z,2014-05-16T11:06:55Z,,,
158,"b'Added: favicon, fixed paths.'",2014-05-15T07:38:58Z,2014-05-16T11:08:01Z,,,
157,b'Post with JSON data',2014-05-15T01:25:25Z,2014-12-06T14:50:36Z,,,
156,b'Python Crash when running with slaves',2014-05-13T11:37:33Z,2014-12-06T14:53:02Z,,,
155,b'Exit 1 when errors are found',2014-05-12T16:43:50Z,2014-05-12T18:37:09Z,,,
154,b'Error for requests version 2.2.1',2014-05-12T03:25:34Z,2014-05-12T09:56:24Z,,,
153,b'Request: support concurrent and hatch for web-based startups',2014-05-09T23:36:39Z,2017-02-13T02:14:20Z,,,
152,b'Request: non-zero exit when running --no-web and errors found',2014-05-09T23:26:23Z,2014-05-12T23:47:35Z,,,
151,b'Run individual tasks at the same time',2014-05-09T16:56:37Z,2017-02-13T23:50:47Z,,,
150,b'Support for tests that use multiple hosts',2014-05-08T18:39:56Z,2014-05-09T23:15:38Z,,,
149,b'URL_PREFIX feature for web UI?',2014-05-08T18:28:23Z,2018-05-29T23:34:48Z,,,
148,b'ImportError: No module named packages.urllib3.response',2014-05-07T15:59:40Z,2014-05-09T16:03:18Z,,,
147,b'Min response time after reset is always 0',2014-04-29T16:46:46Z,2014-04-29T17:32:37Z,,,
146,b'locust stuck in hatching state',2014-04-29T14:13:43Z,2019-11-01T16:58:38Z,bug,,
145,"b'nitpick: ""# requests"" should be ""# successful requests""?'",2014-04-25T13:06:58Z,2019-11-08T14:54:17Z,"web interface, priority",,
144,b'Graphical interface to see individual request level graph',2014-04-22T12:26:22Z,2017-02-13T01:18:11Z,,,
143,b'Fixed Docs Homebrew Link',2014-04-21T14:14:56Z,2014-04-21T14:55:01Z,,,
142,b'locust shell client does not work in zsh',2014-04-19T14:30:13Z,2014-04-20T14:27:10Z,,,
141,b'should catch exceptions by default',2014-04-18T06:06:17Z,2014-04-20T09:24:05Z,,,
140,"b'Display percentiles in the UI instead of just min, max and average'",2014-04-07T16:26:02Z,2019-11-10T18:20:06Z,web interface,,
139,b'question about putting a delay',2014-04-06T13:44:14Z,2014-04-08T17:46:28Z,,,
138,b'Test file can not be named locust.py (or any other name that is the same as an existing python package)',2014-04-04T17:08:26Z,2017-02-20T16:32:59Z,bug,,
137,b'Slaves not closing the TCP connections properly',2014-03-28T20:15:37Z,2014-05-12T19:36:00Z,,,
136,b'Locust support for SNI',2014-03-24T21:03:05Z,2014-05-13T06:13:01Z,,,
135,b'Configure target host from web interface',2014-03-20T11:48:41Z,2017-02-13T01:18:41Z,,,
134,"b'requests library uses ""wheel"" file'",2014-03-10T15:14:53Z,2016-10-07T10:58:55Z,,pkg_resources.DistributionNotFound,pkg_resources.DistributionNotFound: requests>=2.2
133,b'web ui uses a lot of mem and is quite sluggish at times',2014-02-27T09:47:17Z,2014-04-14T11:24:37Z,,,
132,b'Fix typo',2014-02-23T20:18:04Z,2014-02-23T21:08:40Z,,,
131,b'User numbers going up and down',2014-02-12T21:03:44Z,2014-05-09T15:42:23Z,,,
130,b'Add ability to select which Task to run',2014-02-06T06:13:57Z,2014-02-06T09:32:20Z,,,
129,b'Move the download links to the top and make sticky',2014-02-03T00:27:45Z,2014-02-06T09:32:42Z,,,
128,b'Documentation on how to best configure a (linux) machine to run locust',2014-01-29T17:11:57Z,2019-10-18T16:21:12Z,documentation,,
127,"b'Fixed seed, non-random chance'",2014-01-28T12:31:21Z,2017-02-13T21:40:28Z,,,
126,b'Different Users',2014-01-16T23:07:33Z,2014-01-18T18:04:57Z,,,
125,b'Fix task ratio',2014-01-13T07:30:00Z,2014-02-03T16:09:41Z,,,
124,b'Fix task ratio',2014-01-10T18:10:53Z,2014-01-13T07:24:13Z,,,
123,"b'locust.weight supported, just undocumented?'",2014-01-10T14:56:42Z,2014-02-03T16:13:57Z,,,
122,"b'Detect non-locust classes based on ""client"" property rather than on global _internals'",2013-12-28T09:35:01Z,2014-01-16T17:43:53Z,,,
121,b'(libev) select: Invalid argument when trying to go past 1k users',2013-12-27T16:37:02Z,2017-12-03T15:26:07Z,needs reproducing,,
120,b'Simulating real browser behaviour',2013-12-22T00:16:50Z,2013-12-22T03:08:10Z,wontfix,,
119,b'any objection to making  task take a float as opposed to an int?',2013-12-16T10:53:39Z,2017-02-13T21:46:46Z,,,
118,b'Move CSV generation to RequestStats and expose to the CLI',2013-12-11T14:01:19Z,2016-09-26T01:39:16Z,,,
117,b'fix typo',2013-12-05T09:18:03Z,2013-12-05T11:03:56Z,,,
116,b'doc updates for main class change from Locust to HttpLocust',2013-12-04T18:56:29Z,2013-12-04T19:05:44Z,,,
115,"b""fix module and variable name clash (traceback refers to a mod so it's a ...""",2013-12-03T12:30:38Z,2013-12-03T15:11:49Z,,,
114,b'collection of exceptions broken since 4ca0eef5',2013-12-03T12:00:50Z,2013-12-03T15:11:49Z,,,
113,b'remove trailing whitespace and unused imports',2013-12-03T08:02:12Z,2014-04-23T06:47:53Z,,,
112,b'number locusts must be a multiple of the number of slaves',2013-11-28T16:38:39Z,2013-11-28T18:03:41Z,,,
111,b'changing port for distributed zeromq mode',2013-11-27T01:14:45Z,2013-11-29T19:28:14Z,,,
110,b'error when running in master mode',2013-11-26T21:47:36Z,2013-11-28T18:04:59Z,,,
109,b'make failed requests count towards the total',2013-11-11T10:25:15Z,2014-01-20T12:14:37Z,,,
108,"b""Added a 'starting' event, as a compliment to 'quitting'""",2013-11-08T12:25:14Z,2013-11-08T17:06:45Z,,,
107,b'python3 compatibility?',2013-10-30T22:16:18Z,2013-10-31T10:34:01Z,,,
106,b'Removes duplicate attribute documentation',2013-10-30T00:20:50Z,2013-10-30T13:31:13Z,,,
105,b'Fixes typo in example code',2013-10-29T19:49:08Z,2013-10-29T19:58:35Z,,,
104,b'ramping.py calls RequestStats.sum_stats() which is no longer a valid call',2013-10-29T00:17:59Z,2013-11-29T14:01:03Z,,,
103,b'See what request generated a failure ',2013-10-28T09:07:57Z,2019-10-18T15:30:08Z,,,
102,b'Use unix line-endings.',2013-10-17T17:04:58Z,2013-11-29T09:18:57Z,,,
101,b'line endings',2013-10-11T13:54:47Z,2013-12-02T21:22:15Z,,,
100,b'fix typo in downloadable CSV',2013-10-10T23:09:10Z,2013-10-11T12:24:36Z,,,
99,"b'Multiple Hosts, Host Function'",2013-09-30T22:41:40Z,2013-11-29T09:23:07Z,,,
98,"b'Feature request: ""run through"" each test once.'",2013-09-30T06:10:21Z,2017-02-13T21:58:40Z,,,
97,b'Sorting does not work on # requests column',2013-09-29T22:10:10Z,2013-11-29T14:27:17Z,,,
96,b'Issues with localhost and domain configured in hosts file',2013-09-17T04:41:47Z,2013-09-18T00:01:48Z,,,
95,b'Allow self.interrupt() inside on_start',2013-09-13T10:33:57Z,2013-09-13T12:23:56Z,,,
94,b'hooking locust and graphite together as a plugin',2013-09-06T10:39:42Z,2013-09-24T16:03:06Z,,,
93,b'Serve static files in web.app.route?',2013-08-26T08:59:14Z,2013-08-27T09:12:20Z,,,
92,b'Error: Too many files open',2013-08-20T16:02:47Z,2013-08-21T00:24:15Z,,,
91,b'stats reset after hatch completes',2013-08-20T00:38:52Z,2013-08-22T22:27:30Z,,,
90,b'Documented more 0.7 changes',2013-08-17T07:48:54Z,2013-08-20T08:49:25Z,,,
89,b'include hostname in log messages',2013-08-16T06:52:24Z,2013-09-05T14:12:36Z,,,
88,"b'Cleanups (deprecated code, unused imports)'",2013-08-15T14:37:24Z,2013-08-20T08:48:54Z,,,
87,"b' Merged gevent/zmq updates, ported to requests >= 1.2 '",2013-08-14T16:36:14Z,2013-08-15T06:57:26Z,,,
86,"b'Merged gevent/zmq updates, ported to requests >= 1.2'",2013-08-12T09:59:18Z,2013-08-14T16:35:15Z,,,
85,b'locust/test/test_average.py present but never run',2013-07-31T06:30:34Z,2013-08-16T06:05:42Z,,,
84,b'Add detailed request failure information to the web UI',2013-07-12T02:24:27Z,2013-07-12T06:25:07Z,,,
83,b'Support for custom clients',2013-07-02T17:29:51Z,2014-02-03T16:15:20Z,,,
82,b'remove _send_request_safe_mode',2013-06-21T23:25:13Z,2013-07-02T16:41:19Z,,,
81,b'Enable different sessions for different users',2013-06-19T14:14:45Z,2013-06-19T14:44:06Z,,,
80,"b""Added option '--only-summary' for only printing stats at the end.""",2013-06-07T18:41:04Z,2013-11-29T11:00:28Z,,,
79,b'Does locust support \xe2\x80\x98CSV Data Set Config\xe2\x80\x98 feature like jmeter',2013-06-05T05:34:37Z,2013-06-06T04:13:16Z,,,
78,b'Add Timer / Timers to Web Interface',2013-05-30T13:12:11Z,2017-02-13T22:09:53Z,,,
77,"b"" fatal error: 'event.h' file not found while installing in virtualenv on OSX 10.8.3""",2013-05-28T01:15:32Z,2013-07-13T10:35:05Z,,,
76,b'bump requests dependency to most recent pre 1.0 version (i.e. most recen...',2013-05-21T07:37:06Z,2013-05-21T09:53:43Z,,,
75,"b'Testing ""Any"" system'",2013-05-20T14:55:34Z,2013-11-29T14:04:11Z,,,
74,b'Stats refactoring',2013-05-16T14:47:51Z,2013-05-20T09:54:25Z,,,
73,b'Custom http_code stats',2013-05-16T12:27:13Z,2013-05-20T17:14:58Z,,,
72,b'Enhancement/url error',2013-05-09T21:00:31Z,2013-05-10T11:38:44Z,,,
71,b'Command line option to specify the duration to run',2013-05-09T06:22:21Z,2018-03-30T14:21:27Z,,,
70,b'Need Clarification',2013-05-03T11:43:35Z,2013-05-21T09:55:37Z,,,
69,b'Fix failure percent calculations.',2013-04-26T09:57:02Z,2013-08-15T07:00:33Z,,,
68,b'Count how long tasks take & add a --num-tasks option',2013-04-19T14:32:56Z,2016-03-03T08:49:59Z,,,
67,"b""It'd be nice to include the machine that a logging message came from""",2013-04-19T13:06:46Z,2013-09-05T15:14:19Z,,,
66,b'Include method name in command line logging',2013-04-17T10:06:52Z,2013-04-17T12:00:34Z,,,
65,b'Allowing custom options to passed into tests?',2013-04-16T13:04:13Z,2013-04-17T14:58:31Z,,,
64,b'use correct python special method name',2013-04-16T11:20:51Z,2013-04-17T08:25:23Z,,,
63,b'Small fixes',2013-04-03T09:09:17Z,2013-04-03T13:27:49Z,,,
62,"b""Slave count doesn't get updated in the UI if no more slaves are alive""",2013-03-28T16:15:05Z,2019-10-18T15:36:44Z,bug,,
61,b'requests >1.0',2013-03-27T13:56:33Z,2013-08-16T06:06:12Z,,,
60,b'Use shutdown function when num_requests are done',2013-03-18T12:42:39Z,2013-04-17T12:50:48Z,,,
59,b'Setup/teardown hooks',2013-03-12T13:35:35Z,2018-03-21T18:31:31Z,,,
58,b'pyzmq 13.0.0 breaks distribution',2013-03-04T21:58:44Z,2013-03-07T09:33:25Z,,,
57,b'Locust web interface not starting on Windows',2013-02-28T03:35:27Z,2013-02-28T03:43:34Z,,,
56,"b""Web interface doesn't work""",2013-01-31T20:47:58Z,2013-04-18T21:58:22Z,,,
55,b'Update docs/api.rst',2013-01-26T21:34:22Z,2013-01-27T01:27:51Z,,,
54,b'Added argument to options parser indicating on which port to run the web UI',2013-01-24T23:28:46Z,2013-01-25T09:09:32Z,,,
53,b'greenlet error when used distributed locust under Python2.6',2013-01-08T19:38:21Z,2013-01-09T11:38:30Z,,ERROR/stderr,ERROR/stderr: Traceback (most recent call last):
52,"b""Get fails in clean install on Ubuntu: KeyError: 'start_time'""",2013-01-08T15:31:46Z,2013-01-08T16:11:53Z,,,
51,b'add docs: Installing Locust on Mac OS',2012-12-29T01:17:58Z,2012-12-29T02:10:10Z,,,
50,b'Add parent to TaskSet to enable state sharing among hierarchical TaskSets',2012-12-20T18:48:44Z,2012-12-20T23:37:23Z,,,
49,b'gc refcount related crash when loading web UI under Python 2.6.6',2012-12-18T20:18:01Z,2013-01-10T09:46:29Z,bug,,
48,b'csv from command line',2012-12-07T12:35:18Z,2017-09-08T04:20:43Z,,,
47,b'Locust throwing error when reaching  NUM_REQUESTS parameter',2012-12-03T17:19:13Z,2012-12-04T09:32:48Z,,,
46,b'Port flag',2012-11-12T22:03:48Z,2012-11-12T22:04:19Z,,,
45,b'Gevent update',2012-11-12T21:56:31Z,2013-08-20T08:49:41Z,,,
44,b'Zeromq update',2012-11-12T21:52:33Z,2013-08-20T08:49:48Z,,,
43,b'Change Locust/SubLocust API',2012-11-05T18:00:11Z,2012-11-16T15:18:49Z,,,
42,b'Drop the require_once decorator',2012-10-31T15:36:25Z,2012-11-02T17:15:15Z,,,
41,b'Quickstart example was missing import task',2012-10-31T11:43:35Z,2012-10-31T12:24:27Z,,,
40,b'Use python-requests as HTTP client in Locust',2012-10-29T12:36:58Z,2012-10-30T20:02:16Z,,,
39,b'Improve catch_response feature (was previous: Remove catch_response feature from HttpBrowser)',2012-10-23T14:50:06Z,2012-10-30T20:05:23Z,,,
38,b'RPS count drops when master and slaves drift in time',2012-10-17T15:45:21Z,2012-11-27T11:50:56Z,,,
37,b'Update to work with gevent 1.0 series and pyzmq==2.2.0.1',2012-09-24T17:18:10Z,2012-11-12T20:34:31Z,,,
36,b'Addfix',2012-09-21T09:56:38Z,2012-09-21T13:40:01Z,,,
35,b'Bring locust up to date with latest version of gevent and zeromq',2012-09-20T22:24:33Z,2012-09-24T17:11:34Z,,,
34,b'Support for plugins',2012-09-19T14:04:11Z,2019-10-21T10:12:42Z,priority,,
33,b'FEAT: add stat support for chunked transfer-encoding',2012-09-18T14:22:09Z,2012-11-29T22:03:29Z,,,
32,b'Recording of rps over time',2012-09-17T12:44:05Z,2017-02-12T22:19:15Z,,,
31,b'Date or timer for automatic shutdown of test',2012-09-17T12:40:22Z,2012-11-27T11:54:00Z,,,
30,b'Add date when test started to run',2012-09-17T12:36:33Z,2017-02-12T22:23:12Z,web interface,,
29,b'Option to ignore query parameters on stats',2012-07-12T15:23:13Z,2012-07-12T21:08:19Z,,,
28,b'Refactoring (separation) of ramping code; Added tooltips for ramping form in ui',2012-05-11T14:12:38Z,2012-07-01T18:39:18Z,,,
27,b'Support Basic HTTP Authorization for https requests',2012-05-08T16:17:42Z,2012-05-14T09:40:36Z,,,
26,b'Would love a swarm_complete event',2012-04-20T17:03:39Z,2015-08-13T00:56:06Z,,,
25,"b""loglevel and logfile don't seem to work""",2012-04-20T17:01:44Z,2012-07-01T23:10:59Z,,,
24,b'Add content-disposition with a filename. Fix missing import (warnings).',2012-04-15T19:03:46Z,2012-04-15T21:34:40Z,,,
23,b'Fixed CSV stats export order',2012-04-04T08:28:27Z,2012-04-16T09:10:20Z,,,
22,b'request timing csv endpoint was returning Internal Error ',2012-03-29T15:18:38Z,2012-04-02T08:29:16Z,,,
21,b'Zombie spawn should not kill master (or should they?)',2012-03-23T15:31:57Z,2012-05-11T13:36:52Z,,,
20,b'Unit tests LocustRunner(s) and distributed mode',2012-03-20T20:42:12Z,2013-12-02T20:50:35Z,,,
19,b'fix continuous resetting on of stats in master+slaves mode',2012-03-20T20:30:04Z,2012-03-20T20:35:33Z,,,
18,b'Define wait times by function instead of variable',2012-01-13T23:25:06Z,2018-04-27T18:34:22Z,,,
17,b'Proclaim Locust HTTP only',2012-01-10T23:57:04Z,2013-12-02T20:53:28Z,,,
16,b'Remove SubLocust and merge into Locust class',2012-01-10T23:52:45Z,2012-11-27T12:00:37Z,,,
15,b'Master node fails to start if a slave node is still running',2012-01-10T18:35:10Z,2012-11-27T11:59:12Z,bug,,
14,b'Remove support for plain sockets for master/slave communication',2012-01-10T16:18:24Z,2017-09-19T15:20:43Z,,,
13,b'Remove Confluence specific task ratio formatter',2012-01-10T16:12:20Z,2012-01-10T16:14:04Z,,,
12,b'Automatically fork into multiple processes when running in --slave mode',2012-01-06T01:52:57Z,2014-05-09T18:01:18Z,,,
11,b'optional ramping feature; sorting stats by column',2011-10-20T14:23:49Z,2011-11-07T13:46:26Z,,,
10,b'Dynamic changing of locust count',2011-09-19T14:35:41Z,2011-09-19T16:38:22Z,,,
9,b'Total RPS counter does not work',2011-09-06T12:42:30Z,2011-09-06T12:54:08Z,bug,,
8,b'Add sorting capabilities in web UI',2011-09-06T11:19:31Z,2011-11-07T14:07:16Z,web interface,,
7,b'Total median value is zero in the web interface',2011-09-05T20:35:42Z,2011-09-19T12:09:14Z,"web interface, bug",,
6,b'Add support for shutting down slaves without restarting master',2011-09-05T18:57:45Z,2012-11-06T22:01:28Z,,,
5,b'Wrong failure percentage in statistics',2011-09-05T18:36:23Z,2011-11-07T14:09:48Z,"web interface, bug",,
4,b'Raising InterruptLocust within with statement + catch_response causes failure',2011-09-05T15:25:04Z,2011-09-05T21:18:44Z,bug,,
3,"b'Add HTTP request method (GET/POST/PUT, etc) to statistics table'",2011-09-05T14:53:32Z,2012-02-22T09:50:58Z,web interface,,
2,b'Make the table header in the web interface sticky',2011-09-05T14:17:23Z,2017-02-12T22:19:37Z,web interface,,
1,b'Add/improve support for running Locust distributed',2011-03-18T13:34:18Z,2011-05-22T12:38:20Z,,,
